[2026-01-11T00:55:49.062+0000] {processor.py:161} INFO - Started process (PID=248) to work on /opt/airflow/dags/dag_streamflow.py
[2026-01-11T00:55:49.063+0000] {processor.py:830} INFO - Processing file /opt/airflow/dags/dag_streamflow.py for tasks to queue
[2026-01-11T00:55:49.064+0000] {logging_mixin.py:188} INFO - [2026-01-11T00:55:49.064+0000] {dagbag.py:538} INFO - Filling up the DagBag from /opt/airflow/dags/dag_streamflow.py
[2026-01-11T00:55:49.090+0000] {processor.py:840} INFO - DAG(s) 'streamflow_main' retrieved from /opt/airflow/dags/dag_streamflow.py
[2026-01-11T00:55:49.122+0000] {logging_mixin.py:188} INFO - [2026-01-11T00:55:49.122+0000] {dag.py:3036} INFO - Sync 1 DAGs
[2026-01-11T00:55:49.136+0000] {logging_mixin.py:188} INFO - [2026-01-11T00:55:49.135+0000] {dag.py:3823} INFO - Setting next_dagrun for streamflow_main to None, run_after=None
[2026-01-11T00:56:01.126+0000] {processor.py:183} INFO - Processing /opt/airflow/dags/dag_streamflow.py took 0.100 seconds
[2026-01-11T00:56:31.299+0000] {processor.py:161} INFO - Started process (PID=265) to work on /opt/airflow/dags/dag_streamflow.py
[2026-01-11T00:56:31.301+0000] {processor.py:830} INFO - Processing file /opt/airflow/dags/dag_streamflow.py for tasks to queue
[2026-01-11T00:56:31.302+0000] {logging_mixin.py:188} INFO - [2026-01-11T00:56:31.302+0000] {dagbag.py:538} INFO - Filling up the DagBag from /opt/airflow/dags/dag_streamflow.py
[2026-01-11T00:56:31.332+0000] {processor.py:840} INFO - DAG(s) 'streamflow_main' retrieved from /opt/airflow/dags/dag_streamflow.py
[2026-01-11T00:56:31.449+0000] {logging_mixin.py:188} INFO - [2026-01-11T00:56:31.449+0000] {dag.py:3036} INFO - Sync 1 DAGs
[2026-01-11T00:56:31.462+0000] {logging_mixin.py:188} INFO - [2026-01-11T00:56:31.462+0000] {dag.py:3823} INFO - Setting next_dagrun for streamflow_main to None, run_after=None
[2026-01-11T00:56:31.489+0000] {processor.py:183} INFO - Processing /opt/airflow/dags/dag_streamflow.py took 0.196 seconds
[2026-01-11T00:57:04.155+0000] {processor.py:161} INFO - Started process (PID=277) to work on /opt/airflow/dags/dag_streamflow.py
[2026-01-11T00:57:04.156+0000] {processor.py:830} INFO - Processing file /opt/airflow/dags/dag_streamflow.py for tasks to queue
[2026-01-11T00:57:04.157+0000] {logging_mixin.py:188} INFO - [2026-01-11T00:57:04.156+0000] {dagbag.py:538} INFO - Filling up the DagBag from /opt/airflow/dags/dag_streamflow.py
[2026-01-11T00:57:04.173+0000] {processor.py:840} INFO - DAG(s) 'streamflow_main' retrieved from /opt/airflow/dags/dag_streamflow.py
[2026-01-11T00:57:04.195+0000] {logging_mixin.py:188} INFO - [2026-01-11T00:57:04.195+0000] {dag.py:3036} INFO - Sync 1 DAGs
[2026-01-11T00:57:04.205+0000] {logging_mixin.py:188} INFO - [2026-01-11T00:57:04.205+0000] {dag.py:3823} INFO - Setting next_dagrun for streamflow_main to None, run_after=None
[2026-01-11T00:57:04.224+0000] {processor.py:183} INFO - Processing /opt/airflow/dags/dag_streamflow.py took 0.072 seconds
[2026-01-11T00:57:35.425+0000] {processor.py:161} INFO - Started process (PID=289) to work on /opt/airflow/dags/dag_streamflow.py
[2026-01-11T00:57:35.427+0000] {processor.py:830} INFO - Processing file /opt/airflow/dags/dag_streamflow.py for tasks to queue
[2026-01-11T00:57:35.429+0000] {logging_mixin.py:188} INFO - [2026-01-11T00:57:35.428+0000] {dagbag.py:538} INFO - Filling up the DagBag from /opt/airflow/dags/dag_streamflow.py
[2026-01-11T00:57:35.500+0000] {processor.py:840} INFO - DAG(s) 'streamflow_main' retrieved from /opt/airflow/dags/dag_streamflow.py
[2026-01-11T00:57:35.729+0000] {logging_mixin.py:188} INFO - [2026-01-11T00:57:35.729+0000] {dag.py:3036} INFO - Sync 1 DAGs
[2026-01-11T00:57:35.751+0000] {logging_mixin.py:188} INFO - [2026-01-11T00:57:35.750+0000] {dag.py:3823} INFO - Setting next_dagrun for streamflow_main to None, run_after=None
[2026-01-11T00:57:35.803+0000] {processor.py:183} INFO - Processing /opt/airflow/dags/dag_streamflow.py took 0.382 seconds
[2026-01-11T00:58:06.378+0000] {processor.py:161} INFO - Started process (PID=301) to work on /opt/airflow/dags/dag_streamflow.py
[2026-01-11T00:58:06.380+0000] {processor.py:830} INFO - Processing file /opt/airflow/dags/dag_streamflow.py for tasks to queue
[2026-01-11T00:58:06.380+0000] {logging_mixin.py:188} INFO - [2026-01-11T00:58:06.380+0000] {dagbag.py:538} INFO - Filling up the DagBag from /opt/airflow/dags/dag_streamflow.py
[2026-01-11T00:58:06.484+0000] {processor.py:840} INFO - DAG(s) 'streamflow_main' retrieved from /opt/airflow/dags/dag_streamflow.py
[2026-01-11T00:58:06.510+0000] {logging_mixin.py:188} INFO - [2026-01-11T00:58:06.510+0000] {dag.py:3036} INFO - Sync 1 DAGs
[2026-01-11T00:58:06.521+0000] {logging_mixin.py:188} INFO - [2026-01-11T00:58:06.521+0000] {dag.py:3823} INFO - Setting next_dagrun for streamflow_main to None, run_after=None
[2026-01-11T00:58:06.541+0000] {processor.py:183} INFO - Processing /opt/airflow/dags/dag_streamflow.py took 0.166 seconds
[2026-01-11T00:58:38.337+0000] {processor.py:161} INFO - Started process (PID=312) to work on /opt/airflow/dags/dag_streamflow.py
[2026-01-11T00:58:38.338+0000] {processor.py:830} INFO - Processing file /opt/airflow/dags/dag_streamflow.py for tasks to queue
[2026-01-11T00:58:38.340+0000] {logging_mixin.py:188} INFO - [2026-01-11T00:58:38.339+0000] {dagbag.py:538} INFO - Filling up the DagBag from /opt/airflow/dags/dag_streamflow.py
[2026-01-11T00:58:38.365+0000] {processor.py:840} INFO - DAG(s) 'streamflow_main' retrieved from /opt/airflow/dags/dag_streamflow.py
[2026-01-11T00:58:38.392+0000] {logging_mixin.py:188} INFO - [2026-01-11T00:58:38.392+0000] {dag.py:3036} INFO - Sync 1 DAGs
[2026-01-11T00:58:38.403+0000] {logging_mixin.py:188} INFO - [2026-01-11T00:58:38.403+0000] {dag.py:3823} INFO - Setting next_dagrun for streamflow_main to None, run_after=None
[2026-01-11T00:58:38.423+0000] {processor.py:183} INFO - Processing /opt/airflow/dags/dag_streamflow.py took 0.091 seconds
[2026-01-11T00:59:11.208+0000] {processor.py:161} INFO - Started process (PID=325) to work on /opt/airflow/dags/dag_streamflow.py
[2026-01-11T00:59:11.210+0000] {processor.py:830} INFO - Processing file /opt/airflow/dags/dag_streamflow.py for tasks to queue
[2026-01-11T00:59:11.211+0000] {logging_mixin.py:188} INFO - [2026-01-11T00:59:11.210+0000] {dagbag.py:538} INFO - Filling up the DagBag from /opt/airflow/dags/dag_streamflow.py
[2026-01-11T00:59:11.227+0000] {processor.py:840} INFO - DAG(s) 'streamflow_main' retrieved from /opt/airflow/dags/dag_streamflow.py
[2026-01-11T00:59:11.254+0000] {logging_mixin.py:188} INFO - [2026-01-11T00:59:11.254+0000] {dag.py:3036} INFO - Sync 1 DAGs
[2026-01-11T00:59:11.266+0000] {logging_mixin.py:188} INFO - [2026-01-11T00:59:11.266+0000] {dag.py:3823} INFO - Setting next_dagrun for streamflow_main to None, run_after=None
[2026-01-11T00:59:11.293+0000] {processor.py:183} INFO - Processing /opt/airflow/dags/dag_streamflow.py took 0.089 seconds
[2026-01-11T00:59:44.213+0000] {processor.py:161} INFO - Started process (PID=337) to work on /opt/airflow/dags/dag_streamflow.py
[2026-01-11T00:59:44.214+0000] {processor.py:830} INFO - Processing file /opt/airflow/dags/dag_streamflow.py for tasks to queue
[2026-01-11T00:59:44.215+0000] {logging_mixin.py:188} INFO - [2026-01-11T00:59:44.215+0000] {dagbag.py:538} INFO - Filling up the DagBag from /opt/airflow/dags/dag_streamflow.py
[2026-01-11T00:59:44.229+0000] {processor.py:840} INFO - DAG(s) 'streamflow_main' retrieved from /opt/airflow/dags/dag_streamflow.py
[2026-01-11T00:59:44.251+0000] {logging_mixin.py:188} INFO - [2026-01-11T00:59:44.251+0000] {dag.py:3036} INFO - Sync 1 DAGs
[2026-01-11T00:59:44.261+0000] {logging_mixin.py:188} INFO - [2026-01-11T00:59:44.260+0000] {dag.py:3823} INFO - Setting next_dagrun for streamflow_main to None, run_after=None
[2026-01-11T00:59:44.280+0000] {processor.py:183} INFO - Processing /opt/airflow/dags/dag_streamflow.py took 0.069 seconds
[2026-01-11T01:00:17.126+0000] {processor.py:161} INFO - Started process (PID=349) to work on /opt/airflow/dags/dag_streamflow.py
[2026-01-11T01:00:17.127+0000] {processor.py:830} INFO - Processing file /opt/airflow/dags/dag_streamflow.py for tasks to queue
[2026-01-11T01:00:17.128+0000] {logging_mixin.py:188} INFO - [2026-01-11T01:00:17.128+0000] {dagbag.py:538} INFO - Filling up the DagBag from /opt/airflow/dags/dag_streamflow.py
[2026-01-11T01:00:17.142+0000] {processor.py:840} INFO - DAG(s) 'streamflow_main' retrieved from /opt/airflow/dags/dag_streamflow.py
[2026-01-11T01:00:17.163+0000] {logging_mixin.py:188} INFO - [2026-01-11T01:00:17.163+0000] {dag.py:3036} INFO - Sync 1 DAGs
[2026-01-11T01:00:17.173+0000] {logging_mixin.py:188} INFO - [2026-01-11T01:00:17.173+0000] {dag.py:3823} INFO - Setting next_dagrun for streamflow_main to None, run_after=None
[2026-01-11T01:00:17.191+0000] {processor.py:183} INFO - Processing /opt/airflow/dags/dag_streamflow.py took 0.068 seconds
[2026-01-11T01:00:50.056+0000] {processor.py:161} INFO - Started process (PID=361) to work on /opt/airflow/dags/dag_streamflow.py
[2026-01-11T01:00:50.056+0000] {processor.py:830} INFO - Processing file /opt/airflow/dags/dag_streamflow.py for tasks to queue
[2026-01-11T01:00:50.057+0000] {logging_mixin.py:188} INFO - [2026-01-11T01:00:50.057+0000] {dagbag.py:538} INFO - Filling up the DagBag from /opt/airflow/dags/dag_streamflow.py
[2026-01-11T01:00:50.070+0000] {processor.py:840} INFO - DAG(s) 'streamflow_main' retrieved from /opt/airflow/dags/dag_streamflow.py
[2026-01-11T01:00:50.091+0000] {logging_mixin.py:188} INFO - [2026-01-11T01:00:50.091+0000] {dag.py:3036} INFO - Sync 1 DAGs
[2026-01-11T01:00:50.100+0000] {logging_mixin.py:188} INFO - [2026-01-11T01:00:50.100+0000] {dag.py:3823} INFO - Setting next_dagrun for streamflow_main to None, run_after=None
[2026-01-11T01:00:50.117+0000] {processor.py:183} INFO - Processing /opt/airflow/dags/dag_streamflow.py took 0.064 seconds
[2026-01-11T01:01:20.384+0000] {processor.py:161} INFO - Started process (PID=373) to work on /opt/airflow/dags/dag_streamflow.py
[2026-01-11T01:01:20.385+0000] {processor.py:830} INFO - Processing file /opt/airflow/dags/dag_streamflow.py for tasks to queue
[2026-01-11T01:01:20.386+0000] {logging_mixin.py:188} INFO - [2026-01-11T01:01:20.386+0000] {dagbag.py:538} INFO - Filling up the DagBag from /opt/airflow/dags/dag_streamflow.py
[2026-01-11T01:01:20.402+0000] {processor.py:840} INFO - DAG(s) 'streamflow_main' retrieved from /opt/airflow/dags/dag_streamflow.py
[2026-01-11T01:01:20.425+0000] {logging_mixin.py:188} INFO - [2026-01-11T01:01:20.425+0000] {dag.py:3036} INFO - Sync 1 DAGs
[2026-01-11T01:01:20.437+0000] {logging_mixin.py:188} INFO - [2026-01-11T01:01:20.436+0000] {dag.py:3823} INFO - Setting next_dagrun for streamflow_main to None, run_after=None
[2026-01-11T01:01:20.458+0000] {processor.py:183} INFO - Processing /opt/airflow/dags/dag_streamflow.py took 0.076 seconds
[2026-01-11T01:01:51.571+0000] {processor.py:161} INFO - Started process (PID=385) to work on /opt/airflow/dags/dag_streamflow.py
[2026-01-11T01:01:51.572+0000] {processor.py:830} INFO - Processing file /opt/airflow/dags/dag_streamflow.py for tasks to queue
[2026-01-11T01:01:51.573+0000] {logging_mixin.py:188} INFO - [2026-01-11T01:01:51.573+0000] {dagbag.py:538} INFO - Filling up the DagBag from /opt/airflow/dags/dag_streamflow.py
[2026-01-11T01:01:51.588+0000] {processor.py:840} INFO - DAG(s) 'streamflow_main' retrieved from /opt/airflow/dags/dag_streamflow.py
[2026-01-11T01:01:51.614+0000] {logging_mixin.py:188} INFO - [2026-01-11T01:01:51.614+0000] {dag.py:3036} INFO - Sync 1 DAGs
[2026-01-11T01:01:51.625+0000] {logging_mixin.py:188} INFO - [2026-01-11T01:01:51.624+0000] {dag.py:3823} INFO - Setting next_dagrun for streamflow_main to None, run_after=None
[2026-01-11T01:01:51.646+0000] {processor.py:183} INFO - Processing /opt/airflow/dags/dag_streamflow.py took 0.078 seconds
[2026-01-11T01:02:23.579+0000] {processor.py:161} INFO - Started process (PID=397) to work on /opt/airflow/dags/dag_streamflow.py
[2026-01-11T01:02:23.579+0000] {processor.py:830} INFO - Processing file /opt/airflow/dags/dag_streamflow.py for tasks to queue
[2026-01-11T01:02:23.580+0000] {logging_mixin.py:188} INFO - [2026-01-11T01:02:23.580+0000] {dagbag.py:538} INFO - Filling up the DagBag from /opt/airflow/dags/dag_streamflow.py
[2026-01-11T01:02:23.593+0000] {processor.py:840} INFO - DAG(s) 'streamflow_main' retrieved from /opt/airflow/dags/dag_streamflow.py
[2026-01-11T01:02:23.616+0000] {logging_mixin.py:188} INFO - [2026-01-11T01:02:23.616+0000] {dag.py:3036} INFO - Sync 1 DAGs
[2026-01-11T01:02:23.628+0000] {logging_mixin.py:188} INFO - [2026-01-11T01:02:23.627+0000] {dag.py:3823} INFO - Setting next_dagrun for streamflow_main to None, run_after=None
[2026-01-11T01:02:23.646+0000] {processor.py:183} INFO - Processing /opt/airflow/dags/dag_streamflow.py took 0.070 seconds
[2026-01-11T01:02:54.730+0000] {processor.py:161} INFO - Started process (PID=409) to work on /opt/airflow/dags/dag_streamflow.py
[2026-01-11T01:02:54.732+0000] {processor.py:830} INFO - Processing file /opt/airflow/dags/dag_streamflow.py for tasks to queue
[2026-01-11T01:02:54.734+0000] {logging_mixin.py:188} INFO - [2026-01-11T01:02:54.734+0000] {dagbag.py:538} INFO - Filling up the DagBag from /opt/airflow/dags/dag_streamflow.py
[2026-01-11T01:02:54.758+0000] {processor.py:840} INFO - DAG(s) 'streamflow_main' retrieved from /opt/airflow/dags/dag_streamflow.py
[2026-01-11T01:02:54.787+0000] {logging_mixin.py:188} INFO - [2026-01-11T01:02:54.787+0000] {dag.py:3036} INFO - Sync 1 DAGs
[2026-01-11T01:02:54.801+0000] {logging_mixin.py:188} INFO - [2026-01-11T01:02:54.800+0000] {dag.py:3823} INFO - Setting next_dagrun for streamflow_main to None, run_after=None
[2026-01-11T01:02:54.825+0000] {processor.py:183} INFO - Processing /opt/airflow/dags/dag_streamflow.py took 0.098 seconds
[2026-01-11T01:03:26.666+0000] {processor.py:161} INFO - Started process (PID=421) to work on /opt/airflow/dags/dag_streamflow.py
[2026-01-11T01:03:26.668+0000] {processor.py:830} INFO - Processing file /opt/airflow/dags/dag_streamflow.py for tasks to queue
[2026-01-11T01:03:26.669+0000] {logging_mixin.py:188} INFO - [2026-01-11T01:03:26.669+0000] {dagbag.py:538} INFO - Filling up the DagBag from /opt/airflow/dags/dag_streamflow.py
[2026-01-11T01:03:26.687+0000] {processor.py:840} INFO - DAG(s) 'streamflow_main' retrieved from /opt/airflow/dags/dag_streamflow.py
[2026-01-11T01:03:26.712+0000] {logging_mixin.py:188} INFO - [2026-01-11T01:03:26.712+0000] {dag.py:3036} INFO - Sync 1 DAGs
[2026-01-11T01:03:26.723+0000] {logging_mixin.py:188} INFO - [2026-01-11T01:03:26.723+0000] {dag.py:3823} INFO - Setting next_dagrun for streamflow_main to None, run_after=None
[2026-01-11T01:03:26.739+0000] {processor.py:183} INFO - Processing /opt/airflow/dags/dag_streamflow.py took 0.076 seconds
[2026-01-11T01:03:57.867+0000] {processor.py:161} INFO - Started process (PID=433) to work on /opt/airflow/dags/dag_streamflow.py
[2026-01-11T01:03:57.869+0000] {processor.py:830} INFO - Processing file /opt/airflow/dags/dag_streamflow.py for tasks to queue
[2026-01-11T01:03:57.870+0000] {logging_mixin.py:188} INFO - [2026-01-11T01:03:57.869+0000] {dagbag.py:538} INFO - Filling up the DagBag from /opt/airflow/dags/dag_streamflow.py
[2026-01-11T01:03:57.895+0000] {processor.py:840} INFO - DAG(s) 'streamflow_main' retrieved from /opt/airflow/dags/dag_streamflow.py
[2026-01-11T01:03:57.925+0000] {logging_mixin.py:188} INFO - [2026-01-11T01:03:57.925+0000] {dag.py:3036} INFO - Sync 1 DAGs
[2026-01-11T01:03:57.938+0000] {logging_mixin.py:188} INFO - [2026-01-11T01:03:57.938+0000] {dag.py:3823} INFO - Setting next_dagrun for streamflow_main to None, run_after=None
[2026-01-11T01:03:57.961+0000] {processor.py:183} INFO - Processing /opt/airflow/dags/dag_streamflow.py took 0.098 seconds
[2026-01-11T01:04:28.849+0000] {processor.py:161} INFO - Started process (PID=445) to work on /opt/airflow/dags/dag_streamflow.py
[2026-01-11T01:04:28.850+0000] {processor.py:830} INFO - Processing file /opt/airflow/dags/dag_streamflow.py for tasks to queue
[2026-01-11T01:04:28.851+0000] {logging_mixin.py:188} INFO - [2026-01-11T01:04:28.850+0000] {dagbag.py:538} INFO - Filling up the DagBag from /opt/airflow/dags/dag_streamflow.py
[2026-01-11T01:04:28.864+0000] {processor.py:840} INFO - DAG(s) 'streamflow_main' retrieved from /opt/airflow/dags/dag_streamflow.py
[2026-01-11T01:04:28.884+0000] {logging_mixin.py:188} INFO - [2026-01-11T01:04:28.883+0000] {dag.py:3036} INFO - Sync 1 DAGs
[2026-01-11T01:04:28.897+0000] {logging_mixin.py:188} INFO - [2026-01-11T01:04:28.896+0000] {dag.py:3823} INFO - Setting next_dagrun for streamflow_main to None, run_after=None
[2026-01-11T01:04:28.924+0000] {processor.py:183} INFO - Processing /opt/airflow/dags/dag_streamflow.py took 0.077 seconds
[2026-01-11T01:05:01.756+0000] {processor.py:161} INFO - Started process (PID=459) to work on /opt/airflow/dags/dag_streamflow.py
[2026-01-11T01:05:01.757+0000] {processor.py:830} INFO - Processing file /opt/airflow/dags/dag_streamflow.py for tasks to queue
[2026-01-11T01:05:01.759+0000] {logging_mixin.py:188} INFO - [2026-01-11T01:05:01.758+0000] {dagbag.py:538} INFO - Filling up the DagBag from /opt/airflow/dags/dag_streamflow.py
[2026-01-11T01:05:01.784+0000] {processor.py:840} INFO - DAG(s) 'streamflow_main' retrieved from /opt/airflow/dags/dag_streamflow.py
[2026-01-11T01:05:01.817+0000] {logging_mixin.py:188} INFO - [2026-01-11T01:05:01.817+0000] {dag.py:3036} INFO - Sync 1 DAGs
[2026-01-11T01:05:01.829+0000] {logging_mixin.py:188} INFO - [2026-01-11T01:05:01.829+0000] {dag.py:3823} INFO - Setting next_dagrun for streamflow_main to None, run_after=None
[2026-01-11T01:05:01.851+0000] {processor.py:183} INFO - Processing /opt/airflow/dags/dag_streamflow.py took 0.099 seconds
[2026-01-11T01:05:34.724+0000] {processor.py:161} INFO - Started process (PID=677) to work on /opt/airflow/dags/dag_streamflow.py
[2026-01-11T01:05:34.726+0000] {processor.py:830} INFO - Processing file /opt/airflow/dags/dag_streamflow.py for tasks to queue
[2026-01-11T01:05:34.727+0000] {logging_mixin.py:188} INFO - [2026-01-11T01:05:34.726+0000] {dagbag.py:538} INFO - Filling up the DagBag from /opt/airflow/dags/dag_streamflow.py
[2026-01-11T01:05:34.746+0000] {processor.py:840} INFO - DAG(s) 'streamflow_main' retrieved from /opt/airflow/dags/dag_streamflow.py
[2026-01-11T01:05:34.771+0000] {logging_mixin.py:188} INFO - [2026-01-11T01:05:34.771+0000] {dag.py:3036} INFO - Sync 1 DAGs
[2026-01-11T01:05:34.781+0000] {logging_mixin.py:188} INFO - [2026-01-11T01:05:34.781+0000] {dag.py:3823} INFO - Setting next_dagrun for streamflow_main to None, run_after=None
[2026-01-11T01:05:34.799+0000] {processor.py:183} INFO - Processing /opt/airflow/dags/dag_streamflow.py took 0.078 seconds
[2026-01-11T01:06:06.623+0000] {processor.py:161} INFO - Started process (PID=689) to work on /opt/airflow/dags/dag_streamflow.py
[2026-01-11T01:06:06.624+0000] {processor.py:830} INFO - Processing file /opt/airflow/dags/dag_streamflow.py for tasks to queue
[2026-01-11T01:06:06.624+0000] {logging_mixin.py:188} INFO - [2026-01-11T01:06:06.624+0000] {dagbag.py:538} INFO - Filling up the DagBag from /opt/airflow/dags/dag_streamflow.py
[2026-01-11T01:06:06.638+0000] {processor.py:840} INFO - DAG(s) 'streamflow_main' retrieved from /opt/airflow/dags/dag_streamflow.py
[2026-01-11T01:06:06.658+0000] {logging_mixin.py:188} INFO - [2026-01-11T01:06:06.658+0000] {dag.py:3036} INFO - Sync 1 DAGs
[2026-01-11T01:06:06.669+0000] {logging_mixin.py:188} INFO - [2026-01-11T01:06:06.668+0000] {dag.py:3823} INFO - Setting next_dagrun for streamflow_main to None, run_after=None
[2026-01-11T01:06:06.688+0000] {processor.py:183} INFO - Processing /opt/airflow/dags/dag_streamflow.py took 0.068 seconds
[2026-01-11T01:06:39.559+0000] {processor.py:161} INFO - Started process (PID=701) to work on /opt/airflow/dags/dag_streamflow.py
[2026-01-11T01:06:39.560+0000] {processor.py:830} INFO - Processing file /opt/airflow/dags/dag_streamflow.py for tasks to queue
[2026-01-11T01:06:39.561+0000] {logging_mixin.py:188} INFO - [2026-01-11T01:06:39.561+0000] {dagbag.py:538} INFO - Filling up the DagBag from /opt/airflow/dags/dag_streamflow.py
[2026-01-11T01:06:39.575+0000] {processor.py:840} INFO - DAG(s) 'streamflow_main' retrieved from /opt/airflow/dags/dag_streamflow.py
[2026-01-11T01:06:39.595+0000] {logging_mixin.py:188} INFO - [2026-01-11T01:06:39.595+0000] {dag.py:3036} INFO - Sync 1 DAGs
[2026-01-11T01:06:39.605+0000] {logging_mixin.py:188} INFO - [2026-01-11T01:06:39.605+0000] {dag.py:3823} INFO - Setting next_dagrun for streamflow_main to None, run_after=None
[2026-01-11T01:06:39.624+0000] {processor.py:183} INFO - Processing /opt/airflow/dags/dag_streamflow.py took 0.067 seconds
[2026-01-11T01:07:12.467+0000] {processor.py:161} INFO - Started process (PID=713) to work on /opt/airflow/dags/dag_streamflow.py
[2026-01-11T01:07:12.469+0000] {processor.py:830} INFO - Processing file /opt/airflow/dags/dag_streamflow.py for tasks to queue
[2026-01-11T01:07:12.470+0000] {logging_mixin.py:188} INFO - [2026-01-11T01:07:12.469+0000] {dagbag.py:538} INFO - Filling up the DagBag from /opt/airflow/dags/dag_streamflow.py
[2026-01-11T01:07:12.485+0000] {processor.py:840} INFO - DAG(s) 'streamflow_main' retrieved from /opt/airflow/dags/dag_streamflow.py
[2026-01-11T01:07:12.512+0000] {logging_mixin.py:188} INFO - [2026-01-11T01:07:12.512+0000] {dag.py:3036} INFO - Sync 1 DAGs
[2026-01-11T01:07:12.522+0000] {logging_mixin.py:188} INFO - [2026-01-11T01:07:12.522+0000] {dag.py:3823} INFO - Setting next_dagrun for streamflow_main to None, run_after=None
[2026-01-11T01:07:12.543+0000] {processor.py:183} INFO - Processing /opt/airflow/dags/dag_streamflow.py took 0.078 seconds
[2026-01-11T01:07:43.763+0000] {processor.py:161} INFO - Started process (PID=934) to work on /opt/airflow/dags/dag_streamflow.py
[2026-01-11T01:07:43.764+0000] {processor.py:830} INFO - Processing file /opt/airflow/dags/dag_streamflow.py for tasks to queue
[2026-01-11T01:07:43.764+0000] {logging_mixin.py:188} INFO - [2026-01-11T01:07:43.764+0000] {dagbag.py:538} INFO - Filling up the DagBag from /opt/airflow/dags/dag_streamflow.py
[2026-01-11T01:07:43.777+0000] {processor.py:840} INFO - DAG(s) 'streamflow_main' retrieved from /opt/airflow/dags/dag_streamflow.py
[2026-01-11T01:07:43.796+0000] {logging_mixin.py:188} INFO - [2026-01-11T01:07:43.796+0000] {dag.py:3036} INFO - Sync 1 DAGs
[2026-01-11T01:07:43.805+0000] {logging_mixin.py:188} INFO - [2026-01-11T01:07:43.805+0000] {dag.py:3823} INFO - Setting next_dagrun for streamflow_main to None, run_after=None
[2026-01-11T01:07:43.823+0000] {processor.py:183} INFO - Processing /opt/airflow/dags/dag_streamflow.py took 0.063 seconds
[2026-01-11T01:08:14.984+0000] {processor.py:161} INFO - Started process (PID=1155) to work on /opt/airflow/dags/dag_streamflow.py
[2026-01-11T01:08:14.985+0000] {processor.py:830} INFO - Processing file /opt/airflow/dags/dag_streamflow.py for tasks to queue
[2026-01-11T01:08:14.987+0000] {logging_mixin.py:188} INFO - [2026-01-11T01:08:14.986+0000] {dagbag.py:538} INFO - Filling up the DagBag from /opt/airflow/dags/dag_streamflow.py
[2026-01-11T01:08:15.013+0000] {processor.py:840} INFO - DAG(s) 'streamflow_main' retrieved from /opt/airflow/dags/dag_streamflow.py
[2026-01-11T01:08:15.044+0000] {logging_mixin.py:188} INFO - [2026-01-11T01:08:15.044+0000] {dag.py:3036} INFO - Sync 1 DAGs
[2026-01-11T01:08:15.058+0000] {logging_mixin.py:188} INFO - [2026-01-11T01:08:15.058+0000] {dag.py:3823} INFO - Setting next_dagrun for streamflow_main to None, run_after=None
[2026-01-11T01:08:15.087+0000] {processor.py:183} INFO - Processing /opt/airflow/dags/dag_streamflow.py took 0.107 seconds
[2026-01-11T01:08:45.953+0000] {processor.py:161} INFO - Started process (PID=1167) to work on /opt/airflow/dags/dag_streamflow.py
[2026-01-11T01:08:45.954+0000] {processor.py:830} INFO - Processing file /opt/airflow/dags/dag_streamflow.py for tasks to queue
[2026-01-11T01:08:45.955+0000] {logging_mixin.py:188} INFO - [2026-01-11T01:08:45.955+0000] {dagbag.py:538} INFO - Filling up the DagBag from /opt/airflow/dags/dag_streamflow.py
[2026-01-11T01:08:45.974+0000] {processor.py:840} INFO - DAG(s) 'streamflow_main' retrieved from /opt/airflow/dags/dag_streamflow.py
[2026-01-11T01:08:45.998+0000] {logging_mixin.py:188} INFO - [2026-01-11T01:08:45.998+0000] {dag.py:3036} INFO - Sync 1 DAGs
[2026-01-11T01:08:46.009+0000] {logging_mixin.py:188} INFO - [2026-01-11T01:08:46.008+0000] {dag.py:3823} INFO - Setting next_dagrun for streamflow_main to None, run_after=None
[2026-01-11T01:08:46.030+0000] {processor.py:183} INFO - Processing /opt/airflow/dags/dag_streamflow.py took 0.080 seconds
[2026-01-11T01:09:18.926+0000] {processor.py:161} INFO - Started process (PID=1179) to work on /opt/airflow/dags/dag_streamflow.py
[2026-01-11T01:09:18.927+0000] {processor.py:830} INFO - Processing file /opt/airflow/dags/dag_streamflow.py for tasks to queue
[2026-01-11T01:09:18.928+0000] {logging_mixin.py:188} INFO - [2026-01-11T01:09:18.927+0000] {dagbag.py:538} INFO - Filling up the DagBag from /opt/airflow/dags/dag_streamflow.py
[2026-01-11T01:09:18.942+0000] {processor.py:840} INFO - DAG(s) 'streamflow_main' retrieved from /opt/airflow/dags/dag_streamflow.py
[2026-01-11T01:09:18.964+0000] {logging_mixin.py:188} INFO - [2026-01-11T01:09:18.964+0000] {dag.py:3036} INFO - Sync 1 DAGs
[2026-01-11T01:09:18.976+0000] {logging_mixin.py:188} INFO - [2026-01-11T01:09:18.976+0000] {dag.py:3823} INFO - Setting next_dagrun for streamflow_main to None, run_after=None
[2026-01-11T01:09:18.995+0000] {processor.py:183} INFO - Processing /opt/airflow/dags/dag_streamflow.py took 0.072 seconds
[2026-01-11T01:09:49.967+0000] {processor.py:161} INFO - Started process (PID=1404) to work on /opt/airflow/dags/dag_streamflow.py
[2026-01-11T01:09:49.970+0000] {processor.py:830} INFO - Processing file /opt/airflow/dags/dag_streamflow.py for tasks to queue
[2026-01-11T01:09:49.973+0000] {logging_mixin.py:188} INFO - [2026-01-11T01:09:49.972+0000] {dagbag.py:538} INFO - Filling up the DagBag from /opt/airflow/dags/dag_streamflow.py
[2026-01-11T01:09:50.016+0000] {processor.py:840} INFO - DAG(s) 'streamflow_main' retrieved from /opt/airflow/dags/dag_streamflow.py
[2026-01-11T01:09:50.062+0000] {logging_mixin.py:188} INFO - [2026-01-11T01:09:50.061+0000] {dag.py:3036} INFO - Sync 1 DAGs
[2026-01-11T01:09:50.079+0000] {logging_mixin.py:188} INFO - [2026-01-11T01:09:50.079+0000] {dag.py:3823} INFO - Setting next_dagrun for streamflow_main to None, run_after=None
[2026-01-11T01:09:50.108+0000] {processor.py:183} INFO - Processing /opt/airflow/dags/dag_streamflow.py took 0.146 seconds
[2026-01-11T01:10:21.274+0000] {processor.py:161} INFO - Started process (PID=1486) to work on /opt/airflow/dags/dag_streamflow.py
[2026-01-11T01:10:21.277+0000] {processor.py:830} INFO - Processing file /opt/airflow/dags/dag_streamflow.py for tasks to queue
[2026-01-11T01:10:21.278+0000] {logging_mixin.py:188} INFO - [2026-01-11T01:10:21.278+0000] {dagbag.py:538} INFO - Filling up the DagBag from /opt/airflow/dags/dag_streamflow.py
[2026-01-11T01:10:21.302+0000] {processor.py:840} INFO - DAG(s) 'streamflow_main' retrieved from /opt/airflow/dags/dag_streamflow.py
[2026-01-11T01:10:21.326+0000] {logging_mixin.py:188} INFO - [2026-01-11T01:10:21.326+0000] {dag.py:3036} INFO - Sync 1 DAGs
[2026-01-11T01:10:21.337+0000] {logging_mixin.py:188} INFO - [2026-01-11T01:10:21.337+0000] {dag.py:3823} INFO - Setting next_dagrun for streamflow_main to None, run_after=None
[2026-01-11T01:10:21.359+0000] {processor.py:183} INFO - Processing /opt/airflow/dags/dag_streamflow.py took 0.089 seconds
[2026-01-11T01:10:52.372+0000] {processor.py:161} INFO - Started process (PID=1498) to work on /opt/airflow/dags/dag_streamflow.py
[2026-01-11T01:10:52.374+0000] {processor.py:830} INFO - Processing file /opt/airflow/dags/dag_streamflow.py for tasks to queue
[2026-01-11T01:10:52.374+0000] {logging_mixin.py:188} INFO - [2026-01-11T01:10:52.374+0000] {dagbag.py:538} INFO - Filling up the DagBag from /opt/airflow/dags/dag_streamflow.py
[2026-01-11T01:10:52.389+0000] {processor.py:840} INFO - DAG(s) 'streamflow_main' retrieved from /opt/airflow/dags/dag_streamflow.py
[2026-01-11T01:10:52.414+0000] {logging_mixin.py:188} INFO - [2026-01-11T01:10:52.414+0000] {dag.py:3036} INFO - Sync 1 DAGs
[2026-01-11T01:10:52.426+0000] {logging_mixin.py:188} INFO - [2026-01-11T01:10:52.425+0000] {dag.py:3823} INFO - Setting next_dagrun for streamflow_main to None, run_after=None
[2026-01-11T01:10:52.446+0000] {processor.py:183} INFO - Processing /opt/airflow/dags/dag_streamflow.py took 0.077 seconds
[2026-01-11T01:11:24.371+0000] {processor.py:161} INFO - Started process (PID=1510) to work on /opt/airflow/dags/dag_streamflow.py
[2026-01-11T01:11:24.373+0000] {processor.py:830} INFO - Processing file /opt/airflow/dags/dag_streamflow.py for tasks to queue
[2026-01-11T01:11:24.374+0000] {logging_mixin.py:188} INFO - [2026-01-11T01:11:24.373+0000] {dagbag.py:538} INFO - Filling up the DagBag from /opt/airflow/dags/dag_streamflow.py
[2026-01-11T01:11:24.393+0000] {processor.py:840} INFO - DAG(s) 'streamflow_main' retrieved from /opt/airflow/dags/dag_streamflow.py
[2026-01-11T01:11:24.420+0000] {logging_mixin.py:188} INFO - [2026-01-11T01:11:24.419+0000] {dag.py:3036} INFO - Sync 1 DAGs
[2026-01-11T01:11:24.431+0000] {logging_mixin.py:188} INFO - [2026-01-11T01:11:24.431+0000] {dag.py:3823} INFO - Setting next_dagrun for streamflow_main to None, run_after=None
[2026-01-11T01:11:24.450+0000] {processor.py:183} INFO - Processing /opt/airflow/dags/dag_streamflow.py took 0.082 seconds
[2026-01-11T01:11:57.293+0000] {processor.py:161} INFO - Started process (PID=1522) to work on /opt/airflow/dags/dag_streamflow.py
[2026-01-11T01:11:57.296+0000] {processor.py:830} INFO - Processing file /opt/airflow/dags/dag_streamflow.py for tasks to queue
[2026-01-11T01:11:57.299+0000] {logging_mixin.py:188} INFO - [2026-01-11T01:11:57.298+0000] {dagbag.py:538} INFO - Filling up the DagBag from /opt/airflow/dags/dag_streamflow.py
[2026-01-11T01:11:57.395+0000] {processor.py:840} INFO - DAG(s) 'streamflow_main' retrieved from /opt/airflow/dags/dag_streamflow.py
[2026-01-11T01:11:57.419+0000] {logging_mixin.py:188} INFO - [2026-01-11T01:11:57.419+0000] {dag.py:3036} INFO - Sync 1 DAGs
[2026-01-11T01:11:57.430+0000] {logging_mixin.py:188} INFO - [2026-01-11T01:11:57.430+0000] {dag.py:3823} INFO - Setting next_dagrun for streamflow_main to None, run_after=None
[2026-01-11T01:11:57.456+0000] {processor.py:183} INFO - Processing /opt/airflow/dags/dag_streamflow.py took 0.167 seconds
[2026-01-11T01:12:30.243+0000] {processor.py:161} INFO - Started process (PID=1534) to work on /opt/airflow/dags/dag_streamflow.py
[2026-01-11T01:12:30.251+0000] {processor.py:830} INFO - Processing file /opt/airflow/dags/dag_streamflow.py for tasks to queue
[2026-01-11T01:12:30.255+0000] {logging_mixin.py:188} INFO - [2026-01-11T01:12:30.255+0000] {dagbag.py:538} INFO - Filling up the DagBag from /opt/airflow/dags/dag_streamflow.py
[2026-01-11T01:12:30.295+0000] {processor.py:840} INFO - DAG(s) 'streamflow_main' retrieved from /opt/airflow/dags/dag_streamflow.py
[2026-01-11T01:12:30.328+0000] {logging_mixin.py:188} INFO - [2026-01-11T01:12:30.327+0000] {dag.py:3036} INFO - Sync 1 DAGs
[2026-01-11T01:12:30.340+0000] {logging_mixin.py:188} INFO - [2026-01-11T01:12:30.340+0000] {dag.py:3823} INFO - Setting next_dagrun for streamflow_main to None, run_after=None
[2026-01-11T01:12:30.358+0000] {processor.py:183} INFO - Processing /opt/airflow/dags/dag_streamflow.py took 0.118 seconds
[2026-01-11T01:13:03.271+0000] {processor.py:161} INFO - Started process (PID=1546) to work on /opt/airflow/dags/dag_streamflow.py
[2026-01-11T01:13:03.272+0000] {processor.py:830} INFO - Processing file /opt/airflow/dags/dag_streamflow.py for tasks to queue
[2026-01-11T01:13:03.273+0000] {logging_mixin.py:188} INFO - [2026-01-11T01:13:03.273+0000] {dagbag.py:538} INFO - Filling up the DagBag from /opt/airflow/dags/dag_streamflow.py
[2026-01-11T01:13:03.290+0000] {processor.py:840} INFO - DAG(s) 'streamflow_main' retrieved from /opt/airflow/dags/dag_streamflow.py
[2026-01-11T01:13:03.311+0000] {logging_mixin.py:188} INFO - [2026-01-11T01:13:03.311+0000] {dag.py:3036} INFO - Sync 1 DAGs
[2026-01-11T01:13:03.320+0000] {logging_mixin.py:188} INFO - [2026-01-11T01:13:03.320+0000] {dag.py:3823} INFO - Setting next_dagrun for streamflow_main to None, run_after=None
[2026-01-11T01:13:03.338+0000] {processor.py:183} INFO - Processing /opt/airflow/dags/dag_streamflow.py took 0.069 seconds
[2026-01-11T01:13:35.147+0000] {processor.py:161} INFO - Started process (PID=1558) to work on /opt/airflow/dags/dag_streamflow.py
[2026-01-11T01:13:35.148+0000] {processor.py:830} INFO - Processing file /opt/airflow/dags/dag_streamflow.py for tasks to queue
[2026-01-11T01:13:35.149+0000] {logging_mixin.py:188} INFO - [2026-01-11T01:13:35.148+0000] {dagbag.py:538} INFO - Filling up the DagBag from /opt/airflow/dags/dag_streamflow.py
[2026-01-11T01:13:35.164+0000] {processor.py:840} INFO - DAG(s) 'streamflow_main' retrieved from /opt/airflow/dags/dag_streamflow.py
[2026-01-11T01:13:35.186+0000] {logging_mixin.py:188} INFO - [2026-01-11T01:13:35.186+0000] {dag.py:3036} INFO - Sync 1 DAGs
[2026-01-11T01:13:35.196+0000] {logging_mixin.py:188} INFO - [2026-01-11T01:13:35.196+0000] {dag.py:3823} INFO - Setting next_dagrun for streamflow_main to None, run_after=None
[2026-01-11T01:13:35.226+0000] {processor.py:183} INFO - Processing /opt/airflow/dags/dag_streamflow.py took 0.082 seconds
[2026-01-11T01:14:06.233+0000] {processor.py:161} INFO - Started process (PID=1570) to work on /opt/airflow/dags/dag_streamflow.py
[2026-01-11T01:14:06.234+0000] {processor.py:830} INFO - Processing file /opt/airflow/dags/dag_streamflow.py for tasks to queue
[2026-01-11T01:14:06.235+0000] {logging_mixin.py:188} INFO - [2026-01-11T01:14:06.235+0000] {dagbag.py:538} INFO - Filling up the DagBag from /opt/airflow/dags/dag_streamflow.py
[2026-01-11T01:14:06.252+0000] {processor.py:840} INFO - DAG(s) 'streamflow_main' retrieved from /opt/airflow/dags/dag_streamflow.py
[2026-01-11T01:14:06.280+0000] {logging_mixin.py:188} INFO - [2026-01-11T01:14:06.280+0000] {dag.py:3036} INFO - Sync 1 DAGs
[2026-01-11T01:14:06.294+0000] {logging_mixin.py:188} INFO - [2026-01-11T01:14:06.293+0000] {dag.py:3823} INFO - Setting next_dagrun for streamflow_main to None, run_after=None
[2026-01-11T01:14:06.315+0000] {processor.py:183} INFO - Processing /opt/airflow/dags/dag_streamflow.py took 0.085 seconds
[2026-01-11T01:14:37.391+0000] {processor.py:161} INFO - Started process (PID=1582) to work on /opt/airflow/dags/dag_streamflow.py
[2026-01-11T01:14:37.392+0000] {processor.py:830} INFO - Processing file /opt/airflow/dags/dag_streamflow.py for tasks to queue
[2026-01-11T01:14:37.394+0000] {logging_mixin.py:188} INFO - [2026-01-11T01:14:37.394+0000] {dagbag.py:538} INFO - Filling up the DagBag from /opt/airflow/dags/dag_streamflow.py
[2026-01-11T01:14:37.425+0000] {processor.py:840} INFO - DAG(s) 'streamflow_main' retrieved from /opt/airflow/dags/dag_streamflow.py
[2026-01-11T01:14:37.460+0000] {logging_mixin.py:188} INFO - [2026-01-11T01:14:37.460+0000] {dag.py:3036} INFO - Sync 1 DAGs
[2026-01-11T01:14:37.474+0000] {logging_mixin.py:188} INFO - [2026-01-11T01:14:37.474+0000] {dag.py:3823} INFO - Setting next_dagrun for streamflow_main to None, run_after=None
[2026-01-11T01:14:37.498+0000] {processor.py:183} INFO - Processing /opt/airflow/dags/dag_streamflow.py took 0.113 seconds
[2026-01-11T01:15:08.466+0000] {processor.py:161} INFO - Started process (PID=1594) to work on /opt/airflow/dags/dag_streamflow.py
[2026-01-11T01:15:08.467+0000] {processor.py:830} INFO - Processing file /opt/airflow/dags/dag_streamflow.py for tasks to queue
[2026-01-11T01:15:08.468+0000] {logging_mixin.py:188} INFO - [2026-01-11T01:15:08.468+0000] {dagbag.py:538} INFO - Filling up the DagBag from /opt/airflow/dags/dag_streamflow.py
[2026-01-11T01:15:08.487+0000] {processor.py:840} INFO - DAG(s) 'streamflow_main' retrieved from /opt/airflow/dags/dag_streamflow.py
[2026-01-11T01:15:08.513+0000] {logging_mixin.py:188} INFO - [2026-01-11T01:15:08.513+0000] {dag.py:3036} INFO - Sync 1 DAGs
[2026-01-11T01:15:08.526+0000] {logging_mixin.py:188} INFO - [2026-01-11T01:15:08.525+0000] {dag.py:3823} INFO - Setting next_dagrun for streamflow_main to None, run_after=None
[2026-01-11T01:15:08.547+0000] {processor.py:183} INFO - Processing /opt/airflow/dags/dag_streamflow.py took 0.083 seconds
[2026-01-11T01:15:39.255+0000] {processor.py:161} INFO - Started process (PID=1606) to work on /opt/airflow/dags/dag_streamflow.py
[2026-01-11T01:15:39.256+0000] {processor.py:830} INFO - Processing file /opt/airflow/dags/dag_streamflow.py for tasks to queue
[2026-01-11T01:15:39.258+0000] {logging_mixin.py:188} INFO - [2026-01-11T01:15:39.257+0000] {dagbag.py:538} INFO - Filling up the DagBag from /opt/airflow/dags/dag_streamflow.py
[2026-01-11T01:15:39.271+0000] {processor.py:840} INFO - DAG(s) 'streamflow_main' retrieved from /opt/airflow/dags/dag_streamflow.py
[2026-01-11T01:15:39.294+0000] {logging_mixin.py:188} INFO - [2026-01-11T01:15:39.293+0000] {dag.py:3036} INFO - Sync 1 DAGs
[2026-01-11T01:15:39.305+0000] {logging_mixin.py:188} INFO - [2026-01-11T01:15:39.304+0000] {dag.py:3823} INFO - Setting next_dagrun for streamflow_main to None, run_after=None
[2026-01-11T01:15:39.322+0000] {processor.py:183} INFO - Processing /opt/airflow/dags/dag_streamflow.py took 0.071 seconds
[2026-01-11T01:16:11.273+0000] {processor.py:161} INFO - Started process (PID=1618) to work on /opt/airflow/dags/dag_streamflow.py
[2026-01-11T01:16:11.274+0000] {processor.py:830} INFO - Processing file /opt/airflow/dags/dag_streamflow.py for tasks to queue
[2026-01-11T01:16:11.275+0000] {logging_mixin.py:188} INFO - [2026-01-11T01:16:11.275+0000] {dagbag.py:538} INFO - Filling up the DagBag from /opt/airflow/dags/dag_streamflow.py
[2026-01-11T01:16:11.289+0000] {processor.py:840} INFO - DAG(s) 'streamflow_main' retrieved from /opt/airflow/dags/dag_streamflow.py
[2026-01-11T01:16:11.313+0000] {logging_mixin.py:188} INFO - [2026-01-11T01:16:11.313+0000] {dag.py:3036} INFO - Sync 1 DAGs
[2026-01-11T01:16:11.324+0000] {logging_mixin.py:188} INFO - [2026-01-11T01:16:11.324+0000] {dag.py:3823} INFO - Setting next_dagrun for streamflow_main to None, run_after=None
[2026-01-11T01:16:11.343+0000] {processor.py:183} INFO - Processing /opt/airflow/dags/dag_streamflow.py took 0.072 seconds
[2026-01-11T01:16:44.156+0000] {processor.py:161} INFO - Started process (PID=1630) to work on /opt/airflow/dags/dag_streamflow.py
[2026-01-11T01:16:44.157+0000] {processor.py:830} INFO - Processing file /opt/airflow/dags/dag_streamflow.py for tasks to queue
[2026-01-11T01:16:44.158+0000] {logging_mixin.py:188} INFO - [2026-01-11T01:16:44.158+0000] {dagbag.py:538} INFO - Filling up the DagBag from /opt/airflow/dags/dag_streamflow.py
[2026-01-11T01:16:44.176+0000] {processor.py:840} INFO - DAG(s) 'streamflow_main' retrieved from /opt/airflow/dags/dag_streamflow.py
[2026-01-11T01:16:44.202+0000] {logging_mixin.py:188} INFO - [2026-01-11T01:16:44.202+0000] {dag.py:3036} INFO - Sync 1 DAGs
[2026-01-11T01:16:44.212+0000] {logging_mixin.py:188} INFO - [2026-01-11T01:16:44.212+0000] {dag.py:3823} INFO - Setting next_dagrun for streamflow_main to None, run_after=None
[2026-01-11T01:16:44.231+0000] {processor.py:183} INFO - Processing /opt/airflow/dags/dag_streamflow.py took 0.079 seconds
[2026-01-11T01:17:17.146+0000] {processor.py:161} INFO - Started process (PID=1642) to work on /opt/airflow/dags/dag_streamflow.py
[2026-01-11T01:17:17.148+0000] {processor.py:830} INFO - Processing file /opt/airflow/dags/dag_streamflow.py for tasks to queue
[2026-01-11T01:17:17.149+0000] {logging_mixin.py:188} INFO - [2026-01-11T01:17:17.148+0000] {dagbag.py:538} INFO - Filling up the DagBag from /opt/airflow/dags/dag_streamflow.py
[2026-01-11T01:17:17.173+0000] {processor.py:840} INFO - DAG(s) 'streamflow_main' retrieved from /opt/airflow/dags/dag_streamflow.py
[2026-01-11T01:17:17.205+0000] {logging_mixin.py:188} INFO - [2026-01-11T01:17:17.205+0000] {dag.py:3036} INFO - Sync 1 DAGs
[2026-01-11T01:17:17.221+0000] {logging_mixin.py:188} INFO - [2026-01-11T01:17:17.221+0000] {dag.py:3823} INFO - Setting next_dagrun for streamflow_main to None, run_after=None
[2026-01-11T01:17:17.250+0000] {processor.py:183} INFO - Processing /opt/airflow/dags/dag_streamflow.py took 0.110 seconds
[2026-01-11T01:17:50.027+0000] {processor.py:161} INFO - Started process (PID=1654) to work on /opt/airflow/dags/dag_streamflow.py
[2026-01-11T01:17:50.028+0000] {processor.py:830} INFO - Processing file /opt/airflow/dags/dag_streamflow.py for tasks to queue
[2026-01-11T01:17:50.029+0000] {logging_mixin.py:188} INFO - [2026-01-11T01:17:50.028+0000] {dagbag.py:538} INFO - Filling up the DagBag from /opt/airflow/dags/dag_streamflow.py
[2026-01-11T01:17:50.041+0000] {processor.py:840} INFO - DAG(s) 'streamflow_main' retrieved from /opt/airflow/dags/dag_streamflow.py
[2026-01-11T01:17:50.064+0000] {logging_mixin.py:188} INFO - [2026-01-11T01:17:50.064+0000] {dag.py:3036} INFO - Sync 1 DAGs
[2026-01-11T01:17:50.073+0000] {logging_mixin.py:188} INFO - [2026-01-11T01:17:50.073+0000] {dag.py:3823} INFO - Setting next_dagrun for streamflow_main to None, run_after=None
[2026-01-11T01:17:50.092+0000] {processor.py:183} INFO - Processing /opt/airflow/dags/dag_streamflow.py took 0.068 seconds
[2026-01-11T01:18:21.348+0000] {processor.py:161} INFO - Started process (PID=1666) to work on /opt/airflow/dags/dag_streamflow.py
[2026-01-11T01:18:21.349+0000] {processor.py:830} INFO - Processing file /opt/airflow/dags/dag_streamflow.py for tasks to queue
[2026-01-11T01:18:21.350+0000] {logging_mixin.py:188} INFO - [2026-01-11T01:18:21.349+0000] {dagbag.py:538} INFO - Filling up the DagBag from /opt/airflow/dags/dag_streamflow.py
[2026-01-11T01:18:21.363+0000] {processor.py:840} INFO - DAG(s) 'streamflow_main' retrieved from /opt/airflow/dags/dag_streamflow.py
[2026-01-11T01:18:21.382+0000] {logging_mixin.py:188} INFO - [2026-01-11T01:18:21.381+0000] {dag.py:3036} INFO - Sync 1 DAGs
[2026-01-11T01:18:21.391+0000] {logging_mixin.py:188} INFO - [2026-01-11T01:18:21.391+0000] {dag.py:3823} INFO - Setting next_dagrun for streamflow_main to None, run_after=None
[2026-01-11T01:18:21.408+0000] {processor.py:183} INFO - Processing /opt/airflow/dags/dag_streamflow.py took 0.063 seconds
[2026-01-11T01:18:51.550+0000] {processor.py:161} INFO - Started process (PID=1678) to work on /opt/airflow/dags/dag_streamflow.py
[2026-01-11T01:18:51.551+0000] {processor.py:830} INFO - Processing file /opt/airflow/dags/dag_streamflow.py for tasks to queue
[2026-01-11T01:18:51.552+0000] {logging_mixin.py:188} INFO - [2026-01-11T01:18:51.552+0000] {dagbag.py:538} INFO - Filling up the DagBag from /opt/airflow/dags/dag_streamflow.py
[2026-01-11T01:18:51.567+0000] {processor.py:840} INFO - DAG(s) 'streamflow_main' retrieved from /opt/airflow/dags/dag_streamflow.py
[2026-01-11T01:18:51.592+0000] {logging_mixin.py:188} INFO - [2026-01-11T01:18:51.592+0000] {dag.py:3036} INFO - Sync 1 DAGs
[2026-01-11T01:18:51.602+0000] {logging_mixin.py:188} INFO - [2026-01-11T01:18:51.602+0000] {dag.py:3823} INFO - Setting next_dagrun for streamflow_main to None, run_after=None
[2026-01-11T01:18:51.623+0000] {processor.py:183} INFO - Processing /opt/airflow/dags/dag_streamflow.py took 0.076 seconds
[2026-01-11T01:19:22.866+0000] {processor.py:161} INFO - Started process (PID=1690) to work on /opt/airflow/dags/dag_streamflow.py
[2026-01-11T01:19:22.868+0000] {processor.py:830} INFO - Processing file /opt/airflow/dags/dag_streamflow.py for tasks to queue
[2026-01-11T01:19:22.869+0000] {logging_mixin.py:188} INFO - [2026-01-11T01:19:22.868+0000] {dagbag.py:538} INFO - Filling up the DagBag from /opt/airflow/dags/dag_streamflow.py
[2026-01-11T01:19:22.885+0000] {processor.py:840} INFO - DAG(s) 'streamflow_main' retrieved from /opt/airflow/dags/dag_streamflow.py
[2026-01-11T01:19:22.908+0000] {logging_mixin.py:188} INFO - [2026-01-11T01:19:22.908+0000] {dag.py:3036} INFO - Sync 1 DAGs
[2026-01-11T01:19:22.928+0000] {logging_mixin.py:188} INFO - [2026-01-11T01:19:22.928+0000] {dag.py:3823} INFO - Setting next_dagrun for streamflow_main to None, run_after=None
[2026-01-11T01:19:22.950+0000] {processor.py:183} INFO - Processing /opt/airflow/dags/dag_streamflow.py took 0.089 seconds
[2026-01-11T01:19:55.811+0000] {processor.py:161} INFO - Started process (PID=1702) to work on /opt/airflow/dags/dag_streamflow.py
[2026-01-11T01:19:55.812+0000] {processor.py:830} INFO - Processing file /opt/airflow/dags/dag_streamflow.py for tasks to queue
[2026-01-11T01:19:55.813+0000] {logging_mixin.py:188} INFO - [2026-01-11T01:19:55.813+0000] {dagbag.py:538} INFO - Filling up the DagBag from /opt/airflow/dags/dag_streamflow.py
[2026-01-11T01:19:55.827+0000] {processor.py:840} INFO - DAG(s) 'streamflow_main' retrieved from /opt/airflow/dags/dag_streamflow.py
[2026-01-11T01:19:55.849+0000] {logging_mixin.py:188} INFO - [2026-01-11T01:19:55.849+0000] {dag.py:3036} INFO - Sync 1 DAGs
[2026-01-11T01:19:55.858+0000] {logging_mixin.py:188} INFO - [2026-01-11T01:19:55.858+0000] {dag.py:3823} INFO - Setting next_dagrun for streamflow_main to None, run_after=None
[2026-01-11T01:19:55.876+0000] {processor.py:183} INFO - Processing /opt/airflow/dags/dag_streamflow.py took 0.067 seconds
[2026-01-11T01:20:28.746+0000] {processor.py:161} INFO - Started process (PID=1714) to work on /opt/airflow/dags/dag_streamflow.py
[2026-01-11T01:20:28.747+0000] {processor.py:830} INFO - Processing file /opt/airflow/dags/dag_streamflow.py for tasks to queue
[2026-01-11T01:20:28.748+0000] {logging_mixin.py:188} INFO - [2026-01-11T01:20:28.748+0000] {dagbag.py:538} INFO - Filling up the DagBag from /opt/airflow/dags/dag_streamflow.py
[2026-01-11T01:20:28.760+0000] {processor.py:840} INFO - DAG(s) 'streamflow_main' retrieved from /opt/airflow/dags/dag_streamflow.py
[2026-01-11T01:20:28.788+0000] {logging_mixin.py:188} INFO - [2026-01-11T01:20:28.788+0000] {dag.py:3036} INFO - Sync 1 DAGs
[2026-01-11T01:20:28.803+0000] {logging_mixin.py:188} INFO - [2026-01-11T01:20:28.803+0000] {dag.py:3823} INFO - Setting next_dagrun for streamflow_main to None, run_after=None
[2026-01-11T01:20:28.822+0000] {processor.py:183} INFO - Processing /opt/airflow/dags/dag_streamflow.py took 0.078 seconds
[2026-01-11T01:21:01.664+0000] {processor.py:161} INFO - Started process (PID=1726) to work on /opt/airflow/dags/dag_streamflow.py
[2026-01-11T01:21:01.665+0000] {processor.py:830} INFO - Processing file /opt/airflow/dags/dag_streamflow.py for tasks to queue
[2026-01-11T01:21:01.666+0000] {logging_mixin.py:188} INFO - [2026-01-11T01:21:01.666+0000] {dagbag.py:538} INFO - Filling up the DagBag from /opt/airflow/dags/dag_streamflow.py
[2026-01-11T01:21:01.679+0000] {processor.py:840} INFO - DAG(s) 'streamflow_main' retrieved from /opt/airflow/dags/dag_streamflow.py
[2026-01-11T01:21:01.701+0000] {logging_mixin.py:188} INFO - [2026-01-11T01:21:01.700+0000] {dag.py:3036} INFO - Sync 1 DAGs
[2026-01-11T01:21:01.711+0000] {logging_mixin.py:188} INFO - [2026-01-11T01:21:01.711+0000] {dag.py:3823} INFO - Setting next_dagrun for streamflow_main to None, run_after=None
[2026-01-11T01:21:01.733+0000] {processor.py:183} INFO - Processing /opt/airflow/dags/dag_streamflow.py took 0.072 seconds
[2026-01-11T01:21:33.610+0000] {processor.py:161} INFO - Started process (PID=1738) to work on /opt/airflow/dags/dag_streamflow.py
[2026-01-11T01:21:33.611+0000] {processor.py:830} INFO - Processing file /opt/airflow/dags/dag_streamflow.py for tasks to queue
[2026-01-11T01:21:33.612+0000] {logging_mixin.py:188} INFO - [2026-01-11T01:21:33.611+0000] {dagbag.py:538} INFO - Filling up the DagBag from /opt/airflow/dags/dag_streamflow.py
[2026-01-11T01:21:33.628+0000] {processor.py:840} INFO - DAG(s) 'streamflow_main' retrieved from /opt/airflow/dags/dag_streamflow.py
[2026-01-11T01:21:33.650+0000] {logging_mixin.py:188} INFO - [2026-01-11T01:21:33.650+0000] {dag.py:3036} INFO - Sync 1 DAGs
[2026-01-11T01:21:33.659+0000] {logging_mixin.py:188} INFO - [2026-01-11T01:21:33.659+0000] {dag.py:3823} INFO - Setting next_dagrun for streamflow_main to None, run_after=None
[2026-01-11T01:21:33.678+0000] {processor.py:183} INFO - Processing /opt/airflow/dags/dag_streamflow.py took 0.070 seconds
[2026-01-11T01:22:04.720+0000] {processor.py:161} INFO - Started process (PID=1749) to work on /opt/airflow/dags/dag_streamflow.py
[2026-01-11T01:22:04.722+0000] {processor.py:830} INFO - Processing file /opt/airflow/dags/dag_streamflow.py for tasks to queue
[2026-01-11T01:22:04.723+0000] {logging_mixin.py:188} INFO - [2026-01-11T01:22:04.723+0000] {dagbag.py:538} INFO - Filling up the DagBag from /opt/airflow/dags/dag_streamflow.py
[2026-01-11T01:22:04.744+0000] {processor.py:840} INFO - DAG(s) 'streamflow_main' retrieved from /opt/airflow/dags/dag_streamflow.py
[2026-01-11T01:22:04.776+0000] {logging_mixin.py:188} INFO - [2026-01-11T01:22:04.775+0000] {dag.py:3036} INFO - Sync 1 DAGs
[2026-01-11T01:22:04.792+0000] {logging_mixin.py:188} INFO - [2026-01-11T01:22:04.791+0000] {dag.py:3823} INFO - Setting next_dagrun for streamflow_main to None, run_after=None
[2026-01-11T01:22:04.823+0000] {processor.py:183} INFO - Processing /opt/airflow/dags/dag_streamflow.py took 0.106 seconds
[2026-01-11T01:22:35.688+0000] {processor.py:161} INFO - Started process (PID=1761) to work on /opt/airflow/dags/dag_streamflow.py
[2026-01-11T01:22:35.689+0000] {processor.py:830} INFO - Processing file /opt/airflow/dags/dag_streamflow.py for tasks to queue
[2026-01-11T01:22:35.690+0000] {logging_mixin.py:188} INFO - [2026-01-11T01:22:35.690+0000] {dagbag.py:538} INFO - Filling up the DagBag from /opt/airflow/dags/dag_streamflow.py
[2026-01-11T01:22:35.724+0000] {processor.py:840} INFO - DAG(s) 'streamflow_main' retrieved from /opt/airflow/dags/dag_streamflow.py
[2026-01-11T01:22:35.766+0000] {logging_mixin.py:188} INFO - [2026-01-11T01:22:35.766+0000] {dag.py:3036} INFO - Sync 1 DAGs
[2026-01-11T01:22:35.787+0000] {logging_mixin.py:188} INFO - [2026-01-11T01:22:35.787+0000] {dag.py:3823} INFO - Setting next_dagrun for streamflow_main to None, run_after=None
[2026-01-11T01:22:35.826+0000] {processor.py:183} INFO - Processing /opt/airflow/dags/dag_streamflow.py took 0.142 seconds
[2026-01-11T01:23:06.267+0000] {processor.py:161} INFO - Started process (PID=1773) to work on /opt/airflow/dags/dag_streamflow.py
[2026-01-11T01:23:06.268+0000] {processor.py:830} INFO - Processing file /opt/airflow/dags/dag_streamflow.py for tasks to queue
[2026-01-11T01:23:06.269+0000] {logging_mixin.py:188} INFO - [2026-01-11T01:23:06.268+0000] {dagbag.py:538} INFO - Filling up the DagBag from /opt/airflow/dags/dag_streamflow.py
[2026-01-11T01:23:06.313+0000] {processor.py:840} INFO - DAG(s) 'streamflow_main' retrieved from /opt/airflow/dags/dag_streamflow.py
[2026-01-11T01:23:06.347+0000] {logging_mixin.py:188} INFO - [2026-01-11T01:23:06.346+0000] {dag.py:3036} INFO - Sync 1 DAGs
[2026-01-11T01:23:06.365+0000] {logging_mixin.py:188} INFO - [2026-01-11T01:23:06.364+0000] {dag.py:3823} INFO - Setting next_dagrun for streamflow_main to None, run_after=None
[2026-01-11T01:23:06.395+0000] {processor.py:183} INFO - Processing /opt/airflow/dags/dag_streamflow.py took 0.132 seconds
[2026-01-11T01:23:37.490+0000] {processor.py:161} INFO - Started process (PID=1785) to work on /opt/airflow/dags/dag_streamflow.py
[2026-01-11T01:23:37.491+0000] {processor.py:830} INFO - Processing file /opt/airflow/dags/dag_streamflow.py for tasks to queue
[2026-01-11T01:23:37.492+0000] {logging_mixin.py:188} INFO - [2026-01-11T01:23:37.492+0000] {dagbag.py:538} INFO - Filling up the DagBag from /opt/airflow/dags/dag_streamflow.py
[2026-01-11T01:23:37.523+0000] {processor.py:840} INFO - DAG(s) 'streamflow_main' retrieved from /opt/airflow/dags/dag_streamflow.py
[2026-01-11T01:23:37.553+0000] {logging_mixin.py:188} INFO - [2026-01-11T01:23:37.553+0000] {dag.py:3036} INFO - Sync 1 DAGs
[2026-01-11T01:23:37.566+0000] {logging_mixin.py:188} INFO - [2026-01-11T01:23:37.566+0000] {dag.py:3823} INFO - Setting next_dagrun for streamflow_main to None, run_after=None
[2026-01-11T01:23:37.601+0000] {processor.py:183} INFO - Processing /opt/airflow/dags/dag_streamflow.py took 0.114 seconds
[2026-01-11T01:24:10.399+0000] {processor.py:161} INFO - Started process (PID=1797) to work on /opt/airflow/dags/dag_streamflow.py
[2026-01-11T01:24:10.401+0000] {processor.py:830} INFO - Processing file /opt/airflow/dags/dag_streamflow.py for tasks to queue
[2026-01-11T01:24:10.402+0000] {logging_mixin.py:188} INFO - [2026-01-11T01:24:10.402+0000] {dagbag.py:538} INFO - Filling up the DagBag from /opt/airflow/dags/dag_streamflow.py
[2026-01-11T01:24:10.434+0000] {processor.py:840} INFO - DAG(s) 'streamflow_main' retrieved from /opt/airflow/dags/dag_streamflow.py
[2026-01-11T01:24:10.477+0000] {logging_mixin.py:188} INFO - [2026-01-11T01:24:10.477+0000] {dag.py:3036} INFO - Sync 1 DAGs
[2026-01-11T01:24:10.497+0000] {logging_mixin.py:188} INFO - [2026-01-11T01:24:10.496+0000] {dag.py:3823} INFO - Setting next_dagrun for streamflow_main to None, run_after=None
[2026-01-11T01:24:10.523+0000] {processor.py:183} INFO - Processing /opt/airflow/dags/dag_streamflow.py took 0.128 seconds
[2026-01-11T01:24:43.478+0000] {processor.py:161} INFO - Started process (PID=1809) to work on /opt/airflow/dags/dag_streamflow.py
[2026-01-11T01:24:43.479+0000] {processor.py:830} INFO - Processing file /opt/airflow/dags/dag_streamflow.py for tasks to queue
[2026-01-11T01:24:43.481+0000] {logging_mixin.py:188} INFO - [2026-01-11T01:24:43.480+0000] {dagbag.py:538} INFO - Filling up the DagBag from /opt/airflow/dags/dag_streamflow.py
[2026-01-11T01:24:43.502+0000] {processor.py:840} INFO - DAG(s) 'streamflow_main' retrieved from /opt/airflow/dags/dag_streamflow.py
[2026-01-11T01:24:43.532+0000] {logging_mixin.py:188} INFO - [2026-01-11T01:24:43.532+0000] {dag.py:3036} INFO - Sync 1 DAGs
[2026-01-11T01:24:43.546+0000] {logging_mixin.py:188} INFO - [2026-01-11T01:24:43.546+0000] {dag.py:3823} INFO - Setting next_dagrun for streamflow_main to None, run_after=None
[2026-01-11T01:24:43.573+0000] {processor.py:183} INFO - Processing /opt/airflow/dags/dag_streamflow.py took 0.099 seconds
[2026-01-11T01:25:15.476+0000] {processor.py:161} INFO - Started process (PID=1821) to work on /opt/airflow/dags/dag_streamflow.py
[2026-01-11T01:25:15.478+0000] {processor.py:830} INFO - Processing file /opt/airflow/dags/dag_streamflow.py for tasks to queue
[2026-01-11T01:25:15.479+0000] {logging_mixin.py:188} INFO - [2026-01-11T01:25:15.479+0000] {dagbag.py:538} INFO - Filling up the DagBag from /opt/airflow/dags/dag_streamflow.py
[2026-01-11T01:25:15.500+0000] {processor.py:840} INFO - DAG(s) 'streamflow_main' retrieved from /opt/airflow/dags/dag_streamflow.py
[2026-01-11T01:25:15.528+0000] {logging_mixin.py:188} INFO - [2026-01-11T01:25:15.528+0000] {dag.py:3036} INFO - Sync 1 DAGs
[2026-01-11T01:25:15.540+0000] {logging_mixin.py:188} INFO - [2026-01-11T01:25:15.540+0000] {dag.py:3823} INFO - Setting next_dagrun for streamflow_main to None, run_after=None
[2026-01-11T01:25:15.561+0000] {processor.py:183} INFO - Processing /opt/airflow/dags/dag_streamflow.py took 0.089 seconds
[2026-01-11T01:25:48.374+0000] {processor.py:161} INFO - Started process (PID=1833) to work on /opt/airflow/dags/dag_streamflow.py
[2026-01-11T01:25:48.375+0000] {processor.py:830} INFO - Processing file /opt/airflow/dags/dag_streamflow.py for tasks to queue
[2026-01-11T01:25:48.376+0000] {logging_mixin.py:188} INFO - [2026-01-11T01:25:48.375+0000] {dagbag.py:538} INFO - Filling up the DagBag from /opt/airflow/dags/dag_streamflow.py
[2026-01-11T01:25:48.390+0000] {processor.py:840} INFO - DAG(s) 'streamflow_main' retrieved from /opt/airflow/dags/dag_streamflow.py
[2026-01-11T01:25:48.411+0000] {logging_mixin.py:188} INFO - [2026-01-11T01:25:48.411+0000] {dag.py:3036} INFO - Sync 1 DAGs
[2026-01-11T01:25:48.422+0000] {logging_mixin.py:188} INFO - [2026-01-11T01:25:48.422+0000] {dag.py:3823} INFO - Setting next_dagrun for streamflow_main to None, run_after=None
[2026-01-11T01:25:48.441+0000] {processor.py:183} INFO - Processing /opt/airflow/dags/dag_streamflow.py took 0.070 seconds
[2026-01-11T01:26:19.544+0000] {processor.py:161} INFO - Started process (PID=1845) to work on /opt/airflow/dags/dag_streamflow.py
[2026-01-11T01:26:19.545+0000] {processor.py:830} INFO - Processing file /opt/airflow/dags/dag_streamflow.py for tasks to queue
[2026-01-11T01:26:19.547+0000] {logging_mixin.py:188} INFO - [2026-01-11T01:26:19.546+0000] {dagbag.py:538} INFO - Filling up the DagBag from /opt/airflow/dags/dag_streamflow.py
[2026-01-11T01:26:19.579+0000] {processor.py:840} INFO - DAG(s) 'streamflow_main' retrieved from /opt/airflow/dags/dag_streamflow.py
[2026-01-11T01:26:19.618+0000] {logging_mixin.py:188} INFO - [2026-01-11T01:26:19.617+0000] {dag.py:3036} INFO - Sync 1 DAGs
[2026-01-11T01:26:19.635+0000] {logging_mixin.py:188} INFO - [2026-01-11T01:26:19.634+0000] {dag.py:3823} INFO - Setting next_dagrun for streamflow_main to None, run_after=None
[2026-01-11T01:26:19.666+0000] {processor.py:183} INFO - Processing /opt/airflow/dags/dag_streamflow.py took 0.126 seconds
[2026-01-11T01:26:50.706+0000] {processor.py:161} INFO - Started process (PID=1857) to work on /opt/airflow/dags/dag_streamflow.py
[2026-01-11T01:26:50.707+0000] {processor.py:830} INFO - Processing file /opt/airflow/dags/dag_streamflow.py for tasks to queue
[2026-01-11T01:26:50.708+0000] {logging_mixin.py:188} INFO - [2026-01-11T01:26:50.708+0000] {dagbag.py:538} INFO - Filling up the DagBag from /opt/airflow/dags/dag_streamflow.py
[2026-01-11T01:26:50.730+0000] {processor.py:840} INFO - DAG(s) 'streamflow_main' retrieved from /opt/airflow/dags/dag_streamflow.py
[2026-01-11T01:26:50.758+0000] {logging_mixin.py:188} INFO - [2026-01-11T01:26:50.758+0000] {dag.py:3036} INFO - Sync 1 DAGs
[2026-01-11T01:26:50.771+0000] {logging_mixin.py:188} INFO - [2026-01-11T01:26:50.770+0000] {dag.py:3823} INFO - Setting next_dagrun for streamflow_main to None, run_after=None
[2026-01-11T01:26:50.796+0000] {processor.py:183} INFO - Processing /opt/airflow/dags/dag_streamflow.py took 0.094 seconds
[2026-01-11T01:27:21.698+0000] {processor.py:161} INFO - Started process (PID=2146) to work on /opt/airflow/dags/dag_streamflow.py
[2026-01-11T01:27:21.700+0000] {processor.py:830} INFO - Processing file /opt/airflow/dags/dag_streamflow.py for tasks to queue
[2026-01-11T01:27:21.701+0000] {logging_mixin.py:188} INFO - [2026-01-11T01:27:21.701+0000] {dagbag.py:538} INFO - Filling up the DagBag from /opt/airflow/dags/dag_streamflow.py
[2026-01-11T01:27:21.721+0000] {processor.py:840} INFO - DAG(s) 'streamflow_main' retrieved from /opt/airflow/dags/dag_streamflow.py
[2026-01-11T01:27:21.752+0000] {logging_mixin.py:188} INFO - [2026-01-11T01:27:21.751+0000] {dag.py:3036} INFO - Sync 1 DAGs
[2026-01-11T01:27:21.764+0000] {logging_mixin.py:188} INFO - [2026-01-11T01:27:21.763+0000] {dag.py:3823} INFO - Setting next_dagrun for streamflow_main to None, run_after=None
[2026-01-11T01:27:21.788+0000] {processor.py:183} INFO - Processing /opt/airflow/dags/dag_streamflow.py took 0.094 seconds
[2026-01-11T01:27:52.637+0000] {processor.py:161} INFO - Started process (PID=2158) to work on /opt/airflow/dags/dag_streamflow.py
[2026-01-11T01:27:52.638+0000] {processor.py:830} INFO - Processing file /opt/airflow/dags/dag_streamflow.py for tasks to queue
[2026-01-11T01:27:52.639+0000] {logging_mixin.py:188} INFO - [2026-01-11T01:27:52.639+0000] {dagbag.py:538} INFO - Filling up the DagBag from /opt/airflow/dags/dag_streamflow.py
[2026-01-11T01:27:52.660+0000] {processor.py:840} INFO - DAG(s) 'streamflow_main' retrieved from /opt/airflow/dags/dag_streamflow.py
[2026-01-11T01:27:52.684+0000] {logging_mixin.py:188} INFO - [2026-01-11T01:27:52.684+0000] {dag.py:3036} INFO - Sync 1 DAGs
[2026-01-11T01:27:52.694+0000] {logging_mixin.py:188} INFO - [2026-01-11T01:27:52.694+0000] {dag.py:3823} INFO - Setting next_dagrun for streamflow_main to None, run_after=None
[2026-01-11T01:27:52.714+0000] {processor.py:183} INFO - Processing /opt/airflow/dags/dag_streamflow.py took 0.081 seconds
[2026-01-11T01:28:24.534+0000] {processor.py:161} INFO - Started process (PID=2170) to work on /opt/airflow/dags/dag_streamflow.py
[2026-01-11T01:28:24.535+0000] {processor.py:830} INFO - Processing file /opt/airflow/dags/dag_streamflow.py for tasks to queue
[2026-01-11T01:28:24.537+0000] {logging_mixin.py:188} INFO - [2026-01-11T01:28:24.536+0000] {dagbag.py:538} INFO - Filling up the DagBag from /opt/airflow/dags/dag_streamflow.py
[2026-01-11T01:28:24.555+0000] {processor.py:840} INFO - DAG(s) 'streamflow_main' retrieved from /opt/airflow/dags/dag_streamflow.py
[2026-01-11T01:28:24.579+0000] {logging_mixin.py:188} INFO - [2026-01-11T01:28:24.579+0000] {dag.py:3036} INFO - Sync 1 DAGs
[2026-01-11T01:28:24.592+0000] {logging_mixin.py:188} INFO - [2026-01-11T01:28:24.592+0000] {dag.py:3823} INFO - Setting next_dagrun for streamflow_main to None, run_after=None
[2026-01-11T01:28:24.613+0000] {processor.py:183} INFO - Processing /opt/airflow/dags/dag_streamflow.py took 0.082 seconds
[2026-01-11T01:28:57.506+0000] {processor.py:161} INFO - Started process (PID=2182) to work on /opt/airflow/dags/dag_streamflow.py
[2026-01-11T01:28:57.507+0000] {processor.py:830} INFO - Processing file /opt/airflow/dags/dag_streamflow.py for tasks to queue
[2026-01-11T01:28:57.508+0000] {logging_mixin.py:188} INFO - [2026-01-11T01:28:57.508+0000] {dagbag.py:538} INFO - Filling up the DagBag from /opt/airflow/dags/dag_streamflow.py
[2026-01-11T01:28:57.529+0000] {processor.py:840} INFO - DAG(s) 'streamflow_main' retrieved from /opt/airflow/dags/dag_streamflow.py
[2026-01-11T01:28:57.643+0000] {logging_mixin.py:188} INFO - [2026-01-11T01:28:57.642+0000] {dag.py:3036} INFO - Sync 1 DAGs
[2026-01-11T01:28:57.654+0000] {logging_mixin.py:188} INFO - [2026-01-11T01:28:57.653+0000] {dag.py:3823} INFO - Setting next_dagrun for streamflow_main to None, run_after=None
[2026-01-11T01:28:57.678+0000] {processor.py:183} INFO - Processing /opt/airflow/dags/dag_streamflow.py took 0.175 seconds
