[2026-01-11T01:48:56.734+0000] {taskinstance.py:1956} INFO - Dependencies all met for dep_context=non-requeueable deps ti=<TaskInstance: streamflow_main.Spark_Submit manual__2026-01-11T01:47:45.054627+00:00 [queued]>
[2026-01-11T01:48:56.745+0000] {taskinstance.py:1956} INFO - Dependencies all met for dep_context=requeueable deps ti=<TaskInstance: streamflow_main.Spark_Submit manual__2026-01-11T01:47:45.054627+00:00 [queued]>
[2026-01-11T01:48:56.746+0000] {taskinstance.py:2170} INFO - Starting attempt 1 of 1
[2026-01-11T01:48:56.764+0000] {taskinstance.py:2191} INFO - Executing <Task(BashOperator): Spark_Submit> on 2026-01-11 01:47:45.054627+00:00
[2026-01-11T01:48:56.770+0000] {standard_task_runner.py:60} INFO - Started process 2648 to run task
[2026-01-11T01:48:56.773+0000] {standard_task_runner.py:87} INFO - Running: ['***', 'tasks', 'run', 'streamflow_main', 'Spark_Submit', 'manual__2026-01-11T01:47:45.054627+00:00', '--job-id', '45', '--raw', '--subdir', 'DAGS_FOLDER/dag_streamflow.py', '--cfg-path', '/tmp/tmptyx8_s4l']
[2026-01-11T01:48:56.776+0000] {standard_task_runner.py:88} INFO - Job 45: Subtask Spark_Submit
[2026-01-11T01:48:56.836+0000] {task_command.py:423} INFO - Running <TaskInstance: streamflow_main.Spark_Submit manual__2026-01-11T01:47:45.054627+00:00 [running]> on host e997e4968980
[2026-01-11T01:48:56.940+0000] {taskinstance.py:2480} INFO - Exporting env vars: AIRFLOW_CTX_DAG_OWNER='student' AIRFLOW_CTX_DAG_ID='streamflow_main' AIRFLOW_CTX_TASK_ID='Spark_Submit' AIRFLOW_CTX_EXECUTION_DATE='2026-01-11T01:47:45.054627+00:00' AIRFLOW_CTX_TRY_NUMBER='1' AIRFLOW_CTX_DAG_RUN_ID='manual__2026-01-11T01:47:45.054627+00:00'
[2026-01-11T01:48:56.941+0000] {subprocess.py:63} INFO - Tmp dir root location: /tmp
[2026-01-11T01:48:56.943+0000] {subprocess.py:75} INFO - Running command: ['/usr/bin/bash', '-c', '\n            spark-submit                 --master spark://spark-master:7077                 /opt/spark-jobs/etl_job.py\n        ']
[2026-01-11T01:48:56.952+0000] {subprocess.py:86} INFO - Output:
[2026-01-11T01:48:56.960+0000] {subprocess.py:93} INFO - /opt/spark/bin/load-spark-env.sh: line 68: ps: command not found
[2026-01-11T01:48:59.234+0000] {subprocess.py:93} INFO - 26/01/11 01:48:59 INFO SparkContext: Running Spark version 3.5.0
[2026-01-11T01:48:59.235+0000] {subprocess.py:93} INFO - 26/01/11 01:48:59 INFO SparkContext: OS info Linux, 5.15.167.4-microsoft-standard-WSL2, amd64
[2026-01-11T01:48:59.236+0000] {subprocess.py:93} INFO - 26/01/11 01:48:59 INFO SparkContext: Java version 17.0.17
[2026-01-11T01:48:59.279+0000] {subprocess.py:93} INFO - 26/01/11 01:48:59 WARN NativeCodeLoader: Unable to load native-hadoop library for your platform... using builtin-java classes where applicable
[2026-01-11T01:48:59.350+0000] {subprocess.py:93} INFO - 26/01/11 01:48:59 INFO ResourceUtils: ==============================================================
[2026-01-11T01:48:59.350+0000] {subprocess.py:93} INFO - 26/01/11 01:48:59 INFO ResourceUtils: No custom resources configured for spark.driver.
[2026-01-11T01:48:59.351+0000] {subprocess.py:93} INFO - 26/01/11 01:48:59 INFO ResourceUtils: ==============================================================
[2026-01-11T01:48:59.353+0000] {subprocess.py:93} INFO - 26/01/11 01:48:59 INFO SparkContext: Submitted application: ETL_job
[2026-01-11T01:48:59.371+0000] {subprocess.py:93} INFO - 26/01/11 01:48:59 INFO ResourceProfile: Default ResourceProfile created, executor resources: Map(cores -> name: cores, amount: 1, script: , vendor: , memory -> name: memory, amount: 1024, script: , vendor: , offHeap -> name: offHeap, amount: 0, script: , vendor: ), task resources: Map(cpus -> name: cpus, amount: 1.0)
[2026-01-11T01:48:59.380+0000] {subprocess.py:93} INFO - 26/01/11 01:48:59 INFO ResourceProfile: Limiting resource is cpu
[2026-01-11T01:48:59.382+0000] {subprocess.py:93} INFO - 26/01/11 01:48:59 INFO ResourceProfileManager: Added ResourceProfile id: 0
[2026-01-11T01:48:59.435+0000] {subprocess.py:93} INFO - 26/01/11 01:48:59 INFO SecurityManager: Changing view acls to: root
[2026-01-11T01:48:59.436+0000] {subprocess.py:93} INFO - 26/01/11 01:48:59 INFO SecurityManager: Changing modify acls to: root
[2026-01-11T01:48:59.436+0000] {subprocess.py:93} INFO - 26/01/11 01:48:59 INFO SecurityManager: Changing view acls groups to:
[2026-01-11T01:48:59.437+0000] {subprocess.py:93} INFO - 26/01/11 01:48:59 INFO SecurityManager: Changing modify acls groups to:
[2026-01-11T01:48:59.437+0000] {subprocess.py:93} INFO - 26/01/11 01:48:59 INFO SecurityManager: SecurityManager: authentication disabled; ui acls disabled; users with view permissions: root; groups with view permissions: EMPTY; users with modify permissions: root; groups with modify permissions: EMPTY
[2026-01-11T01:48:59.653+0000] {subprocess.py:93} INFO - 26/01/11 01:48:59 INFO Utils: Successfully started service 'sparkDriver' on port 37379.
[2026-01-11T01:48:59.683+0000] {subprocess.py:93} INFO - 26/01/11 01:48:59 INFO SparkEnv: Registering MapOutputTracker
[2026-01-11T01:48:59.717+0000] {subprocess.py:93} INFO - 26/01/11 01:48:59 INFO SparkEnv: Registering BlockManagerMaster
[2026-01-11T01:48:59.731+0000] {subprocess.py:93} INFO - 26/01/11 01:48:59 INFO BlockManagerMasterEndpoint: Using org.apache.spark.storage.DefaultTopologyMapper for getting topology information
[2026-01-11T01:48:59.732+0000] {subprocess.py:93} INFO - 26/01/11 01:48:59 INFO BlockManagerMasterEndpoint: BlockManagerMasterEndpoint up
[2026-01-11T01:48:59.735+0000] {subprocess.py:93} INFO - 26/01/11 01:48:59 INFO SparkEnv: Registering BlockManagerMasterHeartbeat
[2026-01-11T01:48:59.757+0000] {subprocess.py:93} INFO - 26/01/11 01:48:59 INFO DiskBlockManager: Created local directory at /tmp/blockmgr-f424ac5b-16ab-4d95-b0b8-9fd8a251c92b
[2026-01-11T01:48:59.770+0000] {subprocess.py:93} INFO - 26/01/11 01:48:59 INFO MemoryStore: MemoryStore started with capacity 434.4 MiB
[2026-01-11T01:48:59.784+0000] {subprocess.py:93} INFO - 26/01/11 01:48:59 INFO SparkEnv: Registering OutputCommitCoordinator
[2026-01-11T01:48:59.918+0000] {subprocess.py:93} INFO - 26/01/11 01:48:59 INFO JettyUtils: Start Jetty 0.0.0.0:4040 for SparkUI
[2026-01-11T01:48:59.990+0000] {subprocess.py:93} INFO - 26/01/11 01:48:59 INFO Utils: Successfully started service 'SparkUI' on port 4040.
[2026-01-11T01:49:00.091+0000] {subprocess.py:93} INFO - 26/01/11 01:49:00 INFO Executor: Starting executor ID driver on host e997e4968980
[2026-01-11T01:49:00.091+0000] {subprocess.py:93} INFO - 26/01/11 01:49:00 INFO Executor: OS info Linux, 5.15.167.4-microsoft-standard-WSL2, amd64
[2026-01-11T01:49:00.092+0000] {subprocess.py:93} INFO - 26/01/11 01:49:00 INFO Executor: Java version 17.0.17
[2026-01-11T01:49:00.099+0000] {subprocess.py:93} INFO - 26/01/11 01:49:00 INFO Executor: Starting executor with user classpath (userClassPathFirst = false): ''
[2026-01-11T01:49:00.100+0000] {subprocess.py:93} INFO - 26/01/11 01:49:00 INFO Executor: Created or updated repl class loader org.apache.spark.util.MutableURLClassLoader@4f3c6780 for default.
[2026-01-11T01:49:00.119+0000] {subprocess.py:93} INFO - 26/01/11 01:49:00 INFO Utils: Successfully started service 'org.apache.spark.network.netty.NettyBlockTransferService' on port 38831.
[2026-01-11T01:49:00.120+0000] {subprocess.py:93} INFO - 26/01/11 01:49:00 INFO NettyBlockTransferService: Server created on e997e4968980:38831
[2026-01-11T01:49:00.121+0000] {subprocess.py:93} INFO - 26/01/11 01:49:00 INFO BlockManager: Using org.apache.spark.storage.RandomBlockReplicationPolicy for block replication policy
[2026-01-11T01:49:00.127+0000] {subprocess.py:93} INFO - 26/01/11 01:49:00 INFO BlockManagerMaster: Registering BlockManager BlockManagerId(driver, e997e4968980, 38831, None)
[2026-01-11T01:49:00.130+0000] {subprocess.py:93} INFO - 26/01/11 01:49:00 INFO BlockManagerMasterEndpoint: Registering block manager e997e4968980:38831 with 434.4 MiB RAM, BlockManagerId(driver, e997e4968980, 38831, None)
[2026-01-11T01:49:00.132+0000] {subprocess.py:93} INFO - 26/01/11 01:49:00 INFO BlockManagerMaster: Registered BlockManager BlockManagerId(driver, e997e4968980, 38831, None)
[2026-01-11T01:49:00.133+0000] {subprocess.py:93} INFO - 26/01/11 01:49:00 INFO BlockManager: Initialized BlockManager: BlockManagerId(driver, e997e4968980, 38831, None)
[2026-01-11T01:49:00.535+0000] {subprocess.py:93} INFO - Traceback (most recent call last):
[2026-01-11T01:49:00.536+0000] {subprocess.py:93} INFO -   File "/opt/spark-jobs/etl_job.py", line 117, in <module>
[2026-01-11T01:49:00.539+0000] {subprocess.py:93} INFO -     run_etl(spark,'/opt/spark-data/landing', '/opt/spark-data/gold')
[2026-01-11T01:49:00.539+0000] {subprocess.py:93} INFO -   File "/opt/spark-jobs/etl_job.py", line 98, in run_etl
[2026-01-11T01:49:00.542+0000] {subprocess.py:93} INFO -     transaction_path, events_path = collecting_bronze_layer(input_path)
[2026-01-11T01:49:00.542+0000] {subprocess.py:93} INFO -   File "/opt/spark-jobs/etl_job.py", line 27, in collecting_bronze_layer
[2026-01-11T01:49:00.545+0000] {subprocess.py:93} INFO -     transaction_file = sorted(Path(starting_path).glob("transaction*.json"),
[2026-01-11T01:49:00.546+0000] {subprocess.py:93} INFO -   File "/opt/spark-jobs/etl_job.py", line 28, in <lambda>
[2026-01-11T01:49:00.548+0000] {subprocess.py:93} INFO -     key = lambda p: float(p.stemp.split("_")[-1]),
[2026-01-11T01:49:00.548+0000] {subprocess.py:93} INFO - AttributeError: 'PosixPath' object has no attribute 'stemp'. Did you mean: 'stem'?
[2026-01-11T01:49:00.591+0000] {subprocess.py:93} INFO - 26/01/11 01:49:00 INFO SparkContext: Invoking stop() from shutdown hook
[2026-01-11T01:49:00.592+0000] {subprocess.py:93} INFO - 26/01/11 01:49:00 INFO SparkContext: SparkContext is stopping with exitCode 0.
[2026-01-11T01:49:00.604+0000] {subprocess.py:93} INFO - 26/01/11 01:49:00 INFO SparkUI: Stopped Spark web UI at http://e997e4968980:4040
[2026-01-11T01:49:00.616+0000] {subprocess.py:93} INFO - 26/01/11 01:49:00 INFO MapOutputTrackerMasterEndpoint: MapOutputTrackerMasterEndpoint stopped!
[2026-01-11T01:49:00.631+0000] {subprocess.py:93} INFO - 26/01/11 01:49:00 INFO MemoryStore: MemoryStore cleared
[2026-01-11T01:49:00.632+0000] {subprocess.py:93} INFO - 26/01/11 01:49:00 INFO BlockManager: BlockManager stopped
[2026-01-11T01:49:00.638+0000] {subprocess.py:93} INFO - 26/01/11 01:49:00 INFO BlockManagerMaster: BlockManagerMaster stopped
[2026-01-11T01:49:00.641+0000] {subprocess.py:93} INFO - 26/01/11 01:49:00 INFO OutputCommitCoordinator$OutputCommitCoordinatorEndpoint: OutputCommitCoordinator stopped!
[2026-01-11T01:49:00.652+0000] {subprocess.py:93} INFO - 26/01/11 01:49:00 INFO SparkContext: Successfully stopped SparkContext
[2026-01-11T01:49:00.652+0000] {subprocess.py:93} INFO - 26/01/11 01:49:00 INFO ShutdownHookManager: Shutdown hook called
[2026-01-11T01:49:00.653+0000] {subprocess.py:93} INFO - 26/01/11 01:49:00 INFO ShutdownHookManager: Deleting directory /tmp/spark-68bf26b0-a20a-47a2-8b88-0ccddae31252
[2026-01-11T01:49:00.659+0000] {subprocess.py:93} INFO - 26/01/11 01:49:00 INFO ShutdownHookManager: Deleting directory /tmp/spark-7aa08aa3-75e4-484f-a447-282597ef0fec
[2026-01-11T01:49:00.664+0000] {subprocess.py:93} INFO - 26/01/11 01:49:00 INFO ShutdownHookManager: Deleting directory /tmp/spark-7aa08aa3-75e4-484f-a447-282597ef0fec/pyspark-ce5485cc-4a36-4b71-9a3d-0860bd44d981
[2026-01-11T01:49:00.696+0000] {subprocess.py:97} INFO - Command exited with return code 1
[2026-01-11T01:49:00.710+0000] {taskinstance.py:2698} ERROR - Task failed with exception
Traceback (most recent call last):
  File "/home/airflow/.local/lib/python3.10/site-packages/airflow/models/taskinstance.py", line 433, in _execute_task
    result = execute_callable(context=context, **execute_callable_kwargs)
  File "/home/airflow/.local/lib/python3.10/site-packages/airflow/operators/bash.py", line 212, in execute
    raise AirflowException(
airflow.exceptions.AirflowException: Bash command failed. The command returned a non-zero exit code 1.
[2026-01-11T01:49:00.714+0000] {taskinstance.py:1138} INFO - Marking task as FAILED. dag_id=streamflow_main, task_id=Spark_Submit, execution_date=20260111T014745, start_date=20260111T014856, end_date=20260111T014900
[2026-01-11T01:49:00.729+0000] {standard_task_runner.py:107} ERROR - Failed to execute job 45 for task Spark_Submit (Bash command failed. The command returned a non-zero exit code 1.; 2648)
[2026-01-11T01:49:00.757+0000] {local_task_job_runner.py:234} INFO - Task exited with return code 1
[2026-01-11T01:49:00.776+0000] {taskinstance.py:3280} INFO - 0 downstream tasks scheduled from follow-on schedule check
