[2026-01-11T01:05:09.838+0000] {taskinstance.py:1956} INFO - Dependencies all met for dep_context=non-requeueable deps ti=<TaskInstance: streamflow_main.Spark_Submit manual__2026-01-11T01:04:57.405509+00:00 [queued]>
[2026-01-11T01:05:09.845+0000] {taskinstance.py:1956} INFO - Dependencies all met for dep_context=requeueable deps ti=<TaskInstance: streamflow_main.Spark_Submit manual__2026-01-11T01:04:57.405509+00:00 [queued]>
[2026-01-11T01:05:09.845+0000] {taskinstance.py:2170} INFO - Starting attempt 1 of 1
[2026-01-11T01:05:09.859+0000] {taskinstance.py:2191} INFO - Executing <Task(BashOperator): Spark_Submit> on 2026-01-11 01:04:57.405509+00:00
[2026-01-11T01:05:09.863+0000] {standard_task_runner.py:60} INFO - Started process 480 to run task
[2026-01-11T01:05:09.866+0000] {standard_task_runner.py:87} INFO - Running: ['***', 'tasks', 'run', 'streamflow_main', 'Spark_Submit', 'manual__2026-01-11T01:04:57.405509+00:00', '--job-id', '30', '--raw', '--subdir', 'DAGS_FOLDER/dag_streamflow.py', '--cfg-path', '/tmp/tmp1pwzhyr_']
[2026-01-11T01:05:09.868+0000] {standard_task_runner.py:88} INFO - Job 30: Subtask Spark_Submit
[2026-01-11T01:05:09.911+0000] {task_command.py:423} INFO - Running <TaskInstance: streamflow_main.Spark_Submit manual__2026-01-11T01:04:57.405509+00:00 [running]> on host e997e4968980
[2026-01-11T01:05:09.983+0000] {taskinstance.py:2480} INFO - Exporting env vars: AIRFLOW_CTX_DAG_OWNER='student' AIRFLOW_CTX_DAG_ID='streamflow_main' AIRFLOW_CTX_TASK_ID='Spark_Submit' AIRFLOW_CTX_EXECUTION_DATE='2026-01-11T01:04:57.405509+00:00' AIRFLOW_CTX_TRY_NUMBER='1' AIRFLOW_CTX_DAG_RUN_ID='manual__2026-01-11T01:04:57.405509+00:00'
[2026-01-11T01:05:09.984+0000] {subprocess.py:63} INFO - Tmp dir root location: /tmp
[2026-01-11T01:05:09.985+0000] {subprocess.py:75} INFO - Running command: ['/usr/bin/bash', '-c', '\n            spark-submit                 --master spark://spark-master:7077                 /opt/spark-jobs/etl_job.py\n        ']
[2026-01-11T01:05:09.992+0000] {subprocess.py:86} INFO - Output:
[2026-01-11T01:05:10.001+0000] {subprocess.py:93} INFO - /opt/spark/bin/load-spark-env.sh: line 68: ps: command not found
[2026-01-11T01:05:13.308+0000] {subprocess.py:93} INFO - 26/01/11 01:05:13 INFO SparkContext: Running Spark version 3.5.0
[2026-01-11T01:05:13.309+0000] {subprocess.py:93} INFO - 26/01/11 01:05:13 INFO SparkContext: OS info Linux, 5.15.167.4-microsoft-standard-WSL2, amd64
[2026-01-11T01:05:13.310+0000] {subprocess.py:93} INFO - 26/01/11 01:05:13 INFO SparkContext: Java version 17.0.17
[2026-01-11T01:05:13.375+0000] {subprocess.py:93} INFO - 26/01/11 01:05:13 WARN NativeCodeLoader: Unable to load native-hadoop library for your platform... using builtin-java classes where applicable
[2026-01-11T01:05:13.483+0000] {subprocess.py:93} INFO - 26/01/11 01:05:13 INFO ResourceUtils: ==============================================================
[2026-01-11T01:05:13.484+0000] {subprocess.py:93} INFO - 26/01/11 01:05:13 INFO ResourceUtils: No custom resources configured for spark.driver.
[2026-01-11T01:05:13.485+0000] {subprocess.py:93} INFO - 26/01/11 01:05:13 INFO ResourceUtils: ==============================================================
[2026-01-11T01:05:13.485+0000] {subprocess.py:93} INFO - 26/01/11 01:05:13 INFO SparkContext: Submitted application: ETL_job
[2026-01-11T01:05:13.502+0000] {subprocess.py:93} INFO - 26/01/11 01:05:13 INFO ResourceProfile: Default ResourceProfile created, executor resources: Map(cores -> name: cores, amount: 1, script: , vendor: , memory -> name: memory, amount: 1024, script: , vendor: , offHeap -> name: offHeap, amount: 0, script: , vendor: ), task resources: Map(cpus -> name: cpus, amount: 1.0)
[2026-01-11T01:05:13.509+0000] {subprocess.py:93} INFO - 26/01/11 01:05:13 INFO ResourceProfile: Limiting resource is cpu
[2026-01-11T01:05:13.511+0000] {subprocess.py:93} INFO - 26/01/11 01:05:13 INFO ResourceProfileManager: Added ResourceProfile id: 0
[2026-01-11T01:05:13.569+0000] {subprocess.py:93} INFO - 26/01/11 01:05:13 INFO SecurityManager: Changing view acls to: root
[2026-01-11T01:05:13.569+0000] {subprocess.py:93} INFO - 26/01/11 01:05:13 INFO SecurityManager: Changing modify acls to: root
[2026-01-11T01:05:13.570+0000] {subprocess.py:93} INFO - 26/01/11 01:05:13 INFO SecurityManager: Changing view acls groups to:
[2026-01-11T01:05:13.571+0000] {subprocess.py:93} INFO - 26/01/11 01:05:13 INFO SecurityManager: Changing modify acls groups to:
[2026-01-11T01:05:13.571+0000] {subprocess.py:93} INFO - 26/01/11 01:05:13 INFO SecurityManager: SecurityManager: authentication disabled; ui acls disabled; users with view permissions: root; groups with view permissions: EMPTY; users with modify permissions: root; groups with modify permissions: EMPTY
[2026-01-11T01:05:13.855+0000] {subprocess.py:93} INFO - 26/01/11 01:05:13 INFO Utils: Successfully started service 'sparkDriver' on port 43415.
[2026-01-11T01:05:13.914+0000] {subprocess.py:93} INFO - 26/01/11 01:05:13 INFO SparkEnv: Registering MapOutputTracker
[2026-01-11T01:05:13.964+0000] {subprocess.py:93} INFO - 26/01/11 01:05:13 INFO SparkEnv: Registering BlockManagerMaster
[2026-01-11T01:05:13.982+0000] {subprocess.py:93} INFO - 26/01/11 01:05:13 INFO BlockManagerMasterEndpoint: Using org.apache.spark.storage.DefaultTopologyMapper for getting topology information
[2026-01-11T01:05:13.982+0000] {subprocess.py:93} INFO - 26/01/11 01:05:13 INFO BlockManagerMasterEndpoint: BlockManagerMasterEndpoint up
[2026-01-11T01:05:13.987+0000] {subprocess.py:93} INFO - 26/01/11 01:05:13 INFO SparkEnv: Registering BlockManagerMasterHeartbeat
[2026-01-11T01:05:14.016+0000] {subprocess.py:93} INFO - 26/01/11 01:05:14 INFO DiskBlockManager: Created local directory at /tmp/blockmgr-3a738848-7f2f-4c67-b553-fdc17ad06f47
[2026-01-11T01:05:14.033+0000] {subprocess.py:93} INFO - 26/01/11 01:05:14 INFO MemoryStore: MemoryStore started with capacity 434.4 MiB
[2026-01-11T01:05:14.052+0000] {subprocess.py:93} INFO - 26/01/11 01:05:14 INFO SparkEnv: Registering OutputCommitCoordinator
[2026-01-11T01:05:14.208+0000] {subprocess.py:93} INFO - 26/01/11 01:05:14 INFO JettyUtils: Start Jetty 0.0.0.0:4040 for SparkUI
[2026-01-11T01:05:14.284+0000] {subprocess.py:93} INFO - 26/01/11 01:05:14 INFO Utils: Successfully started service 'SparkUI' on port 4040.
[2026-01-11T01:05:14.395+0000] {subprocess.py:93} INFO - 26/01/11 01:05:14 INFO Executor: Starting executor ID driver on host e997e4968980
[2026-01-11T01:05:14.396+0000] {subprocess.py:93} INFO - 26/01/11 01:05:14 INFO Executor: OS info Linux, 5.15.167.4-microsoft-standard-WSL2, amd64
[2026-01-11T01:05:14.397+0000] {subprocess.py:93} INFO - 26/01/11 01:05:14 INFO Executor: Java version 17.0.17
[2026-01-11T01:05:14.403+0000] {subprocess.py:93} INFO - 26/01/11 01:05:14 INFO Executor: Starting executor with user classpath (userClassPathFirst = false): ''
[2026-01-11T01:05:14.404+0000] {subprocess.py:93} INFO - 26/01/11 01:05:14 INFO Executor: Created or updated repl class loader org.apache.spark.util.MutableURLClassLoader@6f4c2dbb for default.
[2026-01-11T01:05:14.423+0000] {subprocess.py:93} INFO - 26/01/11 01:05:14 INFO Utils: Successfully started service 'org.apache.spark.network.netty.NettyBlockTransferService' on port 34021.
[2026-01-11T01:05:14.424+0000] {subprocess.py:93} INFO - 26/01/11 01:05:14 INFO NettyBlockTransferService: Server created on e997e4968980:34021
[2026-01-11T01:05:14.425+0000] {subprocess.py:93} INFO - 26/01/11 01:05:14 INFO BlockManager: Using org.apache.spark.storage.RandomBlockReplicationPolicy for block replication policy
[2026-01-11T01:05:14.431+0000] {subprocess.py:93} INFO - 26/01/11 01:05:14 INFO BlockManagerMaster: Registering BlockManager BlockManagerId(driver, e997e4968980, 34021, None)
[2026-01-11T01:05:14.434+0000] {subprocess.py:93} INFO - 26/01/11 01:05:14 INFO BlockManagerMasterEndpoint: Registering block manager e997e4968980:34021 with 434.4 MiB RAM, BlockManagerId(driver, e997e4968980, 34021, None)
[2026-01-11T01:05:14.436+0000] {subprocess.py:93} INFO - 26/01/11 01:05:14 INFO BlockManagerMaster: Registered BlockManager BlockManagerId(driver, e997e4968980, 34021, None)
[2026-01-11T01:05:14.437+0000] {subprocess.py:93} INFO - 26/01/11 01:05:14 INFO BlockManager: Initialized BlockManager: BlockManagerId(driver, e997e4968980, 34021, None)
[2026-01-11T01:05:14.823+0000] {subprocess.py:93} INFO - Traceback (most recent call last):
[2026-01-11T01:05:14.824+0000] {subprocess.py:93} INFO -   File "/opt/spark-jobs/etl_job.py", line 109, in <module>
[2026-01-11T01:05:14.827+0000] {subprocess.py:93} INFO -     print(spark.context.appName)
[2026-01-11T01:05:14.827+0000] {subprocess.py:93} INFO - AttributeError: 'SparkSession' object has no attribute 'context'
[2026-01-11T01:05:14.867+0000] {subprocess.py:93} INFO - 26/01/11 01:05:14 INFO SparkContext: Invoking stop() from shutdown hook
[2026-01-11T01:05:14.868+0000] {subprocess.py:93} INFO - 26/01/11 01:05:14 INFO SparkContext: SparkContext is stopping with exitCode 0.
[2026-01-11T01:05:14.879+0000] {subprocess.py:93} INFO - 26/01/11 01:05:14 INFO SparkUI: Stopped Spark web UI at http://e997e4968980:4040
[2026-01-11T01:05:14.889+0000] {subprocess.py:93} INFO - 26/01/11 01:05:14 INFO MapOutputTrackerMasterEndpoint: MapOutputTrackerMasterEndpoint stopped!
[2026-01-11T01:05:14.904+0000] {subprocess.py:93} INFO - 26/01/11 01:05:14 INFO MemoryStore: MemoryStore cleared
[2026-01-11T01:05:14.904+0000] {subprocess.py:93} INFO - 26/01/11 01:05:14 INFO BlockManager: BlockManager stopped
[2026-01-11T01:05:14.910+0000] {subprocess.py:93} INFO - 26/01/11 01:05:14 INFO BlockManagerMaster: BlockManagerMaster stopped
[2026-01-11T01:05:14.913+0000] {subprocess.py:93} INFO - 26/01/11 01:05:14 INFO OutputCommitCoordinator$OutputCommitCoordinatorEndpoint: OutputCommitCoordinator stopped!
[2026-01-11T01:05:14.926+0000] {subprocess.py:93} INFO - 26/01/11 01:05:14 INFO SparkContext: Successfully stopped SparkContext
[2026-01-11T01:05:14.927+0000] {subprocess.py:93} INFO - 26/01/11 01:05:14 INFO ShutdownHookManager: Shutdown hook called
[2026-01-11T01:05:14.928+0000] {subprocess.py:93} INFO - 26/01/11 01:05:14 INFO ShutdownHookManager: Deleting directory /tmp/spark-c855450b-a903-4a22-9a87-8e48213caa73/pyspark-0e5fc308-47e9-43cd-aa3e-181867c66c95
[2026-01-11T01:05:14.932+0000] {subprocess.py:93} INFO - 26/01/11 01:05:14 INFO ShutdownHookManager: Deleting directory /tmp/spark-72a31977-3cb5-43ac-b463-f5a75224a0e8
[2026-01-11T01:05:14.937+0000] {subprocess.py:93} INFO - 26/01/11 01:05:14 INFO ShutdownHookManager: Deleting directory /tmp/spark-c855450b-a903-4a22-9a87-8e48213caa73
[2026-01-11T01:05:14.967+0000] {subprocess.py:97} INFO - Command exited with return code 1
[2026-01-11T01:05:14.981+0000] {taskinstance.py:2698} ERROR - Task failed with exception
Traceback (most recent call last):
  File "/home/airflow/.local/lib/python3.10/site-packages/airflow/models/taskinstance.py", line 433, in _execute_task
    result = execute_callable(context=context, **execute_callable_kwargs)
  File "/home/airflow/.local/lib/python3.10/site-packages/airflow/operators/bash.py", line 212, in execute
    raise AirflowException(
airflow.exceptions.AirflowException: Bash command failed. The command returned a non-zero exit code 1.
[2026-01-11T01:05:14.985+0000] {taskinstance.py:1138} INFO - Marking task as FAILED. dag_id=streamflow_main, task_id=Spark_Submit, execution_date=20260111T010457, start_date=20260111T010509, end_date=20260111T010514
[2026-01-11T01:05:15.000+0000] {standard_task_runner.py:107} ERROR - Failed to execute job 30 for task Spark_Submit (Bash command failed. The command returned a non-zero exit code 1.; 480)
[2026-01-11T01:05:15.017+0000] {local_task_job_runner.py:234} INFO - Task exited with return code 1
[2026-01-11T01:05:15.035+0000] {taskinstance.py:3280} INFO - 0 downstream tasks scheduled from follow-on schedule check
