[2026-01-10T18:54:03.626+0000] {taskinstance.py:1956} INFO - Dependencies all met for dep_context=non-requeueable deps ti=<TaskInstance: streamflow_main.kafka_consumers manual__2026-01-10T18:54:01.591662+00:00 [queued]>
[2026-01-10T18:54:03.639+0000] {taskinstance.py:1956} INFO - Dependencies all met for dep_context=requeueable deps ti=<TaskInstance: streamflow_main.kafka_consumers manual__2026-01-10T18:54:01.591662+00:00 [queued]>
[2026-01-10T18:54:03.640+0000] {taskinstance.py:2170} INFO - Starting attempt 1 of 1
[2026-01-10T18:54:03.659+0000] {taskinstance.py:2191} INFO - Executing <Task(BashOperator): kafka_consumers> on 2026-01-10 18:54:01.591662+00:00
[2026-01-10T18:54:03.668+0000] {standard_task_runner.py:60} INFO - Started process 693 to run task
[2026-01-10T18:54:03.674+0000] {standard_task_runner.py:87} INFO - Running: ['***', 'tasks', 'run', 'streamflow_main', 'kafka_consumers', 'manual__2026-01-10T18:54:01.591662+00:00', '--job-id', '4', '--raw', '--subdir', 'DAGS_FOLDER/dag_streamflow.py', '--cfg-path', '/tmp/tmpsct9t443']
[2026-01-10T18:54:03.679+0000] {standard_task_runner.py:88} INFO - Job 4: Subtask kafka_consumers
[2026-01-10T18:54:03.747+0000] {task_command.py:423} INFO - Running <TaskInstance: streamflow_main.kafka_consumers manual__2026-01-10T18:54:01.591662+00:00 [running]> on host e997e4968980
[2026-01-10T18:54:03.854+0000] {taskinstance.py:2480} INFO - Exporting env vars: AIRFLOW_CTX_DAG_OWNER='student' AIRFLOW_CTX_DAG_ID='streamflow_main' AIRFLOW_CTX_TASK_ID='kafka_consumers' AIRFLOW_CTX_EXECUTION_DATE='2026-01-10T18:54:01.591662+00:00' AIRFLOW_CTX_TRY_NUMBER='1' AIRFLOW_CTX_DAG_RUN_ID='manual__2026-01-10T18:54:01.591662+00:00'
[2026-01-10T18:54:03.856+0000] {subprocess.py:63} INFO - Tmp dir root location: /tmp
[2026-01-10T18:54:03.857+0000] {subprocess.py:75} INFO - Running command: ['/usr/bin/bash', '-c', '\n            echo "Starting Kafka consumer"\n            python /opt/spark-jobs/ingest_kafka_to_landing.py \\\n                --topic user_events \\\n                --batch-time 180 \\\n                --output-path /opt/spark-data/landing\n        ']
[2026-01-10T18:54:03.867+0000] {subprocess.py:86} INFO - Output:
[2026-01-10T18:54:03.869+0000] {subprocess.py:93} INFO - Starting Kafka consumer
[2026-01-10T18:54:45.335+0000] {local_task_job_runner.py:302} WARNING - State of this instance has been externally set to failed. Terminating instance.
[2026-01-10T18:54:45.340+0000] {process_utils.py:131} INFO - Sending 15 to group 693. PIDs of all processes in the group: [696, 698, 693]
[2026-01-10T18:54:45.342+0000] {process_utils.py:86} INFO - Sending the signal 15 to group 693
[2026-01-10T18:54:45.343+0000] {taskinstance.py:2450} ERROR - Received SIGTERM. Terminating subprocesses.
[2026-01-10T18:54:45.346+0000] {subprocess.py:104} INFO - Sending SIGTERM signal to process group
[2026-01-10T18:54:45.435+0000] {process_utils.py:79} INFO - Process psutil.Process(pid=693, status='terminated', exitcode=0, started='18:54:03') (693) terminated with exit code 0
[2026-01-10T18:54:45.438+0000] {process_utils.py:79} INFO - Process psutil.Process(pid=698, status='terminated', started='18:54:03') (698) terminated with exit code None
[2026-01-10T18:54:45.439+0000] {process_utils.py:79} INFO - Process psutil.Process(pid=696, status='terminated', started='18:54:03') (696) terminated with exit code None
