[2026-01-07T16:05:05.900+0000] {manager.py:469} INFO - Processing files using up to 2 processes at a time 
[2026-01-07T16:05:05.902+0000] {manager.py:470} INFO - Process each file at most once every 30 seconds
[2026-01-07T16:05:05.904+0000] {manager.py:471} INFO - Checking for new files in /opt/airflow/dags every 300 seconds
[2026-01-07T16:05:05.905+0000] {manager.py:738} INFO - Searching for files in /opt/airflow/dags
[2026-01-07T16:05:05.926+0000] {manager.py:741} INFO - There are 1 files in /opt/airflow/dags
[2026-01-07T16:05:06.287+0000] {manager.py:879} INFO - 
================================================================================
DAG File Processing Stats

File Path                              PID  Runtime      # DAGs    # Errors  Last Runtime    Last Run
-----------------------------------  -----  ---------  --------  ----------  --------------  ----------
/opt/airflow/dags/dag_streamflow.py    247  0.17s             0           0
================================================================================
[2026-01-08T01:40:36.243+0000] {manager.py:469} INFO - Processing files using up to 2 processes at a time 
[2026-01-08T01:40:36.244+0000] {manager.py:470} INFO - Process each file at most once every 30 seconds
[2026-01-08T01:40:36.245+0000] {manager.py:471} INFO - Checking for new files in /opt/airflow/dags every 300 seconds
[2026-01-08T01:40:36.246+0000] {manager.py:738} INFO - Searching for files in /opt/airflow/dags
[2026-01-08T01:40:36.266+0000] {manager.py:741} INFO - There are 1 files in /opt/airflow/dags
[2026-01-08T01:40:36.344+0000] {manager.py:879} INFO - 
================================================================================
DAG File Processing Stats

File Path                              PID  Runtime      # DAGs    # Errors  Last Runtime    Last Run
-----------------------------------  -----  ---------  --------  ----------  --------------  ----------
/opt/airflow/dags/dag_streamflow.py    247  0.04s             0           0
================================================================================
[2026-01-08T01:41:09.262+0000] {manager.py:879} INFO - 
================================================================================
DAG File Processing Stats

File Path                            PID    Runtime      # DAGs    # Errors  Last Runtime    Last Run
-----------------------------------  -----  ---------  --------  ----------  --------------  -------------------
/opt/airflow/dags/dag_streamflow.py                           1           0  0.14s           2026-01-08T01:41:07
================================================================================
[2026-01-08T01:41:42.260+0000] {manager.py:879} INFO - 
================================================================================
DAG File Processing Stats

File Path                            PID    Runtime      # DAGs    # Errors  Last Runtime    Last Run
-----------------------------------  -----  ---------  --------  ----------  --------------  -------------------
/opt/airflow/dags/dag_streamflow.py                           1           0  0.32s           2026-01-08T01:41:38
================================================================================
[2026-01-08T01:42:15.131+0000] {manager.py:879} INFO - 
================================================================================
DAG File Processing Stats

File Path                            PID    Runtime      # DAGs    # Errors  Last Runtime    Last Run
-----------------------------------  -----  ---------  --------  ----------  --------------  -------------------
/opt/airflow/dags/dag_streamflow.py                           1           0  0.08s           2026-01-08T01:42:09
================================================================================
[2026-01-08T01:42:48.008+0000] {manager.py:879} INFO - 
================================================================================
DAG File Processing Stats

File Path                            PID    Runtime      # DAGs    # Errors  Last Runtime    Last Run
-----------------------------------  -----  ---------  --------  ----------  --------------  -------------------
/opt/airflow/dags/dag_streamflow.py                           1           0  0.07s           2026-01-08T01:42:40
================================================================================
[2026-01-08T01:43:20.949+0000] {manager.py:879} INFO - 
================================================================================
DAG File Processing Stats

File Path                            PID    Runtime      # DAGs    # Errors  Last Runtime    Last Run
-----------------------------------  -----  ---------  --------  ----------  --------------  -------------------
/opt/airflow/dags/dag_streamflow.py                           1           0  0.09s           2026-01-08T01:43:10
================================================================================
[2026-01-08T01:43:53.855+0000] {manager.py:879} INFO - 
================================================================================
DAG File Processing Stats

File Path                            PID    Runtime      # DAGs    # Errors  Last Runtime    Last Run
-----------------------------------  -----  ---------  --------  ----------  --------------  -------------------
/opt/airflow/dags/dag_streamflow.py                           1           0  0.09s           2026-01-08T01:43:41
================================================================================
[2026-01-08T01:44:26.795+0000] {manager.py:879} INFO - 
================================================================================
DAG File Processing Stats

File Path                            PID    Runtime      # DAGs    # Errors  Last Runtime    Last Run
-----------------------------------  -----  ---------  --------  ----------  --------------  -------------------
/opt/airflow/dags/dag_streamflow.py                           1           0  0.08s           2026-01-08T01:44:13
================================================================================
[2026-01-08T01:44:59.685+0000] {manager.py:879} INFO - 
================================================================================
DAG File Processing Stats

File Path                            PID    Runtime      # DAGs    # Errors  Last Runtime    Last Run
-----------------------------------  -----  ---------  --------  ----------  --------------  -------------------
/opt/airflow/dags/dag_streamflow.py                           1           0  0.08s           2026-01-08T01:44:46
================================================================================
[2026-01-08T01:45:32.618+0000] {manager.py:879} INFO - 
================================================================================
DAG File Processing Stats

File Path                            PID    Runtime      # DAGs    # Errors  Last Runtime    Last Run
-----------------------------------  -----  ---------  --------  ----------  --------------  -------------------
/opt/airflow/dags/dag_streamflow.py                           1           0  0.08s           2026-01-08T01:45:19
================================================================================
[2026-01-08T01:45:36.636+0000] {manager.py:738} INFO - Searching for files in /opt/airflow/dags
[2026-01-08T01:45:36.665+0000] {manager.py:741} INFO - There are 1 files in /opt/airflow/dags
[2026-01-08T01:46:05.529+0000] {manager.py:879} INFO - 
================================================================================
DAG File Processing Stats

File Path                            PID    Runtime      # DAGs    # Errors  Last Runtime    Last Run
-----------------------------------  -----  ---------  --------  ----------  --------------  -------------------
/opt/airflow/dags/dag_streamflow.py                           1           0  0.07s           2026-01-08T01:45:52
================================================================================
[2026-01-08T01:46:38.439+0000] {manager.py:879} INFO - 
================================================================================
DAG File Processing Stats

File Path                            PID    Runtime      # DAGs    # Errors  Last Runtime    Last Run
-----------------------------------  -----  ---------  --------  ----------  --------------  -------------------
/opt/airflow/dags/dag_streamflow.py                           1           0  0.08s           2026-01-08T01:46:25
================================================================================
[2026-01-08T01:47:11.472+0000] {manager.py:879} INFO - 
================================================================================
DAG File Processing Stats

File Path                            PID    Runtime      # DAGs    # Errors  Last Runtime    Last Run
-----------------------------------  -----  ---------  --------  ----------  --------------  -------------------
/opt/airflow/dags/dag_streamflow.py                           1           0  0.08s           2026-01-08T01:46:57
================================================================================
[2026-01-08T01:47:44.496+0000] {manager.py:879} INFO - 
================================================================================
DAG File Processing Stats

File Path                            PID    Runtime      # DAGs    # Errors  Last Runtime    Last Run
-----------------------------------  -----  ---------  --------  ----------  --------------  -------------------
/opt/airflow/dags/dag_streamflow.py                           1           0  0.18s           2026-01-08T01:47:30
================================================================================
[2026-01-08T01:48:17.395+0000] {manager.py:879} INFO - 
================================================================================
DAG File Processing Stats

File Path                            PID    Runtime      # DAGs    # Errors  Last Runtime    Last Run
-----------------------------------  -----  ---------  --------  ----------  --------------  -------------------
/opt/airflow/dags/dag_streamflow.py                           1           0  0.10s           2026-01-08T01:48:03
================================================================================
[2026-01-08T01:48:50.332+0000] {manager.py:879} INFO - 
================================================================================
DAG File Processing Stats

File Path                            PID    Runtime      # DAGs    # Errors  Last Runtime    Last Run
-----------------------------------  -----  ---------  --------  ----------  --------------  -------------------
/opt/airflow/dags/dag_streamflow.py                           1           0  0.07s           2026-01-08T01:48:36
================================================================================
[2026-01-08T01:49:23.206+0000] {manager.py:879} INFO - 
================================================================================
DAG File Processing Stats

File Path                            PID    Runtime      # DAGs    # Errors  Last Runtime    Last Run
-----------------------------------  -----  ---------  --------  ----------  --------------  -------------------
/opt/airflow/dags/dag_streamflow.py                           1           0  0.07s           2026-01-08T01:49:08
================================================================================
[2026-01-08T01:49:56.143+0000] {manager.py:879} INFO - 
================================================================================
DAG File Processing Stats

File Path                            PID    Runtime      # DAGs    # Errors  Last Runtime    Last Run
-----------------------------------  -----  ---------  --------  ----------  --------------  -------------------
/opt/airflow/dags/dag_streamflow.py                           1           0  0.09s           2026-01-08T01:49:41
================================================================================
[2026-01-08T01:50:29.041+0000] {manager.py:879} INFO - 
================================================================================
DAG File Processing Stats

File Path                            PID    Runtime      # DAGs    # Errors  Last Runtime    Last Run
-----------------------------------  -----  ---------  --------  ----------  --------------  -------------------
/opt/airflow/dags/dag_streamflow.py                           1           0  0.07s           2026-01-08T01:50:14
================================================================================
[2026-01-08T01:50:37.097+0000] {manager.py:738} INFO - Searching for files in /opt/airflow/dags
[2026-01-08T01:50:37.114+0000] {manager.py:741} INFO - There are 1 files in /opt/airflow/dags
[2026-01-08T01:51:01.965+0000] {manager.py:879} INFO - 
================================================================================
DAG File Processing Stats

File Path                            PID    Runtime      # DAGs    # Errors  Last Runtime    Last Run
-----------------------------------  -----  ---------  --------  ----------  --------------  -------------------
/opt/airflow/dags/dag_streamflow.py                           1           0  0.07s           2026-01-08T01:50:46
================================================================================
[2026-01-08T01:51:34.915+0000] {manager.py:879} INFO - 
================================================================================
DAG File Processing Stats

File Path                            PID    Runtime      # DAGs    # Errors  Last Runtime    Last Run
-----------------------------------  -----  ---------  --------  ----------  --------------  -------------------
/opt/airflow/dags/dag_streamflow.py                           1           0  0.09s           2026-01-08T01:51:19
================================================================================
[2026-01-08T01:52:07.863+0000] {manager.py:879} INFO - 
================================================================================
DAG File Processing Stats

File Path                            PID    Runtime      # DAGs    # Errors  Last Runtime    Last Run
-----------------------------------  -----  ---------  --------  ----------  --------------  -------------------
/opt/airflow/dags/dag_streamflow.py                           1           0  0.08s           2026-01-08T01:51:52
================================================================================
[2026-01-08T01:52:40.734+0000] {manager.py:879} INFO - 
================================================================================
DAG File Processing Stats

File Path                            PID    Runtime      # DAGs    # Errors  Last Runtime    Last Run
-----------------------------------  -----  ---------  --------  ----------  --------------  -------------------
/opt/airflow/dags/dag_streamflow.py                           1           0  0.09s           2026-01-08T01:52:24
================================================================================
[2026-01-08T01:53:13.669+0000] {manager.py:879} INFO - 
================================================================================
DAG File Processing Stats

File Path                            PID    Runtime      # DAGs    # Errors  Last Runtime    Last Run
-----------------------------------  -----  ---------  --------  ----------  --------------  -------------------
/opt/airflow/dags/dag_streamflow.py                           1           0  0.08s           2026-01-08T01:52:57
================================================================================
[2026-01-08T01:53:46.537+0000] {manager.py:879} INFO - 
================================================================================
DAG File Processing Stats

File Path                            PID    Runtime      # DAGs    # Errors  Last Runtime    Last Run
-----------------------------------  -----  ---------  --------  ----------  --------------  -------------------
/opt/airflow/dags/dag_streamflow.py                           1           0  0.09s           2026-01-08T01:53:30
================================================================================
[2026-01-08T01:54:19.465+0000] {manager.py:879} INFO - 
================================================================================
DAG File Processing Stats

File Path                            PID    Runtime      # DAGs    # Errors  Last Runtime    Last Run
-----------------------------------  -----  ---------  --------  ----------  --------------  -------------------
/opt/airflow/dags/dag_streamflow.py                           1           0  0.09s           2026-01-08T01:54:03
================================================================================
[2026-01-08T01:54:52.348+0000] {manager.py:879} INFO - 
================================================================================
DAG File Processing Stats

File Path                            PID    Runtime      # DAGs    # Errors  Last Runtime    Last Run
-----------------------------------  -----  ---------  --------  ----------  --------------  -------------------
/opt/airflow/dags/dag_streamflow.py                           1           0  0.09s           2026-01-08T01:54:36
================================================================================
[2026-01-08T01:55:25.274+0000] {manager.py:879} INFO - 
================================================================================
DAG File Processing Stats

File Path                            PID    Runtime      # DAGs    # Errors  Last Runtime    Last Run
-----------------------------------  -----  ---------  --------  ----------  --------------  -------------------
/opt/airflow/dags/dag_streamflow.py                           1           0  0.08s           2026-01-08T01:55:08
================================================================================
[2026-01-08T01:55:37.323+0000] {manager.py:738} INFO - Searching for files in /opt/airflow/dags
[2026-01-08T01:55:37.340+0000] {manager.py:741} INFO - There are 1 files in /opt/airflow/dags
[2026-01-08T01:55:58.202+0000] {manager.py:879} INFO - 
================================================================================
DAG File Processing Stats

File Path                            PID    Runtime      # DAGs    # Errors  Last Runtime    Last Run
-----------------------------------  -----  ---------  --------  ----------  --------------  -------------------
/opt/airflow/dags/dag_streamflow.py                           1           0  0.09s           2026-01-08T01:55:41
================================================================================
[2026-01-08T01:56:31.097+0000] {manager.py:879} INFO - 
================================================================================
DAG File Processing Stats

File Path                            PID    Runtime      # DAGs    # Errors  Last Runtime    Last Run
-----------------------------------  -----  ---------  --------  ----------  --------------  -------------------
/opt/airflow/dags/dag_streamflow.py                           1           0  0.09s           2026-01-08T01:56:14
================================================================================
[2026-01-08T01:57:04.042+0000] {manager.py:879} INFO - 
================================================================================
DAG File Processing Stats

File Path                            PID    Runtime      # DAGs    # Errors  Last Runtime    Last Run
-----------------------------------  -----  ---------  --------  ----------  --------------  -------------------
/opt/airflow/dags/dag_streamflow.py                           1           0  0.13s           2026-01-08T01:56:47
================================================================================
[2026-01-08T01:57:37.006+0000] {manager.py:879} INFO - 
================================================================================
DAG File Processing Stats

File Path                            PID    Runtime      # DAGs    # Errors  Last Runtime    Last Run
-----------------------------------  -----  ---------  --------  ----------  --------------  -------------------
/opt/airflow/dags/dag_streamflow.py                           1           0  0.08s           2026-01-08T01:57:19
================================================================================
[2026-01-08T01:58:09.886+0000] {manager.py:879} INFO - 
================================================================================
DAG File Processing Stats

File Path                            PID    Runtime      # DAGs    # Errors  Last Runtime    Last Run
-----------------------------------  -----  ---------  --------  ----------  --------------  -------------------
/opt/airflow/dags/dag_streamflow.py                           1           0  0.07s           2026-01-08T01:57:52
================================================================================
[2026-01-08T01:58:42.827+0000] {manager.py:879} INFO - 
================================================================================
DAG File Processing Stats

File Path                            PID    Runtime      # DAGs    # Errors  Last Runtime    Last Run
-----------------------------------  -----  ---------  --------  ----------  --------------  -------------------
/opt/airflow/dags/dag_streamflow.py                           1           0  0.15s           2026-01-08T01:58:24
================================================================================
[2026-01-08T01:59:15.706+0000] {manager.py:879} INFO - 
================================================================================
DAG File Processing Stats

File Path                            PID    Runtime      # DAGs    # Errors  Last Runtime    Last Run
-----------------------------------  -----  ---------  --------  ----------  --------------  -------------------
/opt/airflow/dags/dag_streamflow.py                           1           0  0.08s           2026-01-08T01:58:57
================================================================================
[2026-01-08T01:59:48.647+0000] {manager.py:879} INFO - 
================================================================================
DAG File Processing Stats

File Path                            PID    Runtime      # DAGs    # Errors  Last Runtime    Last Run
-----------------------------------  -----  ---------  --------  ----------  --------------  -------------------
/opt/airflow/dags/dag_streamflow.py                           1           0  0.08s           2026-01-08T01:59:30
================================================================================
[2026-01-08T02:00:21.543+0000] {manager.py:879} INFO - 
================================================================================
DAG File Processing Stats

File Path                            PID    Runtime      # DAGs    # Errors  Last Runtime    Last Run
-----------------------------------  -----  ---------  --------  ----------  --------------  -------------------
/opt/airflow/dags/dag_streamflow.py                           1           0  0.10s           2026-01-08T02:00:03
================================================================================
[2026-01-08T02:00:37.399+0000] {manager.py:738} INFO - Searching for files in /opt/airflow/dags
[2026-01-08T02:00:37.422+0000] {manager.py:741} INFO - There are 1 files in /opt/airflow/dags
[2026-01-08T02:00:54.512+0000] {manager.py:879} INFO - 
================================================================================
DAG File Processing Stats

File Path                            PID    Runtime      # DAGs    # Errors  Last Runtime    Last Run
-----------------------------------  -----  ---------  --------  ----------  --------------  -------------------
/opt/airflow/dags/dag_streamflow.py                           1           0  0.08s           2026-01-08T02:00:36
================================================================================
[2026-01-08T02:01:27.401+0000] {manager.py:879} INFO - 
================================================================================
DAG File Processing Stats

File Path                            PID    Runtime      # DAGs    # Errors  Last Runtime    Last Run
-----------------------------------  -----  ---------  --------  ----------  --------------  -------------------
/opt/airflow/dags/dag_streamflow.py                           1           0  0.13s           2026-01-08T02:01:08
================================================================================
[2026-01-08T02:02:00.282+0000] {manager.py:879} INFO - 
================================================================================
DAG File Processing Stats

File Path                            PID    Runtime      # DAGs    # Errors  Last Runtime    Last Run
-----------------------------------  -----  ---------  --------  ----------  --------------  -------------------
/opt/airflow/dags/dag_streamflow.py                           1           0  0.08s           2026-01-08T02:01:41
================================================================================
[2026-01-08T02:02:33.239+0000] {manager.py:879} INFO - 
================================================================================
DAG File Processing Stats

File Path                            PID    Runtime      # DAGs    # Errors  Last Runtime    Last Run
-----------------------------------  -----  ---------  --------  ----------  --------------  -------------------
/opt/airflow/dags/dag_streamflow.py                           1           0  0.09s           2026-01-08T02:02:14
================================================================================
[2026-01-08T02:03:06.115+0000] {manager.py:879} INFO - 
================================================================================
DAG File Processing Stats

File Path                            PID    Runtime      # DAGs    # Errors  Last Runtime    Last Run
-----------------------------------  -----  ---------  --------  ----------  --------------  -------------------
/opt/airflow/dags/dag_streamflow.py                           1           0  0.09s           2026-01-08T02:02:47
================================================================================
[2026-01-08T02:03:39.070+0000] {manager.py:879} INFO - 
================================================================================
DAG File Processing Stats

File Path                            PID    Runtime      # DAGs    # Errors  Last Runtime    Last Run
-----------------------------------  -----  ---------  --------  ----------  --------------  -------------------
/opt/airflow/dags/dag_streamflow.py                           1           0  0.11s           2026-01-08T02:03:20
================================================================================
[2026-01-08T02:04:11.990+0000] {manager.py:879} INFO - 
================================================================================
DAG File Processing Stats

File Path                            PID    Runtime      # DAGs    # Errors  Last Runtime    Last Run
-----------------------------------  -----  ---------  --------  ----------  --------------  -------------------
/opt/airflow/dags/dag_streamflow.py                           1           0  0.11s           2026-01-08T02:03:51
================================================================================
[2026-01-08T02:04:44.913+0000] {manager.py:879} INFO - 
================================================================================
DAG File Processing Stats

File Path                            PID    Runtime      # DAGs    # Errors  Last Runtime    Last Run
-----------------------------------  -----  ---------  --------  ----------  --------------  -------------------
/opt/airflow/dags/dag_streamflow.py                           1           0  0.12s           2026-01-08T02:04:24
================================================================================
[2026-01-08T02:05:17.903+0000] {manager.py:879} INFO - 
================================================================================
DAG File Processing Stats

File Path                            PID    Runtime      # DAGs    # Errors  Last Runtime    Last Run
-----------------------------------  -----  ---------  --------  ----------  --------------  -------------------
/opt/airflow/dags/dag_streamflow.py                           1           0  0.10s           2026-01-08T02:04:57
================================================================================
[2026-01-08T02:05:37.733+0000] {manager.py:738} INFO - Searching for files in /opt/airflow/dags
[2026-01-08T02:05:37.750+0000] {manager.py:741} INFO - There are 1 files in /opt/airflow/dags
[2026-01-08T02:05:50.817+0000] {manager.py:879} INFO - 
================================================================================
DAG File Processing Stats

File Path                            PID    Runtime      # DAGs    # Errors  Last Runtime    Last Run
-----------------------------------  -----  ---------  --------  ----------  --------------  -------------------
/opt/airflow/dags/dag_streamflow.py                           1           0  0.09s           2026-01-08T02:05:30
================================================================================
[2026-01-08T02:06:23.732+0000] {manager.py:879} INFO - 
================================================================================
DAG File Processing Stats

File Path                            PID    Runtime      # DAGs    # Errors  Last Runtime    Last Run
-----------------------------------  -----  ---------  --------  ----------  --------------  -------------------
/opt/airflow/dags/dag_streamflow.py                           1           0  0.09s           2026-01-08T02:06:03
================================================================================
[2026-01-08T02:06:56.665+0000] {manager.py:879} INFO - 
================================================================================
DAG File Processing Stats

File Path                            PID    Runtime      # DAGs    # Errors  Last Runtime    Last Run
-----------------------------------  -----  ---------  --------  ----------  --------------  -------------------
/opt/airflow/dags/dag_streamflow.py                           1           0  0.09s           2026-01-08T02:06:35
================================================================================
[2026-01-08T02:07:29.519+0000] {manager.py:879} INFO - 
================================================================================
DAG File Processing Stats

File Path                            PID    Runtime      # DAGs    # Errors  Last Runtime    Last Run
-----------------------------------  -----  ---------  --------  ----------  --------------  -------------------
/opt/airflow/dags/dag_streamflow.py                           1           0  0.10s           2026-01-08T02:07:08
================================================================================
[2026-01-08T02:08:02.445+0000] {manager.py:879} INFO - 
================================================================================
DAG File Processing Stats

File Path                            PID    Runtime      # DAGs    # Errors  Last Runtime    Last Run
-----------------------------------  -----  ---------  --------  ----------  --------------  -------------------
/opt/airflow/dags/dag_streamflow.py                           1           0  0.08s           2026-01-08T02:07:41
================================================================================
[2026-01-08T02:08:35.371+0000] {manager.py:879} INFO - 
================================================================================
DAG File Processing Stats

File Path                            PID    Runtime      # DAGs    # Errors  Last Runtime    Last Run
-----------------------------------  -----  ---------  --------  ----------  --------------  -------------------
/opt/airflow/dags/dag_streamflow.py                           1           0  0.08s           2026-01-08T02:08:14
================================================================================
[2026-01-08T02:09:08.279+0000] {manager.py:879} INFO - 
================================================================================
DAG File Processing Stats

File Path                            PID    Runtime      # DAGs    # Errors  Last Runtime    Last Run
-----------------------------------  -----  ---------  --------  ----------  --------------  -------------------
/opt/airflow/dags/dag_streamflow.py                           1           0  0.13s           2026-01-08T02:08:47
================================================================================
[2026-01-08T02:09:41.225+0000] {manager.py:879} INFO - 
================================================================================
DAG File Processing Stats

File Path                            PID    Runtime      # DAGs    # Errors  Last Runtime    Last Run
-----------------------------------  -----  ---------  --------  ----------  --------------  -------------------
/opt/airflow/dags/dag_streamflow.py                           1           0  0.11s           2026-01-08T02:09:20
================================================================================
[2026-01-08T02:10:14.131+0000] {manager.py:879} INFO - 
================================================================================
DAG File Processing Stats

File Path                            PID    Runtime      # DAGs    # Errors  Last Runtime    Last Run
-----------------------------------  -----  ---------  --------  ----------  --------------  -------------------
/opt/airflow/dags/dag_streamflow.py                           1           0  0.12s           2026-01-08T02:09:52
================================================================================
[2026-01-08T02:10:38.024+0000] {manager.py:738} INFO - Searching for files in /opt/airflow/dags
[2026-01-08T02:10:38.040+0000] {manager.py:741} INFO - There are 1 files in /opt/airflow/dags
[2026-01-08T02:10:47.092+0000] {manager.py:879} INFO - 
================================================================================
DAG File Processing Stats

File Path                            PID    Runtime      # DAGs    # Errors  Last Runtime    Last Run
-----------------------------------  -----  ---------  --------  ----------  --------------  -------------------
/opt/airflow/dags/dag_streamflow.py                           1           0  0.09s           2026-01-08T02:10:24
================================================================================
[2026-01-08T02:11:19.987+0000] {manager.py:879} INFO - 
================================================================================
DAG File Processing Stats

File Path                            PID    Runtime      # DAGs    # Errors  Last Runtime    Last Run
-----------------------------------  -----  ---------  --------  ----------  --------------  -------------------
/opt/airflow/dags/dag_streamflow.py                           1           0  0.08s           2026-01-08T02:10:57
================================================================================
[2026-01-08T02:11:52.899+0000] {manager.py:879} INFO - 
================================================================================
DAG File Processing Stats

File Path                            PID    Runtime      # DAGs    # Errors  Last Runtime    Last Run
-----------------------------------  -----  ---------  --------  ----------  --------------  -------------------
/opt/airflow/dags/dag_streamflow.py                           1           0  0.09s           2026-01-08T02:11:30
================================================================================
[2026-01-08T02:12:25.811+0000] {manager.py:879} INFO - 
================================================================================
DAG File Processing Stats

File Path                            PID    Runtime      # DAGs    # Errors  Last Runtime    Last Run
-----------------------------------  -----  ---------  --------  ----------  --------------  -------------------
/opt/airflow/dags/dag_streamflow.py                           1           0  0.09s           2026-01-08T02:12:03
================================================================================
[2026-01-08T02:12:58.705+0000] {manager.py:879} INFO - 
================================================================================
DAG File Processing Stats

File Path                            PID    Runtime      # DAGs    # Errors  Last Runtime    Last Run
-----------------------------------  -----  ---------  --------  ----------  --------------  -------------------
/opt/airflow/dags/dag_streamflow.py                           1           0  0.10s           2026-01-08T02:12:35
================================================================================
[2026-01-08T02:13:31.646+0000] {manager.py:879} INFO - 
================================================================================
DAG File Processing Stats

File Path                            PID    Runtime      # DAGs    # Errors  Last Runtime    Last Run
-----------------------------------  -----  ---------  --------  ----------  --------------  -------------------
/opt/airflow/dags/dag_streamflow.py                           1           0  0.10s           2026-01-08T02:13:08
================================================================================
[2026-01-08T02:14:04.558+0000] {manager.py:879} INFO - 
================================================================================
DAG File Processing Stats

File Path                            PID    Runtime      # DAGs    # Errors  Last Runtime    Last Run
-----------------------------------  -----  ---------  --------  ----------  --------------  -------------------
/opt/airflow/dags/dag_streamflow.py                           1           0  0.08s           2026-01-08T02:13:41
================================================================================
[2026-01-08T02:14:37.484+0000] {manager.py:879} INFO - 
================================================================================
DAG File Processing Stats

File Path                            PID    Runtime      # DAGs    # Errors  Last Runtime    Last Run
-----------------------------------  -----  ---------  --------  ----------  --------------  -------------------
/opt/airflow/dags/dag_streamflow.py                           1           0  0.09s           2026-01-08T02:14:14
================================================================================
[2026-01-08T02:15:10.386+0000] {manager.py:879} INFO - 
================================================================================
DAG File Processing Stats

File Path                            PID    Runtime      # DAGs    # Errors  Last Runtime    Last Run
-----------------------------------  -----  ---------  --------  ----------  --------------  -------------------
/opt/airflow/dags/dag_streamflow.py                           1           0  0.12s           2026-01-08T02:14:47
================================================================================
[2026-01-08T02:15:38.328+0000] {manager.py:738} INFO - Searching for files in /opt/airflow/dags
[2026-01-08T02:15:38.344+0000] {manager.py:741} INFO - There are 1 files in /opt/airflow/dags
[2026-01-08T02:15:43.379+0000] {manager.py:879} INFO - 
================================================================================
DAG File Processing Stats

File Path                            PID    Runtime      # DAGs    # Errors  Last Runtime    Last Run
-----------------------------------  -----  ---------  --------  ----------  --------------  -------------------
/opt/airflow/dags/dag_streamflow.py                           1           0  0.08s           2026-01-08T02:15:19
================================================================================
[2026-01-08T02:16:16.264+0000] {manager.py:879} INFO - 
================================================================================
DAG File Processing Stats

File Path                            PID    Runtime      # DAGs    # Errors  Last Runtime    Last Run
-----------------------------------  -----  ---------  --------  ----------  --------------  -------------------
/opt/airflow/dags/dag_streamflow.py                           1           0  0.08s           2026-01-08T02:15:52
================================================================================
[2026-01-08T02:16:49.186+0000] {manager.py:879} INFO - 
================================================================================
DAG File Processing Stats

File Path                            PID    Runtime      # DAGs    # Errors  Last Runtime    Last Run
-----------------------------------  -----  ---------  --------  ----------  --------------  -------------------
/opt/airflow/dags/dag_streamflow.py                           1           0  0.12s           2026-01-08T02:16:25
================================================================================
[2026-01-08T02:17:22.126+0000] {manager.py:879} INFO - 
================================================================================
DAG File Processing Stats

File Path                            PID    Runtime      # DAGs    # Errors  Last Runtime    Last Run
-----------------------------------  -----  ---------  --------  ----------  --------------  -------------------
/opt/airflow/dags/dag_streamflow.py                           1           0  0.09s           2026-01-08T02:16:58
================================================================================
[2026-01-08T02:17:55.052+0000] {manager.py:879} INFO - 
================================================================================
DAG File Processing Stats

File Path                            PID    Runtime      # DAGs    # Errors  Last Runtime    Last Run
-----------------------------------  -----  ---------  --------  ----------  --------------  -------------------
/opt/airflow/dags/dag_streamflow.py                           1           0  0.09s           2026-01-08T02:17:30
================================================================================
[2026-01-08T02:18:27.941+0000] {manager.py:879} INFO - 
================================================================================
DAG File Processing Stats

File Path                            PID    Runtime      # DAGs    # Errors  Last Runtime    Last Run
-----------------------------------  -----  ---------  --------  ----------  --------------  -------------------
/opt/airflow/dags/dag_streamflow.py                           1           0  0.13s           2026-01-08T02:18:02
================================================================================
[2026-01-08T02:19:00.942+0000] {manager.py:879} INFO - 
================================================================================
DAG File Processing Stats

File Path                            PID    Runtime      # DAGs    # Errors  Last Runtime    Last Run
-----------------------------------  -----  ---------  --------  ----------  --------------  -------------------
/opt/airflow/dags/dag_streamflow.py                           1           0  0.10s           2026-01-08T02:18:35
================================================================================
[2026-01-08T02:19:33.858+0000] {manager.py:879} INFO - 
================================================================================
DAG File Processing Stats

File Path                            PID    Runtime      # DAGs    # Errors  Last Runtime    Last Run
-----------------------------------  -----  ---------  --------  ----------  --------------  -------------------
/opt/airflow/dags/dag_streamflow.py                           1           0  0.10s           2026-01-08T02:19:08
================================================================================
[2026-01-08T02:20:06.776+0000] {manager.py:879} INFO - 
================================================================================
DAG File Processing Stats

File Path                            PID    Runtime      # DAGs    # Errors  Last Runtime    Last Run
-----------------------------------  -----  ---------  --------  ----------  --------------  -------------------
/opt/airflow/dags/dag_streamflow.py                           1           0  0.09s           2026-01-08T02:19:41
================================================================================
[2026-01-08T02:20:38.685+0000] {manager.py:738} INFO - Searching for files in /opt/airflow/dags
[2026-01-08T02:20:38.698+0000] {manager.py:741} INFO - There are 1 files in /opt/airflow/dags
[2026-01-08T02:20:39.710+0000] {manager.py:879} INFO - 
================================================================================
DAG File Processing Stats

File Path                            PID    Runtime      # DAGs    # Errors  Last Runtime    Last Run
-----------------------------------  -----  ---------  --------  ----------  --------------  -------------------
/opt/airflow/dags/dag_streamflow.py                           1           0  0.10s           2026-01-08T02:20:14
================================================================================
[2026-01-08T02:21:12.675+0000] {manager.py:879} INFO - 
================================================================================
DAG File Processing Stats

File Path                            PID    Runtime      # DAGs    # Errors  Last Runtime    Last Run
-----------------------------------  -----  ---------  --------  ----------  --------------  -------------------
/opt/airflow/dags/dag_streamflow.py                           1           0  0.08s           2026-01-08T02:20:46
================================================================================
[2026-01-08T02:21:45.572+0000] {manager.py:879} INFO - 
================================================================================
DAG File Processing Stats

File Path                            PID    Runtime      # DAGs    # Errors  Last Runtime    Last Run
-----------------------------------  -----  ---------  --------  ----------  --------------  -------------------
/opt/airflow/dags/dag_streamflow.py                           1           0  0.12s           2026-01-08T02:21:19
================================================================================
[2026-01-08T02:22:18.469+0000] {manager.py:879} INFO - 
================================================================================
DAG File Processing Stats

File Path                            PID    Runtime      # DAGs    # Errors  Last Runtime    Last Run
-----------------------------------  -----  ---------  --------  ----------  --------------  -------------------
/opt/airflow/dags/dag_streamflow.py                           1           0  0.09s           2026-01-08T02:21:52
================================================================================
[2026-01-08T02:22:51.399+0000] {manager.py:879} INFO - 
================================================================================
DAG File Processing Stats

File Path                            PID    Runtime      # DAGs    # Errors  Last Runtime    Last Run
-----------------------------------  -----  ---------  --------  ----------  --------------  -------------------
/opt/airflow/dags/dag_streamflow.py                           1           0  0.08s           2026-01-08T02:22:25
================================================================================
[2026-01-08T02:23:24.310+0000] {manager.py:879} INFO - 
================================================================================
DAG File Processing Stats

File Path                            PID    Runtime      # DAGs    # Errors  Last Runtime    Last Run
-----------------------------------  -----  ---------  --------  ----------  --------------  -------------------
/opt/airflow/dags/dag_streamflow.py                           1           0  0.09s           2026-01-08T02:22:58
================================================================================
[2026-01-08T02:23:57.228+0000] {manager.py:879} INFO - 
================================================================================
DAG File Processing Stats

File Path                            PID    Runtime      # DAGs    # Errors  Last Runtime    Last Run
-----------------------------------  -----  ---------  --------  ----------  --------------  -------------------
/opt/airflow/dags/dag_streamflow.py                           1           0  0.08s           2026-01-08T02:23:30
================================================================================
[2026-01-08T02:24:30.166+0000] {manager.py:879} INFO - 
================================================================================
DAG File Processing Stats

File Path                            PID    Runtime      # DAGs    # Errors  Last Runtime    Last Run
-----------------------------------  -----  ---------  --------  ----------  --------------  -------------------
/opt/airflow/dags/dag_streamflow.py                           1           0  0.09s           2026-01-08T02:24:03
================================================================================
[2026-01-08T02:25:03.100+0000] {manager.py:879} INFO - 
================================================================================
DAG File Processing Stats

File Path                            PID    Runtime      # DAGs    # Errors  Last Runtime    Last Run
-----------------------------------  -----  ---------  --------  ----------  --------------  -------------------
/opt/airflow/dags/dag_streamflow.py                           1           0  0.09s           2026-01-08T02:24:36
================================================================================
[2026-01-08T02:25:36.001+0000] {manager.py:879} INFO - 
================================================================================
DAG File Processing Stats

File Path                            PID    Runtime      # DAGs    # Errors  Last Runtime    Last Run
-----------------------------------  -----  ---------  --------  ----------  --------------  -------------------
/opt/airflow/dags/dag_streamflow.py                           1           0  0.10s           2026-01-08T02:25:08
================================================================================
[2026-01-08T02:25:41.737+0000] {manager.py:738} INFO - Searching for files in /opt/airflow/dags
[2026-01-08T02:25:41.762+0000] {manager.py:741} INFO - There are 1 files in /opt/airflow/dags
[2026-01-08T02:26:08.956+0000] {manager.py:879} INFO - 
================================================================================
DAG File Processing Stats

File Path                            PID    Runtime      # DAGs    # Errors  Last Runtime    Last Run
-----------------------------------  -----  ---------  --------  ----------  --------------  -------------------
/opt/airflow/dags/dag_streamflow.py                           1           0  0.09s           2026-01-08T02:25:41
================================================================================
[2026-01-08T02:26:41.897+0000] {manager.py:879} INFO - 
================================================================================
DAG File Processing Stats

File Path                            PID    Runtime      # DAGs    # Errors  Last Runtime    Last Run
-----------------------------------  -----  ---------  --------  ----------  --------------  -------------------
/opt/airflow/dags/dag_streamflow.py                           1           0  0.18s           2026-01-08T02:26:13
================================================================================
[2026-01-08T02:27:14.787+0000] {manager.py:879} INFO - 
================================================================================
DAG File Processing Stats

File Path                            PID    Runtime      # DAGs    # Errors  Last Runtime    Last Run
-----------------------------------  -----  ---------  --------  ----------  --------------  -------------------
/opt/airflow/dags/dag_streamflow.py                           1           0  0.10s           2026-01-08T02:26:46
================================================================================
[2026-01-08T02:27:47.773+0000] {manager.py:879} INFO - 
================================================================================
DAG File Processing Stats

File Path                            PID    Runtime      # DAGs    # Errors  Last Runtime    Last Run
-----------------------------------  -----  ---------  --------  ----------  --------------  -------------------
/opt/airflow/dags/dag_streamflow.py                           1           0  0.10s           2026-01-08T02:27:19
================================================================================
[2026-01-08T02:28:20.667+0000] {manager.py:879} INFO - 
================================================================================
DAG File Processing Stats

File Path                            PID    Runtime      # DAGs    # Errors  Last Runtime    Last Run
-----------------------------------  -----  ---------  --------  ----------  --------------  -------------------
/opt/airflow/dags/dag_streamflow.py                           1           0  0.09s           2026-01-08T02:27:52
================================================================================
[2026-01-08T02:28:53.592+0000] {manager.py:879} INFO - 
================================================================================
DAG File Processing Stats

File Path                            PID    Runtime      # DAGs    # Errors  Last Runtime    Last Run
-----------------------------------  -----  ---------  --------  ----------  --------------  -------------------
/opt/airflow/dags/dag_streamflow.py                           1           0  0.10s           2026-01-08T02:28:25
================================================================================
[2026-01-08T02:29:26.496+0000] {manager.py:879} INFO - 
================================================================================
DAG File Processing Stats

File Path                            PID    Runtime      # DAGs    # Errors  Last Runtime    Last Run
-----------------------------------  -----  ---------  --------  ----------  --------------  -------------------
/opt/airflow/dags/dag_streamflow.py                           1           0  0.10s           2026-01-08T02:28:58
================================================================================
[2026-01-08T02:29:59.451+0000] {manager.py:879} INFO - 
================================================================================
DAG File Processing Stats

File Path                            PID    Runtime      # DAGs    # Errors  Last Runtime    Last Run
-----------------------------------  -----  ---------  --------  ----------  --------------  -------------------
/opt/airflow/dags/dag_streamflow.py                           1           0  0.15s           2026-01-08T02:29:30
================================================================================
[2026-01-08T02:30:55.579+0000] {manager.py:469} INFO - Processing files using up to 2 processes at a time 
[2026-01-08T02:30:55.580+0000] {manager.py:470} INFO - Process each file at most once every 30 seconds
[2026-01-08T02:30:55.581+0000] {manager.py:471} INFO - Checking for new files in /opt/airflow/dags every 300 seconds
[2026-01-08T02:30:55.582+0000] {manager.py:738} INFO - Searching for files in /opt/airflow/dags
[2026-01-08T02:30:55.624+0000] {manager.py:741} INFO - There are 1 files in /opt/airflow/dags
[2026-01-08T02:30:55.724+0000] {manager.py:879} INFO - 
================================================================================
DAG File Processing Stats

File Path                              PID  Runtime      # DAGs    # Errors  Last Runtime    Last Run
-----------------------------------  -----  ---------  --------  ----------  --------------  ----------
/opt/airflow/dags/dag_streamflow.py    248  0.04s             0           0
================================================================================
[2026-01-08T02:31:28.693+0000] {manager.py:879} INFO - 
================================================================================
DAG File Processing Stats

File Path                            PID    Runtime      # DAGs    # Errors  Last Runtime    Last Run
-----------------------------------  -----  ---------  --------  ----------  --------------  -------------------
/opt/airflow/dags/dag_streamflow.py                           1           0  0.16s           2026-01-08T02:31:26
================================================================================
[2026-01-08T02:32:52.298+0000] {manager.py:469} INFO - Processing files using up to 2 processes at a time 
[2026-01-08T02:32:52.300+0000] {manager.py:470} INFO - Process each file at most once every 30 seconds
[2026-01-08T02:32:52.301+0000] {manager.py:471} INFO - Checking for new files in /opt/airflow/dags every 300 seconds
[2026-01-08T02:32:52.302+0000] {manager.py:738} INFO - Searching for files in /opt/airflow/dags
[2026-01-08T02:32:52.335+0000] {manager.py:741} INFO - There are 1 files in /opt/airflow/dags
[2026-01-08T02:32:52.433+0000] {manager.py:879} INFO - 
================================================================================
DAG File Processing Stats

File Path                              PID  Runtime      # DAGs    # Errors  Last Runtime    Last Run
-----------------------------------  -----  ---------  --------  ----------  --------------  ----------
/opt/airflow/dags/dag_streamflow.py    247  0.04s             0           0
================================================================================
[2026-01-08T02:33:25.371+0000] {manager.py:879} INFO - 
================================================================================
DAG File Processing Stats

File Path                            PID    Runtime      # DAGs    # Errors  Last Runtime    Last Run
-----------------------------------  -----  ---------  --------  ----------  --------------  -------------------
/opt/airflow/dags/dag_streamflow.py                           1           0  0.16s           2026-01-08T02:33:23
================================================================================
[2026-01-08T02:33:58.339+0000] {manager.py:879} INFO - 
================================================================================
DAG File Processing Stats

File Path                            PID    Runtime      # DAGs    # Errors  Last Runtime    Last Run
-----------------------------------  -----  ---------  --------  ----------  --------------  -------------------
/opt/airflow/dags/dag_streamflow.py                           1           0  0.09s           2026-01-08T02:33:54
================================================================================
[2026-01-08T02:34:31.219+0000] {manager.py:879} INFO - 
================================================================================
DAG File Processing Stats

File Path                            PID    Runtime      # DAGs    # Errors  Last Runtime    Last Run
-----------------------------------  -----  ---------  --------  ----------  --------------  -------------------
/opt/airflow/dags/dag_streamflow.py                           1           0  0.14s           2026-01-08T02:34:25
================================================================================
[2026-01-08T02:35:04.114+0000] {manager.py:879} INFO - 
================================================================================
DAG File Processing Stats

File Path                            PID    Runtime      # DAGs    # Errors  Last Runtime    Last Run
-----------------------------------  -----  ---------  --------  ----------  --------------  -------------------
/opt/airflow/dags/dag_streamflow.py                           1           0  0.10s           2026-01-08T02:34:58
================================================================================
[2026-01-08T02:35:37.053+0000] {manager.py:879} INFO - 
================================================================================
DAG File Processing Stats

File Path                            PID    Runtime      # DAGs    # Errors  Last Runtime    Last Run
-----------------------------------  -----  ---------  --------  ----------  --------------  -------------------
/opt/airflow/dags/dag_streamflow.py                           1           0  0.18s           2026-01-08T02:35:31
================================================================================
[2026-01-08T02:36:10.034+0000] {manager.py:879} INFO - 
================================================================================
DAG File Processing Stats

File Path                            PID    Runtime      # DAGs    # Errors  Last Runtime    Last Run
-----------------------------------  -----  ---------  --------  ----------  --------------  -------------------
/opt/airflow/dags/dag_streamflow.py                           1           0  0.14s           2026-01-08T02:36:03
================================================================================
[2026-01-08T02:36:43.000+0000] {manager.py:879} INFO - 
================================================================================
DAG File Processing Stats

File Path                            PID    Runtime      # DAGs    # Errors  Last Runtime    Last Run
-----------------------------------  -----  ---------  --------  ----------  --------------  -------------------
/opt/airflow/dags/dag_streamflow.py                           1           0  0.19s           2026-01-08T02:36:36
================================================================================
[2026-01-08T02:37:15.932+0000] {manager.py:879} INFO - 
================================================================================
DAG File Processing Stats

File Path                            PID    Runtime      # DAGs    # Errors  Last Runtime    Last Run
-----------------------------------  -----  ---------  --------  ----------  --------------  -------------------
/opt/airflow/dags/dag_streamflow.py                           1           0  0.08s           2026-01-08T02:37:08
================================================================================
[2026-01-08T02:37:48.888+0000] {manager.py:879} INFO - 
================================================================================
DAG File Processing Stats

File Path                            PID    Runtime      # DAGs    # Errors  Last Runtime    Last Run
-----------------------------------  -----  ---------  --------  ----------  --------------  -------------------
/opt/airflow/dags/dag_streamflow.py                           1           0  0.09s           2026-01-08T02:37:41
================================================================================
[2026-01-08T02:37:52.904+0000] {manager.py:738} INFO - Searching for files in /opt/airflow/dags
[2026-01-08T02:37:52.981+0000] {manager.py:741} INFO - There are 1 files in /opt/airflow/dags
[2026-01-08T02:38:21.871+0000] {manager.py:879} INFO - 
================================================================================
DAG File Processing Stats

File Path                            PID    Runtime      # DAGs    # Errors  Last Runtime    Last Run
-----------------------------------  -----  ---------  --------  ----------  --------------  -------------------
/opt/airflow/dags/dag_streamflow.py                           1           0  0.11s           2026-01-08T02:38:13
================================================================================
[2026-01-08T02:38:54.818+0000] {manager.py:879} INFO - 
================================================================================
DAG File Processing Stats

File Path                            PID    Runtime      # DAGs    # Errors  Last Runtime    Last Run
-----------------------------------  -----  ---------  --------  ----------  --------------  -------------------
/opt/airflow/dags/dag_streamflow.py                           1           0  0.08s           2026-01-08T02:38:46
================================================================================
[2026-01-08T02:39:27.727+0000] {manager.py:879} INFO - 
================================================================================
DAG File Processing Stats

File Path                            PID    Runtime      # DAGs    # Errors  Last Runtime    Last Run
-----------------------------------  -----  ---------  --------  ----------  --------------  -------------------
/opt/airflow/dags/dag_streamflow.py                           1           0  0.08s           2026-01-08T02:39:19
================================================================================
[2026-01-08T02:40:00.675+0000] {manager.py:879} INFO - 
================================================================================
DAG File Processing Stats

File Path                            PID    Runtime      # DAGs    # Errors  Last Runtime    Last Run
-----------------------------------  -----  ---------  --------  ----------  --------------  -------------------
/opt/airflow/dags/dag_streamflow.py                           1           0  0.08s           2026-01-08T02:39:52
================================================================================
[2026-01-08T02:40:33.595+0000] {manager.py:879} INFO - 
================================================================================
DAG File Processing Stats

File Path                            PID    Runtime      # DAGs    # Errors  Last Runtime    Last Run
-----------------------------------  -----  ---------  --------  ----------  --------------  -------------------
/opt/airflow/dags/dag_streamflow.py                           1           0  0.14s           2026-01-08T02:40:25
================================================================================
[2026-01-08T02:41:06.558+0000] {manager.py:879} INFO - 
================================================================================
DAG File Processing Stats

File Path                            PID    Runtime      # DAGs    # Errors  Last Runtime    Last Run
-----------------------------------  -----  ---------  --------  ----------  --------------  -------------------
/opt/airflow/dags/dag_streamflow.py                           1           0  0.11s           2026-01-08T02:40:57
================================================================================
[2026-01-08T02:41:39.527+0000] {manager.py:879} INFO - 
================================================================================
DAG File Processing Stats

File Path                            PID    Runtime      # DAGs    # Errors  Last Runtime    Last Run
-----------------------------------  -----  ---------  --------  ----------  --------------  -------------------
/opt/airflow/dags/dag_streamflow.py                           1           0  0.08s           2026-01-08T02:41:30
================================================================================
[2026-01-08T02:42:12.423+0000] {manager.py:879} INFO - 
================================================================================
DAG File Processing Stats

File Path                            PID    Runtime      # DAGs    # Errors  Last Runtime    Last Run
-----------------------------------  -----  ---------  --------  ----------  --------------  -------------------
/opt/airflow/dags/dag_streamflow.py                           1           0  0.08s           2026-01-08T02:42:03
================================================================================
[2026-01-08T02:42:45.356+0000] {manager.py:879} INFO - 
================================================================================
DAG File Processing Stats

File Path                            PID    Runtime      # DAGs    # Errors  Last Runtime    Last Run
-----------------------------------  -----  ---------  --------  ----------  --------------  -------------------
/opt/airflow/dags/dag_streamflow.py                           1           0  0.09s           2026-01-08T02:42:36
================================================================================
[2026-01-08T02:42:53.411+0000] {manager.py:738} INFO - Searching for files in /opt/airflow/dags
[2026-01-08T02:42:53.432+0000] {manager.py:741} INFO - There are 1 files in /opt/airflow/dags
[2026-01-08T02:43:18.295+0000] {manager.py:879} INFO - 
================================================================================
DAG File Processing Stats

File Path                            PID    Runtime      # DAGs    # Errors  Last Runtime    Last Run
-----------------------------------  -----  ---------  --------  ----------  --------------  -------------------
/opt/airflow/dags/dag_streamflow.py                           1           0  0.10s           2026-01-08T02:43:09
================================================================================
[2026-01-08T02:43:51.268+0000] {manager.py:879} INFO - 
================================================================================
DAG File Processing Stats

File Path                            PID    Runtime      # DAGs    # Errors  Last Runtime    Last Run
-----------------------------------  -----  ---------  --------  ----------  --------------  -------------------
/opt/airflow/dags/dag_streamflow.py                           1           0  0.10s           2026-01-08T02:43:41
================================================================================
[2026-01-08T02:44:24.163+0000] {manager.py:879} INFO - 
================================================================================
DAG File Processing Stats

File Path                            PID    Runtime      # DAGs    # Errors  Last Runtime    Last Run
-----------------------------------  -----  ---------  --------  ----------  --------------  -------------------
/opt/airflow/dags/dag_streamflow.py                           1           0  0.11s           2026-01-08T02:44:14
================================================================================
[2026-01-08T02:44:57.115+0000] {manager.py:879} INFO - 
================================================================================
DAG File Processing Stats

File Path                            PID    Runtime      # DAGs    # Errors  Last Runtime    Last Run
-----------------------------------  -----  ---------  --------  ----------  --------------  -------------------
/opt/airflow/dags/dag_streamflow.py                           1           0  0.09s           2026-01-08T02:44:47
================================================================================
[2026-01-08T02:45:29.990+0000] {manager.py:879} INFO - 
================================================================================
DAG File Processing Stats

File Path                            PID    Runtime      # DAGs    # Errors  Last Runtime    Last Run
-----------------------------------  -----  ---------  --------  ----------  --------------  -------------------
/opt/airflow/dags/dag_streamflow.py                           1           0  0.12s           2026-01-08T02:45:20
================================================================================
[2026-01-08T02:46:02.941+0000] {manager.py:879} INFO - 
================================================================================
DAG File Processing Stats

File Path                            PID    Runtime      # DAGs    # Errors  Last Runtime    Last Run
-----------------------------------  -----  ---------  --------  ----------  --------------  -------------------
/opt/airflow/dags/dag_streamflow.py                           1           0  0.11s           2026-01-08T02:45:52
================================================================================
[2026-01-08T02:46:35.836+0000] {manager.py:879} INFO - 
================================================================================
DAG File Processing Stats

File Path                            PID    Runtime      # DAGs    # Errors  Last Runtime    Last Run
-----------------------------------  -----  ---------  --------  ----------  --------------  -------------------
/opt/airflow/dags/dag_streamflow.py                           1           0  0.09s           2026-01-08T02:46:24
================================================================================
