[2026-01-07T16:05:06.183+0000] {processor.py:161} INFO - Started process (PID=247) to work on /opt/airflow/dags/dag_streamflow.py
[2026-01-07T16:05:06.186+0000] {processor.py:830} INFO - Processing file /opt/airflow/dags/dag_streamflow.py for tasks to queue
[2026-01-07T16:05:06.188+0000] {logging_mixin.py:188} INFO - [2026-01-07T16:05:06.188+0000] {dagbag.py:538} INFO - Filling up the DagBag from /opt/airflow/dags/dag_streamflow.py
[2026-01-07T16:05:06.246+0000] {processor.py:840} INFO - DAG(s) 'streamflow_main' retrieved from /opt/airflow/dags/dag_streamflow.py
[2026-01-07T16:05:06.315+0000] {logging_mixin.py:188} INFO - [2026-01-07T16:05:06.314+0000] {dag.py:3036} INFO - Sync 1 DAGs
[2026-01-07T16:05:06.345+0000] {logging_mixin.py:188} INFO - [2026-01-07T16:05:06.344+0000] {dag.py:3823} INFO - Setting next_dagrun for streamflow_main to None, run_after=None
[2026-01-07T16:05:06.403+0000] {processor.py:183} INFO - Processing /opt/airflow/dags/dag_streamflow.py took 0.232 seconds
[2026-01-07T16:05:36.483+0000] {processor.py:161} INFO - Started process (PID=271) to work on /opt/airflow/dags/dag_streamflow.py
[2026-01-07T16:05:36.484+0000] {processor.py:830} INFO - Processing file /opt/airflow/dags/dag_streamflow.py for tasks to queue
[2026-01-07T16:05:36.485+0000] {logging_mixin.py:188} INFO - [2026-01-07T16:05:36.484+0000] {dagbag.py:538} INFO - Filling up the DagBag from /opt/airflow/dags/dag_streamflow.py
[2026-01-07T16:05:36.501+0000] {processor.py:840} INFO - DAG(s) 'streamflow_main' retrieved from /opt/airflow/dags/dag_streamflow.py
[2026-01-07T16:05:36.600+0000] {logging_mixin.py:188} INFO - [2026-01-07T16:05:36.600+0000] {dag.py:3036} INFO - Sync 1 DAGs
[2026-01-07T16:05:36.612+0000] {logging_mixin.py:188} INFO - [2026-01-07T16:05:36.612+0000] {dag.py:3823} INFO - Setting next_dagrun for streamflow_main to None, run_after=None
[2026-01-07T16:05:36.632+0000] {processor.py:183} INFO - Processing /opt/airflow/dags/dag_streamflow.py took 0.153 seconds
[2026-01-07T16:06:06.793+0000] {processor.py:161} INFO - Started process (PID=283) to work on /opt/airflow/dags/dag_streamflow.py
[2026-01-07T16:06:06.794+0000] {processor.py:830} INFO - Processing file /opt/airflow/dags/dag_streamflow.py for tasks to queue
[2026-01-07T16:06:06.797+0000] {logging_mixin.py:188} INFO - [2026-01-07T16:06:06.795+0000] {dagbag.py:538} INFO - Filling up the DagBag from /opt/airflow/dags/dag_streamflow.py
[2026-01-07T16:06:06.822+0000] {processor.py:840} INFO - DAG(s) 'streamflow_main' retrieved from /opt/airflow/dags/dag_streamflow.py
[2026-01-07T16:06:06.863+0000] {logging_mixin.py:188} INFO - [2026-01-07T16:06:06.863+0000] {dag.py:3036} INFO - Sync 1 DAGs
[2026-01-07T16:06:06.890+0000] {logging_mixin.py:188} INFO - [2026-01-07T16:06:06.890+0000] {dag.py:3823} INFO - Setting next_dagrun for streamflow_main to None, run_after=None
[2026-01-07T16:06:06.914+0000] {processor.py:183} INFO - Processing /opt/airflow/dags/dag_streamflow.py took 0.124 seconds
[2026-01-07T16:06:37.030+0000] {processor.py:161} INFO - Started process (PID=296) to work on /opt/airflow/dags/dag_streamflow.py
[2026-01-07T16:06:37.031+0000] {processor.py:830} INFO - Processing file /opt/airflow/dags/dag_streamflow.py for tasks to queue
[2026-01-07T16:06:37.032+0000] {logging_mixin.py:188} INFO - [2026-01-07T16:06:37.031+0000] {dagbag.py:538} INFO - Filling up the DagBag from /opt/airflow/dags/dag_streamflow.py
[2026-01-07T16:06:37.057+0000] {processor.py:840} INFO - DAG(s) 'streamflow_main' retrieved from /opt/airflow/dags/dag_streamflow.py
[2026-01-07T16:06:37.093+0000] {logging_mixin.py:188} INFO - [2026-01-07T16:06:37.093+0000] {dag.py:3036} INFO - Sync 1 DAGs
[2026-01-07T16:06:37.114+0000] {logging_mixin.py:188} INFO - [2026-01-07T16:06:37.114+0000] {dag.py:3823} INFO - Setting next_dagrun for streamflow_main to None, run_after=None
[2026-01-07T16:06:37.133+0000] {processor.py:183} INFO - Processing /opt/airflow/dags/dag_streamflow.py took 0.116 seconds
[2026-01-07T16:07:07.305+0000] {processor.py:161} INFO - Started process (PID=308) to work on /opt/airflow/dags/dag_streamflow.py
[2026-01-07T16:07:07.306+0000] {processor.py:830} INFO - Processing file /opt/airflow/dags/dag_streamflow.py for tasks to queue
[2026-01-07T16:07:07.307+0000] {logging_mixin.py:188} INFO - [2026-01-07T16:07:07.307+0000] {dagbag.py:538} INFO - Filling up the DagBag from /opt/airflow/dags/dag_streamflow.py
[2026-01-07T16:07:07.319+0000] {processor.py:840} INFO - DAG(s) 'streamflow_main' retrieved from /opt/airflow/dags/dag_streamflow.py
[2026-01-07T16:07:07.338+0000] {logging_mixin.py:188} INFO - [2026-01-07T16:07:07.338+0000] {dag.py:3036} INFO - Sync 1 DAGs
[2026-01-07T16:07:07.348+0000] {logging_mixin.py:188} INFO - [2026-01-07T16:07:07.348+0000] {dag.py:3823} INFO - Setting next_dagrun for streamflow_main to None, run_after=None
[2026-01-07T16:07:07.366+0000] {processor.py:183} INFO - Processing /opt/airflow/dags/dag_streamflow.py took 0.062 seconds
[2026-01-07T16:07:37.488+0000] {processor.py:161} INFO - Started process (PID=320) to work on /opt/airflow/dags/dag_streamflow.py
[2026-01-07T16:07:37.489+0000] {processor.py:830} INFO - Processing file /opt/airflow/dags/dag_streamflow.py for tasks to queue
[2026-01-07T16:07:37.490+0000] {logging_mixin.py:188} INFO - [2026-01-07T16:07:37.490+0000] {dagbag.py:538} INFO - Filling up the DagBag from /opt/airflow/dags/dag_streamflow.py
[2026-01-07T16:07:37.502+0000] {processor.py:840} INFO - DAG(s) 'streamflow_main' retrieved from /opt/airflow/dags/dag_streamflow.py
[2026-01-07T16:07:37.521+0000] {logging_mixin.py:188} INFO - [2026-01-07T16:07:37.521+0000] {dag.py:3036} INFO - Sync 1 DAGs
[2026-01-07T16:07:37.530+0000] {logging_mixin.py:188} INFO - [2026-01-07T16:07:37.529+0000] {dag.py:3823} INFO - Setting next_dagrun for streamflow_main to None, run_after=None
[2026-01-07T16:07:37.549+0000] {processor.py:183} INFO - Processing /opt/airflow/dags/dag_streamflow.py took 0.063 seconds
[2026-01-07T16:08:07.703+0000] {processor.py:161} INFO - Started process (PID=333) to work on /opt/airflow/dags/dag_streamflow.py
[2026-01-07T16:08:07.704+0000] {processor.py:830} INFO - Processing file /opt/airflow/dags/dag_streamflow.py for tasks to queue
[2026-01-07T16:08:07.705+0000] {logging_mixin.py:188} INFO - [2026-01-07T16:08:07.705+0000] {dagbag.py:538} INFO - Filling up the DagBag from /opt/airflow/dags/dag_streamflow.py
[2026-01-07T16:08:07.719+0000] {processor.py:840} INFO - DAG(s) 'streamflow_main' retrieved from /opt/airflow/dags/dag_streamflow.py
[2026-01-07T16:08:07.739+0000] {logging_mixin.py:188} INFO - [2026-01-07T16:08:07.739+0000] {dag.py:3036} INFO - Sync 1 DAGs
[2026-01-07T16:08:07.749+0000] {logging_mixin.py:188} INFO - [2026-01-07T16:08:07.749+0000] {dag.py:3823} INFO - Setting next_dagrun for streamflow_main to None, run_after=None
[2026-01-07T16:08:07.770+0000] {processor.py:183} INFO - Processing /opt/airflow/dags/dag_streamflow.py took 0.069 seconds
[2026-01-07T16:08:37.903+0000] {processor.py:161} INFO - Started process (PID=345) to work on /opt/airflow/dags/dag_streamflow.py
[2026-01-07T16:08:37.903+0000] {processor.py:830} INFO - Processing file /opt/airflow/dags/dag_streamflow.py for tasks to queue
[2026-01-07T16:08:37.904+0000] {logging_mixin.py:188} INFO - [2026-01-07T16:08:37.904+0000] {dagbag.py:538} INFO - Filling up the DagBag from /opt/airflow/dags/dag_streamflow.py
[2026-01-07T16:08:37.917+0000] {processor.py:840} INFO - DAG(s) 'streamflow_main' retrieved from /opt/airflow/dags/dag_streamflow.py
[2026-01-07T16:08:37.939+0000] {logging_mixin.py:188} INFO - [2026-01-07T16:08:37.939+0000] {dag.py:3036} INFO - Sync 1 DAGs
[2026-01-07T16:08:37.950+0000] {logging_mixin.py:188} INFO - [2026-01-07T16:08:37.950+0000] {dag.py:3823} INFO - Setting next_dagrun for streamflow_main to None, run_after=None
[2026-01-07T16:08:37.971+0000] {processor.py:183} INFO - Processing /opt/airflow/dags/dag_streamflow.py took 0.071 seconds
[2026-01-07T16:09:08.128+0000] {processor.py:161} INFO - Started process (PID=357) to work on /opt/airflow/dags/dag_streamflow.py
[2026-01-07T16:09:08.129+0000] {processor.py:830} INFO - Processing file /opt/airflow/dags/dag_streamflow.py for tasks to queue
[2026-01-07T16:09:08.130+0000] {logging_mixin.py:188} INFO - [2026-01-07T16:09:08.130+0000] {dagbag.py:538} INFO - Filling up the DagBag from /opt/airflow/dags/dag_streamflow.py
[2026-01-07T16:09:08.144+0000] {processor.py:840} INFO - DAG(s) 'streamflow_main' retrieved from /opt/airflow/dags/dag_streamflow.py
[2026-01-07T16:09:08.168+0000] {logging_mixin.py:188} INFO - [2026-01-07T16:09:08.167+0000] {dag.py:3036} INFO - Sync 1 DAGs
[2026-01-07T16:09:08.179+0000] {logging_mixin.py:188} INFO - [2026-01-07T16:09:08.179+0000] {dag.py:3823} INFO - Setting next_dagrun for streamflow_main to None, run_after=None
[2026-01-07T16:09:08.197+0000] {processor.py:183} INFO - Processing /opt/airflow/dags/dag_streamflow.py took 0.071 seconds
[2026-01-07T16:09:38.322+0000] {processor.py:161} INFO - Started process (PID=369) to work on /opt/airflow/dags/dag_streamflow.py
[2026-01-07T16:09:38.326+0000] {processor.py:830} INFO - Processing file /opt/airflow/dags/dag_streamflow.py for tasks to queue
[2026-01-07T16:09:38.329+0000] {logging_mixin.py:188} INFO - [2026-01-07T16:09:38.328+0000] {dagbag.py:538} INFO - Filling up the DagBag from /opt/airflow/dags/dag_streamflow.py
[2026-01-07T16:09:38.362+0000] {processor.py:840} INFO - DAG(s) 'streamflow_main' retrieved from /opt/airflow/dags/dag_streamflow.py
[2026-01-07T16:09:38.392+0000] {logging_mixin.py:188} INFO - [2026-01-07T16:09:38.391+0000] {dag.py:3036} INFO - Sync 1 DAGs
[2026-01-07T16:09:38.410+0000] {logging_mixin.py:188} INFO - [2026-01-07T16:09:38.410+0000] {dag.py:3823} INFO - Setting next_dagrun for streamflow_main to None, run_after=None
[2026-01-07T16:09:38.437+0000] {processor.py:183} INFO - Processing /opt/airflow/dags/dag_streamflow.py took 0.117 seconds
[2026-01-07T16:10:08.542+0000] {processor.py:161} INFO - Started process (PID=381) to work on /opt/airflow/dags/dag_streamflow.py
[2026-01-07T16:10:08.548+0000] {processor.py:830} INFO - Processing file /opt/airflow/dags/dag_streamflow.py for tasks to queue
[2026-01-07T16:10:08.550+0000] {logging_mixin.py:188} INFO - [2026-01-07T16:10:08.549+0000] {dagbag.py:538} INFO - Filling up the DagBag from /opt/airflow/dags/dag_streamflow.py
[2026-01-07T16:10:08.582+0000] {processor.py:840} INFO - DAG(s) 'streamflow_main' retrieved from /opt/airflow/dags/dag_streamflow.py
[2026-01-07T16:10:08.615+0000] {logging_mixin.py:188} INFO - [2026-01-07T16:10:08.614+0000] {dag.py:3036} INFO - Sync 1 DAGs
[2026-01-07T16:10:08.628+0000] {logging_mixin.py:188} INFO - [2026-01-07T16:10:08.628+0000] {dag.py:3823} INFO - Setting next_dagrun for streamflow_main to None, run_after=None
[2026-01-07T16:10:08.658+0000] {processor.py:183} INFO - Processing /opt/airflow/dags/dag_streamflow.py took 0.120 seconds
[2026-01-07T16:10:38.833+0000] {processor.py:161} INFO - Started process (PID=393) to work on /opt/airflow/dags/dag_streamflow.py
[2026-01-07T16:10:38.833+0000] {processor.py:830} INFO - Processing file /opt/airflow/dags/dag_streamflow.py for tasks to queue
[2026-01-07T16:10:38.834+0000] {logging_mixin.py:188} INFO - [2026-01-07T16:10:38.834+0000] {dagbag.py:538} INFO - Filling up the DagBag from /opt/airflow/dags/dag_streamflow.py
[2026-01-07T16:10:38.845+0000] {processor.py:840} INFO - DAG(s) 'streamflow_main' retrieved from /opt/airflow/dags/dag_streamflow.py
[2026-01-07T16:10:38.865+0000] {logging_mixin.py:188} INFO - [2026-01-07T16:10:38.865+0000] {dag.py:3036} INFO - Sync 1 DAGs
[2026-01-07T16:10:38.875+0000] {logging_mixin.py:188} INFO - [2026-01-07T16:10:38.875+0000] {dag.py:3823} INFO - Setting next_dagrun for streamflow_main to None, run_after=None
[2026-01-07T16:10:38.894+0000] {processor.py:183} INFO - Processing /opt/airflow/dags/dag_streamflow.py took 0.063 seconds
[2026-01-07T16:11:09.016+0000] {processor.py:161} INFO - Started process (PID=405) to work on /opt/airflow/dags/dag_streamflow.py
[2026-01-07T16:11:09.016+0000] {processor.py:830} INFO - Processing file /opt/airflow/dags/dag_streamflow.py for tasks to queue
[2026-01-07T16:11:09.018+0000] {logging_mixin.py:188} INFO - [2026-01-07T16:11:09.017+0000] {dagbag.py:538} INFO - Filling up the DagBag from /opt/airflow/dags/dag_streamflow.py
[2026-01-07T16:11:09.030+0000] {processor.py:840} INFO - DAG(s) 'streamflow_main' retrieved from /opt/airflow/dags/dag_streamflow.py
[2026-01-07T16:11:09.050+0000] {logging_mixin.py:188} INFO - [2026-01-07T16:11:09.050+0000] {dag.py:3036} INFO - Sync 1 DAGs
[2026-01-07T16:11:09.058+0000] {logging_mixin.py:188} INFO - [2026-01-07T16:11:09.058+0000] {dag.py:3823} INFO - Setting next_dagrun for streamflow_main to None, run_after=None
[2026-01-07T16:11:09.077+0000] {processor.py:183} INFO - Processing /opt/airflow/dags/dag_streamflow.py took 0.064 seconds
[2026-01-07T16:11:39.233+0000] {processor.py:161} INFO - Started process (PID=417) to work on /opt/airflow/dags/dag_streamflow.py
[2026-01-07T16:11:39.234+0000] {processor.py:830} INFO - Processing file /opt/airflow/dags/dag_streamflow.py for tasks to queue
[2026-01-07T16:11:39.236+0000] {logging_mixin.py:188} INFO - [2026-01-07T16:11:39.236+0000] {dagbag.py:538} INFO - Filling up the DagBag from /opt/airflow/dags/dag_streamflow.py
[2026-01-07T16:11:39.265+0000] {processor.py:840} INFO - DAG(s) 'streamflow_main' retrieved from /opt/airflow/dags/dag_streamflow.py
[2026-01-07T16:11:39.376+0000] {logging_mixin.py:188} INFO - [2026-01-07T16:11:39.376+0000] {dag.py:3036} INFO - Sync 1 DAGs
[2026-01-07T16:11:39.408+0000] {logging_mixin.py:188} INFO - [2026-01-07T16:11:39.408+0000] {dag.py:3823} INFO - Setting next_dagrun for streamflow_main to None, run_after=None
[2026-01-07T16:11:39.447+0000] {processor.py:183} INFO - Processing /opt/airflow/dags/dag_streamflow.py took 0.218 seconds
[2026-01-07T16:12:09.639+0000] {processor.py:161} INFO - Started process (PID=430) to work on /opt/airflow/dags/dag_streamflow.py
[2026-01-07T16:12:09.640+0000] {processor.py:830} INFO - Processing file /opt/airflow/dags/dag_streamflow.py for tasks to queue
[2026-01-07T16:12:09.641+0000] {logging_mixin.py:188} INFO - [2026-01-07T16:12:09.640+0000] {dagbag.py:538} INFO - Filling up the DagBag from /opt/airflow/dags/dag_streamflow.py
[2026-01-07T16:12:09.655+0000] {processor.py:840} INFO - DAG(s) 'streamflow_main' retrieved from /opt/airflow/dags/dag_streamflow.py
[2026-01-07T16:12:09.677+0000] {logging_mixin.py:188} INFO - [2026-01-07T16:12:09.676+0000] {dag.py:3036} INFO - Sync 1 DAGs
[2026-01-07T16:12:09.686+0000] {logging_mixin.py:188} INFO - [2026-01-07T16:12:09.686+0000] {dag.py:3823} INFO - Setting next_dagrun for streamflow_main to None, run_after=None
[2026-01-07T16:12:09.703+0000] {processor.py:183} INFO - Processing /opt/airflow/dags/dag_streamflow.py took 0.067 seconds
[2026-01-07T16:12:39.817+0000] {processor.py:161} INFO - Started process (PID=442) to work on /opt/airflow/dags/dag_streamflow.py
[2026-01-07T16:12:39.818+0000] {processor.py:830} INFO - Processing file /opt/airflow/dags/dag_streamflow.py for tasks to queue
[2026-01-07T16:12:39.819+0000] {logging_mixin.py:188} INFO - [2026-01-07T16:12:39.818+0000] {dagbag.py:538} INFO - Filling up the DagBag from /opt/airflow/dags/dag_streamflow.py
[2026-01-07T16:12:39.830+0000] {processor.py:840} INFO - DAG(s) 'streamflow_main' retrieved from /opt/airflow/dags/dag_streamflow.py
[2026-01-07T16:12:39.851+0000] {logging_mixin.py:188} INFO - [2026-01-07T16:12:39.850+0000] {dag.py:3036} INFO - Sync 1 DAGs
[2026-01-07T16:12:39.860+0000] {logging_mixin.py:188} INFO - [2026-01-07T16:12:39.859+0000] {dag.py:3823} INFO - Setting next_dagrun for streamflow_main to None, run_after=None
[2026-01-07T16:12:39.877+0000] {processor.py:183} INFO - Processing /opt/airflow/dags/dag_streamflow.py took 0.062 seconds
[2026-01-07T16:13:10.058+0000] {processor.py:161} INFO - Started process (PID=454) to work on /opt/airflow/dags/dag_streamflow.py
[2026-01-07T16:13:10.059+0000] {processor.py:830} INFO - Processing file /opt/airflow/dags/dag_streamflow.py for tasks to queue
[2026-01-07T16:13:10.060+0000] {logging_mixin.py:188} INFO - [2026-01-07T16:13:10.060+0000] {dagbag.py:538} INFO - Filling up the DagBag from /opt/airflow/dags/dag_streamflow.py
[2026-01-07T16:13:10.072+0000] {processor.py:840} INFO - DAG(s) 'streamflow_main' retrieved from /opt/airflow/dags/dag_streamflow.py
[2026-01-07T16:13:10.091+0000] {logging_mixin.py:188} INFO - [2026-01-07T16:13:10.090+0000] {dag.py:3036} INFO - Sync 1 DAGs
[2026-01-07T16:13:10.100+0000] {logging_mixin.py:188} INFO - [2026-01-07T16:13:10.099+0000] {dag.py:3823} INFO - Setting next_dagrun for streamflow_main to None, run_after=None
[2026-01-07T16:13:10.119+0000] {processor.py:183} INFO - Processing /opt/airflow/dags/dag_streamflow.py took 0.062 seconds
[2026-01-07T16:13:40.232+0000] {processor.py:161} INFO - Started process (PID=466) to work on /opt/airflow/dags/dag_streamflow.py
[2026-01-07T16:13:40.233+0000] {processor.py:830} INFO - Processing file /opt/airflow/dags/dag_streamflow.py for tasks to queue
[2026-01-07T16:13:40.234+0000] {logging_mixin.py:188} INFO - [2026-01-07T16:13:40.234+0000] {dagbag.py:538} INFO - Filling up the DagBag from /opt/airflow/dags/dag_streamflow.py
[2026-01-07T16:13:40.253+0000] {processor.py:840} INFO - DAG(s) 'streamflow_main' retrieved from /opt/airflow/dags/dag_streamflow.py
[2026-01-07T16:13:40.280+0000] {logging_mixin.py:188} INFO - [2026-01-07T16:13:40.280+0000] {dag.py:3036} INFO - Sync 1 DAGs
[2026-01-07T16:13:40.291+0000] {logging_mixin.py:188} INFO - [2026-01-07T16:13:40.291+0000] {dag.py:3823} INFO - Setting next_dagrun for streamflow_main to None, run_after=None
[2026-01-07T16:13:40.308+0000] {processor.py:183} INFO - Processing /opt/airflow/dags/dag_streamflow.py took 0.078 seconds
[2026-01-07T16:14:10.478+0000] {processor.py:161} INFO - Started process (PID=478) to work on /opt/airflow/dags/dag_streamflow.py
[2026-01-07T16:14:10.479+0000] {processor.py:830} INFO - Processing file /opt/airflow/dags/dag_streamflow.py for tasks to queue
[2026-01-07T16:14:10.479+0000] {logging_mixin.py:188} INFO - [2026-01-07T16:14:10.479+0000] {dagbag.py:538} INFO - Filling up the DagBag from /opt/airflow/dags/dag_streamflow.py
[2026-01-07T16:14:10.491+0000] {processor.py:840} INFO - DAG(s) 'streamflow_main' retrieved from /opt/airflow/dags/dag_streamflow.py
[2026-01-07T16:14:10.512+0000] {logging_mixin.py:188} INFO - [2026-01-07T16:14:10.512+0000] {dag.py:3036} INFO - Sync 1 DAGs
[2026-01-07T16:14:10.522+0000] {logging_mixin.py:188} INFO - [2026-01-07T16:14:10.522+0000] {dag.py:3823} INFO - Setting next_dagrun for streamflow_main to None, run_after=None
[2026-01-07T16:14:10.543+0000] {processor.py:183} INFO - Processing /opt/airflow/dags/dag_streamflow.py took 0.067 seconds
[2026-01-07T16:14:40.689+0000] {processor.py:161} INFO - Started process (PID=490) to work on /opt/airflow/dags/dag_streamflow.py
[2026-01-07T16:14:40.690+0000] {processor.py:830} INFO - Processing file /opt/airflow/dags/dag_streamflow.py for tasks to queue
[2026-01-07T16:14:40.691+0000] {logging_mixin.py:188} INFO - [2026-01-07T16:14:40.691+0000] {dagbag.py:538} INFO - Filling up the DagBag from /opt/airflow/dags/dag_streamflow.py
[2026-01-07T16:14:40.702+0000] {processor.py:840} INFO - DAG(s) 'streamflow_main' retrieved from /opt/airflow/dags/dag_streamflow.py
[2026-01-07T16:14:40.726+0000] {logging_mixin.py:188} INFO - [2026-01-07T16:14:40.726+0000] {dag.py:3036} INFO - Sync 1 DAGs
[2026-01-07T16:14:40.737+0000] {logging_mixin.py:188} INFO - [2026-01-07T16:14:40.737+0000] {dag.py:3823} INFO - Setting next_dagrun for streamflow_main to None, run_after=None
[2026-01-07T16:14:40.756+0000] {processor.py:183} INFO - Processing /opt/airflow/dags/dag_streamflow.py took 0.069 seconds
[2026-01-07T16:15:10.924+0000] {processor.py:161} INFO - Started process (PID=502) to work on /opt/airflow/dags/dag_streamflow.py
[2026-01-07T16:15:10.926+0000] {processor.py:830} INFO - Processing file /opt/airflow/dags/dag_streamflow.py for tasks to queue
[2026-01-07T16:15:10.927+0000] {logging_mixin.py:188} INFO - [2026-01-07T16:15:10.926+0000] {dagbag.py:538} INFO - Filling up the DagBag from /opt/airflow/dags/dag_streamflow.py
[2026-01-07T16:15:10.950+0000] {processor.py:840} INFO - DAG(s) 'streamflow_main' retrieved from /opt/airflow/dags/dag_streamflow.py
[2026-01-07T16:15:10.974+0000] {logging_mixin.py:188} INFO - [2026-01-07T16:15:10.973+0000] {dag.py:3036} INFO - Sync 1 DAGs
[2026-01-07T16:15:10.994+0000] {logging_mixin.py:188} INFO - [2026-01-07T16:15:10.994+0000] {dag.py:3823} INFO - Setting next_dagrun for streamflow_main to None, run_after=None
[2026-01-07T16:15:11.020+0000] {processor.py:183} INFO - Processing /opt/airflow/dags/dag_streamflow.py took 0.098 seconds
[2026-01-07T21:26:03.314+0000] {processor.py:161} INFO - Started process (PID=391) to work on /opt/airflow/dags/dag_streamflow.py
[2026-01-07T21:26:03.319+0000] {processor.py:830} INFO - Processing file /opt/airflow/dags/dag_streamflow.py for tasks to queue
[2026-01-07T21:26:03.321+0000] {logging_mixin.py:188} INFO - [2026-01-07T21:26:03.321+0000] {dagbag.py:538} INFO - Filling up the DagBag from /opt/airflow/dags/dag_streamflow.py
[2026-01-07T21:26:03.387+0000] {processor.py:840} INFO - DAG(s) 'streamflow_main' retrieved from /opt/airflow/dags/dag_streamflow.py
[2026-01-07T21:26:03.456+0000] {logging_mixin.py:188} INFO - [2026-01-07T21:26:03.456+0000] {dag.py:3036} INFO - Sync 1 DAGs
[2026-01-07T21:26:03.488+0000] {logging_mixin.py:188} INFO - [2026-01-07T21:26:03.487+0000] {dag.py:3823} INFO - Setting next_dagrun for streamflow_main to None, run_after=None
[2026-01-07T21:26:03.537+0000] {processor.py:183} INFO - Processing /opt/airflow/dags/dag_streamflow.py took 0.231 seconds
[2026-01-07T21:26:33.978+0000] {processor.py:161} INFO - Started process (PID=403) to work on /opt/airflow/dags/dag_streamflow.py
[2026-01-07T21:26:33.980+0000] {processor.py:830} INFO - Processing file /opt/airflow/dags/dag_streamflow.py for tasks to queue
[2026-01-07T21:26:33.982+0000] {logging_mixin.py:188} INFO - [2026-01-07T21:26:33.981+0000] {dagbag.py:538} INFO - Filling up the DagBag from /opt/airflow/dags/dag_streamflow.py
[2026-01-07T21:26:34.009+0000] {processor.py:840} INFO - DAG(s) 'streamflow_main' retrieved from /opt/airflow/dags/dag_streamflow.py
[2026-01-07T21:26:34.050+0000] {logging_mixin.py:188} INFO - [2026-01-07T21:26:34.049+0000] {dag.py:3036} INFO - Sync 1 DAGs
[2026-01-07T21:26:34.070+0000] {logging_mixin.py:188} INFO - [2026-01-07T21:26:34.069+0000] {dag.py:3823} INFO - Setting next_dagrun for streamflow_main to None, run_after=None
[2026-01-07T21:26:34.103+0000] {processor.py:183} INFO - Processing /opt/airflow/dags/dag_streamflow.py took 0.131 seconds
[2026-01-07T21:27:04.282+0000] {processor.py:161} INFO - Started process (PID=415) to work on /opt/airflow/dags/dag_streamflow.py
[2026-01-07T21:27:04.283+0000] {processor.py:830} INFO - Processing file /opt/airflow/dags/dag_streamflow.py for tasks to queue
[2026-01-07T21:27:04.285+0000] {logging_mixin.py:188} INFO - [2026-01-07T21:27:04.284+0000] {dagbag.py:538} INFO - Filling up the DagBag from /opt/airflow/dags/dag_streamflow.py
[2026-01-07T21:27:04.320+0000] {processor.py:840} INFO - DAG(s) 'streamflow_main' retrieved from /opt/airflow/dags/dag_streamflow.py
[2026-01-07T21:27:04.368+0000] {logging_mixin.py:188} INFO - [2026-01-07T21:27:04.368+0000] {dag.py:3036} INFO - Sync 1 DAGs
[2026-01-07T21:27:04.394+0000] {logging_mixin.py:188} INFO - [2026-01-07T21:27:04.394+0000] {dag.py:3823} INFO - Setting next_dagrun for streamflow_main to None, run_after=None
[2026-01-07T21:27:04.431+0000] {processor.py:183} INFO - Processing /opt/airflow/dags/dag_streamflow.py took 0.155 seconds
