[2026-01-10T17:28:47.265+0000] {taskinstance.py:1956} INFO - Dependencies all met for dep_context=non-requeueable deps ti=<TaskInstance: streamflow_main.kafka_consumers manual__2026-01-10T17:28:41.363708+00:00 [queued]>
[2026-01-10T17:28:47.344+0000] {taskinstance.py:1956} INFO - Dependencies all met for dep_context=requeueable deps ti=<TaskInstance: streamflow_main.kafka_consumers manual__2026-01-10T17:28:41.363708+00:00 [queued]>
[2026-01-10T17:28:47.348+0000] {taskinstance.py:2170} INFO - Starting attempt 1 of 1
[2026-01-10T17:28:47.463+0000] {taskinstance.py:2191} INFO - Executing <Task(BashOperator): kafka_consumers> on 2026-01-10 17:28:41.363708+00:00
[2026-01-10T17:28:47.487+0000] {standard_task_runner.py:60} INFO - Started process 551 to run task
[2026-01-10T17:28:47.520+0000] {standard_task_runner.py:87} INFO - Running: ['***', 'tasks', 'run', 'streamflow_main', 'kafka_consumers', 'manual__2026-01-10T17:28:41.363708+00:00', '--job-id', '4', '--raw', '--subdir', 'DAGS_FOLDER/dag_streamflow.py', '--cfg-path', '/tmp/tmpb_jixrjx']
[2026-01-10T17:28:47.550+0000] {standard_task_runner.py:88} INFO - Job 4: Subtask kafka_consumers
[2026-01-10T17:28:48.427+0000] {task_command.py:423} INFO - Running <TaskInstance: streamflow_main.kafka_consumers manual__2026-01-10T17:28:41.363708+00:00 [running]> on host 398b12f7f91a
[2026-01-10T17:28:48.993+0000] {taskinstance.py:2480} INFO - Exporting env vars: AIRFLOW_CTX_DAG_OWNER='student' AIRFLOW_CTX_DAG_ID='streamflow_main' AIRFLOW_CTX_TASK_ID='kafka_consumers' AIRFLOW_CTX_EXECUTION_DATE='2026-01-10T17:28:41.363708+00:00' AIRFLOW_CTX_TRY_NUMBER='1' AIRFLOW_CTX_DAG_RUN_ID='manual__2026-01-10T17:28:41.363708+00:00'
[2026-01-10T17:28:49.012+0000] {subprocess.py:63} INFO - Tmp dir root location: /tmp
[2026-01-10T17:28:49.021+0000] {subprocess.py:75} INFO - Running command: ['/usr/bin/bash', '-c', '\n            echo "Starting Kafka consumer"\n            python /opt/spark-jobs/ingest_kafka_to_landing.py \\\n                --topic user_events \\\n                --batch-time 180 \\\n                --output-path /opt/spark-data/bronze\n        ']
[2026-01-10T17:28:49.074+0000] {subprocess.py:86} INFO - Output:
[2026-01-10T17:28:49.089+0000] {subprocess.py:93} INFO - Starting Kafka consumer
[2026-01-10T17:29:06.129+0000] {subprocess.py:93} INFO - Traceback (most recent call last):
[2026-01-10T17:29:06.134+0000] {subprocess.py:93} INFO -   File "/opt/spark-jobs/ingest_kafka_to_landing.py", line 85, in <module>
[2026-01-10T17:29:06.155+0000] {subprocess.py:93} INFO -     topic_Info = consume_batch(topic = topic,batch_duration_sec = batch_time,output_path = output_path)
[2026-01-10T17:29:06.161+0000] {subprocess.py:93} INFO -   File "/opt/spark-jobs/ingest_kafka_to_landing.py", line 28, in consume_batch
[2026-01-10T17:29:06.172+0000] {subprocess.py:93} INFO -     consumer = KafkaConsumer(
[2026-01-10T17:29:06.175+0000] {subprocess.py:93} INFO -   File "/home/***/.local/lib/python3.10/site-packages/kafka/consumer/group.py", line 397, in __init__
[2026-01-10T17:29:06.179+0000] {subprocess.py:93} INFO -     self._client = self.config['kafka_client'](metrics=self._metrics, **self.config)
[2026-01-10T17:29:06.183+0000] {subprocess.py:93} INFO -   File "/home/***/.local/lib/python3.10/site-packages/kafka/client_async.py", line 262, in __init__
[2026-01-10T17:29:06.187+0000] {subprocess.py:93} INFO -     self.config['api_version'] = self.check_version()
[2026-01-10T17:29:06.189+0000] {subprocess.py:93} INFO -   File "/home/***/.local/lib/python3.10/site-packages/kafka/client_async.py", line 1076, in check_version
[2026-01-10T17:29:06.194+0000] {subprocess.py:93} INFO -     raise Errors.NoBrokersAvailable()
[2026-01-10T17:29:06.198+0000] {subprocess.py:93} INFO - kafka.errors.NoBrokersAvailable: NoBrokersAvailable
[2026-01-10T17:29:06.405+0000] {subprocess.py:97} INFO - Command exited with return code 1
[2026-01-10T17:29:06.487+0000] {taskinstance.py:2698} ERROR - Task failed with exception
Traceback (most recent call last):
  File "/home/airflow/.local/lib/python3.10/site-packages/airflow/models/taskinstance.py", line 433, in _execute_task
    result = execute_callable(context=context, **execute_callable_kwargs)
  File "/home/airflow/.local/lib/python3.10/site-packages/airflow/operators/bash.py", line 212, in execute
    raise AirflowException(
airflow.exceptions.AirflowException: Bash command failed. The command returned a non-zero exit code 1.
[2026-01-10T17:29:06.511+0000] {taskinstance.py:1138} INFO - Marking task as FAILED. dag_id=streamflow_main, task_id=kafka_consumers, execution_date=20260110T172841, start_date=20260110T172847, end_date=20260110T172906
[2026-01-10T17:29:06.640+0000] {standard_task_runner.py:107} ERROR - Failed to execute job 4 for task kafka_consumers (Bash command failed. The command returned a non-zero exit code 1.; 551)
[2026-01-10T17:29:06.692+0000] {local_task_job_runner.py:234} INFO - Task exited with return code 1
[2026-01-10T17:29:06.842+0000] {taskinstance.py:3280} INFO - 0 downstream tasks scheduled from follow-on schedule check
