[2026-01-10T18:59:37.566+0000] {taskinstance.py:1956} INFO - Dependencies all met for dep_context=non-requeueable deps ti=<TaskInstance: streamflow_main.Spark_Submit manual__2026-01-10T18:59:25.088720+00:00 [queued]>
[2026-01-10T18:59:37.576+0000] {taskinstance.py:1956} INFO - Dependencies all met for dep_context=requeueable deps ti=<TaskInstance: streamflow_main.Spark_Submit manual__2026-01-10T18:59:25.088720+00:00 [queued]>
[2026-01-10T18:59:37.577+0000] {taskinstance.py:2170} INFO - Starting attempt 1 of 1
[2026-01-10T18:59:37.592+0000] {taskinstance.py:2191} INFO - Executing <Task(BashOperator): Spark_Submit> on 2026-01-10 18:59:25.088720+00:00
[2026-01-10T18:59:37.598+0000] {standard_task_runner.py:60} INFO - Started process 1246 to run task
[2026-01-10T18:59:37.601+0000] {standard_task_runner.py:87} INFO - Running: ['***', 'tasks', 'run', 'streamflow_main', 'Spark_Submit', 'manual__2026-01-10T18:59:25.088720+00:00', '--job-id', '14', '--raw', '--subdir', 'DAGS_FOLDER/dag_streamflow.py', '--cfg-path', '/tmp/tmpg7rc84xz']
[2026-01-10T18:59:37.603+0000] {standard_task_runner.py:88} INFO - Job 14: Subtask Spark_Submit
[2026-01-10T18:59:37.654+0000] {task_command.py:423} INFO - Running <TaskInstance: streamflow_main.Spark_Submit manual__2026-01-10T18:59:25.088720+00:00 [running]> on host e997e4968980
[2026-01-10T18:59:37.748+0000] {taskinstance.py:2480} INFO - Exporting env vars: AIRFLOW_CTX_DAG_OWNER='student' AIRFLOW_CTX_DAG_ID='streamflow_main' AIRFLOW_CTX_TASK_ID='Spark_Submit' AIRFLOW_CTX_EXECUTION_DATE='2026-01-10T18:59:25.088720+00:00' AIRFLOW_CTX_TRY_NUMBER='1' AIRFLOW_CTX_DAG_RUN_ID='manual__2026-01-10T18:59:25.088720+00:00'
[2026-01-10T18:59:37.749+0000] {subprocess.py:63} INFO - Tmp dir root location: /tmp
[2026-01-10T18:59:37.751+0000] {subprocess.py:75} INFO - Running command: ['/usr/bin/bash', '-c', '\n            spark-submit                 --master spark://spark-master:7077                 /opt/spark-jobs/etl_job.py\n        ']
[2026-01-10T18:59:37.761+0000] {subprocess.py:86} INFO - Output:
[2026-01-10T18:59:37.774+0000] {subprocess.py:93} INFO - /opt/spark/bin/load-spark-env.sh: line 68: ps: command not found
[2026-01-10T18:59:40.382+0000] {subprocess.py:93} INFO - 26/01/10 18:59:40 INFO SparkContext: Running Spark version 3.5.0
[2026-01-10T18:59:40.385+0000] {subprocess.py:93} INFO - 26/01/10 18:59:40 INFO SparkContext: OS info Linux, 5.15.167.4-microsoft-standard-WSL2, amd64
[2026-01-10T18:59:40.387+0000] {subprocess.py:93} INFO - 26/01/10 18:59:40 INFO SparkContext: Java version 17.0.17
[2026-01-10T18:59:40.441+0000] {subprocess.py:93} INFO - 26/01/10 18:59:40 WARN NativeCodeLoader: Unable to load native-hadoop library for your platform... using builtin-java classes where applicable
[2026-01-10T18:59:40.587+0000] {subprocess.py:93} INFO - 26/01/10 18:59:40 INFO ResourceUtils: ==============================================================
[2026-01-10T18:59:40.591+0000] {subprocess.py:93} INFO - 26/01/10 18:59:40 INFO ResourceUtils: No custom resources configured for spark.driver.
[2026-01-10T18:59:40.593+0000] {subprocess.py:93} INFO - 26/01/10 18:59:40 INFO ResourceUtils: ==============================================================
[2026-01-10T18:59:40.594+0000] {subprocess.py:93} INFO - 26/01/10 18:59:40 INFO SparkContext: Submitted application: ETL_job
[2026-01-10T18:59:40.639+0000] {subprocess.py:93} INFO - 26/01/10 18:59:40 INFO ResourceProfile: Default ResourceProfile created, executor resources: Map(cores -> name: cores, amount: 1, script: , vendor: , memory -> name: memory, amount: 1024, script: , vendor: , offHeap -> name: offHeap, amount: 0, script: , vendor: ), task resources: Map(cpus -> name: cpus, amount: 1.0)
[2026-01-10T18:59:40.663+0000] {subprocess.py:93} INFO - 26/01/10 18:59:40 INFO ResourceProfile: Limiting resource is cpu
[2026-01-10T18:59:40.665+0000] {subprocess.py:93} INFO - 26/01/10 18:59:40 INFO ResourceProfileManager: Added ResourceProfile id: 0
[2026-01-10T18:59:40.748+0000] {subprocess.py:93} INFO - 26/01/10 18:59:40 INFO SecurityManager: Changing view acls to: root
[2026-01-10T18:59:40.749+0000] {subprocess.py:93} INFO - 26/01/10 18:59:40 INFO SecurityManager: Changing modify acls to: root
[2026-01-10T18:59:40.750+0000] {subprocess.py:93} INFO - 26/01/10 18:59:40 INFO SecurityManager: Changing view acls groups to:
[2026-01-10T18:59:40.751+0000] {subprocess.py:93} INFO - 26/01/10 18:59:40 INFO SecurityManager: Changing modify acls groups to:
[2026-01-10T18:59:40.751+0000] {subprocess.py:93} INFO - 26/01/10 18:59:40 INFO SecurityManager: SecurityManager: authentication disabled; ui acls disabled; users with view permissions: root; groups with view permissions: EMPTY; users with modify permissions: root; groups with modify permissions: EMPTY
[2026-01-10T18:59:40.972+0000] {subprocess.py:93} INFO - 26/01/10 18:59:40 INFO Utils: Successfully started service 'sparkDriver' on port 34977.
[2026-01-10T18:59:41.002+0000] {subprocess.py:93} INFO - 26/01/10 18:59:41 INFO SparkEnv: Registering MapOutputTracker
[2026-01-10T18:59:41.039+0000] {subprocess.py:93} INFO - 26/01/10 18:59:41 INFO SparkEnv: Registering BlockManagerMaster
[2026-01-10T18:59:41.065+0000] {subprocess.py:93} INFO - 26/01/10 18:59:41 INFO BlockManagerMasterEndpoint: Using org.apache.spark.storage.DefaultTopologyMapper for getting topology information
[2026-01-10T18:59:41.066+0000] {subprocess.py:93} INFO - 26/01/10 18:59:41 INFO BlockManagerMasterEndpoint: BlockManagerMasterEndpoint up
[2026-01-10T18:59:41.073+0000] {subprocess.py:93} INFO - 26/01/10 18:59:41 INFO SparkEnv: Registering BlockManagerMasterHeartbeat
[2026-01-10T18:59:41.109+0000] {subprocess.py:93} INFO - 26/01/10 18:59:41 INFO DiskBlockManager: Created local directory at /tmp/blockmgr-ffec1a73-d7d2-4a16-9676-e76dfd84ad60
[2026-01-10T18:59:41.140+0000] {subprocess.py:93} INFO - 26/01/10 18:59:41 INFO MemoryStore: MemoryStore started with capacity 434.4 MiB
[2026-01-10T18:59:41.168+0000] {subprocess.py:93} INFO - 26/01/10 18:59:41 INFO SparkEnv: Registering OutputCommitCoordinator
[2026-01-10T18:59:41.345+0000] {subprocess.py:93} INFO - 26/01/10 18:59:41 INFO JettyUtils: Start Jetty 0.0.0.0:4040 for SparkUI
[2026-01-10T18:59:41.430+0000] {subprocess.py:93} INFO - 26/01/10 18:59:41 INFO Utils: Successfully started service 'SparkUI' on port 4040.
[2026-01-10T18:59:41.600+0000] {subprocess.py:93} INFO - 26/01/10 18:59:41 INFO Executor: Starting executor ID driver on host e997e4968980
[2026-01-10T18:59:41.601+0000] {subprocess.py:93} INFO - 26/01/10 18:59:41 INFO Executor: OS info Linux, 5.15.167.4-microsoft-standard-WSL2, amd64
[2026-01-10T18:59:41.601+0000] {subprocess.py:93} INFO - 26/01/10 18:59:41 INFO Executor: Java version 17.0.17
[2026-01-10T18:59:41.611+0000] {subprocess.py:93} INFO - 26/01/10 18:59:41 INFO Executor: Starting executor with user classpath (userClassPathFirst = false): ''
[2026-01-10T18:59:41.612+0000] {subprocess.py:93} INFO - 26/01/10 18:59:41 INFO Executor: Created or updated repl class loader org.apache.spark.util.MutableURLClassLoader@1faf168b for default.
[2026-01-10T18:59:41.646+0000] {subprocess.py:93} INFO - 26/01/10 18:59:41 INFO Utils: Successfully started service 'org.apache.spark.network.netty.NettyBlockTransferService' on port 40885.
[2026-01-10T18:59:41.647+0000] {subprocess.py:93} INFO - 26/01/10 18:59:41 INFO NettyBlockTransferService: Server created on e997e4968980:40885
[2026-01-10T18:59:41.649+0000] {subprocess.py:93} INFO - 26/01/10 18:59:41 INFO BlockManager: Using org.apache.spark.storage.RandomBlockReplicationPolicy for block replication policy
[2026-01-10T18:59:41.656+0000] {subprocess.py:93} INFO - 26/01/10 18:59:41 INFO BlockManagerMaster: Registering BlockManager BlockManagerId(driver, e997e4968980, 40885, None)
[2026-01-10T18:59:41.663+0000] {subprocess.py:93} INFO - 26/01/10 18:59:41 INFO BlockManagerMasterEndpoint: Registering block manager e997e4968980:40885 with 434.4 MiB RAM, BlockManagerId(driver, e997e4968980, 40885, None)
[2026-01-10T18:59:41.666+0000] {subprocess.py:93} INFO - 26/01/10 18:59:41 INFO BlockManagerMaster: Registered BlockManager BlockManagerId(driver, e997e4968980, 40885, None)
[2026-01-10T18:59:41.667+0000] {subprocess.py:93} INFO - 26/01/10 18:59:41 INFO BlockManager: Initialized BlockManager: BlockManagerId(driver, e997e4968980, 40885, None)
[2026-01-10T18:59:42.288+0000] {subprocess.py:93} INFO - 26/01/10 18:59:42 INFO SharedState: Setting hive.metastore.warehouse.dir ('null') to the value of spark.sql.warehouse.dir.
[2026-01-10T18:59:42.295+0000] {subprocess.py:93} INFO - 26/01/10 18:59:42 INFO SharedState: Warehouse path is 'file:/tmp/***tmpwg_6m7z9/spark-warehouse'.
[2026-01-10T18:59:43.544+0000] {subprocess.py:93} INFO - 26/01/10 18:59:43 INFO InMemoryFileIndex: It took 93 ms to list leaf files for 1 paths.
[2026-01-10T18:59:43.678+0000] {subprocess.py:93} INFO - 26/01/10 18:59:43 INFO InMemoryFileIndex: It took 16 ms to list leaf files for 1 paths.
[2026-01-10T18:59:46.299+0000] {subprocess.py:93} INFO - 26/01/10 18:59:46 INFO FileSourceStrategy: Pushed Filters:
[2026-01-10T18:59:46.311+0000] {subprocess.py:93} INFO - 26/01/10 18:59:46 INFO FileSourceStrategy: Post-Scan Filters:
[2026-01-10T18:59:46.650+0000] {subprocess.py:93} INFO - 26/01/10 18:59:46 INFO MemoryStore: Block broadcast_0 stored as values in memory (estimated size 199.2 KiB, free 434.2 MiB)
[2026-01-10T18:59:46.722+0000] {subprocess.py:93} INFO - 26/01/10 18:59:46 INFO MemoryStore: Block broadcast_0_piece0 stored as bytes in memory (estimated size 34.2 KiB, free 434.2 MiB)
[2026-01-10T18:59:46.727+0000] {subprocess.py:93} INFO - 26/01/10 18:59:46 INFO BlockManagerInfo: Added broadcast_0_piece0 in memory on e997e4968980:40885 (size: 34.2 KiB, free: 434.4 MiB)
[2026-01-10T18:59:46.731+0000] {subprocess.py:93} INFO - 26/01/10 18:59:46 INFO SparkContext: Created broadcast 0 from json at NativeMethodAccessorImpl.java:0
[2026-01-10T18:59:46.745+0000] {subprocess.py:93} INFO - 26/01/10 18:59:46 INFO FileSourceScanExec: Planning scan with bin packing, max size: 4194304 bytes, open cost is considered as scanning 4194304 bytes.
[2026-01-10T18:59:46.934+0000] {subprocess.py:93} INFO - 26/01/10 18:59:46 INFO SparkContext: Starting job: json at NativeMethodAccessorImpl.java:0
[2026-01-10T18:59:46.952+0000] {subprocess.py:93} INFO - 26/01/10 18:59:46 INFO DAGScheduler: Got job 0 (json at NativeMethodAccessorImpl.java:0) with 1 output partitions
[2026-01-10T18:59:46.953+0000] {subprocess.py:93} INFO - 26/01/10 18:59:46 INFO DAGScheduler: Final stage: ResultStage 0 (json at NativeMethodAccessorImpl.java:0)
[2026-01-10T18:59:46.955+0000] {subprocess.py:93} INFO - 26/01/10 18:59:46 INFO DAGScheduler: Parents of final stage: List()
[2026-01-10T18:59:46.956+0000] {subprocess.py:93} INFO - 26/01/10 18:59:46 INFO DAGScheduler: Missing parents: List()
[2026-01-10T18:59:46.960+0000] {subprocess.py:93} INFO - 26/01/10 18:59:46 INFO DAGScheduler: Submitting ResultStage 0 (MapPartitionsRDD[3] at json at NativeMethodAccessorImpl.java:0), which has no missing parents
[2026-01-10T18:59:47.054+0000] {subprocess.py:93} INFO - 26/01/10 18:59:47 INFO MemoryStore: Block broadcast_1 stored as values in memory (estimated size 16.0 KiB, free 434.2 MiB)
[2026-01-10T18:59:47.057+0000] {subprocess.py:93} INFO - 26/01/10 18:59:47 INFO MemoryStore: Block broadcast_1_piece0 stored as bytes in memory (estimated size 7.5 KiB, free 434.1 MiB)
[2026-01-10T18:59:47.058+0000] {subprocess.py:93} INFO - 26/01/10 18:59:47 INFO BlockManagerInfo: Added broadcast_1_piece0 in memory on e997e4968980:40885 (size: 7.5 KiB, free: 434.4 MiB)
[2026-01-10T18:59:47.059+0000] {subprocess.py:93} INFO - 26/01/10 18:59:47 INFO SparkContext: Created broadcast 1 from broadcast at DAGScheduler.scala:1580
[2026-01-10T18:59:47.077+0000] {subprocess.py:93} INFO - 26/01/10 18:59:47 INFO DAGScheduler: Submitting 1 missing tasks from ResultStage 0 (MapPartitionsRDD[3] at json at NativeMethodAccessorImpl.java:0) (first 15 tasks are for partitions Vector(0))
[2026-01-10T18:59:47.078+0000] {subprocess.py:93} INFO - 26/01/10 18:59:47 INFO TaskSchedulerImpl: Adding task set 0.0 with 1 tasks resource profile 0
[2026-01-10T18:59:47.153+0000] {subprocess.py:93} INFO - 26/01/10 18:59:47 INFO TaskSetManager: Starting task 0.0 in stage 0.0 (TID 0) (e997e4968980, executor driver, partition 0, PROCESS_LOCAL, 8251 bytes)
[2026-01-10T18:59:47.172+0000] {subprocess.py:93} INFO - 26/01/10 18:59:47 INFO Executor: Running task 0.0 in stage 0.0 (TID 0)
[2026-01-10T18:59:47.301+0000] {subprocess.py:93} INFO - 26/01/10 18:59:47 INFO FileScanRDD: Reading File path: file:///opt/spark-data/landing/transaction_events_1768070270.2180772.json, range: 0-105957, partition values: [empty row]
[2026-01-10T18:59:47.596+0000] {subprocess.py:93} INFO - 26/01/10 18:59:47 INFO CodeGenerator: Code generated in 252.732885 ms
[2026-01-10T18:59:47.736+0000] {subprocess.py:93} INFO - 26/01/10 18:59:47 INFO Executor: Finished task 0.0 in stage 0.0 (TID 0). 3040 bytes result sent to driver
[2026-01-10T18:59:47.747+0000] {subprocess.py:93} INFO - 26/01/10 18:59:47 INFO TaskSetManager: Finished task 0.0 in stage 0.0 (TID 0) in 609 ms on e997e4968980 (executor driver) (1/1)
[2026-01-10T18:59:47.749+0000] {subprocess.py:93} INFO - 26/01/10 18:59:47 INFO TaskSchedulerImpl: Removed TaskSet 0.0, whose tasks have all completed, from pool
[2026-01-10T18:59:47.756+0000] {subprocess.py:93} INFO - 26/01/10 18:59:47 INFO DAGScheduler: ResultStage 0 (json at NativeMethodAccessorImpl.java:0) finished in 0.781 s
[2026-01-10T18:59:47.758+0000] {subprocess.py:93} INFO - 26/01/10 18:59:47 INFO DAGScheduler: Job 0 is finished. Cancelling potential speculative or zombie tasks for this job
[2026-01-10T18:59:47.760+0000] {subprocess.py:93} INFO - 26/01/10 18:59:47 INFO TaskSchedulerImpl: Killing all running tasks in stage 0: Stage finished
[2026-01-10T18:59:47.762+0000] {subprocess.py:93} INFO - 26/01/10 18:59:47 INFO DAGScheduler: Job 0 finished: json at NativeMethodAccessorImpl.java:0, took 0.826858 s
[2026-01-10T18:59:47.912+0000] {subprocess.py:93} INFO - 26/01/10 18:59:47 INFO InMemoryFileIndex: It took 19 ms to list leaf files for 1 paths.
[2026-01-10T18:59:47.932+0000] {subprocess.py:93} INFO - 26/01/10 18:59:47 INFO InMemoryFileIndex: It took 4 ms to list leaf files for 1 paths.
[2026-01-10T18:59:47.977+0000] {subprocess.py:93} INFO - 26/01/10 18:59:47 INFO FileSourceStrategy: Pushed Filters:
[2026-01-10T18:59:47.978+0000] {subprocess.py:93} INFO - 26/01/10 18:59:47 INFO FileSourceStrategy: Post-Scan Filters:
[2026-01-10T18:59:47.983+0000] {subprocess.py:93} INFO - 26/01/10 18:59:47 INFO MemoryStore: Block broadcast_2 stored as values in memory (estimated size 199.2 KiB, free 434.0 MiB)
[2026-01-10T18:59:47.994+0000] {subprocess.py:93} INFO - 26/01/10 18:59:47 INFO MemoryStore: Block broadcast_2_piece0 stored as bytes in memory (estimated size 34.2 KiB, free 433.9 MiB)
[2026-01-10T18:59:47.997+0000] {subprocess.py:93} INFO - 26/01/10 18:59:47 INFO BlockManagerInfo: Added broadcast_2_piece0 in memory on e997e4968980:40885 (size: 34.2 KiB, free: 434.3 MiB)
[2026-01-10T18:59:47.998+0000] {subprocess.py:93} INFO - 26/01/10 18:59:47 INFO SparkContext: Created broadcast 2 from json at NativeMethodAccessorImpl.java:0
[2026-01-10T18:59:47.999+0000] {subprocess.py:93} INFO - 26/01/10 18:59:47 INFO FileSourceScanExec: Planning scan with bin packing, max size: 4194304 bytes, open cost is considered as scanning 4194304 bytes.
[2026-01-10T18:59:48.010+0000] {subprocess.py:93} INFO - 26/01/10 18:59:48 INFO SparkContext: Starting job: json at NativeMethodAccessorImpl.java:0
[2026-01-10T18:59:48.012+0000] {subprocess.py:93} INFO - 26/01/10 18:59:48 INFO DAGScheduler: Got job 1 (json at NativeMethodAccessorImpl.java:0) with 1 output partitions
[2026-01-10T18:59:48.013+0000] {subprocess.py:93} INFO - 26/01/10 18:59:48 INFO DAGScheduler: Final stage: ResultStage 1 (json at NativeMethodAccessorImpl.java:0)
[2026-01-10T18:59:48.014+0000] {subprocess.py:93} INFO - 26/01/10 18:59:48 INFO DAGScheduler: Parents of final stage: List()
[2026-01-10T18:59:48.014+0000] {subprocess.py:93} INFO - 26/01/10 18:59:48 INFO DAGScheduler: Missing parents: List()
[2026-01-10T18:59:48.015+0000] {subprocess.py:93} INFO - 26/01/10 18:59:48 INFO DAGScheduler: Submitting ResultStage 1 (MapPartitionsRDD[7] at json at NativeMethodAccessorImpl.java:0), which has no missing parents
[2026-01-10T18:59:48.017+0000] {subprocess.py:93} INFO - 26/01/10 18:59:48 INFO MemoryStore: Block broadcast_3 stored as values in memory (estimated size 16.0 KiB, free 433.9 MiB)
[2026-01-10T18:59:48.019+0000] {subprocess.py:93} INFO - 26/01/10 18:59:48 INFO MemoryStore: Block broadcast_3_piece0 stored as bytes in memory (estimated size 7.5 KiB, free 433.9 MiB)
[2026-01-10T18:59:48.020+0000] {subprocess.py:93} INFO - 26/01/10 18:59:48 INFO BlockManagerInfo: Added broadcast_3_piece0 in memory on e997e4968980:40885 (size: 7.5 KiB, free: 434.3 MiB)
[2026-01-10T18:59:48.021+0000] {subprocess.py:93} INFO - 26/01/10 18:59:48 INFO SparkContext: Created broadcast 3 from broadcast at DAGScheduler.scala:1580
[2026-01-10T18:59:48.022+0000] {subprocess.py:93} INFO - 26/01/10 18:59:48 INFO DAGScheduler: Submitting 1 missing tasks from ResultStage 1 (MapPartitionsRDD[7] at json at NativeMethodAccessorImpl.java:0) (first 15 tasks are for partitions Vector(0))
[2026-01-10T18:59:48.023+0000] {subprocess.py:93} INFO - 26/01/10 18:59:48 INFO TaskSchedulerImpl: Adding task set 1.0 with 1 tasks resource profile 0
[2026-01-10T18:59:48.025+0000] {subprocess.py:93} INFO - 26/01/10 18:59:48 INFO TaskSetManager: Starting task 0.0 in stage 1.0 (TID 1) (e997e4968980, executor driver, partition 0, PROCESS_LOCAL, 8244 bytes)
[2026-01-10T18:59:48.026+0000] {subprocess.py:93} INFO - 26/01/10 18:59:48 INFO Executor: Running task 0.0 in stage 1.0 (TID 1)
[2026-01-10T18:59:48.034+0000] {subprocess.py:93} INFO - 26/01/10 18:59:48 INFO FileScanRDD: Reading File path: file:///opt/spark-data/landing/user_events_1768070270.2175364.json, range: 0-72480, partition values: [empty row]
[2026-01-10T18:59:48.093+0000] {subprocess.py:93} INFO - 26/01/10 18:59:48 INFO Executor: Finished task 0.0 in stage 1.0 (TID 1). 2444 bytes result sent to driver
[2026-01-10T18:59:48.096+0000] {subprocess.py:93} INFO - 26/01/10 18:59:48 INFO TaskSetManager: Finished task 0.0 in stage 1.0 (TID 1) in 72 ms on e997e4968980 (executor driver) (1/1)
[2026-01-10T18:59:48.097+0000] {subprocess.py:93} INFO - 26/01/10 18:59:48 INFO TaskSchedulerImpl: Removed TaskSet 1.0, whose tasks have all completed, from pool
[2026-01-10T18:59:48.097+0000] {subprocess.py:93} INFO - 26/01/10 18:59:48 INFO DAGScheduler: ResultStage 1 (json at NativeMethodAccessorImpl.java:0) finished in 0.083 s
[2026-01-10T18:59:48.098+0000] {subprocess.py:93} INFO - 26/01/10 18:59:48 INFO DAGScheduler: Job 1 is finished. Cancelling potential speculative or zombie tasks for this job
[2026-01-10T18:59:48.099+0000] {subprocess.py:93} INFO - 26/01/10 18:59:48 INFO TaskSchedulerImpl: Killing all running tasks in stage 1: Stage finished
[2026-01-10T18:59:48.100+0000] {subprocess.py:93} INFO - 26/01/10 18:59:48 INFO DAGScheduler: Job 1 finished: json at NativeMethodAccessorImpl.java:0, took 0.087125 s
[2026-01-10T18:59:48.889+0000] {subprocess.py:93} INFO - 26/01/10 18:59:48 INFO FileSourceStrategy: Pushed Filters: IsNotNull(user_id),IsNotNull(products)
[2026-01-10T18:59:48.891+0000] {subprocess.py:93} INFO - 26/01/10 18:59:48 INFO FileSourceStrategy: Post-Scan Filters: isnotnull(user_id#21),(size(products#12, true) > 0),isnotnull(products#12)
[2026-01-10T18:59:48.896+0000] {subprocess.py:93} INFO - 26/01/10 18:59:48 INFO FileSourceStrategy: Pushed Filters: IsNotNull(user_id),IsNotNull(product_id)
[2026-01-10T18:59:48.897+0000] {subprocess.py:93} INFO - 26/01/10 18:59:48 INFO FileSourceStrategy: Post-Scan Filters: isnotnull(user_id#58),isnotnull(product_id#53)
[2026-01-10T18:59:49.085+0000] {subprocess.py:93} INFO - 26/01/10 18:59:49 INFO CodeGenerator: Code generated in 19.882157 ms
[2026-01-10T18:59:49.089+0000] {subprocess.py:93} INFO - 26/01/10 18:59:49 INFO MemoryStore: Block broadcast_4 stored as values in memory (estimated size 199.1 KiB, free 433.7 MiB)
[2026-01-10T18:59:49.101+0000] {subprocess.py:93} INFO - 26/01/10 18:59:49 INFO MemoryStore: Block broadcast_4_piece0 stored as bytes in memory (estimated size 34.1 KiB, free 433.7 MiB)
[2026-01-10T18:59:49.102+0000] {subprocess.py:93} INFO - 26/01/10 18:59:49 INFO BlockManagerInfo: Added broadcast_4_piece0 in memory on e997e4968980:40885 (size: 34.1 KiB, free: 434.3 MiB)
[2026-01-10T18:59:49.103+0000] {subprocess.py:93} INFO - 26/01/10 18:59:49 INFO SparkContext: Created broadcast 4 from $anonfun$withThreadLocalCaptured$1 at FutureTask.java:264
[2026-01-10T18:59:49.108+0000] {subprocess.py:93} INFO - 26/01/10 18:59:49 INFO FileSourceScanExec: Planning scan with bin packing, max size: 4194304 bytes, open cost is considered as scanning 4194304 bytes.
[2026-01-10T18:59:49.142+0000] {subprocess.py:93} INFO - 26/01/10 18:59:49 INFO SparkContext: Starting job: $anonfun$withThreadLocalCaptured$1 at FutureTask.java:264
[2026-01-10T18:59:49.144+0000] {subprocess.py:93} INFO - 26/01/10 18:59:49 INFO DAGScheduler: Got job 2 ($anonfun$withThreadLocalCaptured$1 at FutureTask.java:264) with 1 output partitions
[2026-01-10T18:59:49.145+0000] {subprocess.py:93} INFO - 26/01/10 18:59:49 INFO DAGScheduler: Final stage: ResultStage 2 ($anonfun$withThreadLocalCaptured$1 at FutureTask.java:264)
[2026-01-10T18:59:49.146+0000] {subprocess.py:93} INFO - 26/01/10 18:59:49 INFO DAGScheduler: Parents of final stage: List()
[2026-01-10T18:59:49.146+0000] {subprocess.py:93} INFO - 26/01/10 18:59:49 INFO DAGScheduler: Missing parents: List()
[2026-01-10T18:59:49.147+0000] {subprocess.py:93} INFO - 26/01/10 18:59:49 INFO DAGScheduler: Submitting ResultStage 2 (MapPartitionsRDD[11] at $anonfun$withThreadLocalCaptured$1 at FutureTask.java:264), which has no missing parents
[2026-01-10T18:59:49.148+0000] {subprocess.py:93} INFO - 26/01/10 18:59:49 INFO MemoryStore: Block broadcast_5 stored as values in memory (estimated size 15.6 KiB, free 433.7 MiB)
[2026-01-10T18:59:49.157+0000] {subprocess.py:93} INFO - 26/01/10 18:59:49 INFO MemoryStore: Block broadcast_5_piece0 stored as bytes in memory (estimated size 7.4 KiB, free 433.6 MiB)
[2026-01-10T18:59:49.158+0000] {subprocess.py:93} INFO - 26/01/10 18:59:49 INFO BlockManagerInfo: Added broadcast_5_piece0 in memory on e997e4968980:40885 (size: 7.4 KiB, free: 434.3 MiB)
[2026-01-10T18:59:49.160+0000] {subprocess.py:93} INFO - 26/01/10 18:59:49 INFO SparkContext: Created broadcast 5 from broadcast at DAGScheduler.scala:1580
[2026-01-10T18:59:49.161+0000] {subprocess.py:93} INFO - 26/01/10 18:59:49 INFO DAGScheduler: Submitting 1 missing tasks from ResultStage 2 (MapPartitionsRDD[11] at $anonfun$withThreadLocalCaptured$1 at FutureTask.java:264) (first 15 tasks are for partitions Vector(0))
[2026-01-10T18:59:49.161+0000] {subprocess.py:93} INFO - 26/01/10 18:59:49 INFO TaskSchedulerImpl: Adding task set 2.0 with 1 tasks resource profile 0
[2026-01-10T18:59:49.163+0000] {subprocess.py:93} INFO - 26/01/10 18:59:49 INFO TaskSetManager: Starting task 0.0 in stage 2.0 (TID 2) (e997e4968980, executor driver, partition 0, PROCESS_LOCAL, 8244 bytes)
[2026-01-10T18:59:49.165+0000] {subprocess.py:93} INFO - 26/01/10 18:59:49 INFO Executor: Running task 0.0 in stage 2.0 (TID 2)
[2026-01-10T18:59:49.183+0000] {subprocess.py:93} INFO - 26/01/10 18:59:49 INFO BlockManagerInfo: Removed broadcast_2_piece0 on e997e4968980:40885 in memory (size: 34.2 KiB, free: 434.3 MiB)
[2026-01-10T18:59:49.197+0000] {subprocess.py:93} INFO - 26/01/10 18:59:49 INFO BlockManagerInfo: Removed broadcast_3_piece0 on e997e4968980:40885 in memory (size: 7.5 KiB, free: 434.3 MiB)
[2026-01-10T18:59:49.199+0000] {subprocess.py:93} INFO - 26/01/10 18:59:49 INFO CodeGenerator: Code generated in 16.094855 ms
[2026-01-10T18:59:49.204+0000] {subprocess.py:93} INFO - 26/01/10 18:59:49 INFO FileScanRDD: Reading File path: file:///opt/spark-data/landing/user_events_1768070270.2175364.json, range: 0-72480, partition values: [empty row]
[2026-01-10T18:59:49.218+0000] {subprocess.py:93} INFO - 26/01/10 18:59:49 INFO CodeGenerator: Code generated in 10.545744 ms
[2026-01-10T18:59:49.249+0000] {subprocess.py:93} INFO - 26/01/10 18:59:49 INFO CodeGenerator: Code generated in 5.097413 ms
[2026-01-10T18:59:49.257+0000] {subprocess.py:93} INFO - 26/01/10 18:59:49 INFO CodeGenerator: Code generated in 6.18275 ms
[2026-01-10T18:59:49.337+0000] {subprocess.py:93} INFO - 26/01/10 18:59:49 INFO Executor: Finished task 0.0 in stage 2.0 (TID 2). 3221 bytes result sent to driver
[2026-01-10T18:59:49.339+0000] {subprocess.py:93} INFO - 26/01/10 18:59:49 INFO TaskSetManager: Finished task 0.0 in stage 2.0 (TID 2) in 177 ms on e997e4968980 (executor driver) (1/1)
[2026-01-10T18:59:49.340+0000] {subprocess.py:93} INFO - 26/01/10 18:59:49 INFO TaskSchedulerImpl: Removed TaskSet 2.0, whose tasks have all completed, from pool
[2026-01-10T18:59:49.341+0000] {subprocess.py:93} INFO - 26/01/10 18:59:49 INFO DAGScheduler: ResultStage 2 ($anonfun$withThreadLocalCaptured$1 at FutureTask.java:264) finished in 0.195 s
[2026-01-10T18:59:49.342+0000] {subprocess.py:93} INFO - 26/01/10 18:59:49 INFO DAGScheduler: Job 2 is finished. Cancelling potential speculative or zombie tasks for this job
[2026-01-10T18:59:49.344+0000] {subprocess.py:93} INFO - 26/01/10 18:59:49 INFO TaskSchedulerImpl: Killing all running tasks in stage 2: Stage finished
[2026-01-10T18:59:49.345+0000] {subprocess.py:93} INFO - 26/01/10 18:59:49 INFO DAGScheduler: Job 2 finished: $anonfun$withThreadLocalCaptured$1 at FutureTask.java:264, took 0.199232 s
[2026-01-10T18:59:49.369+0000] {subprocess.py:93} INFO - 26/01/10 18:59:49 INFO CodeGenerator: Code generated in 7.996349 ms
[2026-01-10T18:59:49.383+0000] {subprocess.py:93} INFO - 26/01/10 18:59:49 INFO BlockManagerInfo: Removed broadcast_5_piece0 on e997e4968980:40885 in memory (size: 7.4 KiB, free: 434.3 MiB)
[2026-01-10T18:59:49.386+0000] {subprocess.py:93} INFO - 26/01/10 18:59:49 INFO MemoryStore: Block broadcast_6 stored as values in memory (estimated size 1026.0 KiB, free 432.9 MiB)
[2026-01-10T18:59:49.397+0000] {subprocess.py:93} INFO - 26/01/10 18:59:49 INFO MemoryStore: Block broadcast_6_piece0 stored as bytes in memory (estimated size 2.4 KiB, free 432.9 MiB)
[2026-01-10T18:59:49.399+0000] {subprocess.py:93} INFO - 26/01/10 18:59:49 INFO BlockManagerInfo: Added broadcast_6_piece0 in memory on e997e4968980:40885 (size: 2.4 KiB, free: 434.3 MiB)
[2026-01-10T18:59:49.400+0000] {subprocess.py:93} INFO - 26/01/10 18:59:49 INFO SparkContext: Created broadcast 6 from $anonfun$withThreadLocalCaptured$1 at FutureTask.java:264
[2026-01-10T18:59:49.421+0000] {subprocess.py:93} INFO - 26/01/10 18:59:49 INFO FileSourceStrategy: Pushed Filters: IsNotNull(user_id),IsNotNull(products)
[2026-01-10T18:59:49.422+0000] {subprocess.py:93} INFO - 26/01/10 18:59:49 INFO FileSourceStrategy: Post-Scan Filters: isnotnull(user_id#21),(size(products#12, true) > 0),isnotnull(products#12)
[2026-01-10T18:59:49.490+0000] {subprocess.py:93} INFO - 26/01/10 18:59:49 INFO FileOutputCommitter: File Output Committer Algorithm version is 1
[2026-01-10T18:59:49.490+0000] {subprocess.py:93} INFO - 26/01/10 18:59:49 INFO FileOutputCommitter: FileOutputCommitter skip cleanup _temporary folders under output directory:false, ignore cleanup failures: false
[2026-01-10T18:59:49.491+0000] {subprocess.py:93} INFO - 26/01/10 18:59:49 INFO SQLHadoopMapReduceCommitProtocol: Using output committer class org.apache.hadoop.mapreduce.lib.output.FileOutputCommitter
[2026-01-10T18:59:49.716+0000] {subprocess.py:93} INFO - 26/01/10 18:59:49 INFO CodeGenerator: Code generated in 51.417756 ms
[2026-01-10T18:59:49.720+0000] {subprocess.py:93} INFO - 26/01/10 18:59:49 INFO MemoryStore: Block broadcast_7 stored as values in memory (estimated size 199.1 KiB, free 432.7 MiB)
[2026-01-10T18:59:49.735+0000] {subprocess.py:93} INFO - 26/01/10 18:59:49 INFO MemoryStore: Block broadcast_7_piece0 stored as bytes in memory (estimated size 34.1 KiB, free 432.7 MiB)
[2026-01-10T18:59:49.736+0000] {subprocess.py:93} INFO - 26/01/10 18:59:49 INFO BlockManagerInfo: Added broadcast_7_piece0 in memory on e997e4968980:40885 (size: 34.1 KiB, free: 434.3 MiB)
[2026-01-10T18:59:49.737+0000] {subprocess.py:93} INFO - 26/01/10 18:59:49 INFO SparkContext: Created broadcast 7 from csv at NativeMethodAccessorImpl.java:0
[2026-01-10T18:59:49.739+0000] {subprocess.py:93} INFO - 26/01/10 18:59:49 INFO FileSourceScanExec: Planning scan with bin packing, max size: 4194304 bytes, open cost is considered as scanning 4194304 bytes.
[2026-01-10T18:59:49.751+0000] {subprocess.py:93} INFO - 26/01/10 18:59:49 INFO SparkContext: Starting job: csv at NativeMethodAccessorImpl.java:0
[2026-01-10T18:59:49.752+0000] {subprocess.py:93} INFO - 26/01/10 18:59:49 INFO DAGScheduler: Got job 3 (csv at NativeMethodAccessorImpl.java:0) with 1 output partitions
[2026-01-10T18:59:49.754+0000] {subprocess.py:93} INFO - 26/01/10 18:59:49 INFO DAGScheduler: Final stage: ResultStage 3 (csv at NativeMethodAccessorImpl.java:0)
[2026-01-10T18:59:49.756+0000] {subprocess.py:93} INFO - 26/01/10 18:59:49 INFO DAGScheduler: Parents of final stage: List()
[2026-01-10T18:59:49.757+0000] {subprocess.py:93} INFO - 26/01/10 18:59:49 INFO DAGScheduler: Missing parents: List()
[2026-01-10T18:59:49.757+0000] {subprocess.py:93} INFO - 26/01/10 18:59:49 INFO DAGScheduler: Submitting ResultStage 3 (MapPartitionsRDD[15] at csv at NativeMethodAccessorImpl.java:0), which has no missing parents
[2026-01-10T18:59:49.807+0000] {subprocess.py:93} INFO - 26/01/10 18:59:49 INFO MemoryStore: Block broadcast_8 stored as values in memory (estimated size 232.5 KiB, free 432.5 MiB)
[2026-01-10T18:59:49.814+0000] {subprocess.py:93} INFO - 26/01/10 18:59:49 INFO MemoryStore: Block broadcast_8_piece0 stored as bytes in memory (estimated size 82.4 KiB, free 432.4 MiB)
[2026-01-10T18:59:49.816+0000] {subprocess.py:93} INFO - 26/01/10 18:59:49 INFO BlockManagerInfo: Added broadcast_8_piece0 in memory on e997e4968980:40885 (size: 82.4 KiB, free: 434.2 MiB)
[2026-01-10T18:59:49.817+0000] {subprocess.py:93} INFO - 26/01/10 18:59:49 INFO SparkContext: Created broadcast 8 from broadcast at DAGScheduler.scala:1580
[2026-01-10T18:59:49.817+0000] {subprocess.py:93} INFO - 26/01/10 18:59:49 INFO DAGScheduler: Submitting 1 missing tasks from ResultStage 3 (MapPartitionsRDD[15] at csv at NativeMethodAccessorImpl.java:0) (first 15 tasks are for partitions Vector(0))
[2026-01-10T18:59:49.818+0000] {subprocess.py:93} INFO - 26/01/10 18:59:49 INFO TaskSchedulerImpl: Adding task set 3.0 with 1 tasks resource profile 0
[2026-01-10T18:59:49.819+0000] {subprocess.py:93} INFO - 26/01/10 18:59:49 INFO TaskSetManager: Starting task 0.0 in stage 3.0 (TID 3) (e997e4968980, executor driver, partition 0, PROCESS_LOCAL, 8251 bytes)
[2026-01-10T18:59:49.820+0000] {subprocess.py:93} INFO - 26/01/10 18:59:49 INFO Executor: Running task 0.0 in stage 3.0 (TID 3)
[2026-01-10T18:59:49.890+0000] {subprocess.py:93} INFO - 26/01/10 18:59:49 INFO CodeGenerator: Code generated in 33.105107 ms
[2026-01-10T18:59:49.892+0000] {subprocess.py:93} INFO - 26/01/10 18:59:49 INFO FileOutputCommitter: File Output Committer Algorithm version is 1
[2026-01-10T18:59:49.893+0000] {subprocess.py:93} INFO - 26/01/10 18:59:49 INFO FileOutputCommitter: FileOutputCommitter skip cleanup _temporary folders under output directory:false, ignore cleanup failures: false
[2026-01-10T18:59:49.894+0000] {subprocess.py:93} INFO - 26/01/10 18:59:49 INFO SQLHadoopMapReduceCommitProtocol: Using output committer class org.apache.hadoop.mapreduce.lib.output.FileOutputCommitter
[2026-01-10T18:59:50.147+0000] {subprocess.py:93} INFO - 26/01/10 18:59:50 INFO FileScanRDD: Reading File path: file:///opt/spark-data/landing/transaction_events_1768070270.2180772.json, range: 0-105957, partition values: [empty row]
[2026-01-10T18:59:50.167+0000] {subprocess.py:93} INFO - 26/01/10 18:59:50 INFO CodeGenerator: Code generated in 15.384663 ms
[2026-01-10T18:59:50.178+0000] {subprocess.py:93} INFO - 26/01/10 18:59:50 INFO CodeGenerator: Code generated in 5.163555 ms
[2026-01-10T18:59:50.398+0000] {subprocess.py:93} INFO - 26/01/10 18:59:50 INFO FileOutputCommitter: Saved output of task 'attempt_202601101859493527016772368295656_0003_m_000000_3' to file:/opt/spark-data/gold/advertising/_temporary/0/task_202601101859493527016772368295656_0003_m_000000
[2026-01-10T18:59:50.399+0000] {subprocess.py:93} INFO - 26/01/10 18:59:50 INFO SparkHadoopMapRedUtil: attempt_202601101859493527016772368295656_0003_m_000000_3: Committed. Elapsed time: 71 ms.
[2026-01-10T18:59:50.410+0000] {subprocess.py:93} INFO - 26/01/10 18:59:50 INFO Executor: Finished task 0.0 in stage 3.0 (TID 3). 2893 bytes result sent to driver
[2026-01-10T18:59:50.413+0000] {subprocess.py:93} INFO - 26/01/10 18:59:50 INFO TaskSetManager: Finished task 0.0 in stage 3.0 (TID 3) in 594 ms on e997e4968980 (executor driver) (1/1)
[2026-01-10T18:59:50.414+0000] {subprocess.py:93} INFO - 26/01/10 18:59:50 INFO TaskSchedulerImpl: Removed TaskSet 3.0, whose tasks have all completed, from pool
[2026-01-10T18:59:50.415+0000] {subprocess.py:93} INFO - 26/01/10 18:59:50 INFO DAGScheduler: ResultStage 3 (csv at NativeMethodAccessorImpl.java:0) finished in 0.658 s
[2026-01-10T18:59:50.416+0000] {subprocess.py:93} INFO - 26/01/10 18:59:50 INFO DAGScheduler: Job 3 is finished. Cancelling potential speculative or zombie tasks for this job
[2026-01-10T18:59:50.416+0000] {subprocess.py:93} INFO - 26/01/10 18:59:50 INFO TaskSchedulerImpl: Killing all running tasks in stage 3: Stage finished
[2026-01-10T18:59:50.417+0000] {subprocess.py:93} INFO - 26/01/10 18:59:50 INFO DAGScheduler: Job 3 finished: csv at NativeMethodAccessorImpl.java:0, took 0.663933 s
[2026-01-10T18:59:50.418+0000] {subprocess.py:93} INFO - 26/01/10 18:59:50 INFO FileFormatWriter: Start to commit write Job 0c69caea-6e54-4bf5-a9e4-5c9996997106.
[2026-01-10T18:59:50.748+0000] {subprocess.py:93} INFO - 26/01/10 18:59:50 INFO FileFormatWriter: Write Job 0c69caea-6e54-4bf5-a9e4-5c9996997106 committed. Elapsed time: 329 ms.
[2026-01-10T18:59:50.752+0000] {subprocess.py:93} INFO - 26/01/10 18:59:50 INFO FileFormatWriter: Finished processing stats for write job 0c69caea-6e54-4bf5-a9e4-5c9996997106.
[2026-01-10T18:59:50.758+0000] {subprocess.py:93} INFO - 26/01/10 18:59:50 INFO SparkContext: SparkContext is stopping with exitCode 0.
[2026-01-10T18:59:50.775+0000] {subprocess.py:93} INFO - 26/01/10 18:59:50 INFO SparkUI: Stopped Spark web UI at http://e997e4968980:4040
[2026-01-10T18:59:50.789+0000] {subprocess.py:93} INFO - 26/01/10 18:59:50 INFO MapOutputTrackerMasterEndpoint: MapOutputTrackerMasterEndpoint stopped!
[2026-01-10T18:59:50.806+0000] {subprocess.py:93} INFO - 26/01/10 18:59:50 INFO MemoryStore: MemoryStore cleared
[2026-01-10T18:59:50.807+0000] {subprocess.py:93} INFO - 26/01/10 18:59:50 INFO BlockManager: BlockManager stopped
[2026-01-10T18:59:50.810+0000] {subprocess.py:93} INFO - 26/01/10 18:59:50 INFO BlockManagerMaster: BlockManagerMaster stopped
[2026-01-10T18:59:50.813+0000] {subprocess.py:93} INFO - 26/01/10 18:59:50 INFO OutputCommitCoordinator$OutputCommitCoordinatorEndpoint: OutputCommitCoordinator stopped!
[2026-01-10T18:59:50.828+0000] {subprocess.py:93} INFO - 26/01/10 18:59:50 INFO SparkContext: Successfully stopped SparkContext
[2026-01-10T18:59:51.005+0000] {subprocess.py:93} INFO - 26/01/10 18:59:51 INFO ShutdownHookManager: Shutdown hook called
[2026-01-10T18:59:51.006+0000] {subprocess.py:93} INFO - 26/01/10 18:59:51 INFO ShutdownHookManager: Deleting directory /tmp/spark-bc00df20-ed48-4a85-acc7-c2f15a00c7d7
[2026-01-10T18:59:51.011+0000] {subprocess.py:93} INFO - 26/01/10 18:59:51 INFO ShutdownHookManager: Deleting directory /tmp/spark-253d601a-9645-4430-b24b-96f11acc99f7
[2026-01-10T18:59:51.016+0000] {subprocess.py:93} INFO - 26/01/10 18:59:51 INFO ShutdownHookManager: Deleting directory /tmp/spark-253d601a-9645-4430-b24b-96f11acc99f7/pyspark-10c30c68-307e-4c2f-b06e-64e2f43ba965
[2026-01-10T18:59:51.061+0000] {subprocess.py:97} INFO - Command exited with return code 0
[2026-01-10T18:59:51.098+0000] {taskinstance.py:1138} INFO - Marking task as SUCCESS. dag_id=streamflow_main, task_id=Spark_Submit, execution_date=20260110T185925, start_date=20260110T185937, end_date=20260110T185951
[2026-01-10T18:59:51.139+0000] {local_task_job_runner.py:234} INFO - Task exited with return code 0
[2026-01-10T18:59:51.159+0000] {taskinstance.py:3280} INFO - 0 downstream tasks scheduled from follow-on schedule check
