[2026-01-10T19:04:14.707+0000] {taskinstance.py:1956} INFO - Dependencies all met for dep_context=non-requeueable deps ti=<TaskInstance: streamflow_main.Spark_Submit manual__2026-01-10T19:04:06.027961+00:00 [queued]>
[2026-01-10T19:04:14.721+0000] {taskinstance.py:1956} INFO - Dependencies all met for dep_context=requeueable deps ti=<TaskInstance: streamflow_main.Spark_Submit manual__2026-01-10T19:04:06.027961+00:00 [queued]>
[2026-01-10T19:04:14.722+0000] {taskinstance.py:2170} INFO - Starting attempt 1 of 1
[2026-01-10T19:04:14.745+0000] {taskinstance.py:2191} INFO - Executing <Task(BashOperator): Spark_Submit> on 2026-01-10 19:04:06.027961+00:00
[2026-01-10T19:04:14.751+0000] {standard_task_runner.py:60} INFO - Started process 1863 to run task
[2026-01-10T19:04:14.756+0000] {standard_task_runner.py:87} INFO - Running: ['***', 'tasks', 'run', 'streamflow_main', 'Spark_Submit', 'manual__2026-01-10T19:04:06.027961+00:00', '--job-id', '20', '--raw', '--subdir', 'DAGS_FOLDER/dag_streamflow.py', '--cfg-path', '/tmp/tmp8t8mymuf']
[2026-01-10T19:04:14.759+0000] {standard_task_runner.py:88} INFO - Job 20: Subtask Spark_Submit
[2026-01-10T19:04:14.824+0000] {task_command.py:423} INFO - Running <TaskInstance: streamflow_main.Spark_Submit manual__2026-01-10T19:04:06.027961+00:00 [running]> on host e997e4968980
[2026-01-10T19:04:14.929+0000] {taskinstance.py:2480} INFO - Exporting env vars: AIRFLOW_CTX_DAG_OWNER='student' AIRFLOW_CTX_DAG_ID='streamflow_main' AIRFLOW_CTX_TASK_ID='Spark_Submit' AIRFLOW_CTX_EXECUTION_DATE='2026-01-10T19:04:06.027961+00:00' AIRFLOW_CTX_TRY_NUMBER='1' AIRFLOW_CTX_DAG_RUN_ID='manual__2026-01-10T19:04:06.027961+00:00'
[2026-01-10T19:04:14.931+0000] {subprocess.py:63} INFO - Tmp dir root location: /tmp
[2026-01-10T19:04:14.934+0000] {subprocess.py:75} INFO - Running command: ['/usr/bin/bash', '-c', '\n            spark-submit                 --master spark://spark-master:7077                 /opt/spark-jobs/etl_job.py\n        ']
[2026-01-10T19:04:14.945+0000] {subprocess.py:86} INFO - Output:
[2026-01-10T19:04:14.955+0000] {subprocess.py:93} INFO - /opt/spark/bin/load-spark-env.sh: line 68: ps: command not found
[2026-01-10T19:04:20.654+0000] {subprocess.py:93} INFO - 26/01/10 19:04:20 INFO SparkContext: Running Spark version 3.5.0
[2026-01-10T19:04:20.656+0000] {subprocess.py:93} INFO - 26/01/10 19:04:20 INFO SparkContext: OS info Linux, 5.15.167.4-microsoft-standard-WSL2, amd64
[2026-01-10T19:04:20.658+0000] {subprocess.py:93} INFO - 26/01/10 19:04:20 INFO SparkContext: Java version 17.0.17
[2026-01-10T19:04:20.706+0000] {subprocess.py:93} INFO - 26/01/10 19:04:20 WARN NativeCodeLoader: Unable to load native-hadoop library for your platform... using builtin-java classes where applicable
[2026-01-10T19:04:20.785+0000] {subprocess.py:93} INFO - 26/01/10 19:04:20 INFO ResourceUtils: ==============================================================
[2026-01-10T19:04:20.786+0000] {subprocess.py:93} INFO - 26/01/10 19:04:20 INFO ResourceUtils: No custom resources configured for spark.driver.
[2026-01-10T19:04:20.787+0000] {subprocess.py:93} INFO - 26/01/10 19:04:20 INFO ResourceUtils: ==============================================================
[2026-01-10T19:04:20.788+0000] {subprocess.py:93} INFO - 26/01/10 19:04:20 INFO SparkContext: Submitted application: ETL_job
[2026-01-10T19:04:20.807+0000] {subprocess.py:93} INFO - 26/01/10 19:04:20 INFO ResourceProfile: Default ResourceProfile created, executor resources: Map(cores -> name: cores, amount: 1, script: , vendor: , memory -> name: memory, amount: 1024, script: , vendor: , offHeap -> name: offHeap, amount: 0, script: , vendor: ), task resources: Map(cpus -> name: cpus, amount: 1.0)
[2026-01-10T19:04:20.816+0000] {subprocess.py:93} INFO - 26/01/10 19:04:20 INFO ResourceProfile: Limiting resource is cpu
[2026-01-10T19:04:20.817+0000] {subprocess.py:93} INFO - 26/01/10 19:04:20 INFO ResourceProfileManager: Added ResourceProfile id: 0
[2026-01-10T19:04:20.873+0000] {subprocess.py:93} INFO - 26/01/10 19:04:20 INFO SecurityManager: Changing view acls to: root
[2026-01-10T19:04:20.874+0000] {subprocess.py:93} INFO - 26/01/10 19:04:20 INFO SecurityManager: Changing modify acls to: root
[2026-01-10T19:04:20.875+0000] {subprocess.py:93} INFO - 26/01/10 19:04:20 INFO SecurityManager: Changing view acls groups to:
[2026-01-10T19:04:20.875+0000] {subprocess.py:93} INFO - 26/01/10 19:04:20 INFO SecurityManager: Changing modify acls groups to:
[2026-01-10T19:04:20.876+0000] {subprocess.py:93} INFO - 26/01/10 19:04:20 INFO SecurityManager: SecurityManager: authentication disabled; ui acls disabled; users with view permissions: root; groups with view permissions: EMPTY; users with modify permissions: root; groups with modify permissions: EMPTY
[2026-01-10T19:04:21.066+0000] {subprocess.py:93} INFO - 26/01/10 19:04:21 INFO Utils: Successfully started service 'sparkDriver' on port 42057.
[2026-01-10T19:04:21.095+0000] {subprocess.py:93} INFO - 26/01/10 19:04:21 INFO SparkEnv: Registering MapOutputTracker
[2026-01-10T19:04:21.135+0000] {subprocess.py:93} INFO - 26/01/10 19:04:21 INFO SparkEnv: Registering BlockManagerMaster
[2026-01-10T19:04:21.153+0000] {subprocess.py:93} INFO - 26/01/10 19:04:21 INFO BlockManagerMasterEndpoint: Using org.apache.spark.storage.DefaultTopologyMapper for getting topology information
[2026-01-10T19:04:21.154+0000] {subprocess.py:93} INFO - 26/01/10 19:04:21 INFO BlockManagerMasterEndpoint: BlockManagerMasterEndpoint up
[2026-01-10T19:04:21.158+0000] {subprocess.py:93} INFO - 26/01/10 19:04:21 INFO SparkEnv: Registering BlockManagerMasterHeartbeat
[2026-01-10T19:04:21.179+0000] {subprocess.py:93} INFO - 26/01/10 19:04:21 INFO DiskBlockManager: Created local directory at /tmp/blockmgr-1fa4fbeb-dbdc-4bea-8475-2baa129112e3
[2026-01-10T19:04:21.194+0000] {subprocess.py:93} INFO - 26/01/10 19:04:21 INFO MemoryStore: MemoryStore started with capacity 434.4 MiB
[2026-01-10T19:04:21.209+0000] {subprocess.py:93} INFO - 26/01/10 19:04:21 INFO SparkEnv: Registering OutputCommitCoordinator
[2026-01-10T19:04:21.334+0000] {subprocess.py:93} INFO - 26/01/10 19:04:21 INFO JettyUtils: Start Jetty 0.0.0.0:4040 for SparkUI
[2026-01-10T19:04:21.399+0000] {subprocess.py:93} INFO - 26/01/10 19:04:21 INFO Utils: Successfully started service 'SparkUI' on port 4040.
[2026-01-10T19:04:21.514+0000] {subprocess.py:93} INFO - 26/01/10 19:04:21 INFO Executor: Starting executor ID driver on host e997e4968980
[2026-01-10T19:04:21.515+0000] {subprocess.py:93} INFO - 26/01/10 19:04:21 INFO Executor: OS info Linux, 5.15.167.4-microsoft-standard-WSL2, amd64
[2026-01-10T19:04:21.515+0000] {subprocess.py:93} INFO - 26/01/10 19:04:21 INFO Executor: Java version 17.0.17
[2026-01-10T19:04:21.522+0000] {subprocess.py:93} INFO - 26/01/10 19:04:21 INFO Executor: Starting executor with user classpath (userClassPathFirst = false): ''
[2026-01-10T19:04:21.523+0000] {subprocess.py:93} INFO - 26/01/10 19:04:21 INFO Executor: Created or updated repl class loader org.apache.spark.util.MutableURLClassLoader@4f3c6780 for default.
[2026-01-10T19:04:21.541+0000] {subprocess.py:93} INFO - 26/01/10 19:04:21 INFO Utils: Successfully started service 'org.apache.spark.network.netty.NettyBlockTransferService' on port 40359.
[2026-01-10T19:04:21.542+0000] {subprocess.py:93} INFO - 26/01/10 19:04:21 INFO NettyBlockTransferService: Server created on e997e4968980:40359
[2026-01-10T19:04:21.543+0000] {subprocess.py:93} INFO - 26/01/10 19:04:21 INFO BlockManager: Using org.apache.spark.storage.RandomBlockReplicationPolicy for block replication policy
[2026-01-10T19:04:21.548+0000] {subprocess.py:93} INFO - 26/01/10 19:04:21 INFO BlockManagerMaster: Registering BlockManager BlockManagerId(driver, e997e4968980, 40359, None)
[2026-01-10T19:04:21.551+0000] {subprocess.py:93} INFO - 26/01/10 19:04:21 INFO BlockManagerMasterEndpoint: Registering block manager e997e4968980:40359 with 434.4 MiB RAM, BlockManagerId(driver, e997e4968980, 40359, None)
[2026-01-10T19:04:21.553+0000] {subprocess.py:93} INFO - 26/01/10 19:04:21 INFO BlockManagerMaster: Registered BlockManager BlockManagerId(driver, e997e4968980, 40359, None)
[2026-01-10T19:04:21.554+0000] {subprocess.py:93} INFO - 26/01/10 19:04:21 INFO BlockManager: Initialized BlockManager: BlockManagerId(driver, e997e4968980, 40359, None)
[2026-01-10T19:04:21.929+0000] {subprocess.py:93} INFO - 26/01/10 19:04:21 INFO SharedState: Setting hive.metastore.warehouse.dir ('null') to the value of spark.sql.warehouse.dir.
[2026-01-10T19:04:21.935+0000] {subprocess.py:93} INFO - 26/01/10 19:04:21 INFO SharedState: Warehouse path is 'file:/tmp/***tmpa7bjaren/spark-warehouse'.
[2026-01-10T19:04:22.831+0000] {subprocess.py:93} INFO - 26/01/10 19:04:22 INFO InMemoryFileIndex: It took 37 ms to list leaf files for 1 paths.
[2026-01-10T19:04:22.895+0000] {subprocess.py:93} INFO - 26/01/10 19:04:22 INFO InMemoryFileIndex: It took 9 ms to list leaf files for 1 paths.
[2026-01-10T19:04:24.509+0000] {subprocess.py:93} INFO - 26/01/10 19:04:24 INFO FileSourceStrategy: Pushed Filters:
[2026-01-10T19:04:24.517+0000] {subprocess.py:93} INFO - 26/01/10 19:04:24 INFO FileSourceStrategy: Post-Scan Filters:
[2026-01-10T19:04:24.717+0000] {subprocess.py:93} INFO - 26/01/10 19:04:24 INFO MemoryStore: Block broadcast_0 stored as values in memory (estimated size 199.2 KiB, free 434.2 MiB)
[2026-01-10T19:04:24.773+0000] {subprocess.py:93} INFO - 26/01/10 19:04:24 INFO MemoryStore: Block broadcast_0_piece0 stored as bytes in memory (estimated size 34.2 KiB, free 434.2 MiB)
[2026-01-10T19:04:24.776+0000] {subprocess.py:93} INFO - 26/01/10 19:04:24 INFO BlockManagerInfo: Added broadcast_0_piece0 in memory on e997e4968980:40359 (size: 34.2 KiB, free: 434.4 MiB)
[2026-01-10T19:04:24.782+0000] {subprocess.py:93} INFO - 26/01/10 19:04:24 INFO SparkContext: Created broadcast 0 from json at NativeMethodAccessorImpl.java:0
[2026-01-10T19:04:24.793+0000] {subprocess.py:93} INFO - 26/01/10 19:04:24 INFO FileSourceScanExec: Planning scan with bin packing, max size: 4194304 bytes, open cost is considered as scanning 4194304 bytes.
[2026-01-10T19:04:24.987+0000] {subprocess.py:93} INFO - 26/01/10 19:04:24 INFO SparkContext: Starting job: json at NativeMethodAccessorImpl.java:0
[2026-01-10T19:04:25.006+0000] {subprocess.py:93} INFO - 26/01/10 19:04:25 INFO DAGScheduler: Got job 0 (json at NativeMethodAccessorImpl.java:0) with 1 output partitions
[2026-01-10T19:04:25.007+0000] {subprocess.py:93} INFO - 26/01/10 19:04:25 INFO DAGScheduler: Final stage: ResultStage 0 (json at NativeMethodAccessorImpl.java:0)
[2026-01-10T19:04:25.008+0000] {subprocess.py:93} INFO - 26/01/10 19:04:25 INFO DAGScheduler: Parents of final stage: List()
[2026-01-10T19:04:25.009+0000] {subprocess.py:93} INFO - 26/01/10 19:04:25 INFO DAGScheduler: Missing parents: List()
[2026-01-10T19:04:25.013+0000] {subprocess.py:93} INFO - 26/01/10 19:04:25 INFO DAGScheduler: Submitting ResultStage 0 (MapPartitionsRDD[3] at json at NativeMethodAccessorImpl.java:0), which has no missing parents
[2026-01-10T19:04:25.105+0000] {subprocess.py:93} INFO - 26/01/10 19:04:25 INFO MemoryStore: Block broadcast_1 stored as values in memory (estimated size 16.0 KiB, free 434.2 MiB)
[2026-01-10T19:04:25.112+0000] {subprocess.py:93} INFO - 26/01/10 19:04:25 INFO MemoryStore: Block broadcast_1_piece0 stored as bytes in memory (estimated size 7.5 KiB, free 434.1 MiB)
[2026-01-10T19:04:25.113+0000] {subprocess.py:93} INFO - 26/01/10 19:04:25 INFO BlockManagerInfo: Added broadcast_1_piece0 in memory on e997e4968980:40359 (size: 7.5 KiB, free: 434.4 MiB)
[2026-01-10T19:04:25.114+0000] {subprocess.py:93} INFO - 26/01/10 19:04:25 INFO SparkContext: Created broadcast 1 from broadcast at DAGScheduler.scala:1580
[2026-01-10T19:04:25.133+0000] {subprocess.py:93} INFO - 26/01/10 19:04:25 INFO DAGScheduler: Submitting 1 missing tasks from ResultStage 0 (MapPartitionsRDD[3] at json at NativeMethodAccessorImpl.java:0) (first 15 tasks are for partitions Vector(0))
[2026-01-10T19:04:25.134+0000] {subprocess.py:93} INFO - 26/01/10 19:04:25 INFO TaskSchedulerImpl: Adding task set 0.0 with 1 tasks resource profile 0
[2026-01-10T19:04:25.185+0000] {subprocess.py:93} INFO - 26/01/10 19:04:25 INFO TaskSetManager: Starting task 0.0 in stage 0.0 (TID 0) (e997e4968980, executor driver, partition 0, PROCESS_LOCAL, 8251 bytes)
[2026-01-10T19:04:25.218+0000] {subprocess.py:93} INFO - 26/01/10 19:04:25 INFO Executor: Running task 0.0 in stage 0.0 (TID 0)
[2026-01-10T19:04:25.376+0000] {subprocess.py:93} INFO - 26/01/10 19:04:25 INFO FileScanRDD: Reading File path: file:///opt/spark-data/landing/transaction_events_1768070270.2180772.json, range: 0-105957, partition values: [empty row]
[2026-01-10T19:04:25.698+0000] {subprocess.py:93} INFO - 26/01/10 19:04:25 INFO CodeGenerator: Code generated in 275.101113 ms
[2026-01-10T19:04:25.857+0000] {subprocess.py:93} INFO - 26/01/10 19:04:25 INFO Executor: Finished task 0.0 in stage 0.0 (TID 0). 2997 bytes result sent to driver
[2026-01-10T19:04:25.870+0000] {subprocess.py:93} INFO - 26/01/10 19:04:25 INFO TaskSetManager: Finished task 0.0 in stage 0.0 (TID 0) in 702 ms on e997e4968980 (executor driver) (1/1)
[2026-01-10T19:04:25.872+0000] {subprocess.py:93} INFO - 26/01/10 19:04:25 INFO TaskSchedulerImpl: Removed TaskSet 0.0, whose tasks have all completed, from pool
[2026-01-10T19:04:25.878+0000] {subprocess.py:93} INFO - 26/01/10 19:04:25 INFO DAGScheduler: ResultStage 0 (json at NativeMethodAccessorImpl.java:0) finished in 0.851 s
[2026-01-10T19:04:25.884+0000] {subprocess.py:93} INFO - 26/01/10 19:04:25 INFO DAGScheduler: Job 0 is finished. Cancelling potential speculative or zombie tasks for this job
[2026-01-10T19:04:25.885+0000] {subprocess.py:93} INFO - 26/01/10 19:04:25 INFO TaskSchedulerImpl: Killing all running tasks in stage 0: Stage finished
[2026-01-10T19:04:25.887+0000] {subprocess.py:93} INFO - 26/01/10 19:04:25 INFO DAGScheduler: Job 0 finished: json at NativeMethodAccessorImpl.java:0, took 0.899042 s
[2026-01-10T19:04:26.002+0000] {subprocess.py:93} INFO - 26/01/10 19:04:26 INFO InMemoryFileIndex: It took 10 ms to list leaf files for 1 paths.
[2026-01-10T19:04:26.026+0000] {subprocess.py:93} INFO - 26/01/10 19:04:26 INFO InMemoryFileIndex: It took 8 ms to list leaf files for 1 paths.
[2026-01-10T19:04:26.068+0000] {subprocess.py:93} INFO - 26/01/10 19:04:26 INFO FileSourceStrategy: Pushed Filters:
[2026-01-10T19:04:26.069+0000] {subprocess.py:93} INFO - 26/01/10 19:04:26 INFO FileSourceStrategy: Post-Scan Filters:
[2026-01-10T19:04:26.076+0000] {subprocess.py:93} INFO - 26/01/10 19:04:26 INFO MemoryStore: Block broadcast_2 stored as values in memory (estimated size 199.2 KiB, free 434.0 MiB)
[2026-01-10T19:04:26.087+0000] {subprocess.py:93} INFO - 26/01/10 19:04:26 INFO MemoryStore: Block broadcast_2_piece0 stored as bytes in memory (estimated size 34.2 KiB, free 433.9 MiB)
[2026-01-10T19:04:26.089+0000] {subprocess.py:93} INFO - 26/01/10 19:04:26 INFO BlockManagerInfo: Added broadcast_2_piece0 in memory on e997e4968980:40359 (size: 34.2 KiB, free: 434.3 MiB)
[2026-01-10T19:04:26.090+0000] {subprocess.py:93} INFO - 26/01/10 19:04:26 INFO SparkContext: Created broadcast 2 from json at NativeMethodAccessorImpl.java:0
[2026-01-10T19:04:26.092+0000] {subprocess.py:93} INFO - 26/01/10 19:04:26 INFO FileSourceScanExec: Planning scan with bin packing, max size: 4194304 bytes, open cost is considered as scanning 4194304 bytes.
[2026-01-10T19:04:26.105+0000] {subprocess.py:93} INFO - 26/01/10 19:04:26 INFO SparkContext: Starting job: json at NativeMethodAccessorImpl.java:0
[2026-01-10T19:04:26.106+0000] {subprocess.py:93} INFO - 26/01/10 19:04:26 INFO DAGScheduler: Got job 1 (json at NativeMethodAccessorImpl.java:0) with 1 output partitions
[2026-01-10T19:04:26.107+0000] {subprocess.py:93} INFO - 26/01/10 19:04:26 INFO DAGScheduler: Final stage: ResultStage 1 (json at NativeMethodAccessorImpl.java:0)
[2026-01-10T19:04:26.108+0000] {subprocess.py:93} INFO - 26/01/10 19:04:26 INFO DAGScheduler: Parents of final stage: List()
[2026-01-10T19:04:26.108+0000] {subprocess.py:93} INFO - 26/01/10 19:04:26 INFO DAGScheduler: Missing parents: List()
[2026-01-10T19:04:26.109+0000] {subprocess.py:93} INFO - 26/01/10 19:04:26 INFO DAGScheduler: Submitting ResultStage 1 (MapPartitionsRDD[7] at json at NativeMethodAccessorImpl.java:0), which has no missing parents
[2026-01-10T19:04:26.111+0000] {subprocess.py:93} INFO - 26/01/10 19:04:26 INFO MemoryStore: Block broadcast_3 stored as values in memory (estimated size 16.0 KiB, free 433.9 MiB)
[2026-01-10T19:04:26.120+0000] {subprocess.py:93} INFO - 26/01/10 19:04:26 INFO MemoryStore: Block broadcast_3_piece0 stored as bytes in memory (estimated size 7.5 KiB, free 433.9 MiB)
[2026-01-10T19:04:26.121+0000] {subprocess.py:93} INFO - 26/01/10 19:04:26 INFO BlockManagerInfo: Added broadcast_3_piece0 in memory on e997e4968980:40359 (size: 7.5 KiB, free: 434.3 MiB)
[2026-01-10T19:04:26.122+0000] {subprocess.py:93} INFO - 26/01/10 19:04:26 INFO SparkContext: Created broadcast 3 from broadcast at DAGScheduler.scala:1580
[2026-01-10T19:04:26.123+0000] {subprocess.py:93} INFO - 26/01/10 19:04:26 INFO DAGScheduler: Submitting 1 missing tasks from ResultStage 1 (MapPartitionsRDD[7] at json at NativeMethodAccessorImpl.java:0) (first 15 tasks are for partitions Vector(0))
[2026-01-10T19:04:26.124+0000] {subprocess.py:93} INFO - 26/01/10 19:04:26 INFO TaskSchedulerImpl: Adding task set 1.0 with 1 tasks resource profile 0
[2026-01-10T19:04:26.125+0000] {subprocess.py:93} INFO - 26/01/10 19:04:26 INFO TaskSetManager: Starting task 0.0 in stage 1.0 (TID 1) (e997e4968980, executor driver, partition 0, PROCESS_LOCAL, 8244 bytes)
[2026-01-10T19:04:26.126+0000] {subprocess.py:93} INFO - 26/01/10 19:04:26 INFO Executor: Running task 0.0 in stage 1.0 (TID 1)
[2026-01-10T19:04:26.135+0000] {subprocess.py:93} INFO - 26/01/10 19:04:26 INFO FileScanRDD: Reading File path: file:///opt/spark-data/landing/user_events_1768070270.2175364.json, range: 0-72480, partition values: [empty row]
[2026-01-10T19:04:26.155+0000] {subprocess.py:93} INFO - 26/01/10 19:04:26 INFO BlockManagerInfo: Removed broadcast_1_piece0 on e997e4968980:40359 in memory (size: 7.5 KiB, free: 434.3 MiB)
[2026-01-10T19:04:26.189+0000] {subprocess.py:93} INFO - 26/01/10 19:04:26 INFO Executor: Finished task 0.0 in stage 1.0 (TID 1). 2358 bytes result sent to driver
[2026-01-10T19:04:26.192+0000] {subprocess.py:93} INFO - 26/01/10 19:04:26 INFO TaskSetManager: Finished task 0.0 in stage 1.0 (TID 1) in 68 ms on e997e4968980 (executor driver) (1/1)
[2026-01-10T19:04:26.193+0000] {subprocess.py:93} INFO - 26/01/10 19:04:26 INFO TaskSchedulerImpl: Removed TaskSet 1.0, whose tasks have all completed, from pool
[2026-01-10T19:04:26.194+0000] {subprocess.py:93} INFO - 26/01/10 19:04:26 INFO DAGScheduler: ResultStage 1 (json at NativeMethodAccessorImpl.java:0) finished in 0.085 s
[2026-01-10T19:04:26.194+0000] {subprocess.py:93} INFO - 26/01/10 19:04:26 INFO DAGScheduler: Job 1 is finished. Cancelling potential speculative or zombie tasks for this job
[2026-01-10T19:04:26.195+0000] {subprocess.py:93} INFO - 26/01/10 19:04:26 INFO TaskSchedulerImpl: Killing all running tasks in stage 1: Stage finished
[2026-01-10T19:04:26.196+0000] {subprocess.py:93} INFO - 26/01/10 19:04:26 INFO DAGScheduler: Job 1 finished: json at NativeMethodAccessorImpl.java:0, took 0.088842 s
[2026-01-10T19:04:26.562+0000] {subprocess.py:93} INFO - 26/01/10 19:04:26 INFO FileSourceStrategy: Pushed Filters: IsNotNull(products),IsNotNull(user_id)
[2026-01-10T19:04:26.563+0000] {subprocess.py:93} INFO - 26/01/10 19:04:26 INFO FileSourceStrategy: Post-Scan Filters: (size(products#12, true) > 0),isnotnull(products#12),isnotnull(user_id#21)
[2026-01-10T19:04:26.566+0000] {subprocess.py:93} INFO - 26/01/10 19:04:26 INFO FileSourceStrategy: Pushed Filters: IsNotNull(user_id),IsNotNull(product_id)
[2026-01-10T19:04:26.567+0000] {subprocess.py:93} INFO - 26/01/10 19:04:26 INFO FileSourceStrategy: Post-Scan Filters: isnotnull(user_id#58),isnotnull(product_id#53)
[2026-01-10T19:04:26.634+0000] {subprocess.py:93} INFO - 26/01/10 19:04:26 WARN SparkStringUtils: Truncated the string representation of a plan since it was too large. This behavior can be adjusted by setting 'spark.sql.debug.maxToStringFields'.
[2026-01-10T19:04:26.732+0000] {subprocess.py:93} INFO - 26/01/10 19:04:26 INFO CodeGenerator: Code generated in 28.822147 ms
[2026-01-10T19:04:26.734+0000] {subprocess.py:93} INFO - 26/01/10 19:04:26 INFO MemoryStore: Block broadcast_4 stored as values in memory (estimated size 199.1 KiB, free 433.7 MiB)
[2026-01-10T19:04:26.743+0000] {subprocess.py:93} INFO - 26/01/10 19:04:26 INFO MemoryStore: Block broadcast_4_piece0 stored as bytes in memory (estimated size 34.1 KiB, free 433.7 MiB)
[2026-01-10T19:04:26.744+0000] {subprocess.py:93} INFO - 26/01/10 19:04:26 INFO BlockManagerInfo: Added broadcast_4_piece0 in memory on e997e4968980:40359 (size: 34.1 KiB, free: 434.3 MiB)
[2026-01-10T19:04:26.745+0000] {subprocess.py:93} INFO - 26/01/10 19:04:26 INFO SparkContext: Created broadcast 4 from $anonfun$withThreadLocalCaptured$1 at FutureTask.java:264
[2026-01-10T19:04:26.748+0000] {subprocess.py:93} INFO - 26/01/10 19:04:26 INFO FileSourceScanExec: Planning scan with bin packing, max size: 4194304 bytes, open cost is considered as scanning 4194304 bytes.
[2026-01-10T19:04:26.773+0000] {subprocess.py:93} INFO - 26/01/10 19:04:26 INFO SparkContext: Starting job: $anonfun$withThreadLocalCaptured$1 at FutureTask.java:264
[2026-01-10T19:04:26.774+0000] {subprocess.py:93} INFO - 26/01/10 19:04:26 INFO DAGScheduler: Got job 2 ($anonfun$withThreadLocalCaptured$1 at FutureTask.java:264) with 1 output partitions
[2026-01-10T19:04:26.774+0000] {subprocess.py:93} INFO - 26/01/10 19:04:26 INFO DAGScheduler: Final stage: ResultStage 2 ($anonfun$withThreadLocalCaptured$1 at FutureTask.java:264)
[2026-01-10T19:04:26.775+0000] {subprocess.py:93} INFO - 26/01/10 19:04:26 INFO DAGScheduler: Parents of final stage: List()
[2026-01-10T19:04:26.776+0000] {subprocess.py:93} INFO - 26/01/10 19:04:26 INFO DAGScheduler: Missing parents: List()
[2026-01-10T19:04:26.776+0000] {subprocess.py:93} INFO - 26/01/10 19:04:26 INFO DAGScheduler: Submitting ResultStage 2 (MapPartitionsRDD[11] at $anonfun$withThreadLocalCaptured$1 at FutureTask.java:264), which has no missing parents
[2026-01-10T19:04:26.777+0000] {subprocess.py:93} INFO - 26/01/10 19:04:26 INFO MemoryStore: Block broadcast_5 stored as values in memory (estimated size 20.0 KiB, free 433.7 MiB)
[2026-01-10T19:04:26.785+0000] {subprocess.py:93} INFO - 26/01/10 19:04:26 INFO MemoryStore: Block broadcast_5_piece0 stored as bytes in memory (estimated size 8.3 KiB, free 433.7 MiB)
[2026-01-10T19:04:26.789+0000] {subprocess.py:93} INFO - 26/01/10 19:04:26 INFO BlockManagerInfo: Added broadcast_5_piece0 in memory on e997e4968980:40359 (size: 8.3 KiB, free: 434.3 MiB)
[2026-01-10T19:04:26.790+0000] {subprocess.py:93} INFO - 26/01/10 19:04:26 INFO BlockManagerInfo: Removed broadcast_2_piece0 on e997e4968980:40359 in memory (size: 34.2 KiB, free: 434.3 MiB)
[2026-01-10T19:04:26.791+0000] {subprocess.py:93} INFO - 26/01/10 19:04:26 INFO SparkContext: Created broadcast 5 from broadcast at DAGScheduler.scala:1580
[2026-01-10T19:04:26.792+0000] {subprocess.py:93} INFO - 26/01/10 19:04:26 INFO DAGScheduler: Submitting 1 missing tasks from ResultStage 2 (MapPartitionsRDD[11] at $anonfun$withThreadLocalCaptured$1 at FutureTask.java:264) (first 15 tasks are for partitions Vector(0))
[2026-01-10T19:04:26.792+0000] {subprocess.py:93} INFO - 26/01/10 19:04:26 INFO TaskSchedulerImpl: Adding task set 2.0 with 1 tasks resource profile 0
[2026-01-10T19:04:26.793+0000] {subprocess.py:93} INFO - 26/01/10 19:04:26 INFO TaskSetManager: Starting task 0.0 in stage 2.0 (TID 2) (e997e4968980, executor driver, partition 0, PROCESS_LOCAL, 8244 bytes)
[2026-01-10T19:04:26.794+0000] {subprocess.py:93} INFO - 26/01/10 19:04:26 INFO Executor: Running task 0.0 in stage 2.0 (TID 2)
[2026-01-10T19:04:26.795+0000] {subprocess.py:93} INFO - 26/01/10 19:04:26 INFO BlockManagerInfo: Removed broadcast_3_piece0 on e997e4968980:40359 in memory (size: 7.5 KiB, free: 434.3 MiB)
[2026-01-10T19:04:26.826+0000] {subprocess.py:93} INFO - 26/01/10 19:04:26 INFO CodeGenerator: Code generated in 18.808899 ms
[2026-01-10T19:04:26.829+0000] {subprocess.py:93} INFO - 26/01/10 19:04:26 INFO FileScanRDD: Reading File path: file:///opt/spark-data/landing/user_events_1768070270.2175364.json, range: 0-72480, partition values: [empty row]
[2026-01-10T19:04:26.853+0000] {subprocess.py:93} INFO - 26/01/10 19:04:26 INFO CodeGenerator: Code generated in 15.824368 ms
[2026-01-10T19:04:26.875+0000] {subprocess.py:93} INFO - 26/01/10 19:04:26 INFO CodeGenerator: Code generated in 4.657977 ms
[2026-01-10T19:04:26.881+0000] {subprocess.py:93} INFO - 26/01/10 19:04:26 INFO CodeGenerator: Code generated in 3.425195 ms
[2026-01-10T19:04:26.939+0000] {subprocess.py:93} INFO - 26/01/10 19:04:26 INFO Executor: Finished task 0.0 in stage 2.0 (TID 2). 10931 bytes result sent to driver
[2026-01-10T19:04:26.941+0000] {subprocess.py:93} INFO - 26/01/10 19:04:26 INFO TaskSetManager: Finished task 0.0 in stage 2.0 (TID 2) in 152 ms on e997e4968980 (executor driver) (1/1)
[2026-01-10T19:04:26.942+0000] {subprocess.py:93} INFO - 26/01/10 19:04:26 INFO TaskSchedulerImpl: Removed TaskSet 2.0, whose tasks have all completed, from pool
[2026-01-10T19:04:26.942+0000] {subprocess.py:93} INFO - 26/01/10 19:04:26 INFO DAGScheduler: ResultStage 2 ($anonfun$withThreadLocalCaptured$1 at FutureTask.java:264) finished in 0.166 s
[2026-01-10T19:04:26.943+0000] {subprocess.py:93} INFO - 26/01/10 19:04:26 INFO DAGScheduler: Job 2 is finished. Cancelling potential speculative or zombie tasks for this job
[2026-01-10T19:04:26.944+0000] {subprocess.py:93} INFO - 26/01/10 19:04:26 INFO TaskSchedulerImpl: Killing all running tasks in stage 2: Stage finished
[2026-01-10T19:04:26.944+0000] {subprocess.py:93} INFO - 26/01/10 19:04:26 INFO DAGScheduler: Job 2 finished: $anonfun$withThreadLocalCaptured$1 at FutureTask.java:264, took 0.168850 s
[2026-01-10T19:04:26.959+0000] {subprocess.py:93} INFO - 26/01/10 19:04:26 INFO CodeGenerator: Code generated in 5.235874 ms
[2026-01-10T19:04:26.966+0000] {subprocess.py:93} INFO - 26/01/10 19:04:26 INFO BlockManagerInfo: Removed broadcast_5_piece0 on e997e4968980:40359 in memory (size: 8.3 KiB, free: 434.3 MiB)
[2026-01-10T19:04:26.967+0000] {subprocess.py:93} INFO - 26/01/10 19:04:26 INFO MemoryStore: Block broadcast_6 stored as values in memory (estimated size 1026.0 KiB, free 432.9 MiB)
[2026-01-10T19:04:26.974+0000] {subprocess.py:93} INFO - 26/01/10 19:04:26 INFO MemoryStore: Block broadcast_6_piece0 stored as bytes in memory (estimated size 10.0 KiB, free 432.9 MiB)
[2026-01-10T19:04:26.975+0000] {subprocess.py:93} INFO - 26/01/10 19:04:26 INFO BlockManagerInfo: Added broadcast_6_piece0 in memory on e997e4968980:40359 (size: 10.0 KiB, free: 434.3 MiB)
[2026-01-10T19:04:26.976+0000] {subprocess.py:93} INFO - 26/01/10 19:04:26 INFO SparkContext: Created broadcast 6 from $anonfun$withThreadLocalCaptured$1 at FutureTask.java:264
[2026-01-10T19:04:26.989+0000] {subprocess.py:93} INFO - 26/01/10 19:04:26 INFO FileSourceStrategy: Pushed Filters: IsNotNull(products),IsNotNull(user_id)
[2026-01-10T19:04:26.990+0000] {subprocess.py:93} INFO - 26/01/10 19:04:26 INFO FileSourceStrategy: Post-Scan Filters: (size(products#12, true) > 0),isnotnull(products#12),isnotnull(user_id#21)
[2026-01-10T19:04:27.097+0000] {subprocess.py:93} INFO - 26/01/10 19:04:27 INFO CodeGenerator: Code generated in 48.081425 ms
[2026-01-10T19:04:27.100+0000] {subprocess.py:93} INFO - 26/01/10 19:04:27 INFO MemoryStore: Block broadcast_7 stored as values in memory (estimated size 199.1 KiB, free 432.7 MiB)
[2026-01-10T19:04:27.112+0000] {subprocess.py:93} INFO - 26/01/10 19:04:27 INFO MemoryStore: Block broadcast_7_piece0 stored as bytes in memory (estimated size 34.1 KiB, free 432.7 MiB)
[2026-01-10T19:04:27.113+0000] {subprocess.py:93} INFO - 26/01/10 19:04:27 INFO BlockManagerInfo: Added broadcast_7_piece0 in memory on e997e4968980:40359 (size: 34.1 KiB, free: 434.3 MiB)
[2026-01-10T19:04:27.114+0000] {subprocess.py:93} INFO - 26/01/10 19:04:27 INFO SparkContext: Created broadcast 7 from showString at NativeMethodAccessorImpl.java:0
[2026-01-10T19:04:27.115+0000] {subprocess.py:93} INFO - 26/01/10 19:04:27 INFO FileSourceScanExec: Planning scan with bin packing, max size: 4194304 bytes, open cost is considered as scanning 4194304 bytes.
[2026-01-10T19:04:27.126+0000] {subprocess.py:93} INFO - 26/01/10 19:04:27 INFO SparkContext: Starting job: showString at NativeMethodAccessorImpl.java:0
[2026-01-10T19:04:27.127+0000] {subprocess.py:93} INFO - 26/01/10 19:04:27 INFO DAGScheduler: Got job 3 (showString at NativeMethodAccessorImpl.java:0) with 1 output partitions
[2026-01-10T19:04:27.128+0000] {subprocess.py:93} INFO - 26/01/10 19:04:27 INFO DAGScheduler: Final stage: ResultStage 3 (showString at NativeMethodAccessorImpl.java:0)
[2026-01-10T19:04:27.128+0000] {subprocess.py:93} INFO - 26/01/10 19:04:27 INFO DAGScheduler: Parents of final stage: List()
[2026-01-10T19:04:27.129+0000] {subprocess.py:93} INFO - 26/01/10 19:04:27 INFO DAGScheduler: Missing parents: List()
[2026-01-10T19:04:27.130+0000] {subprocess.py:93} INFO - 26/01/10 19:04:27 INFO DAGScheduler: Submitting ResultStage 3 (MapPartitionsRDD[15] at showString at NativeMethodAccessorImpl.java:0), which has no missing parents
[2026-01-10T19:04:27.130+0000] {subprocess.py:93} INFO - 26/01/10 19:04:27 INFO MemoryStore: Block broadcast_8 stored as values in memory (estimated size 46.1 KiB, free 432.7 MiB)
[2026-01-10T19:04:27.135+0000] {subprocess.py:93} INFO - 26/01/10 19:04:27 INFO MemoryStore: Block broadcast_8_piece0 stored as bytes in memory (estimated size 15.3 KiB, free 432.6 MiB)
[2026-01-10T19:04:27.136+0000] {subprocess.py:93} INFO - 26/01/10 19:04:27 INFO BlockManagerInfo: Added broadcast_8_piece0 in memory on e997e4968980:40359 (size: 15.3 KiB, free: 434.3 MiB)
[2026-01-10T19:04:27.137+0000] {subprocess.py:93} INFO - 26/01/10 19:04:27 INFO SparkContext: Created broadcast 8 from broadcast at DAGScheduler.scala:1580
[2026-01-10T19:04:27.138+0000] {subprocess.py:93} INFO - 26/01/10 19:04:27 INFO DAGScheduler: Submitting 1 missing tasks from ResultStage 3 (MapPartitionsRDD[15] at showString at NativeMethodAccessorImpl.java:0) (first 15 tasks are for partitions Vector(0))
[2026-01-10T19:04:27.138+0000] {subprocess.py:93} INFO - 26/01/10 19:04:27 INFO TaskSchedulerImpl: Adding task set 3.0 with 1 tasks resource profile 0
[2026-01-10T19:04:27.139+0000] {subprocess.py:93} INFO - 26/01/10 19:04:27 INFO TaskSetManager: Starting task 0.0 in stage 3.0 (TID 3) (e997e4968980, executor driver, partition 0, PROCESS_LOCAL, 8251 bytes)
[2026-01-10T19:04:27.140+0000] {subprocess.py:93} INFO - 26/01/10 19:04:27 INFO Executor: Running task 0.0 in stage 3.0 (TID 3)
[2026-01-10T19:04:27.173+0000] {subprocess.py:93} INFO - 26/01/10 19:04:27 INFO CodeGenerator: Code generated in 29.469897 ms
[2026-01-10T19:04:27.176+0000] {subprocess.py:93} INFO - 26/01/10 19:04:27 INFO FileScanRDD: Reading File path: file:///opt/spark-data/landing/transaction_events_1768070270.2180772.json, range: 0-105957, partition values: [empty row]
[2026-01-10T19:04:27.194+0000] {subprocess.py:93} INFO - 26/01/10 19:04:27 INFO CodeGenerator: Code generated in 13.00906 ms
[2026-01-10T19:04:27.200+0000] {subprocess.py:93} INFO - 26/01/10 19:04:27 INFO CodeGenerator: Code generated in 3.500332 ms
[2026-01-10T19:04:27.206+0000] {subprocess.py:93} INFO - 26/01/10 19:04:27 INFO CodeGenerator: Code generated in 3.543872 ms
[2026-01-10T19:04:27.259+0000] {subprocess.py:93} INFO - 26/01/10 19:04:27 INFO Executor: Finished task 0.0 in stage 3.0 (TID 3). 1805 bytes result sent to driver
[2026-01-10T19:04:27.260+0000] {subprocess.py:93} INFO - 26/01/10 19:04:27 INFO TaskSetManager: Finished task 0.0 in stage 3.0 (TID 3) in 122 ms on e997e4968980 (executor driver) (1/1)
[2026-01-10T19:04:27.261+0000] {subprocess.py:93} INFO - 26/01/10 19:04:27 INFO TaskSchedulerImpl: Removed TaskSet 3.0, whose tasks have all completed, from pool
[2026-01-10T19:04:27.264+0000] {subprocess.py:93} INFO - 26/01/10 19:04:27 INFO DAGScheduler: ResultStage 3 (showString at NativeMethodAccessorImpl.java:0) finished in 0.133 s
[2026-01-10T19:04:27.265+0000] {subprocess.py:93} INFO - 26/01/10 19:04:27 INFO DAGScheduler: Job 3 is finished. Cancelling potential speculative or zombie tasks for this job
[2026-01-10T19:04:27.266+0000] {subprocess.py:93} INFO - 26/01/10 19:04:27 INFO TaskSchedulerImpl: Killing all running tasks in stage 3: Stage finished
[2026-01-10T19:04:27.266+0000] {subprocess.py:93} INFO - 26/01/10 19:04:27 INFO DAGScheduler: Job 3 finished: showString at NativeMethodAccessorImpl.java:0, took 0.135571 s
[2026-01-10T19:04:27.267+0000] {subprocess.py:93} INFO - +---------------+--------+-----------------------+--------------+--------+----------------+------+--------+---+-----------+-----+--------------+----------------+-------+-------+-------+----+-------+------+----------+--------+----------+----------+----+----------+--------+------------+----------+---------+-------+
[2026-01-10T19:04:27.268+0000] {subprocess.py:93} INFO - |billing_address|currency|original_transaction_id|payment_method|products|shipping_address|status|subtotal|tax|t_timestamp|total|transaction_id|transaction_type|user_id|product|browser|city|country|device|element_id|event_id|event_type|ip_address|page|product_id|quantity|search_query|session_id|timestamp|user_id|
[2026-01-10T19:04:27.268+0000] {subprocess.py:93} INFO - +---------------+--------+-----------------------+--------------+--------+----------------+------+--------+---+-----------+-----+--------------+----------------+-------+-------+-------+----+-------+------+----------+--------+----------+----------+----+----------+--------+------------+----------+---------+-------+
[2026-01-10T19:04:27.269+0000] {subprocess.py:93} INFO - +---------------+--------+-----------------------+--------------+--------+----------------+------+--------+---+-----------+-----+--------------+----------------+-------+-------+-------+----+-------+------+----------+--------+----------+----------+----+----------+--------+------------+----------+---------+-------+
[2026-01-10T19:04:27.269+0000] {subprocess.py:93} INFO - 
[2026-01-10T19:04:27.270+0000] {subprocess.py:93} INFO - None
[2026-01-10T19:04:27.501+0000] {subprocess.py:93} INFO - 26/01/10 19:04:27 INFO FileSourceStrategy: Pushed Filters: IsNotNull(user_id),IsNotNull(products)
[2026-01-10T19:04:27.501+0000] {subprocess.py:93} INFO - 26/01/10 19:04:27 INFO FileSourceStrategy: Post-Scan Filters: isnotnull(user_id#21),(size(products#12, true) > 0),isnotnull(products#12)
[2026-01-10T19:04:27.502+0000] {subprocess.py:93} INFO - 26/01/10 19:04:27 INFO FileSourceStrategy: Pushed Filters: IsNotNull(user_id),IsNotNull(product_id)
[2026-01-10T19:04:27.503+0000] {subprocess.py:93} INFO - 26/01/10 19:04:27 INFO FileSourceStrategy: Post-Scan Filters: isnotnull(user_id#58),isnotnull(product_id#53)
[2026-01-10T19:04:27.542+0000] {subprocess.py:93} INFO - 26/01/10 19:04:27 INFO CodeGenerator: Code generated in 10.053215 ms
[2026-01-10T19:04:27.545+0000] {subprocess.py:93} INFO - 26/01/10 19:04:27 INFO MemoryStore: Block broadcast_9 stored as values in memory (estimated size 199.1 KiB, free 432.5 MiB)
[2026-01-10T19:04:27.554+0000] {subprocess.py:93} INFO - 26/01/10 19:04:27 INFO MemoryStore: Block broadcast_9_piece0 stored as bytes in memory (estimated size 34.1 KiB, free 432.4 MiB)
[2026-01-10T19:04:27.556+0000] {subprocess.py:93} INFO - 26/01/10 19:04:27 INFO BlockManagerInfo: Added broadcast_9_piece0 in memory on e997e4968980:40359 (size: 34.1 KiB, free: 434.2 MiB)
[2026-01-10T19:04:27.556+0000] {subprocess.py:93} INFO - 26/01/10 19:04:27 INFO SparkContext: Created broadcast 9 from $anonfun$withThreadLocalCaptured$1 at FutureTask.java:264
[2026-01-10T19:04:27.558+0000] {subprocess.py:93} INFO - 26/01/10 19:04:27 INFO FileSourceScanExec: Planning scan with bin packing, max size: 4194304 bytes, open cost is considered as scanning 4194304 bytes.
[2026-01-10T19:04:27.576+0000] {subprocess.py:93} INFO - 26/01/10 19:04:27 INFO SparkContext: Starting job: $anonfun$withThreadLocalCaptured$1 at FutureTask.java:264
[2026-01-10T19:04:27.580+0000] {subprocess.py:93} INFO - 26/01/10 19:04:27 INFO DAGScheduler: Got job 4 ($anonfun$withThreadLocalCaptured$1 at FutureTask.java:264) with 1 output partitions
[2026-01-10T19:04:27.581+0000] {subprocess.py:93} INFO - 26/01/10 19:04:27 INFO DAGScheduler: Final stage: ResultStage 4 ($anonfun$withThreadLocalCaptured$1 at FutureTask.java:264)
[2026-01-10T19:04:27.582+0000] {subprocess.py:93} INFO - 26/01/10 19:04:27 INFO DAGScheduler: Parents of final stage: List()
[2026-01-10T19:04:27.583+0000] {subprocess.py:93} INFO - 26/01/10 19:04:27 INFO DAGScheduler: Missing parents: List()
[2026-01-10T19:04:27.584+0000] {subprocess.py:93} INFO - 26/01/10 19:04:27 INFO DAGScheduler: Submitting ResultStage 4 (MapPartitionsRDD[19] at $anonfun$withThreadLocalCaptured$1 at FutureTask.java:264), which has no missing parents
[2026-01-10T19:04:27.584+0000] {subprocess.py:93} INFO - 26/01/10 19:04:27 INFO MemoryStore: Block broadcast_10 stored as values in memory (estimated size 15.6 KiB, free 432.4 MiB)
[2026-01-10T19:04:27.585+0000] {subprocess.py:93} INFO - 26/01/10 19:04:27 INFO MemoryStore: Block broadcast_10_piece0 stored as bytes in memory (estimated size 7.4 KiB, free 432.4 MiB)
[2026-01-10T19:04:27.586+0000] {subprocess.py:93} INFO - 26/01/10 19:04:27 INFO BlockManagerInfo: Added broadcast_10_piece0 in memory on e997e4968980:40359 (size: 7.4 KiB, free: 434.2 MiB)
[2026-01-10T19:04:27.586+0000] {subprocess.py:93} INFO - 26/01/10 19:04:27 INFO SparkContext: Created broadcast 10 from broadcast at DAGScheduler.scala:1580
[2026-01-10T19:04:27.587+0000] {subprocess.py:93} INFO - 26/01/10 19:04:27 INFO DAGScheduler: Submitting 1 missing tasks from ResultStage 4 (MapPartitionsRDD[19] at $anonfun$withThreadLocalCaptured$1 at FutureTask.java:264) (first 15 tasks are for partitions Vector(0))
[2026-01-10T19:04:27.588+0000] {subprocess.py:93} INFO - 26/01/10 19:04:27 INFO TaskSchedulerImpl: Adding task set 4.0 with 1 tasks resource profile 0
[2026-01-10T19:04:27.588+0000] {subprocess.py:93} INFO - 26/01/10 19:04:27 INFO TaskSetManager: Starting task 0.0 in stage 4.0 (TID 4) (e997e4968980, executor driver, partition 0, PROCESS_LOCAL, 8244 bytes)
[2026-01-10T19:04:27.589+0000] {subprocess.py:93} INFO - 26/01/10 19:04:27 INFO Executor: Running task 0.0 in stage 4.0 (TID 4)
[2026-01-10T19:04:27.597+0000] {subprocess.py:93} INFO - 26/01/10 19:04:27 INFO CodeGenerator: Code generated in 6.159677 ms
[2026-01-10T19:04:27.599+0000] {subprocess.py:93} INFO - 26/01/10 19:04:27 INFO FileScanRDD: Reading File path: file:///opt/spark-data/landing/user_events_1768070270.2175364.json, range: 0-72480, partition values: [empty row]
[2026-01-10T19:04:27.606+0000] {subprocess.py:93} INFO - 26/01/10 19:04:27 INFO CodeGenerator: Code generated in 5.300052 ms
[2026-01-10T19:04:27.612+0000] {subprocess.py:93} INFO - 26/01/10 19:04:27 INFO CodeGenerator: Code generated in 3.450902 ms
[2026-01-10T19:04:27.616+0000] {subprocess.py:93} INFO - 26/01/10 19:04:27 INFO CodeGenerator: Code generated in 2.978664 ms
[2026-01-10T19:04:27.648+0000] {subprocess.py:93} INFO - 26/01/10 19:04:27 INFO Executor: Finished task 0.0 in stage 4.0 (TID 4). 3178 bytes result sent to driver
[2026-01-10T19:04:27.649+0000] {subprocess.py:93} INFO - 26/01/10 19:04:27 INFO TaskSetManager: Finished task 0.0 in stage 4.0 (TID 4) in 64 ms on e997e4968980 (executor driver) (1/1)
[2026-01-10T19:04:27.651+0000] {subprocess.py:93} INFO - 26/01/10 19:04:27 INFO TaskSchedulerImpl: Removed TaskSet 4.0, whose tasks have all completed, from pool
[2026-01-10T19:04:27.652+0000] {subprocess.py:93} INFO - 26/01/10 19:04:27 INFO DAGScheduler: ResultStage 4 ($anonfun$withThreadLocalCaptured$1 at FutureTask.java:264) finished in 0.071 s
[2026-01-10T19:04:27.653+0000] {subprocess.py:93} INFO - 26/01/10 19:04:27 INFO DAGScheduler: Job 4 is finished. Cancelling potential speculative or zombie tasks for this job
[2026-01-10T19:04:27.656+0000] {subprocess.py:93} INFO - 26/01/10 19:04:27 INFO TaskSchedulerImpl: Killing all running tasks in stage 4: Stage finished
[2026-01-10T19:04:27.656+0000] {subprocess.py:93} INFO - 26/01/10 19:04:27 INFO DAGScheduler: Job 4 finished: $anonfun$withThreadLocalCaptured$1 at FutureTask.java:264, took 0.074189 s
[2026-01-10T19:04:27.657+0000] {subprocess.py:93} INFO - 26/01/10 19:04:27 INFO CodeGenerator: Code generated in 3.803769 ms
[2026-01-10T19:04:27.658+0000] {subprocess.py:93} INFO - 26/01/10 19:04:27 INFO MemoryStore: Block broadcast_11 stored as values in memory (estimated size 1026.0 KiB, free 431.4 MiB)
[2026-01-10T19:04:27.660+0000] {subprocess.py:93} INFO - 26/01/10 19:04:27 INFO MemoryStore: Block broadcast_11_piece0 stored as bytes in memory (estimated size 2.4 KiB, free 431.4 MiB)
[2026-01-10T19:04:27.661+0000] {subprocess.py:93} INFO - 26/01/10 19:04:27 INFO BlockManagerInfo: Added broadcast_11_piece0 in memory on e997e4968980:40359 (size: 2.4 KiB, free: 434.2 MiB)
[2026-01-10T19:04:27.661+0000] {subprocess.py:93} INFO - 26/01/10 19:04:27 INFO SparkContext: Created broadcast 11 from $anonfun$withThreadLocalCaptured$1 at FutureTask.java:264
[2026-01-10T19:04:27.668+0000] {subprocess.py:93} INFO - 26/01/10 19:04:27 INFO FileSourceStrategy: Pushed Filters: IsNotNull(user_id),IsNotNull(products)
[2026-01-10T19:04:27.679+0000] {subprocess.py:93} INFO - 26/01/10 19:04:27 INFO FileSourceStrategy: Post-Scan Filters: isnotnull(user_id#21),(size(products#12, true) > 0),isnotnull(products#12)
[2026-01-10T19:04:27.765+0000] {subprocess.py:93} INFO - 26/01/10 19:04:27 INFO FileOutputCommitter: File Output Committer Algorithm version is 1
[2026-01-10T19:04:27.766+0000] {subprocess.py:93} INFO - 26/01/10 19:04:27 INFO FileOutputCommitter: FileOutputCommitter skip cleanup _temporary folders under output directory:false, ignore cleanup failures: false
[2026-01-10T19:04:27.766+0000] {subprocess.py:93} INFO - 26/01/10 19:04:27 INFO SQLHadoopMapReduceCommitProtocol: Using output committer class org.apache.hadoop.mapreduce.lib.output.FileOutputCommitter
[2026-01-10T19:04:27.869+0000] {subprocess.py:93} INFO - 26/01/10 19:04:27 INFO CodeGenerator: Code generated in 29.752802 ms
[2026-01-10T19:04:27.873+0000] {subprocess.py:93} INFO - 26/01/10 19:04:27 INFO MemoryStore: Block broadcast_12 stored as values in memory (estimated size 199.1 KiB, free 431.2 MiB)
[2026-01-10T19:04:27.885+0000] {subprocess.py:93} INFO - 26/01/10 19:04:27 INFO MemoryStore: Block broadcast_12_piece0 stored as bytes in memory (estimated size 34.1 KiB, free 431.2 MiB)
[2026-01-10T19:04:27.888+0000] {subprocess.py:93} INFO - 26/01/10 19:04:27 INFO BlockManagerInfo: Added broadcast_12_piece0 in memory on e997e4968980:40359 (size: 34.1 KiB, free: 434.2 MiB)
[2026-01-10T19:04:27.889+0000] {subprocess.py:93} INFO - 26/01/10 19:04:27 INFO SparkContext: Created broadcast 12 from csv at NativeMethodAccessorImpl.java:0
[2026-01-10T19:04:27.890+0000] {subprocess.py:93} INFO - 26/01/10 19:04:27 INFO FileSourceScanExec: Planning scan with bin packing, max size: 4194304 bytes, open cost is considered as scanning 4194304 bytes.
[2026-01-10T19:04:27.898+0000] {subprocess.py:93} INFO - 26/01/10 19:04:27 INFO SparkContext: Starting job: csv at NativeMethodAccessorImpl.java:0
[2026-01-10T19:04:27.899+0000] {subprocess.py:93} INFO - 26/01/10 19:04:27 INFO DAGScheduler: Got job 5 (csv at NativeMethodAccessorImpl.java:0) with 1 output partitions
[2026-01-10T19:04:27.900+0000] {subprocess.py:93} INFO - 26/01/10 19:04:27 INFO DAGScheduler: Final stage: ResultStage 5 (csv at NativeMethodAccessorImpl.java:0)
[2026-01-10T19:04:27.901+0000] {subprocess.py:93} INFO - 26/01/10 19:04:27 INFO DAGScheduler: Parents of final stage: List()
[2026-01-10T19:04:27.902+0000] {subprocess.py:93} INFO - 26/01/10 19:04:27 INFO DAGScheduler: Missing parents: List()
[2026-01-10T19:04:27.902+0000] {subprocess.py:93} INFO - 26/01/10 19:04:27 INFO DAGScheduler: Submitting ResultStage 5 (MapPartitionsRDD[23] at csv at NativeMethodAccessorImpl.java:0), which has no missing parents
[2026-01-10T19:04:27.938+0000] {subprocess.py:93} INFO - 26/01/10 19:04:27 INFO MemoryStore: Block broadcast_13 stored as values in memory (estimated size 232.5 KiB, free 430.9 MiB)
[2026-01-10T19:04:27.945+0000] {subprocess.py:93} INFO - 26/01/10 19:04:27 INFO MemoryStore: Block broadcast_13_piece0 stored as bytes in memory (estimated size 82.4 KiB, free 430.9 MiB)
[2026-01-10T19:04:27.946+0000] {subprocess.py:93} INFO - 26/01/10 19:04:27 INFO BlockManagerInfo: Added broadcast_13_piece0 in memory on e997e4968980:40359 (size: 82.4 KiB, free: 434.1 MiB)
[2026-01-10T19:04:27.947+0000] {subprocess.py:93} INFO - 26/01/10 19:04:27 INFO SparkContext: Created broadcast 13 from broadcast at DAGScheduler.scala:1580
[2026-01-10T19:04:27.948+0000] {subprocess.py:93} INFO - 26/01/10 19:04:27 INFO DAGScheduler: Submitting 1 missing tasks from ResultStage 5 (MapPartitionsRDD[23] at csv at NativeMethodAccessorImpl.java:0) (first 15 tasks are for partitions Vector(0))
[2026-01-10T19:04:27.949+0000] {subprocess.py:93} INFO - 26/01/10 19:04:27 INFO TaskSchedulerImpl: Adding task set 5.0 with 1 tasks resource profile 0
[2026-01-10T19:04:27.953+0000] {subprocess.py:93} INFO - 26/01/10 19:04:27 INFO TaskSetManager: Starting task 0.0 in stage 5.0 (TID 5) (e997e4968980, executor driver, partition 0, PROCESS_LOCAL, 8251 bytes)
[2026-01-10T19:04:27.956+0000] {subprocess.py:93} INFO - 26/01/10 19:04:27 INFO Executor: Running task 0.0 in stage 5.0 (TID 5)
[2026-01-10T19:04:28.103+0000] {subprocess.py:93} INFO - 26/01/10 19:04:28 INFO CodeGenerator: Code generated in 54.282866 ms
[2026-01-10T19:04:28.107+0000] {subprocess.py:93} INFO - 26/01/10 19:04:28 INFO FileOutputCommitter: File Output Committer Algorithm version is 1
[2026-01-10T19:04:28.108+0000] {subprocess.py:93} INFO - 26/01/10 19:04:28 INFO FileOutputCommitter: FileOutputCommitter skip cleanup _temporary folders under output directory:false, ignore cleanup failures: false
[2026-01-10T19:04:28.109+0000] {subprocess.py:93} INFO - 26/01/10 19:04:28 INFO SQLHadoopMapReduceCommitProtocol: Using output committer class org.apache.hadoop.mapreduce.lib.output.FileOutputCommitter
[2026-01-10T19:04:28.272+0000] {subprocess.py:93} INFO - 26/01/10 19:04:28 INFO FileScanRDD: Reading File path: file:///opt/spark-data/landing/transaction_events_1768070270.2180772.json, range: 0-105957, partition values: [empty row]
[2026-01-10T19:04:28.283+0000] {subprocess.py:93} INFO - 26/01/10 19:04:28 INFO CodeGenerator: Code generated in 7.101319 ms
[2026-01-10T19:04:28.314+0000] {subprocess.py:93} INFO - 26/01/10 19:04:28 INFO CodeGenerator: Code generated in 26.68434 ms
[2026-01-10T19:04:28.532+0000] {subprocess.py:93} INFO - 26/01/10 19:04:28 INFO FileOutputCommitter: Saved output of task 'attempt_202601101904271731817830714010069_0005_m_000000_5' to file:/opt/spark-data/gold/advertising/_temporary/0/task_202601101904271731817830714010069_0005_m_000000
[2026-01-10T19:04:28.533+0000] {subprocess.py:93} INFO - 26/01/10 19:04:28 INFO SparkHadoopMapRedUtil: attempt_202601101904271731817830714010069_0005_m_000000_5: Committed. Elapsed time: 54 ms.
[2026-01-10T19:04:28.542+0000] {subprocess.py:93} INFO - 26/01/10 19:04:28 INFO Executor: Finished task 0.0 in stage 5.0 (TID 5). 2850 bytes result sent to driver
[2026-01-10T19:04:28.544+0000] {subprocess.py:93} INFO - 26/01/10 19:04:28 INFO TaskSetManager: Finished task 0.0 in stage 5.0 (TID 5) in 594 ms on e997e4968980 (executor driver) (1/1)
[2026-01-10T19:04:28.544+0000] {subprocess.py:93} INFO - 26/01/10 19:04:28 INFO TaskSchedulerImpl: Removed TaskSet 5.0, whose tasks have all completed, from pool
[2026-01-10T19:04:28.545+0000] {subprocess.py:93} INFO - 26/01/10 19:04:28 INFO DAGScheduler: ResultStage 5 (csv at NativeMethodAccessorImpl.java:0) finished in 0.644 s
[2026-01-10T19:04:28.546+0000] {subprocess.py:93} INFO - 26/01/10 19:04:28 INFO DAGScheduler: Job 5 is finished. Cancelling potential speculative or zombie tasks for this job
[2026-01-10T19:04:28.546+0000] {subprocess.py:93} INFO - 26/01/10 19:04:28 INFO TaskSchedulerImpl: Killing all running tasks in stage 5: Stage finished
[2026-01-10T19:04:28.547+0000] {subprocess.py:93} INFO - 26/01/10 19:04:28 INFO DAGScheduler: Job 5 finished: csv at NativeMethodAccessorImpl.java:0, took 0.647510 s
[2026-01-10T19:04:28.548+0000] {subprocess.py:93} INFO - 26/01/10 19:04:28 INFO FileFormatWriter: Start to commit write Job 960cbda9-4a5e-4d24-8a0f-70757c9f538e.
[2026-01-10T19:04:28.790+0000] {subprocess.py:93} INFO - 26/01/10 19:04:28 INFO FileFormatWriter: Write Job 960cbda9-4a5e-4d24-8a0f-70757c9f538e committed. Elapsed time: 241 ms.
[2026-01-10T19:04:28.793+0000] {subprocess.py:93} INFO - 26/01/10 19:04:28 INFO FileFormatWriter: Finished processing stats for write job 960cbda9-4a5e-4d24-8a0f-70757c9f538e.
[2026-01-10T19:04:28.796+0000] {subprocess.py:93} INFO - 26/01/10 19:04:28 INFO SparkContext: SparkContext is stopping with exitCode 0.
[2026-01-10T19:04:28.809+0000] {subprocess.py:93} INFO - 26/01/10 19:04:28 INFO SparkUI: Stopped Spark web UI at http://e997e4968980:4040
[2026-01-10T19:04:28.821+0000] {subprocess.py:93} INFO - 26/01/10 19:04:28 INFO MapOutputTrackerMasterEndpoint: MapOutputTrackerMasterEndpoint stopped!
[2026-01-10T19:04:28.839+0000] {subprocess.py:93} INFO - 26/01/10 19:04:28 INFO MemoryStore: MemoryStore cleared
[2026-01-10T19:04:28.840+0000] {subprocess.py:93} INFO - 26/01/10 19:04:28 INFO BlockManager: BlockManager stopped
[2026-01-10T19:04:28.842+0000] {subprocess.py:93} INFO - 26/01/10 19:04:28 INFO BlockManagerMaster: BlockManagerMaster stopped
[2026-01-10T19:04:28.845+0000] {subprocess.py:93} INFO - 26/01/10 19:04:28 INFO OutputCommitCoordinator$OutputCommitCoordinatorEndpoint: OutputCommitCoordinator stopped!
[2026-01-10T19:04:28.858+0000] {subprocess.py:93} INFO - 26/01/10 19:04:28 INFO SparkContext: Successfully stopped SparkContext
[2026-01-10T19:04:29.297+0000] {subprocess.py:93} INFO - 26/01/10 19:04:29 INFO ShutdownHookManager: Shutdown hook called
[2026-01-10T19:04:29.299+0000] {subprocess.py:93} INFO - 26/01/10 19:04:29 INFO ShutdownHookManager: Deleting directory /tmp/spark-f1feb510-3cc3-48c7-a555-9f00803721d2
[2026-01-10T19:04:29.301+0000] {subprocess.py:93} INFO - 26/01/10 19:04:29 INFO ShutdownHookManager: Deleting directory /tmp/spark-24113cac-c06a-4ff8-874d-56d2c4f0bcc2
[2026-01-10T19:04:29.304+0000] {subprocess.py:93} INFO - 26/01/10 19:04:29 INFO ShutdownHookManager: Deleting directory /tmp/spark-24113cac-c06a-4ff8-874d-56d2c4f0bcc2/pyspark-acd79b36-f251-4837-9b41-ead5463d5609
[2026-01-10T19:04:29.352+0000] {subprocess.py:97} INFO - Command exited with return code 0
[2026-01-10T19:04:29.381+0000] {taskinstance.py:1138} INFO - Marking task as SUCCESS. dag_id=streamflow_main, task_id=Spark_Submit, execution_date=20260110T190406, start_date=20260110T190414, end_date=20260110T190429
[2026-01-10T19:04:29.431+0000] {local_task_job_runner.py:234} INFO - Task exited with return code 0
[2026-01-10T19:04:29.450+0000] {taskinstance.py:3280} INFO - 0 downstream tasks scheduled from follow-on schedule check
