[2026-01-10T18:57:30.472+0000] {taskinstance.py:1956} INFO - Dependencies all met for dep_context=non-requeueable deps ti=<TaskInstance: streamflow_main.Spark_Submit manual__2026-01-10T18:56:55.856326+00:00 [queued]>
[2026-01-10T18:57:30.483+0000] {taskinstance.py:1956} INFO - Dependencies all met for dep_context=requeueable deps ti=<TaskInstance: streamflow_main.Spark_Submit manual__2026-01-10T18:56:55.856326+00:00 [queued]>
[2026-01-10T18:57:30.485+0000] {taskinstance.py:2170} INFO - Starting attempt 1 of 1
[2026-01-10T18:57:30.505+0000] {taskinstance.py:2191} INFO - Executing <Task(BashOperator): Spark_Submit> on 2026-01-10 18:56:55.856326+00:00
[2026-01-10T18:57:30.511+0000] {standard_task_runner.py:60} INFO - Started process 993 to run task
[2026-01-10T18:57:30.514+0000] {standard_task_runner.py:87} INFO - Running: ['***', 'tasks', 'run', 'streamflow_main', 'Spark_Submit', 'manual__2026-01-10T18:56:55.856326+00:00', '--job-id', '11', '--raw', '--subdir', 'DAGS_FOLDER/dag_streamflow.py', '--cfg-path', '/tmp/tmpbsvdyw24']
[2026-01-10T18:57:30.517+0000] {standard_task_runner.py:88} INFO - Job 11: Subtask Spark_Submit
[2026-01-10T18:57:30.583+0000] {task_command.py:423} INFO - Running <TaskInstance: streamflow_main.Spark_Submit manual__2026-01-10T18:56:55.856326+00:00 [running]> on host e997e4968980
[2026-01-10T18:57:30.690+0000] {taskinstance.py:2480} INFO - Exporting env vars: AIRFLOW_CTX_DAG_OWNER='student' AIRFLOW_CTX_DAG_ID='streamflow_main' AIRFLOW_CTX_TASK_ID='Spark_Submit' AIRFLOW_CTX_EXECUTION_DATE='2026-01-10T18:56:55.856326+00:00' AIRFLOW_CTX_TRY_NUMBER='1' AIRFLOW_CTX_DAG_RUN_ID='manual__2026-01-10T18:56:55.856326+00:00'
[2026-01-10T18:57:30.692+0000] {subprocess.py:63} INFO - Tmp dir root location: /tmp
[2026-01-10T18:57:30.693+0000] {subprocess.py:75} INFO - Running command: ['/usr/bin/bash', '-c', '\n            spark-submit                 --master spark://spark-master:7077                 /opt/spark-jobs/etl_job.py\n        ']
[2026-01-10T18:57:30.703+0000] {subprocess.py:86} INFO - Output:
[2026-01-10T18:57:30.712+0000] {subprocess.py:93} INFO - /opt/spark/bin/load-spark-env.sh: line 68: ps: command not found
[2026-01-10T18:57:33.111+0000] {subprocess.py:93} INFO - 26/01/10 18:57:33 INFO SparkContext: Running Spark version 3.5.0
[2026-01-10T18:57:33.112+0000] {subprocess.py:93} INFO - 26/01/10 18:57:33 INFO SparkContext: OS info Linux, 5.15.167.4-microsoft-standard-WSL2, amd64
[2026-01-10T18:57:33.113+0000] {subprocess.py:93} INFO - 26/01/10 18:57:33 INFO SparkContext: Java version 17.0.17
[2026-01-10T18:57:33.185+0000] {subprocess.py:93} INFO - 26/01/10 18:57:33 WARN NativeCodeLoader: Unable to load native-hadoop library for your platform... using builtin-java classes where applicable
[2026-01-10T18:57:33.265+0000] {subprocess.py:93} INFO - 26/01/10 18:57:33 INFO ResourceUtils: ==============================================================
[2026-01-10T18:57:33.266+0000] {subprocess.py:93} INFO - 26/01/10 18:57:33 INFO ResourceUtils: No custom resources configured for spark.driver.
[2026-01-10T18:57:33.267+0000] {subprocess.py:93} INFO - 26/01/10 18:57:33 INFO ResourceUtils: ==============================================================
[2026-01-10T18:57:33.268+0000] {subprocess.py:93} INFO - 26/01/10 18:57:33 INFO SparkContext: Submitted application: ETL_job
[2026-01-10T18:57:33.284+0000] {subprocess.py:93} INFO - 26/01/10 18:57:33 INFO ResourceProfile: Default ResourceProfile created, executor resources: Map(cores -> name: cores, amount: 1, script: , vendor: , memory -> name: memory, amount: 1024, script: , vendor: , offHeap -> name: offHeap, amount: 0, script: , vendor: ), task resources: Map(cpus -> name: cpus, amount: 1.0)
[2026-01-10T18:57:33.292+0000] {subprocess.py:93} INFO - 26/01/10 18:57:33 INFO ResourceProfile: Limiting resource is cpu
[2026-01-10T18:57:33.293+0000] {subprocess.py:93} INFO - 26/01/10 18:57:33 INFO ResourceProfileManager: Added ResourceProfile id: 0
[2026-01-10T18:57:33.336+0000] {subprocess.py:93} INFO - 26/01/10 18:57:33 INFO SecurityManager: Changing view acls to: root
[2026-01-10T18:57:33.337+0000] {subprocess.py:93} INFO - 26/01/10 18:57:33 INFO SecurityManager: Changing modify acls to: root
[2026-01-10T18:57:33.338+0000] {subprocess.py:93} INFO - 26/01/10 18:57:33 INFO SecurityManager: Changing view acls groups to:
[2026-01-10T18:57:33.339+0000] {subprocess.py:93} INFO - 26/01/10 18:57:33 INFO SecurityManager: Changing modify acls groups to:
[2026-01-10T18:57:33.339+0000] {subprocess.py:93} INFO - 26/01/10 18:57:33 INFO SecurityManager: SecurityManager: authentication disabled; ui acls disabled; users with view permissions: root; groups with view permissions: EMPTY; users with modify permissions: root; groups with modify permissions: EMPTY
[2026-01-10T18:57:33.554+0000] {subprocess.py:93} INFO - 26/01/10 18:57:33 INFO Utils: Successfully started service 'sparkDriver' on port 37105.
[2026-01-10T18:57:33.584+0000] {subprocess.py:93} INFO - 26/01/10 18:57:33 INFO SparkEnv: Registering MapOutputTracker
[2026-01-10T18:57:33.618+0000] {subprocess.py:93} INFO - 26/01/10 18:57:33 INFO SparkEnv: Registering BlockManagerMaster
[2026-01-10T18:57:33.632+0000] {subprocess.py:93} INFO - 26/01/10 18:57:33 INFO BlockManagerMasterEndpoint: Using org.apache.spark.storage.DefaultTopologyMapper for getting topology information
[2026-01-10T18:57:33.633+0000] {subprocess.py:93} INFO - 26/01/10 18:57:33 INFO BlockManagerMasterEndpoint: BlockManagerMasterEndpoint up
[2026-01-10T18:57:33.636+0000] {subprocess.py:93} INFO - 26/01/10 18:57:33 INFO SparkEnv: Registering BlockManagerMasterHeartbeat
[2026-01-10T18:57:33.656+0000] {subprocess.py:93} INFO - 26/01/10 18:57:33 INFO DiskBlockManager: Created local directory at /tmp/blockmgr-b12af451-9a2f-4258-9917-089432716e13
[2026-01-10T18:57:33.668+0000] {subprocess.py:93} INFO - 26/01/10 18:57:33 INFO MemoryStore: MemoryStore started with capacity 434.4 MiB
[2026-01-10T18:57:33.685+0000] {subprocess.py:93} INFO - 26/01/10 18:57:33 INFO SparkEnv: Registering OutputCommitCoordinator
[2026-01-10T18:57:33.811+0000] {subprocess.py:93} INFO - 26/01/10 18:57:33 INFO JettyUtils: Start Jetty 0.0.0.0:4040 for SparkUI
[2026-01-10T18:57:33.874+0000] {subprocess.py:93} INFO - 26/01/10 18:57:33 INFO Utils: Successfully started service 'SparkUI' on port 4040.
[2026-01-10T18:57:33.996+0000] {subprocess.py:93} INFO - 26/01/10 18:57:33 INFO Executor: Starting executor ID driver on host e997e4968980
[2026-01-10T18:57:33.997+0000] {subprocess.py:93} INFO - 26/01/10 18:57:33 INFO Executor: OS info Linux, 5.15.167.4-microsoft-standard-WSL2, amd64
[2026-01-10T18:57:33.998+0000] {subprocess.py:93} INFO - 26/01/10 18:57:33 INFO Executor: Java version 17.0.17
[2026-01-10T18:57:34.005+0000] {subprocess.py:93} INFO - 26/01/10 18:57:34 INFO Executor: Starting executor with user classpath (userClassPathFirst = false): ''
[2026-01-10T18:57:34.006+0000] {subprocess.py:93} INFO - 26/01/10 18:57:34 INFO Executor: Created or updated repl class loader org.apache.spark.util.MutableURLClassLoader@14b16249 for default.
[2026-01-10T18:57:34.029+0000] {subprocess.py:93} INFO - 26/01/10 18:57:34 INFO Utils: Successfully started service 'org.apache.spark.network.netty.NettyBlockTransferService' on port 34501.
[2026-01-10T18:57:34.030+0000] {subprocess.py:93} INFO - 26/01/10 18:57:34 INFO NettyBlockTransferService: Server created on e997e4968980:34501
[2026-01-10T18:57:34.031+0000] {subprocess.py:93} INFO - 26/01/10 18:57:34 INFO BlockManager: Using org.apache.spark.storage.RandomBlockReplicationPolicy for block replication policy
[2026-01-10T18:57:34.038+0000] {subprocess.py:93} INFO - 26/01/10 18:57:34 INFO BlockManagerMaster: Registering BlockManager BlockManagerId(driver, e997e4968980, 34501, None)
[2026-01-10T18:57:34.042+0000] {subprocess.py:93} INFO - 26/01/10 18:57:34 INFO BlockManagerMasterEndpoint: Registering block manager e997e4968980:34501 with 434.4 MiB RAM, BlockManagerId(driver, e997e4968980, 34501, None)
[2026-01-10T18:57:34.044+0000] {subprocess.py:93} INFO - 26/01/10 18:57:34 INFO BlockManagerMaster: Registered BlockManager BlockManagerId(driver, e997e4968980, 34501, None)
[2026-01-10T18:57:34.045+0000] {subprocess.py:93} INFO - 26/01/10 18:57:34 INFO BlockManager: Initialized BlockManager: BlockManagerId(driver, e997e4968980, 34501, None)
[2026-01-10T18:57:34.557+0000] {subprocess.py:93} INFO - 26/01/10 18:57:34 INFO SharedState: Setting hive.metastore.warehouse.dir ('null') to the value of spark.sql.warehouse.dir.
[2026-01-10T18:57:34.567+0000] {subprocess.py:93} INFO - 26/01/10 18:57:34 INFO SharedState: Warehouse path is 'file:/tmp/***tmpwlie4dus/spark-warehouse'.
[2026-01-10T18:57:35.708+0000] {subprocess.py:93} INFO - Traceback (most recent call last):
[2026-01-10T18:57:35.708+0000] {subprocess.py:93} INFO -   File "/opt/spark-jobs/etl_job.py", line 107, in <module>
[2026-01-10T18:57:35.712+0000] {subprocess.py:93} INFO -     run_etl(create_spark_session("ETL_job"),'/opt/spark-data/landing', '/opt/spark-data/gold')
[2026-01-10T18:57:35.713+0000] {subprocess.py:93} INFO -   File "/opt/spark-jobs/etl_job.py", line 92, in run_etl
[2026-01-10T18:57:35.718+0000] {subprocess.py:93} INFO -     df_topic_transaction, df_topic_user = reading_data_from_landing(spark, transaction_path, events_path)
[2026-01-10T18:57:35.721+0000] {subprocess.py:93} INFO -   File "/opt/spark-jobs/etl_job.py", line 34, in reading_data_from_landing
[2026-01-10T18:57:35.724+0000] {subprocess.py:93} INFO -     df_topic_transaction = spark.read.json(f"./{input_path_topic1}")
[2026-01-10T18:57:35.725+0000] {subprocess.py:93} INFO -   File "/opt/spark/python/lib/pyspark.zip/pyspark/sql/readwriter.py", line 425, in json
[2026-01-10T18:57:35.726+0000] {subprocess.py:93} INFO -   File "/opt/spark/python/lib/py4j-0.10.9.7-src.zip/py4j/java_gateway.py", line 1322, in __call__
[2026-01-10T18:57:35.727+0000] {subprocess.py:93} INFO -   File "/opt/spark/python/lib/pyspark.zip/pyspark/errors/exceptions/captured.py", line 185, in deco
[2026-01-10T18:57:35.733+0000] {subprocess.py:93} INFO - pyspark.errors.exceptions.captured.AnalysisException: [PATH_NOT_FOUND] Path does not exist: file:/tmp/***tmpwlie4dus/opt/spark-data/landing/transaction_events_1768070270.2180772.json.
[2026-01-10T18:57:35.783+0000] {subprocess.py:93} INFO - 26/01/10 18:57:35 INFO SparkContext: Invoking stop() from shutdown hook
[2026-01-10T18:57:35.783+0000] {subprocess.py:93} INFO - 26/01/10 18:57:35 INFO SparkContext: SparkContext is stopping with exitCode 0.
[2026-01-10T18:57:35.796+0000] {subprocess.py:93} INFO - 26/01/10 18:57:35 INFO SparkUI: Stopped Spark web UI at http://e997e4968980:4040
[2026-01-10T18:57:35.809+0000] {subprocess.py:93} INFO - 26/01/10 18:57:35 INFO MapOutputTrackerMasterEndpoint: MapOutputTrackerMasterEndpoint stopped!
[2026-01-10T18:57:35.828+0000] {subprocess.py:93} INFO - 26/01/10 18:57:35 INFO MemoryStore: MemoryStore cleared
[2026-01-10T18:57:35.829+0000] {subprocess.py:93} INFO - 26/01/10 18:57:35 INFO BlockManager: BlockManager stopped
[2026-01-10T18:57:35.836+0000] {subprocess.py:93} INFO - 26/01/10 18:57:35 INFO BlockManagerMaster: BlockManagerMaster stopped
[2026-01-10T18:57:35.839+0000] {subprocess.py:93} INFO - 26/01/10 18:57:35 INFO OutputCommitCoordinator$OutputCommitCoordinatorEndpoint: OutputCommitCoordinator stopped!
[2026-01-10T18:57:35.851+0000] {subprocess.py:93} INFO - 26/01/10 18:57:35 INFO SparkContext: Successfully stopped SparkContext
[2026-01-10T18:57:35.852+0000] {subprocess.py:93} INFO - 26/01/10 18:57:35 INFO ShutdownHookManager: Shutdown hook called
[2026-01-10T18:57:35.853+0000] {subprocess.py:93} INFO - 26/01/10 18:57:35 INFO ShutdownHookManager: Deleting directory /tmp/spark-5775a484-3bd7-4293-956b-a541323ddcd5
[2026-01-10T18:57:35.857+0000] {subprocess.py:93} INFO - 26/01/10 18:57:35 INFO ShutdownHookManager: Deleting directory /tmp/spark-5775a484-3bd7-4293-956b-a541323ddcd5/pyspark-5dddb33a-d8f0-4ded-ae1f-17ef184c68d9
[2026-01-10T18:57:35.864+0000] {subprocess.py:93} INFO - 26/01/10 18:57:35 INFO ShutdownHookManager: Deleting directory /tmp/spark-e48d777f-aaa3-491b-a129-5f56791d10d8
[2026-01-10T18:57:35.900+0000] {subprocess.py:97} INFO - Command exited with return code 1
[2026-01-10T18:57:35.915+0000] {taskinstance.py:2698} ERROR - Task failed with exception
Traceback (most recent call last):
  File "/home/airflow/.local/lib/python3.10/site-packages/airflow/models/taskinstance.py", line 433, in _execute_task
    result = execute_callable(context=context, **execute_callable_kwargs)
  File "/home/airflow/.local/lib/python3.10/site-packages/airflow/operators/bash.py", line 212, in execute
    raise AirflowException(
airflow.exceptions.AirflowException: Bash command failed. The command returned a non-zero exit code 1.
[2026-01-10T18:57:35.919+0000] {taskinstance.py:1138} INFO - Marking task as FAILED. dag_id=streamflow_main, task_id=Spark_Submit, execution_date=20260110T185655, start_date=20260110T185730, end_date=20260110T185735
[2026-01-10T18:57:35.933+0000] {standard_task_runner.py:107} ERROR - Failed to execute job 11 for task Spark_Submit (Bash command failed. The command returned a non-zero exit code 1.; 993)
[2026-01-10T18:57:35.945+0000] {local_task_job_runner.py:234} INFO - Task exited with return code 1
[2026-01-10T18:57:35.970+0000] {taskinstance.py:3280} INFO - 0 downstream tasks scheduled from follow-on schedule check
