[2026-01-11T15:52:27.646+0000] {taskinstance.py:1956} INFO - Dependencies all met for dep_context=non-requeueable deps ti=<TaskInstance: streamflow_main.Spark_Submit manual__2026-01-11T15:51:24.528656+00:00 [queued]>
[2026-01-11T15:52:27.656+0000] {taskinstance.py:1956} INFO - Dependencies all met for dep_context=requeueable deps ti=<TaskInstance: streamflow_main.Spark_Submit manual__2026-01-11T15:51:24.528656+00:00 [queued]>
[2026-01-11T15:52:27.657+0000] {taskinstance.py:2170} INFO - Starting attempt 1 of 1
[2026-01-11T15:52:27.674+0000] {taskinstance.py:2191} INFO - Executing <Task(BashOperator): Spark_Submit> on 2026-01-11 15:51:24.528656+00:00
[2026-01-11T15:52:27.679+0000] {standard_task_runner.py:60} INFO - Started process 720 to run task
[2026-01-11T15:52:27.682+0000] {standard_task_runner.py:87} INFO - Running: ['***', 'tasks', 'run', 'streamflow_main', 'Spark_Submit', 'manual__2026-01-11T15:51:24.528656+00:00', '--job-id', '7', '--raw', '--subdir', 'DAGS_FOLDER/dag_streamflow.py', '--cfg-path', '/tmp/tmp0ugdqiww']
[2026-01-11T15:52:27.684+0000] {standard_task_runner.py:88} INFO - Job 7: Subtask Spark_Submit
[2026-01-11T15:52:27.733+0000] {task_command.py:423} INFO - Running <TaskInstance: streamflow_main.Spark_Submit manual__2026-01-11T15:51:24.528656+00:00 [running]> on host 139c0fac8954
[2026-01-11T15:52:27.813+0000] {taskinstance.py:2480} INFO - Exporting env vars: AIRFLOW_CTX_DAG_OWNER='student' AIRFLOW_CTX_DAG_ID='streamflow_main' AIRFLOW_CTX_TASK_ID='Spark_Submit' AIRFLOW_CTX_EXECUTION_DATE='2026-01-11T15:51:24.528656+00:00' AIRFLOW_CTX_TRY_NUMBER='1' AIRFLOW_CTX_DAG_RUN_ID='manual__2026-01-11T15:51:24.528656+00:00'
[2026-01-11T15:52:27.815+0000] {subprocess.py:63} INFO - Tmp dir root location: /tmp
[2026-01-11T15:52:27.816+0000] {subprocess.py:75} INFO - Running command: ['/usr/bin/bash', '-c', '\n            spark-submit                 --master spark://spark-master:7077                 /opt/spark-jobs/etl_job.py\n        ']
[2026-01-11T15:52:27.823+0000] {subprocess.py:86} INFO - Output:
[2026-01-11T15:52:27.832+0000] {subprocess.py:93} INFO - /opt/spark/bin/load-spark-env.sh: line 68: ps: command not found
[2026-01-11T15:52:30.157+0000] {subprocess.py:93} INFO - 26/01/11 15:52:30 INFO SparkContext: Running Spark version 3.5.0
[2026-01-11T15:52:30.159+0000] {subprocess.py:93} INFO - 26/01/11 15:52:30 INFO SparkContext: OS info Linux, 5.15.167.4-microsoft-standard-WSL2, amd64
[2026-01-11T15:52:30.160+0000] {subprocess.py:93} INFO - 26/01/11 15:52:30 INFO SparkContext: Java version 17.0.17
[2026-01-11T15:52:30.217+0000] {subprocess.py:93} INFO - 26/01/11 15:52:30 WARN NativeCodeLoader: Unable to load native-hadoop library for your platform... using builtin-java classes where applicable
[2026-01-11T15:52:30.296+0000] {subprocess.py:93} INFO - 26/01/11 15:52:30 INFO ResourceUtils: ==============================================================
[2026-01-11T15:52:30.297+0000] {subprocess.py:93} INFO - 26/01/11 15:52:30 INFO ResourceUtils: No custom resources configured for spark.driver.
[2026-01-11T15:52:30.298+0000] {subprocess.py:93} INFO - 26/01/11 15:52:30 INFO ResourceUtils: ==============================================================
[2026-01-11T15:52:30.298+0000] {subprocess.py:93} INFO - 26/01/11 15:52:30 INFO SparkContext: Submitted application: ETL_job
[2026-01-11T15:52:30.318+0000] {subprocess.py:93} INFO - 26/01/11 15:52:30 INFO ResourceProfile: Default ResourceProfile created, executor resources: Map(cores -> name: cores, amount: 1, script: , vendor: , memory -> name: memory, amount: 1024, script: , vendor: , offHeap -> name: offHeap, amount: 0, script: , vendor: ), task resources: Map(cpus -> name: cpus, amount: 1.0)
[2026-01-11T15:52:30.327+0000] {subprocess.py:93} INFO - 26/01/11 15:52:30 INFO ResourceProfile: Limiting resource is cpu
[2026-01-11T15:52:30.327+0000] {subprocess.py:93} INFO - 26/01/11 15:52:30 INFO ResourceProfileManager: Added ResourceProfile id: 0
[2026-01-11T15:52:30.372+0000] {subprocess.py:93} INFO - 26/01/11 15:52:30 INFO SecurityManager: Changing view acls to: root
[2026-01-11T15:52:30.373+0000] {subprocess.py:93} INFO - 26/01/11 15:52:30 INFO SecurityManager: Changing modify acls to: root
[2026-01-11T15:52:30.374+0000] {subprocess.py:93} INFO - 26/01/11 15:52:30 INFO SecurityManager: Changing view acls groups to:
[2026-01-11T15:52:30.374+0000] {subprocess.py:93} INFO - 26/01/11 15:52:30 INFO SecurityManager: Changing modify acls groups to:
[2026-01-11T15:52:30.375+0000] {subprocess.py:93} INFO - 26/01/11 15:52:30 INFO SecurityManager: SecurityManager: authentication disabled; ui acls disabled; users with view permissions: root; groups with view permissions: EMPTY; users with modify permissions: root; groups with modify permissions: EMPTY
[2026-01-11T15:52:30.592+0000] {subprocess.py:93} INFO - 26/01/11 15:52:30 INFO Utils: Successfully started service 'sparkDriver' on port 44169.
[2026-01-11T15:52:30.641+0000] {subprocess.py:93} INFO - 26/01/11 15:52:30 INFO SparkEnv: Registering MapOutputTracker
[2026-01-11T15:52:30.683+0000] {subprocess.py:93} INFO - 26/01/11 15:52:30 INFO SparkEnv: Registering BlockManagerMaster
[2026-01-11T15:52:30.699+0000] {subprocess.py:93} INFO - 26/01/11 15:52:30 INFO BlockManagerMasterEndpoint: Using org.apache.spark.storage.DefaultTopologyMapper for getting topology information
[2026-01-11T15:52:30.700+0000] {subprocess.py:93} INFO - 26/01/11 15:52:30 INFO BlockManagerMasterEndpoint: BlockManagerMasterEndpoint up
[2026-01-11T15:52:30.704+0000] {subprocess.py:93} INFO - 26/01/11 15:52:30 INFO SparkEnv: Registering BlockManagerMasterHeartbeat
[2026-01-11T15:52:30.722+0000] {subprocess.py:93} INFO - 26/01/11 15:52:30 INFO DiskBlockManager: Created local directory at /tmp/blockmgr-021fd4a0-64a4-4afd-9d1f-2a5e925adbe1
[2026-01-11T15:52:30.734+0000] {subprocess.py:93} INFO - 26/01/11 15:52:30 INFO MemoryStore: MemoryStore started with capacity 434.4 MiB
[2026-01-11T15:52:30.749+0000] {subprocess.py:93} INFO - 26/01/11 15:52:30 INFO SparkEnv: Registering OutputCommitCoordinator
[2026-01-11T15:52:30.860+0000] {subprocess.py:93} INFO - 26/01/11 15:52:30 INFO JettyUtils: Start Jetty 0.0.0.0:4040 for SparkUI
[2026-01-11T15:52:30.926+0000] {subprocess.py:93} INFO - 26/01/11 15:52:30 INFO Utils: Successfully started service 'SparkUI' on port 4040.
[2026-01-11T15:52:31.080+0000] {subprocess.py:93} INFO - 26/01/11 15:52:31 INFO Executor: Starting executor ID driver on host 139c0fac8954
[2026-01-11T15:52:31.081+0000] {subprocess.py:93} INFO - 26/01/11 15:52:31 INFO Executor: OS info Linux, 5.15.167.4-microsoft-standard-WSL2, amd64
[2026-01-11T15:52:31.082+0000] {subprocess.py:93} INFO - 26/01/11 15:52:31 INFO Executor: Java version 17.0.17
[2026-01-11T15:52:31.091+0000] {subprocess.py:93} INFO - 26/01/11 15:52:31 INFO Executor: Starting executor with user classpath (userClassPathFirst = false): ''
[2026-01-11T15:52:31.093+0000] {subprocess.py:93} INFO - 26/01/11 15:52:31 INFO Executor: Created or updated repl class loader org.apache.spark.util.MutableURLClassLoader@71422d3c for default.
[2026-01-11T15:52:31.137+0000] {subprocess.py:93} INFO - 26/01/11 15:52:31 INFO Utils: Successfully started service 'org.apache.spark.network.netty.NettyBlockTransferService' on port 42647.
[2026-01-11T15:52:31.138+0000] {subprocess.py:93} INFO - 26/01/11 15:52:31 INFO NettyBlockTransferService: Server created on 139c0fac8954:42647
[2026-01-11T15:52:31.142+0000] {subprocess.py:93} INFO - 26/01/11 15:52:31 INFO BlockManager: Using org.apache.spark.storage.RandomBlockReplicationPolicy for block replication policy
[2026-01-11T15:52:31.153+0000] {subprocess.py:93} INFO - 26/01/11 15:52:31 INFO BlockManagerMaster: Registering BlockManager BlockManagerId(driver, 139c0fac8954, 42647, None)
[2026-01-11T15:52:31.159+0000] {subprocess.py:93} INFO - 26/01/11 15:52:31 INFO BlockManagerMasterEndpoint: Registering block manager 139c0fac8954:42647 with 434.4 MiB RAM, BlockManagerId(driver, 139c0fac8954, 42647, None)
[2026-01-11T15:52:31.163+0000] {subprocess.py:93} INFO - 26/01/11 15:52:31 INFO BlockManagerMaster: Registered BlockManager BlockManagerId(driver, 139c0fac8954, 42647, None)
[2026-01-11T15:52:31.166+0000] {subprocess.py:93} INFO - 26/01/11 15:52:31 INFO BlockManager: Initialized BlockManager: BlockManagerId(driver, 139c0fac8954, 42647, None)
[2026-01-11T15:52:31.868+0000] {subprocess.py:93} INFO - 26/01/11 15:52:31 INFO SharedState: Setting hive.metastore.warehouse.dir ('null') to the value of spark.sql.warehouse.dir.
[2026-01-11T15:52:31.880+0000] {subprocess.py:93} INFO - 26/01/11 15:52:31 INFO SharedState: Warehouse path is 'file:/tmp/***tmp44anzl1v/spark-warehouse'.
[2026-01-11T15:52:32.892+0000] {subprocess.py:93} INFO - 26/01/11 15:52:32 INFO InMemoryFileIndex: It took 71 ms to list leaf files for 1 paths.
[2026-01-11T15:52:32.997+0000] {subprocess.py:93} INFO - 26/01/11 15:52:32 INFO InMemoryFileIndex: It took 16 ms to list leaf files for 1 paths.
[2026-01-11T15:52:35.472+0000] {subprocess.py:93} INFO - 26/01/11 15:52:35 INFO FileSourceStrategy: Pushed Filters:
[2026-01-11T15:52:35.485+0000] {subprocess.py:93} INFO - 26/01/11 15:52:35 INFO FileSourceStrategy: Post-Scan Filters:
[2026-01-11T15:52:35.732+0000] {subprocess.py:93} INFO - 26/01/11 15:52:35 INFO MemoryStore: Block broadcast_0 stored as values in memory (estimated size 199.2 KiB, free 434.2 MiB)
[2026-01-11T15:52:35.779+0000] {subprocess.py:93} INFO - 26/01/11 15:52:35 INFO MemoryStore: Block broadcast_0_piece0 stored as bytes in memory (estimated size 34.2 KiB, free 434.2 MiB)
[2026-01-11T15:52:35.781+0000] {subprocess.py:93} INFO - 26/01/11 15:52:35 INFO BlockManagerInfo: Added broadcast_0_piece0 in memory on 139c0fac8954:42647 (size: 34.2 KiB, free: 434.4 MiB)
[2026-01-11T15:52:35.786+0000] {subprocess.py:93} INFO - 26/01/11 15:52:35 INFO SparkContext: Created broadcast 0 from json at NativeMethodAccessorImpl.java:0
[2026-01-11T15:52:35.797+0000] {subprocess.py:93} INFO - 26/01/11 15:52:35 INFO FileSourceScanExec: Planning scan with bin packing, max size: 4194304 bytes, open cost is considered as scanning 4194304 bytes.
[2026-01-11T15:52:35.925+0000] {subprocess.py:93} INFO - 26/01/11 15:52:35 INFO SparkContext: Starting job: json at NativeMethodAccessorImpl.java:0
[2026-01-11T15:52:35.930+0000] {subprocess.py:93} INFO - 26/01/11 15:52:35 INFO DAGScheduler: Job 0 finished: json at NativeMethodAccessorImpl.java:0, took 0.004561 s
[2026-01-11T15:52:35.981+0000] {subprocess.py:93} INFO - 26/01/11 15:52:35 INFO InMemoryFileIndex: It took 10 ms to list leaf files for 1 paths.
[2026-01-11T15:52:36.006+0000] {subprocess.py:93} INFO - 26/01/11 15:52:36 INFO InMemoryFileIndex: It took 10 ms to list leaf files for 1 paths.
[2026-01-11T15:52:36.054+0000] {subprocess.py:93} INFO - 26/01/11 15:52:36 INFO FileSourceStrategy: Pushed Filters:
[2026-01-11T15:52:36.055+0000] {subprocess.py:93} INFO - 26/01/11 15:52:36 INFO FileSourceStrategy: Post-Scan Filters:
[2026-01-11T15:52:36.060+0000] {subprocess.py:93} INFO - 26/01/11 15:52:36 INFO MemoryStore: Block broadcast_1 stored as values in memory (estimated size 199.2 KiB, free 434.0 MiB)
[2026-01-11T15:52:36.071+0000] {subprocess.py:93} INFO - 26/01/11 15:52:36 INFO MemoryStore: Block broadcast_1_piece0 stored as bytes in memory (estimated size 34.2 KiB, free 433.9 MiB)
[2026-01-11T15:52:36.072+0000] {subprocess.py:93} INFO - 26/01/11 15:52:36 INFO BlockManagerInfo: Added broadcast_1_piece0 in memory on 139c0fac8954:42647 (size: 34.2 KiB, free: 434.3 MiB)
[2026-01-11T15:52:36.073+0000] {subprocess.py:93} INFO - 26/01/11 15:52:36 INFO SparkContext: Created broadcast 1 from json at NativeMethodAccessorImpl.java:0
[2026-01-11T15:52:36.074+0000] {subprocess.py:93} INFO - 26/01/11 15:52:36 INFO FileSourceScanExec: Planning scan with bin packing, max size: 4194304 bytes, open cost is considered as scanning 4194304 bytes.
[2026-01-11T15:52:36.086+0000] {subprocess.py:93} INFO - 26/01/11 15:52:36 INFO SparkContext: Starting job: json at NativeMethodAccessorImpl.java:0
[2026-01-11T15:52:36.088+0000] {subprocess.py:93} INFO - 26/01/11 15:52:36 INFO DAGScheduler: Job 1 finished: json at NativeMethodAccessorImpl.java:0, took 0.000292 s
[2026-01-11T15:52:36.273+0000] {subprocess.py:93} INFO - Traceback (most recent call last):
[2026-01-11T15:52:36.274+0000] {subprocess.py:93} INFO -   File "/opt/spark-jobs/etl_job.py", line 157, in <module>
[2026-01-11T15:52:36.277+0000] {subprocess.py:93} INFO -     run_etl(spark,'/opt/spark-data/landing', '/opt/spark-data/gold')
[2026-01-11T15:52:36.278+0000] {subprocess.py:93} INFO -   File "/opt/spark-jobs/etl_job.py", line 143, in run_etl
[2026-01-11T15:52:36.280+0000] {subprocess.py:93} INFO -     advertising_gold_zone(spark,df_topic_transaction,df_topic_user,output_path)
[2026-01-11T15:52:36.280+0000] {subprocess.py:93} INFO -   File "/opt/spark-jobs/etl_job.py", line 52, in advertising_gold_zone
[2026-01-11T15:52:36.282+0000] {subprocess.py:93} INFO -     df_exploded_transaction = df_topic_transaction.withColumn("product", F.explode("products")) \
[2026-01-11T15:52:36.282+0000] {subprocess.py:93} INFO -   File "/opt/spark/python/lib/pyspark.zip/pyspark/sql/dataframe.py", line 5170, in withColumn
[2026-01-11T15:52:36.283+0000] {subprocess.py:93} INFO -   File "/opt/spark/python/lib/py4j-0.10.9.7-src.zip/py4j/java_gateway.py", line 1322, in __call__
[2026-01-11T15:52:36.284+0000] {subprocess.py:93} INFO -   File "/opt/spark/python/lib/pyspark.zip/pyspark/errors/exceptions/captured.py", line 185, in deco
[2026-01-11T15:52:36.288+0000] {subprocess.py:93} INFO - pyspark.errors.exceptions.captured.AnalysisException: [UNRESOLVED_COLUMN.WITHOUT_SUGGESTION] A column or function parameter with name `products` cannot be resolved. ;
[2026-01-11T15:52:36.289+0000] {subprocess.py:93} INFO - 'Project [explode('products) AS product#16]
[2026-01-11T15:52:36.290+0000] {subprocess.py:93} INFO - +- Relation [] json
[2026-01-11T15:52:36.291+0000] {subprocess.py:93} INFO - 
[2026-01-11T15:52:36.346+0000] {subprocess.py:93} INFO - 26/01/11 15:52:36 INFO SparkContext: Invoking stop() from shutdown hook
[2026-01-11T15:52:36.347+0000] {subprocess.py:93} INFO - 26/01/11 15:52:36 INFO SparkContext: SparkContext is stopping with exitCode 0.
[2026-01-11T15:52:36.364+0000] {subprocess.py:93} INFO - 26/01/11 15:52:36 INFO SparkUI: Stopped Spark web UI at http://139c0fac8954:4040
[2026-01-11T15:52:36.376+0000] {subprocess.py:93} INFO - 26/01/11 15:52:36 INFO MapOutputTrackerMasterEndpoint: MapOutputTrackerMasterEndpoint stopped!
[2026-01-11T15:52:36.392+0000] {subprocess.py:93} INFO - 26/01/11 15:52:36 INFO MemoryStore: MemoryStore cleared
[2026-01-11T15:52:36.393+0000] {subprocess.py:93} INFO - 26/01/11 15:52:36 INFO BlockManager: BlockManager stopped
[2026-01-11T15:52:36.398+0000] {subprocess.py:93} INFO - 26/01/11 15:52:36 INFO BlockManagerMaster: BlockManagerMaster stopped
[2026-01-11T15:52:36.402+0000] {subprocess.py:93} INFO - 26/01/11 15:52:36 INFO OutputCommitCoordinator$OutputCommitCoordinatorEndpoint: OutputCommitCoordinator stopped!
[2026-01-11T15:52:36.413+0000] {subprocess.py:93} INFO - 26/01/11 15:52:36 INFO SparkContext: Successfully stopped SparkContext
[2026-01-11T15:52:36.414+0000] {subprocess.py:93} INFO - 26/01/11 15:52:36 INFO ShutdownHookManager: Shutdown hook called
[2026-01-11T15:52:36.415+0000] {subprocess.py:93} INFO - 26/01/11 15:52:36 INFO ShutdownHookManager: Deleting directory /tmp/spark-51fbb5dd-9b93-4f85-8c94-879c83be678b/pyspark-51880e37-f740-438f-8c55-f2d767e1c274
[2026-01-11T15:52:36.420+0000] {subprocess.py:93} INFO - 26/01/11 15:52:36 INFO ShutdownHookManager: Deleting directory /tmp/spark-be9c136d-482f-4531-974e-bb6506568fe0
[2026-01-11T15:52:36.424+0000] {subprocess.py:93} INFO - 26/01/11 15:52:36 INFO ShutdownHookManager: Deleting directory /tmp/spark-51fbb5dd-9b93-4f85-8c94-879c83be678b
[2026-01-11T15:52:36.471+0000] {subprocess.py:97} INFO - Command exited with return code 1
[2026-01-11T15:52:36.486+0000] {taskinstance.py:2698} ERROR - Task failed with exception
Traceback (most recent call last):
  File "/home/airflow/.local/lib/python3.10/site-packages/airflow/models/taskinstance.py", line 433, in _execute_task
    result = execute_callable(context=context, **execute_callable_kwargs)
  File "/home/airflow/.local/lib/python3.10/site-packages/airflow/operators/bash.py", line 212, in execute
    raise AirflowException(
airflow.exceptions.AirflowException: Bash command failed. The command returned a non-zero exit code 1.
[2026-01-11T15:52:36.489+0000] {taskinstance.py:1138} INFO - Marking task as FAILED. dag_id=streamflow_main, task_id=Spark_Submit, execution_date=20260111T155124, start_date=20260111T155227, end_date=20260111T155236
[2026-01-11T15:52:36.505+0000] {standard_task_runner.py:107} ERROR - Failed to execute job 7 for task Spark_Submit (Bash command failed. The command returned a non-zero exit code 1.; 720)
[2026-01-11T15:52:36.548+0000] {local_task_job_runner.py:234} INFO - Task exited with return code 1
[2026-01-11T15:52:36.569+0000] {taskinstance.py:3280} INFO - 0 downstream tasks scheduled from follow-on schedule check
