[2026-01-10T19:07:12.412+0000] {taskinstance.py:1956} INFO - Dependencies all met for dep_context=non-requeueable deps ti=<TaskInstance: streamflow_main.Spark_Submit manual__2026-01-10T19:07:02.849783+00:00 [queued]>
[2026-01-10T19:07:12.420+0000] {taskinstance.py:1956} INFO - Dependencies all met for dep_context=requeueable deps ti=<TaskInstance: streamflow_main.Spark_Submit manual__2026-01-10T19:07:02.849783+00:00 [queued]>
[2026-01-10T19:07:12.421+0000] {taskinstance.py:2170} INFO - Starting attempt 1 of 1
[2026-01-10T19:07:12.434+0000] {taskinstance.py:2191} INFO - Executing <Task(BashOperator): Spark_Submit> on 2026-01-10 19:07:02.849783+00:00
[2026-01-10T19:07:12.438+0000] {standard_task_runner.py:60} INFO - Started process 2192 to run task
[2026-01-10T19:07:12.441+0000] {standard_task_runner.py:87} INFO - Running: ['***', 'tasks', 'run', 'streamflow_main', 'Spark_Submit', 'manual__2026-01-10T19:07:02.849783+00:00', '--job-id', '23', '--raw', '--subdir', 'DAGS_FOLDER/dag_streamflow.py', '--cfg-path', '/tmp/tmpj6x20h5u']
[2026-01-10T19:07:12.443+0000] {standard_task_runner.py:88} INFO - Job 23: Subtask Spark_Submit
[2026-01-10T19:07:12.490+0000] {task_command.py:423} INFO - Running <TaskInstance: streamflow_main.Spark_Submit manual__2026-01-10T19:07:02.849783+00:00 [running]> on host e997e4968980
[2026-01-10T19:07:12.566+0000] {taskinstance.py:2480} INFO - Exporting env vars: AIRFLOW_CTX_DAG_OWNER='student' AIRFLOW_CTX_DAG_ID='streamflow_main' AIRFLOW_CTX_TASK_ID='Spark_Submit' AIRFLOW_CTX_EXECUTION_DATE='2026-01-10T19:07:02.849783+00:00' AIRFLOW_CTX_TRY_NUMBER='1' AIRFLOW_CTX_DAG_RUN_ID='manual__2026-01-10T19:07:02.849783+00:00'
[2026-01-10T19:07:12.568+0000] {subprocess.py:63} INFO - Tmp dir root location: /tmp
[2026-01-10T19:07:12.569+0000] {subprocess.py:75} INFO - Running command: ['/usr/bin/bash', '-c', '\n            spark-submit                 --master spark://spark-master:8080                 /opt/spark-jobs/etl_job.py\n        ']
[2026-01-10T19:07:12.576+0000] {subprocess.py:86} INFO - Output:
[2026-01-10T19:07:12.581+0000] {subprocess.py:93} INFO - /opt/spark/bin/load-spark-env.sh: line 68: ps: command not found
[2026-01-10T19:07:14.736+0000] {subprocess.py:93} INFO - 26/01/10 19:07:14 INFO SparkContext: Running Spark version 3.5.0
[2026-01-10T19:07:14.738+0000] {subprocess.py:93} INFO - 26/01/10 19:07:14 INFO SparkContext: OS info Linux, 5.15.167.4-microsoft-standard-WSL2, amd64
[2026-01-10T19:07:14.739+0000] {subprocess.py:93} INFO - 26/01/10 19:07:14 INFO SparkContext: Java version 17.0.17
[2026-01-10T19:07:14.785+0000] {subprocess.py:93} INFO - 26/01/10 19:07:14 WARN NativeCodeLoader: Unable to load native-hadoop library for your platform... using builtin-java classes where applicable
[2026-01-10T19:07:14.865+0000] {subprocess.py:93} INFO - 26/01/10 19:07:14 INFO ResourceUtils: ==============================================================
[2026-01-10T19:07:14.866+0000] {subprocess.py:93} INFO - 26/01/10 19:07:14 INFO ResourceUtils: No custom resources configured for spark.driver.
[2026-01-10T19:07:14.867+0000] {subprocess.py:93} INFO - 26/01/10 19:07:14 INFO ResourceUtils: ==============================================================
[2026-01-10T19:07:14.867+0000] {subprocess.py:93} INFO - 26/01/10 19:07:14 INFO SparkContext: Submitted application: ETL_job
[2026-01-10T19:07:14.885+0000] {subprocess.py:93} INFO - 26/01/10 19:07:14 INFO ResourceProfile: Default ResourceProfile created, executor resources: Map(cores -> name: cores, amount: 1, script: , vendor: , memory -> name: memory, amount: 1024, script: , vendor: , offHeap -> name: offHeap, amount: 0, script: , vendor: ), task resources: Map(cpus -> name: cpus, amount: 1.0)
[2026-01-10T19:07:14.893+0000] {subprocess.py:93} INFO - 26/01/10 19:07:14 INFO ResourceProfile: Limiting resource is cpu
[2026-01-10T19:07:14.894+0000] {subprocess.py:93} INFO - 26/01/10 19:07:14 INFO ResourceProfileManager: Added ResourceProfile id: 0
[2026-01-10T19:07:14.945+0000] {subprocess.py:93} INFO - 26/01/10 19:07:14 INFO SecurityManager: Changing view acls to: root
[2026-01-10T19:07:14.946+0000] {subprocess.py:93} INFO - 26/01/10 19:07:14 INFO SecurityManager: Changing modify acls to: root
[2026-01-10T19:07:14.947+0000] {subprocess.py:93} INFO - 26/01/10 19:07:14 INFO SecurityManager: Changing view acls groups to:
[2026-01-10T19:07:14.948+0000] {subprocess.py:93} INFO - 26/01/10 19:07:14 INFO SecurityManager: Changing modify acls groups to:
[2026-01-10T19:07:14.949+0000] {subprocess.py:93} INFO - 26/01/10 19:07:14 INFO SecurityManager: SecurityManager: authentication disabled; ui acls disabled; users with view permissions: root; groups with view permissions: EMPTY; users with modify permissions: root; groups with modify permissions: EMPTY
[2026-01-10T19:07:15.148+0000] {subprocess.py:93} INFO - 26/01/10 19:07:15 INFO Utils: Successfully started service 'sparkDriver' on port 33797.
[2026-01-10T19:07:15.181+0000] {subprocess.py:93} INFO - 26/01/10 19:07:15 INFO SparkEnv: Registering MapOutputTracker
[2026-01-10T19:07:15.218+0000] {subprocess.py:93} INFO - 26/01/10 19:07:15 INFO SparkEnv: Registering BlockManagerMaster
[2026-01-10T19:07:15.234+0000] {subprocess.py:93} INFO - 26/01/10 19:07:15 INFO BlockManagerMasterEndpoint: Using org.apache.spark.storage.DefaultTopologyMapper for getting topology information
[2026-01-10T19:07:15.235+0000] {subprocess.py:93} INFO - 26/01/10 19:07:15 INFO BlockManagerMasterEndpoint: BlockManagerMasterEndpoint up
[2026-01-10T19:07:15.239+0000] {subprocess.py:93} INFO - 26/01/10 19:07:15 INFO SparkEnv: Registering BlockManagerMasterHeartbeat
[2026-01-10T19:07:15.259+0000] {subprocess.py:93} INFO - 26/01/10 19:07:15 INFO DiskBlockManager: Created local directory at /tmp/blockmgr-3d57a9a5-9a49-46cd-89a6-417dfbda4691
[2026-01-10T19:07:15.274+0000] {subprocess.py:93} INFO - 26/01/10 19:07:15 INFO MemoryStore: MemoryStore started with capacity 434.4 MiB
[2026-01-10T19:07:15.291+0000] {subprocess.py:93} INFO - 26/01/10 19:07:15 INFO SparkEnv: Registering OutputCommitCoordinator
[2026-01-10T19:07:15.415+0000] {subprocess.py:93} INFO - 26/01/10 19:07:15 INFO JettyUtils: Start Jetty 0.0.0.0:4040 for SparkUI
[2026-01-10T19:07:15.476+0000] {subprocess.py:93} INFO - 26/01/10 19:07:15 INFO Utils: Successfully started service 'SparkUI' on port 4040.
[2026-01-10T19:07:15.580+0000] {subprocess.py:93} INFO - 26/01/10 19:07:15 INFO Executor: Starting executor ID driver on host e997e4968980
[2026-01-10T19:07:15.580+0000] {subprocess.py:93} INFO - 26/01/10 19:07:15 INFO Executor: OS info Linux, 5.15.167.4-microsoft-standard-WSL2, amd64
[2026-01-10T19:07:15.581+0000] {subprocess.py:93} INFO - 26/01/10 19:07:15 INFO Executor: Java version 17.0.17
[2026-01-10T19:07:15.588+0000] {subprocess.py:93} INFO - 26/01/10 19:07:15 INFO Executor: Starting executor with user classpath (userClassPathFirst = false): ''
[2026-01-10T19:07:15.589+0000] {subprocess.py:93} INFO - 26/01/10 19:07:15 INFO Executor: Created or updated repl class loader org.apache.spark.util.MutableURLClassLoader@18890133 for default.
[2026-01-10T19:07:15.612+0000] {subprocess.py:93} INFO - 26/01/10 19:07:15 INFO Utils: Successfully started service 'org.apache.spark.network.netty.NettyBlockTransferService' on port 35319.
[2026-01-10T19:07:15.613+0000] {subprocess.py:93} INFO - 26/01/10 19:07:15 INFO NettyBlockTransferService: Server created on e997e4968980:35319
[2026-01-10T19:07:15.614+0000] {subprocess.py:93} INFO - 26/01/10 19:07:15 INFO BlockManager: Using org.apache.spark.storage.RandomBlockReplicationPolicy for block replication policy
[2026-01-10T19:07:15.621+0000] {subprocess.py:93} INFO - 26/01/10 19:07:15 INFO BlockManagerMaster: Registering BlockManager BlockManagerId(driver, e997e4968980, 35319, None)
[2026-01-10T19:07:15.624+0000] {subprocess.py:93} INFO - 26/01/10 19:07:15 INFO BlockManagerMasterEndpoint: Registering block manager e997e4968980:35319 with 434.4 MiB RAM, BlockManagerId(driver, e997e4968980, 35319, None)
[2026-01-10T19:07:15.626+0000] {subprocess.py:93} INFO - 26/01/10 19:07:15 INFO BlockManagerMaster: Registered BlockManager BlockManagerId(driver, e997e4968980, 35319, None)
[2026-01-10T19:07:15.628+0000] {subprocess.py:93} INFO - 26/01/10 19:07:15 INFO BlockManager: Initialized BlockManager: BlockManagerId(driver, e997e4968980, 35319, None)
[2026-01-10T19:07:16.021+0000] {subprocess.py:93} INFO - 26/01/10 19:07:16 INFO SharedState: Setting hive.metastore.warehouse.dir ('null') to the value of spark.sql.warehouse.dir.
[2026-01-10T19:07:16.027+0000] {subprocess.py:93} INFO - 26/01/10 19:07:16 INFO SharedState: Warehouse path is 'file:/tmp/***tmp_lh6pyut/spark-warehouse'.
[2026-01-10T19:07:16.698+0000] {subprocess.py:93} INFO - 26/01/10 19:07:16 INFO InMemoryFileIndex: It took 43 ms to list leaf files for 1 paths.
[2026-01-10T19:07:16.771+0000] {subprocess.py:93} INFO - 26/01/10 19:07:16 INFO InMemoryFileIndex: It took 9 ms to list leaf files for 1 paths.
[2026-01-10T19:07:18.560+0000] {subprocess.py:93} INFO - 26/01/10 19:07:18 INFO FileSourceStrategy: Pushed Filters:
[2026-01-10T19:07:18.567+0000] {subprocess.py:93} INFO - 26/01/10 19:07:18 INFO FileSourceStrategy: Post-Scan Filters:
[2026-01-10T19:07:18.774+0000] {subprocess.py:93} INFO - 26/01/10 19:07:18 INFO MemoryStore: Block broadcast_0 stored as values in memory (estimated size 199.2 KiB, free 434.2 MiB)
[2026-01-10T19:07:18.835+0000] {subprocess.py:93} INFO - 26/01/10 19:07:18 INFO MemoryStore: Block broadcast_0_piece0 stored as bytes in memory (estimated size 34.2 KiB, free 434.2 MiB)
[2026-01-10T19:07:18.838+0000] {subprocess.py:93} INFO - 26/01/10 19:07:18 INFO BlockManagerInfo: Added broadcast_0_piece0 in memory on e997e4968980:35319 (size: 34.2 KiB, free: 434.4 MiB)
[2026-01-10T19:07:18.844+0000] {subprocess.py:93} INFO - 26/01/10 19:07:18 INFO SparkContext: Created broadcast 0 from json at NativeMethodAccessorImpl.java:0
[2026-01-10T19:07:18.855+0000] {subprocess.py:93} INFO - 26/01/10 19:07:18 INFO FileSourceScanExec: Planning scan with bin packing, max size: 4194304 bytes, open cost is considered as scanning 4194304 bytes.
[2026-01-10T19:07:18.991+0000] {subprocess.py:93} INFO - 26/01/10 19:07:18 INFO SparkContext: Starting job: json at NativeMethodAccessorImpl.java:0
[2026-01-10T19:07:19.005+0000] {subprocess.py:93} INFO - 26/01/10 19:07:19 INFO DAGScheduler: Got job 0 (json at NativeMethodAccessorImpl.java:0) with 1 output partitions
[2026-01-10T19:07:19.007+0000] {subprocess.py:93} INFO - 26/01/10 19:07:19 INFO DAGScheduler: Final stage: ResultStage 0 (json at NativeMethodAccessorImpl.java:0)
[2026-01-10T19:07:19.008+0000] {subprocess.py:93} INFO - 26/01/10 19:07:19 INFO DAGScheduler: Parents of final stage: List()
[2026-01-10T19:07:19.009+0000] {subprocess.py:93} INFO - 26/01/10 19:07:19 INFO DAGScheduler: Missing parents: List()
[2026-01-10T19:07:19.011+0000] {subprocess.py:93} INFO - 26/01/10 19:07:19 INFO DAGScheduler: Submitting ResultStage 0 (MapPartitionsRDD[3] at json at NativeMethodAccessorImpl.java:0), which has no missing parents
[2026-01-10T19:07:19.082+0000] {subprocess.py:93} INFO - 26/01/10 19:07:19 INFO MemoryStore: Block broadcast_1 stored as values in memory (estimated size 16.0 KiB, free 434.2 MiB)
[2026-01-10T19:07:19.090+0000] {subprocess.py:93} INFO - 26/01/10 19:07:19 INFO MemoryStore: Block broadcast_1_piece0 stored as bytes in memory (estimated size 7.5 KiB, free 434.1 MiB)
[2026-01-10T19:07:19.091+0000] {subprocess.py:93} INFO - 26/01/10 19:07:19 INFO BlockManagerInfo: Added broadcast_1_piece0 in memory on e997e4968980:35319 (size: 7.5 KiB, free: 434.4 MiB)
[2026-01-10T19:07:19.092+0000] {subprocess.py:93} INFO - 26/01/10 19:07:19 INFO SparkContext: Created broadcast 1 from broadcast at DAGScheduler.scala:1580
[2026-01-10T19:07:19.104+0000] {subprocess.py:93} INFO - 26/01/10 19:07:19 INFO DAGScheduler: Submitting 1 missing tasks from ResultStage 0 (MapPartitionsRDD[3] at json at NativeMethodAccessorImpl.java:0) (first 15 tasks are for partitions Vector(0))
[2026-01-10T19:07:19.105+0000] {subprocess.py:93} INFO - 26/01/10 19:07:19 INFO TaskSchedulerImpl: Adding task set 0.0 with 1 tasks resource profile 0
[2026-01-10T19:07:19.138+0000] {subprocess.py:93} INFO - 26/01/10 19:07:19 INFO TaskSetManager: Starting task 0.0 in stage 0.0 (TID 0) (e997e4968980, executor driver, partition 0, PROCESS_LOCAL, 8251 bytes)
[2026-01-10T19:07:19.150+0000] {subprocess.py:93} INFO - 26/01/10 19:07:19 INFO Executor: Running task 0.0 in stage 0.0 (TID 0)
[2026-01-10T19:07:19.236+0000] {subprocess.py:93} INFO - 26/01/10 19:07:19 INFO FileScanRDD: Reading File path: file:///opt/spark-data/landing/transaction_events_1768070270.2180772.json, range: 0-105957, partition values: [empty row]
[2026-01-10T19:07:19.440+0000] {subprocess.py:93} INFO - 26/01/10 19:07:19 INFO CodeGenerator: Code generated in 174.637744 ms
[2026-01-10T19:07:19.558+0000] {subprocess.py:93} INFO - 26/01/10 19:07:19 INFO Executor: Finished task 0.0 in stage 0.0 (TID 0). 2997 bytes result sent to driver
[2026-01-10T19:07:19.569+0000] {subprocess.py:93} INFO - 26/01/10 19:07:19 INFO TaskSetManager: Finished task 0.0 in stage 0.0 (TID 0) in 440 ms on e997e4968980 (executor driver) (1/1)
[2026-01-10T19:07:19.571+0000] {subprocess.py:93} INFO - 26/01/10 19:07:19 INFO TaskSchedulerImpl: Removed TaskSet 0.0, whose tasks have all completed, from pool
[2026-01-10T19:07:19.576+0000] {subprocess.py:93} INFO - 26/01/10 19:07:19 INFO DAGScheduler: ResultStage 0 (json at NativeMethodAccessorImpl.java:0) finished in 0.550 s
[2026-01-10T19:07:19.579+0000] {subprocess.py:93} INFO - 26/01/10 19:07:19 INFO DAGScheduler: Job 0 is finished. Cancelling potential speculative or zombie tasks for this job
[2026-01-10T19:07:19.580+0000] {subprocess.py:93} INFO - 26/01/10 19:07:19 INFO TaskSchedulerImpl: Killing all running tasks in stage 0: Stage finished
[2026-01-10T19:07:19.582+0000] {subprocess.py:93} INFO - 26/01/10 19:07:19 INFO DAGScheduler: Job 0 finished: json at NativeMethodAccessorImpl.java:0, took 0.590340 s
[2026-01-10T19:07:19.689+0000] {subprocess.py:93} INFO - 26/01/10 19:07:19 INFO InMemoryFileIndex: It took 5 ms to list leaf files for 1 paths.
[2026-01-10T19:07:19.705+0000] {subprocess.py:93} INFO - 26/01/10 19:07:19 INFO InMemoryFileIndex: It took 6 ms to list leaf files for 1 paths.
[2026-01-10T19:07:19.743+0000] {subprocess.py:93} INFO - 26/01/10 19:07:19 INFO FileSourceStrategy: Pushed Filters:
[2026-01-10T19:07:19.743+0000] {subprocess.py:93} INFO - 26/01/10 19:07:19 INFO FileSourceStrategy: Post-Scan Filters:
[2026-01-10T19:07:19.748+0000] {subprocess.py:93} INFO - 26/01/10 19:07:19 INFO MemoryStore: Block broadcast_2 stored as values in memory (estimated size 199.2 KiB, free 434.0 MiB)
[2026-01-10T19:07:19.761+0000] {subprocess.py:93} INFO - 26/01/10 19:07:19 INFO MemoryStore: Block broadcast_2_piece0 stored as bytes in memory (estimated size 34.2 KiB, free 433.9 MiB)
[2026-01-10T19:07:19.762+0000] {subprocess.py:93} INFO - 26/01/10 19:07:19 INFO BlockManagerInfo: Added broadcast_2_piece0 in memory on e997e4968980:35319 (size: 34.2 KiB, free: 434.3 MiB)
[2026-01-10T19:07:19.763+0000] {subprocess.py:93} INFO - 26/01/10 19:07:19 INFO SparkContext: Created broadcast 2 from json at NativeMethodAccessorImpl.java:0
[2026-01-10T19:07:19.764+0000] {subprocess.py:93} INFO - 26/01/10 19:07:19 INFO FileSourceScanExec: Planning scan with bin packing, max size: 4194304 bytes, open cost is considered as scanning 4194304 bytes.
[2026-01-10T19:07:19.777+0000] {subprocess.py:93} INFO - 26/01/10 19:07:19 INFO SparkContext: Starting job: json at NativeMethodAccessorImpl.java:0
[2026-01-10T19:07:19.779+0000] {subprocess.py:93} INFO - 26/01/10 19:07:19 INFO DAGScheduler: Got job 1 (json at NativeMethodAccessorImpl.java:0) with 1 output partitions
[2026-01-10T19:07:19.779+0000] {subprocess.py:93} INFO - 26/01/10 19:07:19 INFO DAGScheduler: Final stage: ResultStage 1 (json at NativeMethodAccessorImpl.java:0)
[2026-01-10T19:07:19.780+0000] {subprocess.py:93} INFO - 26/01/10 19:07:19 INFO DAGScheduler: Parents of final stage: List()
[2026-01-10T19:07:19.781+0000] {subprocess.py:93} INFO - 26/01/10 19:07:19 INFO DAGScheduler: Missing parents: List()
[2026-01-10T19:07:19.781+0000] {subprocess.py:93} INFO - 26/01/10 19:07:19 INFO DAGScheduler: Submitting ResultStage 1 (MapPartitionsRDD[7] at json at NativeMethodAccessorImpl.java:0), which has no missing parents
[2026-01-10T19:07:19.784+0000] {subprocess.py:93} INFO - 26/01/10 19:07:19 INFO MemoryStore: Block broadcast_3 stored as values in memory (estimated size 16.0 KiB, free 433.9 MiB)
[2026-01-10T19:07:19.786+0000] {subprocess.py:93} INFO - 26/01/10 19:07:19 INFO MemoryStore: Block broadcast_3_piece0 stored as bytes in memory (estimated size 7.5 KiB, free 433.9 MiB)
[2026-01-10T19:07:19.786+0000] {subprocess.py:93} INFO - 26/01/10 19:07:19 INFO BlockManagerInfo: Added broadcast_3_piece0 in memory on e997e4968980:35319 (size: 7.5 KiB, free: 434.3 MiB)
[2026-01-10T19:07:19.787+0000] {subprocess.py:93} INFO - 26/01/10 19:07:19 INFO SparkContext: Created broadcast 3 from broadcast at DAGScheduler.scala:1580
[2026-01-10T19:07:19.788+0000] {subprocess.py:93} INFO - 26/01/10 19:07:19 INFO DAGScheduler: Submitting 1 missing tasks from ResultStage 1 (MapPartitionsRDD[7] at json at NativeMethodAccessorImpl.java:0) (first 15 tasks are for partitions Vector(0))
[2026-01-10T19:07:19.789+0000] {subprocess.py:93} INFO - 26/01/10 19:07:19 INFO TaskSchedulerImpl: Adding task set 1.0 with 1 tasks resource profile 0
[2026-01-10T19:07:19.790+0000] {subprocess.py:93} INFO - 26/01/10 19:07:19 INFO TaskSetManager: Starting task 0.0 in stage 1.0 (TID 1) (e997e4968980, executor driver, partition 0, PROCESS_LOCAL, 8244 bytes)
[2026-01-10T19:07:19.790+0000] {subprocess.py:93} INFO - 26/01/10 19:07:19 INFO Executor: Running task 0.0 in stage 1.0 (TID 1)
[2026-01-10T19:07:19.799+0000] {subprocess.py:93} INFO - 26/01/10 19:07:19 INFO FileScanRDD: Reading File path: file:///opt/spark-data/landing/user_events_1768070270.2175364.json, range: 0-72480, partition values: [empty row]
[2026-01-10T19:07:19.844+0000] {subprocess.py:93} INFO - 26/01/10 19:07:19 INFO Executor: Finished task 0.0 in stage 1.0 (TID 1). 2358 bytes result sent to driver
[2026-01-10T19:07:19.847+0000] {subprocess.py:93} INFO - 26/01/10 19:07:19 INFO TaskSetManager: Finished task 0.0 in stage 1.0 (TID 1) in 58 ms on e997e4968980 (executor driver) (1/1)
[2026-01-10T19:07:19.848+0000] {subprocess.py:93} INFO - 26/01/10 19:07:19 INFO TaskSchedulerImpl: Removed TaskSet 1.0, whose tasks have all completed, from pool
[2026-01-10T19:07:19.849+0000] {subprocess.py:93} INFO - 26/01/10 19:07:19 INFO DAGScheduler: ResultStage 1 (json at NativeMethodAccessorImpl.java:0) finished in 0.067 s
[2026-01-10T19:07:19.849+0000] {subprocess.py:93} INFO - 26/01/10 19:07:19 INFO DAGScheduler: Job 1 is finished. Cancelling potential speculative or zombie tasks for this job
[2026-01-10T19:07:19.850+0000] {subprocess.py:93} INFO - 26/01/10 19:07:19 INFO TaskSchedulerImpl: Killing all running tasks in stage 1: Stage finished
[2026-01-10T19:07:19.851+0000] {subprocess.py:93} INFO - 26/01/10 19:07:19 INFO DAGScheduler: Job 1 finished: json at NativeMethodAccessorImpl.java:0, took 0.071991 s
[2026-01-10T19:07:20.253+0000] {subprocess.py:93} INFO - 26/01/10 19:07:20 INFO FileSourceStrategy: Pushed Filters: IsNotNull(products),IsNotNull(user_id)
[2026-01-10T19:07:20.254+0000] {subprocess.py:93} INFO - 26/01/10 19:07:20 INFO FileSourceStrategy: Post-Scan Filters: (size(products#12, true) > 0),isnotnull(products#12),isnotnull(user_id#21)
[2026-01-10T19:07:20.257+0000] {subprocess.py:93} INFO - 26/01/10 19:07:20 INFO FileSourceStrategy: Pushed Filters: IsNotNull(user_id),IsNotNull(product_id)
[2026-01-10T19:07:20.258+0000] {subprocess.py:93} INFO - 26/01/10 19:07:20 INFO FileSourceStrategy: Post-Scan Filters: isnotnull(user_id#58),isnotnull(product_id#53)
[2026-01-10T19:07:20.298+0000] {subprocess.py:93} INFO - 26/01/10 19:07:20 INFO BlockManagerInfo: Removed broadcast_1_piece0 on e997e4968980:35319 in memory (size: 7.5 KiB, free: 434.3 MiB)
[2026-01-10T19:07:20.304+0000] {subprocess.py:93} INFO - 26/01/10 19:07:20 INFO BlockManagerInfo: Removed broadcast_3_piece0 on e997e4968980:35319 in memory (size: 7.5 KiB, free: 434.3 MiB)
[2026-01-10T19:07:20.308+0000] {subprocess.py:93} INFO - 26/01/10 19:07:20 INFO BlockManagerInfo: Removed broadcast_2_piece0 on e997e4968980:35319 in memory (size: 34.2 KiB, free: 434.4 MiB)
[2026-01-10T19:07:20.342+0000] {subprocess.py:93} INFO - 26/01/10 19:07:20 WARN SparkStringUtils: Truncated the string representation of a plan since it was too large. This behavior can be adjusted by setting 'spark.sql.debug.maxToStringFields'.
[2026-01-10T19:07:20.453+0000] {subprocess.py:93} INFO - 26/01/10 19:07:20 INFO CodeGenerator: Code generated in 33.606987 ms
[2026-01-10T19:07:20.456+0000] {subprocess.py:93} INFO - 26/01/10 19:07:20 INFO MemoryStore: Block broadcast_4 stored as values in memory (estimated size 199.1 KiB, free 434.0 MiB)
[2026-01-10T19:07:20.466+0000] {subprocess.py:93} INFO - 26/01/10 19:07:20 INFO MemoryStore: Block broadcast_4_piece0 stored as bytes in memory (estimated size 34.2 KiB, free 433.9 MiB)
[2026-01-10T19:07:20.467+0000] {subprocess.py:93} INFO - 26/01/10 19:07:20 INFO BlockManagerInfo: Added broadcast_4_piece0 in memory on e997e4968980:35319 (size: 34.2 KiB, free: 434.3 MiB)
[2026-01-10T19:07:20.468+0000] {subprocess.py:93} INFO - 26/01/10 19:07:20 INFO SparkContext: Created broadcast 4 from $anonfun$withThreadLocalCaptured$1 at FutureTask.java:264
[2026-01-10T19:07:20.472+0000] {subprocess.py:93} INFO - 26/01/10 19:07:20 INFO FileSourceScanExec: Planning scan with bin packing, max size: 4194304 bytes, open cost is considered as scanning 4194304 bytes.
[2026-01-10T19:07:20.501+0000] {subprocess.py:93} INFO - 26/01/10 19:07:20 INFO SparkContext: Starting job: $anonfun$withThreadLocalCaptured$1 at FutureTask.java:264
[2026-01-10T19:07:20.503+0000] {subprocess.py:93} INFO - 26/01/10 19:07:20 INFO DAGScheduler: Got job 2 ($anonfun$withThreadLocalCaptured$1 at FutureTask.java:264) with 1 output partitions
[2026-01-10T19:07:20.504+0000] {subprocess.py:93} INFO - 26/01/10 19:07:20 INFO DAGScheduler: Final stage: ResultStage 2 ($anonfun$withThreadLocalCaptured$1 at FutureTask.java:264)
[2026-01-10T19:07:20.505+0000] {subprocess.py:93} INFO - 26/01/10 19:07:20 INFO DAGScheduler: Parents of final stage: List()
[2026-01-10T19:07:20.505+0000] {subprocess.py:93} INFO - 26/01/10 19:07:20 INFO DAGScheduler: Missing parents: List()
[2026-01-10T19:07:20.506+0000] {subprocess.py:93} INFO - 26/01/10 19:07:20 INFO DAGScheduler: Submitting ResultStage 2 (MapPartitionsRDD[11] at $anonfun$withThreadLocalCaptured$1 at FutureTask.java:264), which has no missing parents
[2026-01-10T19:07:20.506+0000] {subprocess.py:93} INFO - 26/01/10 19:07:20 INFO MemoryStore: Block broadcast_5 stored as values in memory (estimated size 20.0 KiB, free 433.9 MiB)
[2026-01-10T19:07:20.508+0000] {subprocess.py:93} INFO - 26/01/10 19:07:20 INFO MemoryStore: Block broadcast_5_piece0 stored as bytes in memory (estimated size 8.3 KiB, free 433.9 MiB)
[2026-01-10T19:07:20.509+0000] {subprocess.py:93} INFO - 26/01/10 19:07:20 INFO BlockManagerInfo: Added broadcast_5_piece0 in memory on e997e4968980:35319 (size: 8.3 KiB, free: 434.3 MiB)
[2026-01-10T19:07:20.511+0000] {subprocess.py:93} INFO - 26/01/10 19:07:20 INFO SparkContext: Created broadcast 5 from broadcast at DAGScheduler.scala:1580
[2026-01-10T19:07:20.512+0000] {subprocess.py:93} INFO - 26/01/10 19:07:20 INFO DAGScheduler: Submitting 1 missing tasks from ResultStage 2 (MapPartitionsRDD[11] at $anonfun$withThreadLocalCaptured$1 at FutureTask.java:264) (first 15 tasks are for partitions Vector(0))
[2026-01-10T19:07:20.513+0000] {subprocess.py:93} INFO - 26/01/10 19:07:20 INFO TaskSchedulerImpl: Adding task set 2.0 with 1 tasks resource profile 0
[2026-01-10T19:07:20.514+0000] {subprocess.py:93} INFO - 26/01/10 19:07:20 INFO TaskSetManager: Starting task 0.0 in stage 2.0 (TID 2) (e997e4968980, executor driver, partition 0, PROCESS_LOCAL, 8244 bytes)
[2026-01-10T19:07:20.514+0000] {subprocess.py:93} INFO - 26/01/10 19:07:20 INFO Executor: Running task 0.0 in stage 2.0 (TID 2)
[2026-01-10T19:07:20.549+0000] {subprocess.py:93} INFO - 26/01/10 19:07:20 INFO CodeGenerator: Code generated in 18.65337 ms
[2026-01-10T19:07:20.552+0000] {subprocess.py:93} INFO - 26/01/10 19:07:20 INFO FileScanRDD: Reading File path: file:///opt/spark-data/landing/user_events_1768070270.2175364.json, range: 0-72480, partition values: [empty row]
[2026-01-10T19:07:20.581+0000] {subprocess.py:93} INFO - 26/01/10 19:07:20 INFO CodeGenerator: Code generated in 17.811108 ms
[2026-01-10T19:07:20.607+0000] {subprocess.py:93} INFO - 26/01/10 19:07:20 INFO CodeGenerator: Code generated in 5.350566 ms
[2026-01-10T19:07:20.615+0000] {subprocess.py:93} INFO - 26/01/10 19:07:20 INFO CodeGenerator: Code generated in 5.17539 ms
[2026-01-10T19:07:20.671+0000] {subprocess.py:93} INFO - 26/01/10 19:07:20 INFO Executor: Finished task 0.0 in stage 2.0 (TID 2). 10931 bytes result sent to driver
[2026-01-10T19:07:20.673+0000] {subprocess.py:93} INFO - 26/01/10 19:07:20 INFO TaskSetManager: Finished task 0.0 in stage 2.0 (TID 2) in 160 ms on e997e4968980 (executor driver) (1/1)
[2026-01-10T19:07:20.674+0000] {subprocess.py:93} INFO - 26/01/10 19:07:20 INFO TaskSchedulerImpl: Removed TaskSet 2.0, whose tasks have all completed, from pool
[2026-01-10T19:07:20.676+0000] {subprocess.py:93} INFO - 26/01/10 19:07:20 INFO DAGScheduler: ResultStage 2 ($anonfun$withThreadLocalCaptured$1 at FutureTask.java:264) finished in 0.170 s
[2026-01-10T19:07:20.676+0000] {subprocess.py:93} INFO - 26/01/10 19:07:20 INFO DAGScheduler: Job 2 is finished. Cancelling potential speculative or zombie tasks for this job
[2026-01-10T19:07:20.677+0000] {subprocess.py:93} INFO - 26/01/10 19:07:20 INFO TaskSchedulerImpl: Killing all running tasks in stage 2: Stage finished
[2026-01-10T19:07:20.677+0000] {subprocess.py:93} INFO - 26/01/10 19:07:20 INFO DAGScheduler: Job 2 finished: $anonfun$withThreadLocalCaptured$1 at FutureTask.java:264, took 0.173924 s
[2026-01-10T19:07:20.694+0000] {subprocess.py:93} INFO - 26/01/10 19:07:20 INFO CodeGenerator: Code generated in 6.569745 ms
[2026-01-10T19:07:20.698+0000] {subprocess.py:93} INFO - 26/01/10 19:07:20 INFO MemoryStore: Block broadcast_6 stored as values in memory (estimated size 1026.0 KiB, free 432.9 MiB)
[2026-01-10T19:07:20.703+0000] {subprocess.py:93} INFO - 26/01/10 19:07:20 INFO MemoryStore: Block broadcast_6_piece0 stored as bytes in memory (estimated size 10.0 KiB, free 432.9 MiB)
[2026-01-10T19:07:20.704+0000] {subprocess.py:93} INFO - 26/01/10 19:07:20 INFO BlockManagerInfo: Added broadcast_6_piece0 in memory on e997e4968980:35319 (size: 10.0 KiB, free: 434.3 MiB)
[2026-01-10T19:07:20.705+0000] {subprocess.py:93} INFO - 26/01/10 19:07:20 INFO SparkContext: Created broadcast 6 from $anonfun$withThreadLocalCaptured$1 at FutureTask.java:264
[2026-01-10T19:07:20.720+0000] {subprocess.py:93} INFO - 26/01/10 19:07:20 INFO FileSourceStrategy: Pushed Filters: IsNotNull(products),IsNotNull(user_id)
[2026-01-10T19:07:20.721+0000] {subprocess.py:93} INFO - 26/01/10 19:07:20 INFO FileSourceStrategy: Post-Scan Filters: (size(products#12, true) > 0),isnotnull(products#12),isnotnull(user_id#21)
[2026-01-10T19:07:20.842+0000] {subprocess.py:93} INFO - 26/01/10 19:07:20 INFO CodeGenerator: Code generated in 53.881006 ms
[2026-01-10T19:07:20.852+0000] {subprocess.py:93} INFO - 26/01/10 19:07:20 INFO MemoryStore: Block broadcast_7 stored as values in memory (estimated size 199.1 KiB, free 432.7 MiB)
[2026-01-10T19:07:20.853+0000] {subprocess.py:93} INFO - 26/01/10 19:07:20 INFO BlockManagerInfo: Removed broadcast_5_piece0 on e997e4968980:35319 in memory (size: 8.3 KiB, free: 434.3 MiB)
[2026-01-10T19:07:20.861+0000] {subprocess.py:93} INFO - 26/01/10 19:07:20 INFO MemoryStore: Block broadcast_7_piece0 stored as bytes in memory (estimated size 34.2 KiB, free 432.7 MiB)
[2026-01-10T19:07:20.862+0000] {subprocess.py:93} INFO - 26/01/10 19:07:20 INFO BlockManagerInfo: Added broadcast_7_piece0 in memory on e997e4968980:35319 (size: 34.2 KiB, free: 434.3 MiB)
[2026-01-10T19:07:20.863+0000] {subprocess.py:93} INFO - 26/01/10 19:07:20 INFO SparkContext: Created broadcast 7 from showString at NativeMethodAccessorImpl.java:0
[2026-01-10T19:07:20.864+0000] {subprocess.py:93} INFO - 26/01/10 19:07:20 INFO FileSourceScanExec: Planning scan with bin packing, max size: 4194304 bytes, open cost is considered as scanning 4194304 bytes.
[2026-01-10T19:07:20.877+0000] {subprocess.py:93} INFO - 26/01/10 19:07:20 INFO SparkContext: Starting job: showString at NativeMethodAccessorImpl.java:0
[2026-01-10T19:07:20.879+0000] {subprocess.py:93} INFO - 26/01/10 19:07:20 INFO DAGScheduler: Got job 3 (showString at NativeMethodAccessorImpl.java:0) with 1 output partitions
[2026-01-10T19:07:20.879+0000] {subprocess.py:93} INFO - 26/01/10 19:07:20 INFO DAGScheduler: Final stage: ResultStage 3 (showString at NativeMethodAccessorImpl.java:0)
[2026-01-10T19:07:20.880+0000] {subprocess.py:93} INFO - 26/01/10 19:07:20 INFO DAGScheduler: Parents of final stage: List()
[2026-01-10T19:07:20.881+0000] {subprocess.py:93} INFO - 26/01/10 19:07:20 INFO DAGScheduler: Missing parents: List()
[2026-01-10T19:07:20.881+0000] {subprocess.py:93} INFO - 26/01/10 19:07:20 INFO DAGScheduler: Submitting ResultStage 3 (MapPartitionsRDD[15] at showString at NativeMethodAccessorImpl.java:0), which has no missing parents
[2026-01-10T19:07:20.882+0000] {subprocess.py:93} INFO - 26/01/10 19:07:20 INFO MemoryStore: Block broadcast_8 stored as values in memory (estimated size 46.1 KiB, free 432.7 MiB)
[2026-01-10T19:07:20.884+0000] {subprocess.py:93} INFO - 26/01/10 19:07:20 INFO MemoryStore: Block broadcast_8_piece0 stored as bytes in memory (estimated size 15.3 KiB, free 432.6 MiB)
[2026-01-10T19:07:20.885+0000] {subprocess.py:93} INFO - 26/01/10 19:07:20 INFO BlockManagerInfo: Added broadcast_8_piece0 in memory on e997e4968980:35319 (size: 15.3 KiB, free: 434.3 MiB)
[2026-01-10T19:07:20.885+0000] {subprocess.py:93} INFO - 26/01/10 19:07:20 INFO SparkContext: Created broadcast 8 from broadcast at DAGScheduler.scala:1580
[2026-01-10T19:07:20.886+0000] {subprocess.py:93} INFO - 26/01/10 19:07:20 INFO DAGScheduler: Submitting 1 missing tasks from ResultStage 3 (MapPartitionsRDD[15] at showString at NativeMethodAccessorImpl.java:0) (first 15 tasks are for partitions Vector(0))
[2026-01-10T19:07:20.887+0000] {subprocess.py:93} INFO - 26/01/10 19:07:20 INFO TaskSchedulerImpl: Adding task set 3.0 with 1 tasks resource profile 0
[2026-01-10T19:07:20.887+0000] {subprocess.py:93} INFO - 26/01/10 19:07:20 INFO TaskSetManager: Starting task 0.0 in stage 3.0 (TID 3) (e997e4968980, executor driver, partition 0, PROCESS_LOCAL, 8251 bytes)
[2026-01-10T19:07:20.888+0000] {subprocess.py:93} INFO - 26/01/10 19:07:20 INFO Executor: Running task 0.0 in stage 3.0 (TID 3)
[2026-01-10T19:07:20.928+0000] {subprocess.py:93} INFO - 26/01/10 19:07:20 INFO CodeGenerator: Code generated in 33.896465 ms
[2026-01-10T19:07:20.930+0000] {subprocess.py:93} INFO - 26/01/10 19:07:20 INFO FileScanRDD: Reading File path: file:///opt/spark-data/landing/transaction_events_1768070270.2180772.json, range: 0-105957, partition values: [empty row]
[2026-01-10T19:07:20.951+0000] {subprocess.py:93} INFO - 26/01/10 19:07:20 INFO CodeGenerator: Code generated in 14.287774 ms
[2026-01-10T19:07:20.957+0000] {subprocess.py:93} INFO - 26/01/10 19:07:20 INFO CodeGenerator: Code generated in 3.15041 ms
[2026-01-10T19:07:20.962+0000] {subprocess.py:93} INFO - 26/01/10 19:07:20 INFO CodeGenerator: Code generated in 3.363303 ms
[2026-01-10T19:07:21.021+0000] {subprocess.py:93} INFO - 26/01/10 19:07:21 INFO Executor: Finished task 0.0 in stage 3.0 (TID 3). 1848 bytes result sent to driver
[2026-01-10T19:07:21.024+0000] {subprocess.py:93} INFO - 26/01/10 19:07:21 INFO TaskSetManager: Finished task 0.0 in stage 3.0 (TID 3) in 136 ms on e997e4968980 (executor driver) (1/1)
[2026-01-10T19:07:21.024+0000] {subprocess.py:93} INFO - 26/01/10 19:07:21 INFO TaskSchedulerImpl: Removed TaskSet 3.0, whose tasks have all completed, from pool
[2026-01-10T19:07:21.025+0000] {subprocess.py:93} INFO - 26/01/10 19:07:21 INFO DAGScheduler: ResultStage 3 (showString at NativeMethodAccessorImpl.java:0) finished in 0.144 s
[2026-01-10T19:07:21.026+0000] {subprocess.py:93} INFO - 26/01/10 19:07:21 INFO DAGScheduler: Job 3 is finished. Cancelling potential speculative or zombie tasks for this job
[2026-01-10T19:07:21.026+0000] {subprocess.py:93} INFO - 26/01/10 19:07:21 INFO TaskSchedulerImpl: Killing all running tasks in stage 3: Stage finished
[2026-01-10T19:07:21.027+0000] {subprocess.py:93} INFO - 26/01/10 19:07:21 INFO DAGScheduler: Job 3 finished: showString at NativeMethodAccessorImpl.java:0, took 0.148174 s
[2026-01-10T19:07:21.032+0000] {subprocess.py:93} INFO - +---------------+--------+-----------------------+--------------+--------+----------------+------+--------+---+-----------+-----+--------------+----------------+-------+-------+-------+----+-------+------+----------+--------+----------+----------+----+----------+--------+------------+----------+---------+-------+
[2026-01-10T19:07:21.033+0000] {subprocess.py:93} INFO - |billing_address|currency|original_transaction_id|payment_method|products|shipping_address|status|subtotal|tax|t_timestamp|total|transaction_id|transaction_type|user_id|product|browser|city|country|device|element_id|event_id|event_type|ip_address|page|product_id|quantity|search_query|session_id|timestamp|user_id|
[2026-01-10T19:07:21.035+0000] {subprocess.py:93} INFO - +---------------+--------+-----------------------+--------------+--------+----------------+------+--------+---+-----------+-----+--------------+----------------+-------+-------+-------+----+-------+------+----------+--------+----------+----------+----+----------+--------+------------+----------+---------+-------+
[2026-01-10T19:07:21.035+0000] {subprocess.py:93} INFO - +---------------+--------+-----------------------+--------------+--------+----------------+------+--------+---+-----------+-----+--------------+----------------+-------+-------+-------+----+-------+------+----------+--------+----------+----------+----+----------+--------+------------+----------+---------+-------+
[2026-01-10T19:07:21.036+0000] {subprocess.py:93} INFO - 
[2026-01-10T19:07:21.036+0000] {subprocess.py:93} INFO - None
[2026-01-10T19:07:21.312+0000] {subprocess.py:93} INFO - 26/01/10 19:07:21 INFO FileSourceStrategy: Pushed Filters: IsNotNull(user_id),IsNotNull(products)
[2026-01-10T19:07:21.313+0000] {subprocess.py:93} INFO - 26/01/10 19:07:21 INFO FileSourceStrategy: Post-Scan Filters: isnotnull(user_id#21),(size(products#12, true) > 0),isnotnull(products#12)
[2026-01-10T19:07:21.314+0000] {subprocess.py:93} INFO - 26/01/10 19:07:21 INFO FileSourceStrategy: Pushed Filters: IsNotNull(user_id),IsNotNull(product_id)
[2026-01-10T19:07:21.315+0000] {subprocess.py:93} INFO - 26/01/10 19:07:21 INFO FileSourceStrategy: Post-Scan Filters: isnotnull(user_id#58),isnotnull(product_id#53)
[2026-01-10T19:07:21.347+0000] {subprocess.py:93} INFO - 26/01/10 19:07:21 INFO CodeGenerator: Code generated in 7.533565 ms
[2026-01-10T19:07:21.350+0000] {subprocess.py:93} INFO - 26/01/10 19:07:21 INFO MemoryStore: Block broadcast_9 stored as values in memory (estimated size 199.1 KiB, free 432.5 MiB)
[2026-01-10T19:07:21.360+0000] {subprocess.py:93} INFO - 26/01/10 19:07:21 INFO MemoryStore: Block broadcast_9_piece0 stored as bytes in memory (estimated size 34.2 KiB, free 432.4 MiB)
[2026-01-10T19:07:21.360+0000] {subprocess.py:93} INFO - 26/01/10 19:07:21 INFO BlockManagerInfo: Added broadcast_9_piece0 in memory on e997e4968980:35319 (size: 34.2 KiB, free: 434.2 MiB)
[2026-01-10T19:07:21.361+0000] {subprocess.py:93} INFO - 26/01/10 19:07:21 INFO SparkContext: Created broadcast 9 from $anonfun$withThreadLocalCaptured$1 at FutureTask.java:264
[2026-01-10T19:07:21.362+0000] {subprocess.py:93} INFO - 26/01/10 19:07:21 INFO FileSourceScanExec: Planning scan with bin packing, max size: 4194304 bytes, open cost is considered as scanning 4194304 bytes.
[2026-01-10T19:07:21.376+0000] {subprocess.py:93} INFO - 26/01/10 19:07:21 INFO SparkContext: Starting job: $anonfun$withThreadLocalCaptured$1 at FutureTask.java:264
[2026-01-10T19:07:21.377+0000] {subprocess.py:93} INFO - 26/01/10 19:07:21 INFO DAGScheduler: Got job 4 ($anonfun$withThreadLocalCaptured$1 at FutureTask.java:264) with 1 output partitions
[2026-01-10T19:07:21.378+0000] {subprocess.py:93} INFO - 26/01/10 19:07:21 INFO DAGScheduler: Final stage: ResultStage 4 ($anonfun$withThreadLocalCaptured$1 at FutureTask.java:264)
[2026-01-10T19:07:21.379+0000] {subprocess.py:93} INFO - 26/01/10 19:07:21 INFO DAGScheduler: Parents of final stage: List()
[2026-01-10T19:07:21.379+0000] {subprocess.py:93} INFO - 26/01/10 19:07:21 INFO DAGScheduler: Missing parents: List()
[2026-01-10T19:07:21.380+0000] {subprocess.py:93} INFO - 26/01/10 19:07:21 INFO DAGScheduler: Submitting ResultStage 4 (MapPartitionsRDD[19] at $anonfun$withThreadLocalCaptured$1 at FutureTask.java:264), which has no missing parents
[2026-01-10T19:07:21.381+0000] {subprocess.py:93} INFO - 26/01/10 19:07:21 INFO MemoryStore: Block broadcast_10 stored as values in memory (estimated size 15.6 KiB, free 432.4 MiB)
[2026-01-10T19:07:21.382+0000] {subprocess.py:93} INFO - 26/01/10 19:07:21 INFO MemoryStore: Block broadcast_10_piece0 stored as bytes in memory (estimated size 7.4 KiB, free 432.4 MiB)
[2026-01-10T19:07:21.383+0000] {subprocess.py:93} INFO - 26/01/10 19:07:21 INFO BlockManagerInfo: Added broadcast_10_piece0 in memory on e997e4968980:35319 (size: 7.4 KiB, free: 434.2 MiB)
[2026-01-10T19:07:21.384+0000] {subprocess.py:93} INFO - 26/01/10 19:07:21 INFO SparkContext: Created broadcast 10 from broadcast at DAGScheduler.scala:1580
[2026-01-10T19:07:21.385+0000] {subprocess.py:93} INFO - 26/01/10 19:07:21 INFO DAGScheduler: Submitting 1 missing tasks from ResultStage 4 (MapPartitionsRDD[19] at $anonfun$withThreadLocalCaptured$1 at FutureTask.java:264) (first 15 tasks are for partitions Vector(0))
[2026-01-10T19:07:21.386+0000] {subprocess.py:93} INFO - 26/01/10 19:07:21 INFO TaskSchedulerImpl: Adding task set 4.0 with 1 tasks resource profile 0
[2026-01-10T19:07:21.387+0000] {subprocess.py:93} INFO - 26/01/10 19:07:21 INFO TaskSetManager: Starting task 0.0 in stage 4.0 (TID 4) (e997e4968980, executor driver, partition 0, PROCESS_LOCAL, 8244 bytes)
[2026-01-10T19:07:21.388+0000] {subprocess.py:93} INFO - 26/01/10 19:07:21 INFO Executor: Running task 0.0 in stage 4.0 (TID 4)
[2026-01-10T19:07:21.398+0000] {subprocess.py:93} INFO - 26/01/10 19:07:21 INFO CodeGenerator: Code generated in 5.559292 ms
[2026-01-10T19:07:21.399+0000] {subprocess.py:93} INFO - 26/01/10 19:07:21 INFO FileScanRDD: Reading File path: file:///opt/spark-data/landing/user_events_1768070270.2175364.json, range: 0-72480, partition values: [empty row]
[2026-01-10T19:07:21.407+0000] {subprocess.py:93} INFO - 26/01/10 19:07:21 INFO CodeGenerator: Code generated in 6.086264 ms
[2026-01-10T19:07:21.413+0000] {subprocess.py:93} INFO - 26/01/10 19:07:21 INFO CodeGenerator: Code generated in 3.826699 ms
[2026-01-10T19:07:21.417+0000] {subprocess.py:93} INFO - 26/01/10 19:07:21 INFO CodeGenerator: Code generated in 3.017575 ms
[2026-01-10T19:07:21.460+0000] {subprocess.py:93} INFO - 26/01/10 19:07:21 INFO BlockManagerInfo: Removed broadcast_8_piece0 on e997e4968980:35319 in memory (size: 15.3 KiB, free: 434.2 MiB)
[2026-01-10T19:07:21.461+0000] {subprocess.py:93} INFO - 26/01/10 19:07:21 INFO Executor: Finished task 0.0 in stage 4.0 (TID 4). 3221 bytes result sent to driver
[2026-01-10T19:07:21.462+0000] {subprocess.py:93} INFO - 26/01/10 19:07:21 INFO TaskSetManager: Finished task 0.0 in stage 4.0 (TID 4) in 76 ms on e997e4968980 (executor driver) (1/1)
[2026-01-10T19:07:21.463+0000] {subprocess.py:93} INFO - 26/01/10 19:07:21 INFO TaskSchedulerImpl: Removed TaskSet 4.0, whose tasks have all completed, from pool
[2026-01-10T19:07:21.464+0000] {subprocess.py:93} INFO - 26/01/10 19:07:21 INFO DAGScheduler: ResultStage 4 ($anonfun$withThreadLocalCaptured$1 at FutureTask.java:264) finished in 0.084 s
[2026-01-10T19:07:21.464+0000] {subprocess.py:93} INFO - 26/01/10 19:07:21 INFO DAGScheduler: Job 4 is finished. Cancelling potential speculative or zombie tasks for this job
[2026-01-10T19:07:21.465+0000] {subprocess.py:93} INFO - 26/01/10 19:07:21 INFO TaskSchedulerImpl: Killing all running tasks in stage 4: Stage finished
[2026-01-10T19:07:21.466+0000] {subprocess.py:93} INFO - 26/01/10 19:07:21 INFO DAGScheduler: Job 4 finished: $anonfun$withThreadLocalCaptured$1 at FutureTask.java:264, took 0.088233 s
[2026-01-10T19:07:21.472+0000] {subprocess.py:93} INFO - 26/01/10 19:07:21 INFO CodeGenerator: Code generated in 4.43665 ms
[2026-01-10T19:07:21.474+0000] {subprocess.py:93} INFO - 26/01/10 19:07:21 INFO MemoryStore: Block broadcast_11 stored as values in memory (estimated size 1026.0 KiB, free 431.5 MiB)
[2026-01-10T19:07:21.476+0000] {subprocess.py:93} INFO - 26/01/10 19:07:21 INFO MemoryStore: Block broadcast_11_piece0 stored as bytes in memory (estimated size 2.4 KiB, free 431.5 MiB)
[2026-01-10T19:07:21.477+0000] {subprocess.py:93} INFO - 26/01/10 19:07:21 INFO BlockManagerInfo: Added broadcast_11_piece0 in memory on e997e4968980:35319 (size: 2.4 KiB, free: 434.2 MiB)
[2026-01-10T19:07:21.478+0000] {subprocess.py:93} INFO - 26/01/10 19:07:21 INFO SparkContext: Created broadcast 11 from $anonfun$withThreadLocalCaptured$1 at FutureTask.java:264
[2026-01-10T19:07:21.484+0000] {subprocess.py:93} INFO - 26/01/10 19:07:21 INFO FileSourceStrategy: Pushed Filters: IsNotNull(user_id),IsNotNull(products)
[2026-01-10T19:07:21.485+0000] {subprocess.py:93} INFO - 26/01/10 19:07:21 INFO FileSourceStrategy: Post-Scan Filters: isnotnull(user_id#21),(size(products#12, true) > 0),isnotnull(products#12)
[2026-01-10T19:07:21.575+0000] {subprocess.py:93} INFO - 26/01/10 19:07:21 INFO FileOutputCommitter: File Output Committer Algorithm version is 1
[2026-01-10T19:07:21.576+0000] {subprocess.py:93} INFO - 26/01/10 19:07:21 INFO FileOutputCommitter: FileOutputCommitter skip cleanup _temporary folders under output directory:false, ignore cleanup failures: false
[2026-01-10T19:07:21.577+0000] {subprocess.py:93} INFO - 26/01/10 19:07:21 INFO SQLHadoopMapReduceCommitProtocol: Using output committer class org.apache.hadoop.mapreduce.lib.output.FileOutputCommitter
[2026-01-10T19:07:21.718+0000] {subprocess.py:93} INFO - 26/01/10 19:07:21 INFO CodeGenerator: Code generated in 27.864171 ms
[2026-01-10T19:07:21.721+0000] {subprocess.py:93} INFO - 26/01/10 19:07:21 INFO MemoryStore: Block broadcast_12 stored as values in memory (estimated size 199.1 KiB, free 431.3 MiB)
[2026-01-10T19:07:21.734+0000] {subprocess.py:93} INFO - 26/01/10 19:07:21 INFO BlockManagerInfo: Removed broadcast_10_piece0 on e997e4968980:35319 in memory (size: 7.4 KiB, free: 434.3 MiB)
[2026-01-10T19:07:21.737+0000] {subprocess.py:93} INFO - 26/01/10 19:07:21 INFO MemoryStore: Block broadcast_12_piece0 stored as bytes in memory (estimated size 34.2 KiB, free 431.2 MiB)
[2026-01-10T19:07:21.738+0000] {subprocess.py:93} INFO - 26/01/10 19:07:21 INFO BlockManagerInfo: Added broadcast_12_piece0 in memory on e997e4968980:35319 (size: 34.2 KiB, free: 434.2 MiB)
[2026-01-10T19:07:21.739+0000] {subprocess.py:93} INFO - 26/01/10 19:07:21 INFO SparkContext: Created broadcast 12 from csv at NativeMethodAccessorImpl.java:0
[2026-01-10T19:07:21.740+0000] {subprocess.py:93} INFO - 26/01/10 19:07:21 INFO FileSourceScanExec: Planning scan with bin packing, max size: 4194304 bytes, open cost is considered as scanning 4194304 bytes.
[2026-01-10T19:07:21.750+0000] {subprocess.py:93} INFO - 26/01/10 19:07:21 INFO SparkContext: Starting job: csv at NativeMethodAccessorImpl.java:0
[2026-01-10T19:07:21.751+0000] {subprocess.py:93} INFO - 26/01/10 19:07:21 INFO DAGScheduler: Got job 5 (csv at NativeMethodAccessorImpl.java:0) with 1 output partitions
[2026-01-10T19:07:21.752+0000] {subprocess.py:93} INFO - 26/01/10 19:07:21 INFO DAGScheduler: Final stage: ResultStage 5 (csv at NativeMethodAccessorImpl.java:0)
[2026-01-10T19:07:21.753+0000] {subprocess.py:93} INFO - 26/01/10 19:07:21 INFO DAGScheduler: Parents of final stage: List()
[2026-01-10T19:07:21.754+0000] {subprocess.py:93} INFO - 26/01/10 19:07:21 INFO DAGScheduler: Missing parents: List()
[2026-01-10T19:07:21.755+0000] {subprocess.py:93} INFO - 26/01/10 19:07:21 INFO DAGScheduler: Submitting ResultStage 5 (MapPartitionsRDD[23] at csv at NativeMethodAccessorImpl.java:0), which has no missing parents
[2026-01-10T19:07:21.790+0000] {subprocess.py:93} INFO - 26/01/10 19:07:21 INFO MemoryStore: Block broadcast_13 stored as values in memory (estimated size 232.5 KiB, free 431.0 MiB)
[2026-01-10T19:07:21.793+0000] {subprocess.py:93} INFO - 26/01/10 19:07:21 INFO MemoryStore: Block broadcast_13_piece0 stored as bytes in memory (estimated size 82.4 KiB, free 430.9 MiB)
[2026-01-10T19:07:21.795+0000] {subprocess.py:93} INFO - 26/01/10 19:07:21 INFO BlockManagerInfo: Added broadcast_13_piece0 in memory on e997e4968980:35319 (size: 82.4 KiB, free: 434.1 MiB)
[2026-01-10T19:07:21.795+0000] {subprocess.py:93} INFO - 26/01/10 19:07:21 INFO SparkContext: Created broadcast 13 from broadcast at DAGScheduler.scala:1580
[2026-01-10T19:07:21.796+0000] {subprocess.py:93} INFO - 26/01/10 19:07:21 INFO DAGScheduler: Submitting 1 missing tasks from ResultStage 5 (MapPartitionsRDD[23] at csv at NativeMethodAccessorImpl.java:0) (first 15 tasks are for partitions Vector(0))
[2026-01-10T19:07:21.797+0000] {subprocess.py:93} INFO - 26/01/10 19:07:21 INFO TaskSchedulerImpl: Adding task set 5.0 with 1 tasks resource profile 0
[2026-01-10T19:07:21.798+0000] {subprocess.py:93} INFO - 26/01/10 19:07:21 INFO TaskSetManager: Starting task 0.0 in stage 5.0 (TID 5) (e997e4968980, executor driver, partition 0, PROCESS_LOCAL, 8251 bytes)
[2026-01-10T19:07:21.799+0000] {subprocess.py:93} INFO - 26/01/10 19:07:21 INFO Executor: Running task 0.0 in stage 5.0 (TID 5)
[2026-01-10T19:07:21.842+0000] {subprocess.py:93} INFO - 26/01/10 19:07:21 INFO CodeGenerator: Code generated in 16.114947 ms
[2026-01-10T19:07:21.844+0000] {subprocess.py:93} INFO - 26/01/10 19:07:21 INFO FileOutputCommitter: File Output Committer Algorithm version is 1
[2026-01-10T19:07:21.845+0000] {subprocess.py:93} INFO - 26/01/10 19:07:21 INFO FileOutputCommitter: FileOutputCommitter skip cleanup _temporary folders under output directory:false, ignore cleanup failures: false
[2026-01-10T19:07:21.846+0000] {subprocess.py:93} INFO - 26/01/10 19:07:21 INFO SQLHadoopMapReduceCommitProtocol: Using output committer class org.apache.hadoop.mapreduce.lib.output.FileOutputCommitter
[2026-01-10T19:07:21.983+0000] {subprocess.py:93} INFO - 26/01/10 19:07:21 INFO FileScanRDD: Reading File path: file:///opt/spark-data/landing/transaction_events_1768070270.2180772.json, range: 0-105957, partition values: [empty row]
[2026-01-10T19:07:21.993+0000] {subprocess.py:93} INFO - 26/01/10 19:07:21 INFO CodeGenerator: Code generated in 7.473047 ms
[2026-01-10T19:07:21.999+0000] {subprocess.py:93} INFO - 26/01/10 19:07:21 INFO CodeGenerator: Code generated in 2.976426 ms
[2026-01-10T19:07:22.121+0000] {subprocess.py:93} INFO - 26/01/10 19:07:22 INFO FileOutputCommitter: Saved output of task 'attempt_202601101907218539945661588608948_0005_m_000000_5' to file:/opt/spark-data/gold/advertising/_temporary/0/task_202601101907218539945661588608948_0005_m_000000
[2026-01-10T19:07:22.122+0000] {subprocess.py:93} INFO - 26/01/10 19:07:22 INFO SparkHadoopMapRedUtil: attempt_202601101907218539945661588608948_0005_m_000000_5: Committed. Elapsed time: 33 ms.
[2026-01-10T19:07:22.133+0000] {subprocess.py:93} INFO - 26/01/10 19:07:22 INFO Executor: Finished task 0.0 in stage 5.0 (TID 5). 2893 bytes result sent to driver
[2026-01-10T19:07:22.134+0000] {subprocess.py:93} INFO - 26/01/10 19:07:22 INFO TaskSetManager: Finished task 0.0 in stage 5.0 (TID 5) in 336 ms on e997e4968980 (executor driver) (1/1)
[2026-01-10T19:07:22.136+0000] {subprocess.py:93} INFO - 26/01/10 19:07:22 INFO TaskSchedulerImpl: Removed TaskSet 5.0, whose tasks have all completed, from pool
[2026-01-10T19:07:22.136+0000] {subprocess.py:93} INFO - 26/01/10 19:07:22 INFO DAGScheduler: ResultStage 5 (csv at NativeMethodAccessorImpl.java:0) finished in 0.382 s
[2026-01-10T19:07:22.137+0000] {subprocess.py:93} INFO - 26/01/10 19:07:22 INFO DAGScheduler: Job 5 is finished. Cancelling potential speculative or zombie tasks for this job
[2026-01-10T19:07:22.138+0000] {subprocess.py:93} INFO - 26/01/10 19:07:22 INFO TaskSchedulerImpl: Killing all running tasks in stage 5: Stage finished
[2026-01-10T19:07:22.138+0000] {subprocess.py:93} INFO - 26/01/10 19:07:22 INFO DAGScheduler: Job 5 finished: csv at NativeMethodAccessorImpl.java:0, took 0.385771 s
[2026-01-10T19:07:22.139+0000] {subprocess.py:93} INFO - 26/01/10 19:07:22 INFO FileFormatWriter: Start to commit write Job c0229f6f-c722-42dc-a486-dbc05c3e2dd9.
[2026-01-10T19:07:22.301+0000] {subprocess.py:93} INFO - 26/01/10 19:07:22 INFO FileFormatWriter: Write Job c0229f6f-c722-42dc-a486-dbc05c3e2dd9 committed. Elapsed time: 162 ms.
[2026-01-10T19:07:22.303+0000] {subprocess.py:93} INFO - 26/01/10 19:07:22 INFO FileFormatWriter: Finished processing stats for write job c0229f6f-c722-42dc-a486-dbc05c3e2dd9.
[2026-01-10T19:07:22.306+0000] {subprocess.py:93} INFO - 26/01/10 19:07:22 INFO SparkContext: SparkContext is stopping with exitCode 0.
[2026-01-10T19:07:22.319+0000] {subprocess.py:93} INFO - 26/01/10 19:07:22 INFO SparkUI: Stopped Spark web UI at http://e997e4968980:4040
[2026-01-10T19:07:22.330+0000] {subprocess.py:93} INFO - 26/01/10 19:07:22 INFO MapOutputTrackerMasterEndpoint: MapOutputTrackerMasterEndpoint stopped!
[2026-01-10T19:07:22.346+0000] {subprocess.py:93} INFO - 26/01/10 19:07:22 INFO MemoryStore: MemoryStore cleared
[2026-01-10T19:07:22.347+0000] {subprocess.py:93} INFO - 26/01/10 19:07:22 INFO BlockManager: BlockManager stopped
[2026-01-10T19:07:22.350+0000] {subprocess.py:93} INFO - 26/01/10 19:07:22 INFO BlockManagerMaster: BlockManagerMaster stopped
[2026-01-10T19:07:22.352+0000] {subprocess.py:93} INFO - 26/01/10 19:07:22 INFO OutputCommitCoordinator$OutputCommitCoordinatorEndpoint: OutputCommitCoordinator stopped!
[2026-01-10T19:07:22.365+0000] {subprocess.py:93} INFO - 26/01/10 19:07:22 INFO SparkContext: Successfully stopped SparkContext
[2026-01-10T19:07:22.881+0000] {subprocess.py:93} INFO - 26/01/10 19:07:22 INFO ShutdownHookManager: Shutdown hook called
[2026-01-10T19:07:22.882+0000] {subprocess.py:93} INFO - 26/01/10 19:07:22 INFO ShutdownHookManager: Deleting directory /tmp/spark-00c02d8c-585b-432d-9a41-67b8299351eb
[2026-01-10T19:07:22.886+0000] {subprocess.py:93} INFO - 26/01/10 19:07:22 INFO ShutdownHookManager: Deleting directory /tmp/spark-14baa8e6-d87f-48b3-b450-2041ef4ec013
[2026-01-10T19:07:22.890+0000] {subprocess.py:93} INFO - 26/01/10 19:07:22 INFO ShutdownHookManager: Deleting directory /tmp/spark-00c02d8c-585b-432d-9a41-67b8299351eb/pyspark-66035b34-086e-4de7-b801-0ecd236a1ef3
[2026-01-10T19:07:22.936+0000] {subprocess.py:97} INFO - Command exited with return code 0
[2026-01-10T19:07:22.971+0000] {taskinstance.py:1138} INFO - Marking task as SUCCESS. dag_id=streamflow_main, task_id=Spark_Submit, execution_date=20260110T190702, start_date=20260110T190712, end_date=20260110T190722
[2026-01-10T19:07:23.030+0000] {local_task_job_runner.py:234} INFO - Task exited with return code 0
[2026-01-10T19:07:23.049+0000] {taskinstance.py:3280} INFO - 0 downstream tasks scheduled from follow-on schedule check
